INFO  2019-06-19 20:46:03,249 104129682ms AudioModuleV2          <.ctor>b__0_1      - ymdhms: 20190619 092555
INFO  2019-06-19 20:46:03,271 104129704ms AudioModuleV2          <.ctor>b__0_1      - record_time: 6/19/2019 9:25:55 AM
INFO  2019-06-19 20:46:03,275 104129708ms AudioModuleV2          <.ctor>b__0_1      - parse item: {"fn":"16-209-A-90918909966---20190619092957.wav","time":"092957","fp":"C:\\soft\\dbtool\\syncfiles\\2019\\6\\19\\16-209-A-90918909966---20190619092957.wav","fs":"100","dno":"209","id":"16-209-A-90918909966---20190619092957.wav","date":"20190619","lno":"16","sdt":"90918909966","type":"A"}
INFO  2019-06-19 20:46:03,276 104129709ms AudioModuleV2          <.ctor>b__0_1      - ymdhms: 20190619 092957
INFO  2019-06-19 20:46:03,277 104129710ms AudioModuleV2          <.ctor>b__0_1      - record_time: 6/19/2019 9:29:57 AM
INFO  2019-06-19 20:46:03,281 104129714ms AudioModuleV2          <.ctor>b__0_1      - parse item: {"fn":"16-209-A-90918909966---20190619093619.wav","time":"093619","fp":"C:\\soft\\dbtool\\syncfiles\\2019\\6\\19\\16-209-A-90918909966---20190619093619.wav","fs":"100","dno":"209","id":"16-209-A-90918909966---20190619093619.wav","date":"20190619","lno":"16","sdt":"90918909966","type":"A"}
INFO  2019-06-19 20:46:03,281 104129714ms AudioModuleV2          <.ctor>b__0_1      - ymdhms: 20190619 093619
INFO  2019-06-19 20:46:03,282 104129715ms AudioModuleV2          <.ctor>b__0_1      - record_time: 6/19/2019 9:36:19 AM
INFO  2019-06-19 20:46:03,286 104129719ms AudioModuleV2          <.ctor>b__0_1      - parse item: {"fn":"16-209-A-90918909966---20190619095055.wav","time":"095055","fp":"C:\\soft\\dbtool\\syncfiles\\2019\\6\\19\\16-209-A-90918909966---20190619095055.wav","fs":"100","dno":"209","id":"16-209-A-90918909966---20190619095055.wav","date":"20190619","lno":"16","sdt":"90918909966","type":"A"}
INFO  2019-06-19 20:46:03,286 104129719ms AudioModuleV2          <.ctor>b__0_1      - ymdhms: 20190619 095055
INFO  2019-06-19 20:46:03,287 104129720ms AudioModuleV2          <.ctor>b__0_1      - record_time: 6/19/2019 9:50:55 AM
INFO  2019-06-19 20:46:03,291 104129724ms AudioModuleV2          <.ctor>b__0_1      - parse item: {"fn":"16-209-A-90918909966---20190619101238.wav","time":"101238","fp":"C:\\soft\\dbtool\\syncfiles\\2019\\6\\19\\16-209-A-90918909966---20190619101238.wav","fs":"100","dno":"209","id":"16-209-A-90918909966---20190619101238.wav","date":"20190619","lno":"16","sdt":"90918909966","type":"A"}
INFO  2019-06-19 20:46:03,291 104129724ms AudioModuleV2          <.ctor>b__0_1      - ymdhms: 20190619 101238
INFO  2019-06-19 20:46:03,292 104129725ms AudioModuleV2          <.ctor>b__0_1      - record_time: 6/19/2019 10:12:38 AM
INFO  2019-06-19 20:46:03,296 104129729ms AudioModuleV2          <.ctor>b__0_1      - parse item: {"fn":"16-209-A-90918909966---20190619103143.wav","time":"103143","fp":"C:\\soft\\dbtool\\syncfiles\\2019\\6\\19\\16-209-A-90918909966---20190619103143.wav","fs":"100","dno":"209","id":"16-209-A-90918909966---20190619103143.wav","date":"20190619","lno":"16","sdt":"90918909966","type":"A"}
INFO  2019-06-19 20:46:03,296 104129729ms AudioModuleV2          <.ctor>b__0_1      - ymdhms: 20190619 103143
INFO  2019-06-19 20:46:03,297 104129730ms AudioModuleV2          <.ctor>b__0_1      - record_time: 6/19/2019 10:31:43 AM
INFO  2019-06-19 20:46:03,301 104129734ms AudioModuleV2          <.ctor>b__0_1      - parse item: {"fn":"16-209-A-90918909966---20190619103521.wav","time":"103521","fp":"C:\\soft\\dbtool\\syncfiles\\2019\\6\\19\\16-209-A-90918909966---20190619103521.wav","fs":"100","dno":"209","id":"16-209-A-90918909966---20190619103521.wav","date":"20190619","lno":"16","sdt":"90918909966","type":"A"}
INFO  2019-06-19 20:46:03,301 104129734ms AudioModuleV2          <.ctor>b__0_1      - ymdhms: 20190619 103521
INFO  2019-06-19 20:46:03,302 104129735ms AudioModuleV2          <.ctor>b__0_1      - record_time: 6/19/2019 10:35:21 AM
INFO  2019-06-19 20:46:03,306 104129739ms AudioModuleV2          <.ctor>b__0_1      - parse item: {"fn":"16-209-A-90918909966---20190619104551.wav","time":"104551","fp":"C:\\soft\\dbtool\\syncfiles\\2019\\6\\19\\16-209-A-90918909966---20190619104551.wav","fs":"100","dno":"209","id":"16-209-A-90918909966---20190619104551.wav","date":"20190619","lno":"16","sdt":"90918909966","type":"A"}
INFO  2019-06-19 20:46:03,306 104129739ms AudioModuleV2          <.ctor>b__0_1      - ymdhms: 20190619 104551
INFO  2019-06-19 20:46:03,307 104129740ms AudioModuleV2          <.ctor>b__0_1      - record_time: 6/19/2019 10:45:51 AM
INFO  2019-06-19 20:46:03,311 104129744ms AudioModuleV2          <.ctor>b__0_1      - parse item: {"fn":"16-209-A-90918909966---20190619111755.wav","time":"111755","fp":"C:\\soft\\dbtool\\syncfiles\\2019\\6\\19\\16-209-A-90918909966---20190619111755.wav","fs":"100","dno":"209","id":"16-209-A-90918909966---20190619111755.wav","date":"20190619","lno":"16","sdt":"90918909966","type":"A"}
INFO  2019-06-19 20:46:03,311 104129744ms AudioModuleV2          <.ctor>b__0_1      - ymdhms: 20190619 111755
INFO  2019-06-19 20:46:03,312 104129745ms AudioModuleV2          <.ctor>b__0_1      - record_time: 6/19/2019 11:17:55 AM
INFO  2019-06-19 20:46:03,313 104129746ms AudioModuleV2          <.ctor>b__0_1      - parse item: {"fn":"16-209-A-90918909966---20190619111858.wav","time":"111858","fp":"C:\\soft\\dbtool\\syncfiles\\2019\\6\\19\\16-209-A-90918909966---20190619111858.wav","fs":"100","dno":"209","id":"16-209-A-90918909966---20190619111858.wav","date":"20190619","lno":"16","sdt":"90918909966","type":"A"}
INFO  2019-06-19 20:46:03,314 104129747ms AudioModuleV2          <.ctor>b__0_1      - ymdhms: 20190619 111858
INFO  2019-06-19 20:46:03,314 104129747ms AudioModuleV2          <.ctor>b__0_1      - record_time: 6/19/2019 11:18:58 AM
INFO  2019-06-19 20:46:03,316 104129749ms AudioModuleV2          <.ctor>b__0_1      - parse item: {"fn":"16-209-A-90918909966---20190619134049.wav","time":"134049","fp":"C:\\soft\\dbtool\\syncfiles\\2019\\6\\19\\16-209-A-90918909966---20190619134049.wav","fs":"100","dno":"209","id":"16-209-A-90918909966---20190619134049.wav","date":"20190619","lno":"16","sdt":"90918909966","type":"A"}
INFO  2019-06-19 20:46:03,316 104129749ms AudioModuleV2          <.ctor>b__0_1      - ymdhms: 20190619 134049
INFO  2019-06-19 20:46:03,317 104129750ms AudioModuleV2          <.ctor>b__0_1      - record_time: 6/19/2019 1:40:49 PM
INFO  2019-06-19 20:46:03,318 104129751ms AudioModuleV2          <.ctor>b__0_1      - parse item: {"fn":"16-209-A-90918909966---20190619141038.wav","time":"141038","fp":"C:\\soft\\dbtool\\syncfiles\\2019\\6\\19\\16-209-A-90918909966---20190619141038.wav","fs":"100","dno":"209","id":"16-209-A-90918909966---20190619141038.wav","date":"20190619","lno":"16","sdt":"90918909966","type":"A"}
INFO  2019-06-19 20:46:03,319 104129752ms AudioModuleV2          <.ctor>b__0_1      - ymdhms: 20190619 141038
INFO  2019-06-19 20:46:03,319 104129752ms AudioModuleV2          <.ctor>b__0_1      - record_time: 6/19/2019 2:10:38 PM
INFO  2019-06-19 20:46:03,321 104129754ms AudioModuleV2          <.ctor>b__0_1      - parse item: {"fn":"28-211-A-902183888899---20190619080844.wav","time":"080844","fp":"C:\\soft\\dbtool\\syncfiles\\2019\\6\\19\\28-211-A-902183888899---20190619080844.wav","fs":"100","dno":"211","id":"28-211-A-902183888899---20190619080844.wav","date":"20190619","lno":"28","sdt":"902183888899","type":"A"}
INFO  2019-06-19 20:46:03,321 104129754ms AudioModuleV2          <.ctor>b__0_1      - ymdhms: 20190619 080844
INFO  2019-06-19 20:46:03,322 104129755ms AudioModuleV2          <.ctor>b__0_1      - record_time: 6/19/2019 8:08:44 AM
INFO  2019-06-19 20:46:03,326 104129759ms AudioModuleV2          <.ctor>b__0_1      - parse item: {"fn":"28-211-A-902183898986---20190619100557.wav","time":"100557","fp":"C:\\soft\\dbtool\\syncfiles\\2019\\6\\19\\28-211-A-902183898986---20190619100557.wav","fs":"100","dno":"211","id":"28-211-A-902183898986---20190619100557.wav","date":"20190619","lno":"28","sdt":"902183898986","type":"A"}
INFO  2019-06-19 20:46:03,326 104129759ms AudioModuleV2          <.ctor>b__0_1      - ymdhms: 20190619 100557
INFO  2019-06-19 20:46:03,327 104129760ms AudioModuleV2          <.ctor>b__0_1      - record_time: 6/19/2019 10:05:57 AM
INFO  2019-06-19 20:46:03,331 104129764ms AudioModuleV2          <.ctor>b__0_1      - parse item: {"fn":"28-211-A-902183898986---20190619103247.wav","time":"103247","fp":"C:\\soft\\dbtool\\syncfiles\\2019\\6\\19\\28-211-A-902183898986---20190619103247.wav","fs":"100","dno":"211","id":"28-211-A-902183898986---20190619103247.wav","date":"20190619","lno":"28","sdt":"902183898986","type":"A"}
INFO  2019-06-19 20:46:03,331 104129764ms AudioModuleV2          <.ctor>b__0_1      - ymdhms: 20190619 103247
INFO  2019-06-19 20:46:03,332 104129765ms AudioModuleV2          <.ctor>b__0_1      - record_time: 6/19/2019 10:32:47 AM
INFO  2019-06-19 20:46:03,335 104129768ms AudioModuleV2          <.ctor>b__0_1      - parse item: {"fn":"28-211-A-902183898986---20190619104638.wav","time":"104638","fp":"C:\\soft\\dbtool\\syncfiles\\2019\\6\\19\\28-211-A-902183898986---20190619104638.wav","fs":"100","dno":"211","id":"28-211-A-902183898986---20190619104638.wav","date":"20190619","lno":"28","sdt":"902183898986","type":"A"}
INFO  2019-06-19 20:46:03,336 104129769ms AudioModuleV2          <.ctor>b__0_1      - ymdhms: 20190619 104638
INFO  2019-06-19 20:46:03,337 104129770ms AudioModuleV2          <.ctor>b__0_1      - record_time: 6/19/2019 10:46:38 AM
INFO  2019-06-19 20:46:03,341 104129774ms AudioModuleV2          <.ctor>b__0_1      - parse item: {"fn":"28-211-A-902183898986---20190619134413.wav","time":"134413","fp":"C:\\soft\\dbtool\\syncfiles\\2019\\6\\19\\28-211-A-902183898986---20190619134413.wav","fs":"100","dno":"211","id":"28-211-A-902183898986---20190619134413.wav","date":"20190619","lno":"28","sdt":"902183898986","type":"A"}
INFO  2019-06-19 20:46:03,341 104129774ms AudioModuleV2          <.ctor>b__0_1      - ymdhms: 20190619 134413
INFO  2019-06-19 20:46:03,342 104129775ms AudioModuleV2          <.ctor>b__0_1      - record_time: 6/19/2019 1:44:13 PM
INFO  2019-06-19 20:46:03,343 104129776ms AudioModuleV2          <.ctor>b__0_1      - parse item: {"fn":"28-211-A-902183898986---20190619141325.wav","time":"141325","fp":"C:\\soft\\dbtool\\syncfiles\\2019\\6\\19\\28-211-A-902183898986---20190619141325.wav","fs":"100","dno":"211","id":"28-211-A-902183898986---20190619141325.wav","date":"20190619","lno":"28","sdt":"902183898986","type":"A"}
INFO  2019-06-19 20:46:03,344 104129777ms AudioModuleV2          <.ctor>b__0_1      - ymdhms: 20190619 141325
INFO  2019-06-19 20:46:03,344 104129777ms AudioModuleV2          <.ctor>b__0_1      - record_time: 6/19/2019 2:13:25 PM
INFO  2019-06-19 20:46:03,346 104129779ms AudioModuleV2          <.ctor>b__0_1      - parse item: {"fn":"28-211-A-902183898986---20190619141518.wav","time":"141518","fp":"C:\\soft\\dbtool\\syncfiles\\2019\\6\\19\\28-211-A-902183898986---20190619141518.wav","fs":"100","dno":"211","id":"28-211-A-902183898986---20190619141518.wav","date":"20190619","lno":"28","sdt":"902183898986","type":"A"}
INFO  2019-06-19 20:46:03,346 104129779ms AudioModuleV2          <.ctor>b__0_1      - ymdhms: 20190619 141518
INFO  2019-06-19 20:46:03,347 104129780ms AudioModuleV2          <.ctor>b__0_1      - record_time: 6/19/2019 2:15:18 PM
INFO  2019-06-19 20:46:03,497 104129930ms AudioModuleV2          <.ctor>b__0_0      - GET v2/audio/checkandmatch
INFO  2019-06-19 20:46:34,306 104160738ms AudioModuleV2          <.ctor>b__0_1      - POST v2/audio/latest/batch
INFO  2019-06-19 20:46:34,307 104160739ms AudioModuleV2          <.ctor>b__0_1      - parse item: {"fn":"03-112-A-93898410---20190619101302.wav","time":"101302","fp":"C:\\soft\\dbtool\\syncfiles\\2019\\6\\19\\03-112-A-93898410---20190619101302.wav","fs":"100","dno":"112","id":"03-112-A-93898410---20190619101302.wav","date":"20190619","lno":"03","sdt":"93898410","type":"A"}
INFO  2019-06-19 20:46:34,308 104160740ms AudioModuleV2          <.ctor>b__0_1      - ymdhms: 20190619 101302
INFO  2019-06-19 20:46:34,308 104160740ms AudioModuleV2          <.ctor>b__0_1      - record_time: 6/19/2019 10:13:02 AM
INFO  2019-06-19 20:46:34,311 104160743ms AudioModuleV2          <.ctor>b__0_1      - parse item: {"fn":"03-112-A-93898410---20190619101325.wav","time":"101325","fp":"C:\\soft\\dbtool\\syncfiles\\2019\\6\\19\\03-112-A-93898410---20190619101325.wav","fs":"100","dno":"112","id":"03-112-A-93898410---20190619101325.wav","date":"20190619","lno":"03","sdt":"93898410","type":"A"}
INFO  2019-06-19 20:46:34,312 104160744ms AudioModuleV2          <.ctor>b__0_1      - ymdhms: 20190619 101325
INFO  2019-06-19 20:46:34,312 104160744ms AudioModuleV2          <.ctor>b__0_1      - record_time: 6/19/2019 10:13:25 AM
INFO  2019-06-19 20:46:34,314 104160746ms AudioModuleV2          <.ctor>b__0_1      - parse item: {"fn":"16-209-A-902183898986---20190619093102.wav","time":"093102","fp":"C:\\soft\\dbtool\\syncfiles\\2019\\6\\19\\16-209-A-902183898986---20190619093102.wav","fs":"100","dno":"209","id":"16-209-A-902183898986---20190619093102.wav","date":"20190619","lno":"16","sdt":"902183898986","type":"A"}
INFO  2019-06-19 20:46:34,315 104160747ms AudioModuleV2          <.ctor>b__0_1      - ymdhms: 20190619 093102
INFO  2019-06-19 20:46:34,315 104160747ms AudioModuleV2          <.ctor>b__0_1      - record_time: 6/19/2019 9:31:02 AM
INFO  2019-06-19 20:46:34,317 104160749ms AudioModuleV2          <.ctor>b__0_1      - parse item: {"fn":"16-209-A-902183898986---20190619095140.wav","time":"095140","fp":"C:\\soft\\dbtool\\syncfiles\\2019\\6\\19\\16-209-A-902183898986---20190619095140.wav","fs":"100","dno":"209","id":"16-209-A-902183898986---20190619095140.wav","date":"20190619","lno":"16","sdt":"902183898986","type":"A"}
INFO  2019-06-19 20:46:34,318 104160750ms AudioModuleV2          <.ctor>b__0_1      - ymdhms: 20190619 095140
INFO  2019-06-19 20:46:34,318 104160750ms AudioModuleV2          <.ctor>b__0_1      - record_time: 6/19/2019 9:51:40 AM
INFO  2019-06-19 20:46:34,320 104160752ms AudioModuleV2          <.ctor>b__0_1      - parse item: {"fn":"16-209-A-902183898986---20190619141119.wav","time":"141119","fp":"C:\\soft\\dbtool\\syncfiles\\2019\\6\\19\\16-209-A-902183898986---20190619141119.wav","fs":"100","dno":"209","id":"16-209-A-902183898986---20190619141119.wav","date":"20190619","lno":"16","sdt":"902183898986","type":"A"}
INFO  2019-06-19 20:46:34,321 104160753ms AudioModuleV2          <.ctor>b__0_1      - ymdhms: 20190619 141119
INFO  2019-06-19 20:46:34,321 104160753ms AudioModuleV2          <.ctor>b__0_1      - record_time: 6/19/2019 2:11:19 PM
INFO  2019-06-19 20:46:34,322 104160754ms AudioModuleV2          <.ctor>b__0_1      - parse item: {"fn":"16-209-A-90823130986---20190619103819.wav","time":"103819","fp":"C:\\soft\\dbtool\\syncfiles\\2019\\6\\19\\16-209-A-90823130986---20190619103819.wav","fs":"100","dno":"209","id":"16-209-A-90823130986---20190619103819.wav","date":"20190619","lno":"16","sdt":"90823130986","type":"A"}
INFO  2019-06-19 20:46:34,322 104160754ms AudioModuleV2          <.ctor>b__0_1      - ymdhms: 20190619 103819
INFO  2019-06-19 20:46:34,322 104160754ms AudioModuleV2          <.ctor>b__0_1      - record_time: 6/19/2019 10:38:19 AM
INFO  2019-06-19 20:46:34,325 104160757ms AudioModuleV2          <.ctor>b__0_1      - parse item: {"fn":"16-209-A-90918909966---20190619080801.wav","time":"080801","fp":"C:\\soft\\dbtool\\syncfiles\\2019\\6\\19\\16-209-A-90918909966---20190619080801.wav","fs":"100","dno":"209","id":"16-209-A-90918909966---20190619080801.wav","date":"20190619","lno":"16","sdt":"90918909966","type":"A"}
INFO  2019-06-19 20:46:34,325 104160757ms AudioModuleV2          <.ctor>b__0_1      - ymdhms: 20190619 080801
INFO  2019-06-19 20:46:34,325 104160757ms AudioModuleV2          <.ctor>b__0_1      - record_time: 6/19/2019 8:08:01 AM
INFO  2019-06-19 20:46:34,327 104160759ms AudioModuleV2          <.ctor>b__0_1      - parse item: {"fn":"16-209-A-90918909966---20190619081258.wav","time":"081258","fp":"C:\\soft\\dbtool\\syncfiles\\2019\\6\\19\\16-209-A-90918909966---20190619081258.wav","fs":"100","dno":"209","id":"16-209-A-90918909966---20190619081258.wav","date":"20190619","lno":"16","sdt":"90918909966","type":"A"}
INFO  2019-06-19 20:46:34,328 104160760ms AudioModuleV2          <.ctor>b__0_1      - ymdhms: 20190619 081258
INFO  2019-06-19 20:46:34,328 104160760ms AudioModuleV2          <.ctor>b__0_1      - record_time: 6/19/2019 8:12:58 AM
INFO  2019-06-19 20:46:34,330 104160762ms AudioModuleV2          <.ctor>b__0_1      - parse item: {"fn":"16-209-A-90918909966---20190619091249.wav","time":"091249","fp":"C:\\soft\\dbtool\\syncfiles\\2019\\6\\19\\16-209-A-90918909966---20190619091249.wav","fs":"100","dno":"209","id":"16-209-A-90918909966---20190619091249.wav","date":"20190619","lno":"16","sdt":"90918909966","type":"A"}
INFO  2019-06-19 20:46:34,331 104160763ms AudioModuleV2          <.ctor>b__0_1      - ymdhms: 20190619 091249
INFO  2019-06-19 20:46:34,331 104160763ms AudioModuleV2          <.ctor>b__0_1      - record_time: 6/19/2019 9:12:49 AM
INFO  2019-06-19 20:46:34,334 104160766ms AudioModuleV2          <.ctor>b__0_1      - parse item: {"fn":"16-209-A-90918909966---20190619091903.wav","time":"091903","fp":"C:\\soft\\dbtool\\syncfiles\\2019\\6\\19\\16-209-A-90918909966---20190619091903.wav","fs":"100","dno":"209","id":"16-209-A-90918909966---20190619091903.wav","date":"20190619","lno":"16","sdt":"90918909966","type":"A"}
INFO  2019-06-19 20:46:34,334 104160766ms AudioModuleV2          <.ctor>b__0_1      - ymdhms: 20190619 091903
INFO  2019-06-19 20:46:34,335 104160767ms AudioModuleV2          <.ctor>b__0_1      - record_time: 6/19/2019 9:19:03 AM
INFO  2019-06-19 20:46:34,337 104160769ms AudioModuleV2          <.ctor>b__0_1      - parse item: {"fn":"16-209-A-90918909966---20190619091943.wav","time":"091943","fp":"C:\\soft\\dbtool\\syncfiles\\2019\\6\\19\\16-209-A-90918909966---20190619091943.wav","fs":"100","dno":"209","id":"16-209-A-90918909966---20190619091943.wav","date":"20190619","lno":"16","sdt":"90918909966","type":"A"}
INFO  2019-06-19 20:46:34,338 104160770ms AudioModuleV2          <.ctor>b__0_1      - ymdhms: 20190619 091943
INFO  2019-06-19 20:46:34,338 104160770ms AudioModuleV2          <.ctor>b__0_1      - record_time: 6/19/2019 9:19:43 AM
INFO  2019-06-19 20:46:34,341 104160773ms AudioModuleV2          <.ctor>b__0_1      - parse item: {"fn":"16-209-A-90918909966---20190619092025.wav","time":"092025","fp":"C:\\soft\\dbtool\\syncfiles\\2019\\6\\19\\16-209-A-90918909966---20190619092025.wav","fs":"100","dno":"209","id":"16-209-A-90918909966---20190619092025.wav","date":"20190619","lno":"16","sdt":"90918909966","type":"A"}
INFO  2019-06-19 20:46:34,341 104160773ms AudioModuleV2          <.ctor>b__0_1      - ymdhms: 20190619 092025
INFO  2019-06-19 20:46:34,341 104160773ms AudioModuleV2          <.ctor>b__0_1      - record_time: 6/19/2019 9:20:25 AM
INFO  2019-06-19 20:46:34,344 104160776ms AudioModuleV2          <.ctor>b__0_1      - parse item: {"fn":"16-209-A-90918909966---20190619092555.wav","time":"092555","fp":"C:\\soft\\dbtool\\syncfiles\\2019\\6\\19\\16-209-A-90918909966---20190619092555.wav","fs":"100","dno":"209","id":"16-209-A-90918909966---20190619092555.wav","date":"20190619","lno":"16","sdt":"90918909966","type":"A"}
INFO  2019-06-19 20:46:34,344 104160776ms AudioModuleV2          <.ctor>b__0_1      - ymdhms: 20190619 092555
INFO  2019-06-19 20:46:34,345 104160777ms AudioModuleV2          <.ctor>b__0_1      - record_time: 6/19/2019 9:25:55 AM
INFO  2019-06-19 20:46:34,348 104160780ms AudioModuleV2          <.ctor>b__0_1      - parse item: {"fn":"16-209-A-90918909966---20190619092957.wav","time":"092957","fp":"C:\\soft\\dbtool\\syncfiles\\2019\\6\\19\\16-209-A-90918909966---20190619092957.wav","fs":"100","dno":"209","id":"16-209-A-90918909966---20190619092957.wav","date":"20190619","lno":"16","sdt":"90918909966","type":"A"}
INFO  2019-06-19 20:46:34,348 104160780ms AudioModuleV2          <.ctor>b__0_1      - ymdhms: 20190619 092957
INFO  2019-06-19 20:46:34,348 104160780ms AudioModuleV2          <.ctor>b__0_1      - record_time: 6/19/2019 9:29:57 AM
INFO  2019-06-19 20:46:34,351 104160783ms AudioModuleV2          <.ctor>b__0_1      - parse item: {"fn":"16-209-A-90918909966---20190619093619.wav","time":"093619","fp":"C:\\soft\\dbtool\\syncfiles\\2019\\6\\19\\16-209-A-90918909966---20190619093619.wav","fs":"100","dno":"209","id":"16-209-A-90918909966---20190619093619.wav","date":"20190619","lno":"16","sdt":"90918909966","type":"A"}
INFO  2019-06-19 20:46:34,351 104160783ms AudioModuleV2          <.ctor>b__0_1      - ymdhms: 20190619 093619
INFO  2019-06-19 20:46:34,352 104160784ms AudioModuleV2          <.ctor>b__0_1      - record_time: 6/19/2019 9:36:19 AM
INFO  2019-06-19 20:46:34,354 104160786ms AudioModuleV2          <.ctor>b__0_1      - parse item: {"fn":"16-209-A-90918909966---20190619095055.wav","time":"095055","fp":"C:\\soft\\dbtool\\syncfiles\\2019\\6\\19\\16-209-A-90918909966---20190619095055.wav","fs":"100","dno":"209","id":"16-209-A-90918909966---20190619095055.wav","date":"20190619","lno":"16","sdt":"90918909966","type":"A"}
INFO  2019-06-19 20:46:34,355 104160787ms AudioModuleV2          <.ctor>b__0_1      - ymdhms: 20190619 095055
INFO  2019-06-19 20:46:34,355 104160787ms AudioModuleV2          <.ctor>b__0_1      - record_time: 6/19/2019 9:50:55 AM
INFO  2019-06-19 20:46:34,358 104160790ms AudioModuleV2          <.ctor>b__0_1      - parse item: {"fn":"16-209-A-90918909966---20190619101238.wav","time":"101238","fp":"C:\\soft\\dbtool\\syncfiles\\2019\\6\\19\\16-209-A-90918909966---20190619101238.wav","fs":"100","dno":"209","id":"16-209-A-90918909966---20190619101238.wav","date":"20190619","lno":"16","sdt":"90918909966","type":"A"}
INFO  2019-06-19 20:46:34,358 104160790ms AudioModuleV2          <.ctor>b__0_1      - ymdhms: 20190619 101238
INFO  2019-06-19 20:46:34,359 104160791ms AudioModuleV2          <.ctor>b__0_1      - record_time: 6/19/2019 10:12:38 AM
INFO  2019-06-19 20:46:34,361 104160793ms AudioModuleV2          <.ctor>b__0_1      - parse item: {"fn":"16-209-A-90918909966---20190619103143.wav","time":"103143","fp":"C:\\soft\\dbtool\\syncfiles\\2019\\6\\19\\16-209-A-90918909966---20190619103143.wav","fs":"100","dno":"209","id":"16-209-A-90918909966---20190619103143.wav","date":"20190619","lno":"16","sdt":"90918909966","type":"A"}
INFO  2019-06-19 20:46:34,362 104160794ms AudioModuleV2          <.ctor>b__0_1      - ymdhms: 20190619 103143
INFO  2019-06-19 20:46:34,362 104160794ms AudioModuleV2          <.ctor>b__0_1      - record_time: 6/19/2019 10:31:43 AM
INFO  2019-06-19 20:46:34,365 104160797ms AudioModuleV2          <.ctor>b__0_1      - parse item: {"fn":"16-209-A-90918909966---20190619103521.wav","time":"103521","fp":"C:\\soft\\dbtool\\syncfiles\\2019\\6\\19\\16-209-A-90918909966---20190619103521.wav","fs":"100","dno":"209","id":"16-209-A-90918909966---20190619103521.wav","date":"20190619","lno":"16","sdt":"90918909966","type":"A"}
INFO  2019-06-19 20:46:34,365 104160797ms AudioModuleV2          <.ctor>b__0_1      - ymdhms: 20190619 103521
INFO  2019-06-19 20:46:34,366 104160798ms AudioModuleV2          <.ctor>b__0_1      - record_time: 6/19/2019 10:35:21 AM
INFO  2019-06-19 20:46:34,369 104160801ms AudioModuleV2          <.ctor>b__0_1      - parse item: {"fn":"16-209-A-90918909966---20190619104551.wav","time":"104551","fp":"C:\\soft\\dbtool\\syncfiles\\2019\\6\\19\\16-209-A-90918909966---20190619104551.wav","fs":"100","dno":"209","id":"16-209-A-90918909966---20190619104551.wav","date":"20190619","lno":"16","sdt":"90918909966","type":"A"}
INFO  2019-06-19 20:46:34,369 104160801ms AudioModuleV2          <.ctor>b__0_1      - ymdhms: 20190619 104551
INFO  2019-06-19 20:46:34,369 104160801ms AudioModuleV2          <.ctor>b__0_1      - record_time: 6/19/2019 10:45:51 AM
INFO  2019-06-19 20:46:34,372 104160804ms AudioModuleV2          <.ctor>b__0_1      - parse item: {"fn":"16-209-A-90918909966---20190619111755.wav","time":"111755","fp":"C:\\soft\\dbtool\\syncfiles\\2019\\6\\19\\16-209-A-90918909966---20190619111755.wav","fs":"100","dno":"209","id":"16-209-A-90918909966---20190619111755.wav","date":"20190619","lno":"16","sdt":"90918909966","type":"A"}
INFO  2019-06-19 20:46:34,373 104160805ms AudioModuleV2          <.ctor>b__0_1      - ymdhms: 20190619 111755
INFO  2019-06-19 20:46:34,373 104160805ms AudioModuleV2          <.ctor>b__0_1      - record_time: 6/19/2019 11:17:55 AM
INFO  2019-06-19 20:46:34,374 104160806ms AudioModuleV2          <.ctor>b__0_1      - parse item: {"fn":"16-209-A-90918909966---20190619111858.wav","time":"111858","fp":"C:\\soft\\dbtool\\syncfiles\\2019\\6\\19\\16-209-A-90918909966---20190619111858.wav","fs":"100","dno":"209","id":"16-209-A-90918909966---20190619111858.wav","date":"20190619","lno":"16","sdt":"90918909966","type":"A"}
INFO  2019-06-19 20:46:34,374 104160806ms AudioModuleV2          <.ctor>b__0_1      - ymdhms: 20190619 111858
INFO  2019-06-19 20:46:34,374 104160806ms AudioModuleV2          <.ctor>b__0_1      - record_time: 6/19/2019 11:18:58 AM
INFO  2019-06-19 20:46:34,375 104160807ms AudioModuleV2          <.ctor>b__0_1      - parse item: {"fn":"16-209-A-90918909966---20190619134049.wav","time":"134049","fp":"C:\\soft\\dbtool\\syncfiles\\2019\\6\\19\\16-209-A-90918909966---20190619134049.wav","fs":"100","dno":"209","id":"16-209-A-90918909966---20190619134049.wav","date":"20190619","lno":"16","sdt":"90918909966","type":"A"}
INFO  2019-06-19 20:46:34,376 104160808ms AudioModuleV2          <.ctor>b__0_1      - ymdhms: 20190619 134049
INFO  2019-06-19 20:46:34,376 104160808ms AudioModuleV2          <.ctor>b__0_1      - record_time: 6/19/2019 1:40:49 PM
INFO  2019-06-19 20:46:34,377 104160809ms AudioModuleV2          <.ctor>b__0_1      - parse item: {"fn":"16-209-A-90918909966---20190619141038.wav","time":"141038","fp":"C:\\soft\\dbtool\\syncfiles\\2019\\6\\19\\16-209-A-90918909966---20190619141038.wav","fs":"100","dno":"209","id":"16-209-A-90918909966---20190619141038.wav","date":"20190619","lno":"16","sdt":"90918909966","type":"A"}
INFO  2019-06-19 20:46:34,377 104160809ms AudioModuleV2          <.ctor>b__0_1      - ymdhms: 20190619 141038
INFO  2019-06-19 20:46:34,378 104160810ms AudioModuleV2          <.ctor>b__0_1      - record_time: 6/19/2019 2:10:38 PM
INFO  2019-06-19 20:46:34,379 104160811ms AudioModuleV2          <.ctor>b__0_1      - parse item: {"fn":"28-211-A-902183888899---20190619080844.wav","time":"080844","fp":"C:\\soft\\dbtool\\syncfiles\\2019\\6\\19\\28-211-A-902183888899---20190619080844.wav","fs":"100","dno":"211","id":"28-211-A-902183888899---20190619080844.wav","date":"20190619","lno":"28","sdt":"902183888899","type":"A"}
INFO  2019-06-19 20:46:34,379 104160811ms AudioModuleV2          <.ctor>b__0_1      - ymdhms: 20190619 080844
INFO  2019-06-19 20:46:34,379 104160811ms AudioModuleV2          <.ctor>b__0_1      - record_time: 6/19/2019 8:08:44 AM
INFO  2019-06-19 20:46:34,382 104160814ms AudioModuleV2          <.ctor>b__0_1      - parse item: {"fn":"28-211-A-902183898986---20190619100557.wav","time":"100557","fp":"C:\\soft\\dbtool\\syncfiles\\2019\\6\\19\\28-211-A-902183898986---20190619100557.wav","fs":"100","dno":"211","id":"28-211-A-902183898986---20190619100557.wav","date":"20190619","lno":"28","sdt":"902183898986","type":"A"}
INFO  2019-06-19 20:46:34,383 104160815ms AudioModuleV2          <.ctor>b__0_1      - ymdhms: 20190619 100557
INFO  2019-06-19 20:46:34,383 104160815ms AudioModuleV2          <.ctor>b__0_1      - record_time: 6/19/2019 10:05:57 AM
INFO  2019-06-19 20:46:34,386 104160818ms AudioModuleV2          <.ctor>b__0_1      - parse item: {"fn":"28-211-A-902183898986---20190619103247.wav","time":"103247","fp":"C:\\soft\\dbtool\\syncfiles\\2019\\6\\19\\28-211-A-902183898986---20190619103247.wav","fs":"100","dno":"211","id":"28-211-A-902183898986---20190619103247.wav","date":"20190619","lno":"28","sdt":"902183898986","type":"A"}
INFO  2019-06-19 20:46:34,386 104160818ms AudioModuleV2          <.ctor>b__0_1      - ymdhms: 20190619 103247
INFO  2019-06-19 20:46:34,387 104160819ms AudioModuleV2          <.ctor>b__0_1      - record_time: 6/19/2019 10:32:47 AM
INFO  2019-06-19 20:46:34,390 104160822ms AudioModuleV2          <.ctor>b__0_1      - parse item: {"fn":"28-211-A-902183898986---20190619104638.wav","time":"104638","fp":"C:\\soft\\dbtool\\syncfiles\\2019\\6\\19\\28-211-A-902183898986---20190619104638.wav","fs":"100","dno":"211","id":"28-211-A-902183898986---20190619104638.wav","date":"20190619","lno":"28","sdt":"902183898986","type":"A"}
INFO  2019-06-19 20:46:34,390 104160822ms AudioModuleV2          <.ctor>b__0_1      - ymdhms: 20190619 104638
INFO  2019-06-19 20:46:34,390 104160822ms AudioModuleV2          <.ctor>b__0_1      - record_time: 6/19/2019 10:46:38 AM
INFO  2019-06-19 20:46:34,393 104160825ms AudioModuleV2          <.ctor>b__0_1      - parse item: {"fn":"28-211-A-902183898986---20190619134413.wav","time":"134413","fp":"C:\\soft\\dbtool\\syncfiles\\2019\\6\\19\\28-211-A-902183898986---20190619134413.wav","fs":"100","dno":"211","id":"28-211-A-902183898986---20190619134413.wav","date":"20190619","lno":"28","sdt":"902183898986","type":"A"}
INFO  2019-06-19 20:46:34,393 104160825ms AudioModuleV2          <.ctor>b__0_1      - ymdhms: 20190619 134413
INFO  2019-06-19 20:46:34,394 104160826ms AudioModuleV2          <.ctor>b__0_1      - record_time: 6/19/2019 1:44:13 PM
INFO  2019-06-19 20:46:34,395 104160827ms AudioModuleV2          <.ctor>b__0_1      - parse item: {"fn":"28-211-A-902183898986---20190619141325.wav","time":"141325","fp":"C:\\soft\\dbtool\\syncfiles\\2019\\6\\19\\28-211-A-902183898986---20190619141325.wav","fs":"100","dno":"211","id":"28-211-A-902183898986---20190619141325.wav","date":"20190619","lno":"28","sdt":"902183898986","type":"A"}
INFO  2019-06-19 20:46:34,395 104160827ms AudioModuleV2          <.ctor>b__0_1      - ymdhms: 20190619 141325
INFO  2019-06-19 20:46:34,395 104160827ms AudioModuleV2          <.ctor>b__0_1      - record_time: 6/19/2019 2:13:25 PM
INFO  2019-06-19 20:46:34,396 104160828ms AudioModuleV2          <.ctor>b__0_1      - parse item: {"fn":"28-211-A-902183898986---20190619141518.wav","time":"141518","fp":"C:\\soft\\dbtool\\syncfiles\\2019\\6\\19\\28-211-A-902183898986---20190619141518.wav","fs":"100","dno":"211","id":"28-211-A-902183898986---20190619141518.wav","date":"20190619","lno":"28","sdt":"902183898986","type":"A"}
INFO  2019-06-19 20:46:34,397 104160829ms AudioModuleV2          <.ctor>b__0_1      - ymdhms: 20190619 141518
INFO  2019-06-19 20:46:34,397 104160829ms AudioModuleV2          <.ctor>b__0_1      - record_time: 6/19/2019 2:15:18 PM
INFO  2019-06-19 20:46:34,493 104160925ms AudioModuleV2          <.ctor>b__0_0      - GET v2/audio/checkandmatch
INFO  2019-06-19 20:47:05,447 104191880ms AudioModuleV2          <.ctor>b__0_1      - POST v2/audio/latest/batch
INFO  2019-06-19 20:47:05,449 104191882ms AudioModuleV2          <.ctor>b__0_1      - parse item: {"fn":"03-112-A-93898410---20190619101302.wav","time":"101302","fp":"C:\\soft\\dbtool\\syncfiles\\2019\\6\\19\\03-112-A-93898410---20190619101302.wav","fs":"100","dno":"112","id":"03-112-A-93898410---20190619101302.wav","date":"20190619","lno":"03","sdt":"93898410","type":"A"}
INFO  2019-06-19 20:47:05,450 104191883ms AudioModuleV2          <.ctor>b__0_1      - ymdhms: 20190619 101302
INFO  2019-06-19 20:47:05,450 104191883ms AudioModuleV2          <.ctor>b__0_1      - record_time: 6/19/2019 10:13:02 AM
INFO  2019-06-19 20:47:05,456 104191889ms AudioModuleV2          <.ctor>b__0_1      - parse item: {"fn":"03-112-A-93898410---20190619101325.wav","time":"101325","fp":"C:\\soft\\dbtool\\syncfiles\\2019\\6\\19\\03-112-A-93898410---20190619101325.wav","fs":"100","dno":"112","id":"03-112-A-93898410---20190619101325.wav","date":"20190619","lno":"03","sdt":"93898410","type":"A"}
INFO  2019-06-19 20:47:05,456 104191889ms AudioModuleV2          <.ctor>b__0_1      - ymdhms: 20190619 101325
INFO  2019-06-19 20:47:05,457 104191890ms AudioModuleV2          <.ctor>b__0_1      - record_time: 6/19/2019 10:13:25 AM
INFO  2019-06-19 20:47:05,461 104191894ms AudioModuleV2          <.ctor>b__0_1      - parse item: {"fn":"16-209-A-902183898986---20190619093102.wav","time":"093102","fp":"C:\\soft\\dbtool\\syncfiles\\2019\\6\\19\\16-209-A-902183898986---20190619093102.wav","fs":"100","dno":"209","id":"16-209-A-902183898986---20190619093102.wav","date":"20190619","lno":"16","sdt":"902183898986","type":"A"}
INFO  2019-06-19 20:47:05,462 104191895ms AudioModuleV2          <.ctor>b__0_1      - ymdhms: 20190619 093102
INFO  2019-06-19 20:47:05,462 104191895ms AudioModuleV2          <.ctor>b__0_1      - record_time: 6/19/2019 9:31:02 AM
INFO  2019-06-19 20:47:05,466 104191899ms AudioModuleV2          <.ctor>b__0_1      - parse item: {"fn":"16-209-A-902183898986---20190619095140.wav","time":"095140","fp":"C:\\soft\\dbtool\\syncfiles\\2019\\6\\19\\16-209-A-902183898986---20190619095140.wav","fs":"100","dno":"209","id":"16-209-A-902183898986---20190619095140.wav","date":"20190619","lno":"16","sdt":"902183898986","type":"A"}
INFO  2019-06-19 20:47:05,467 104191900ms AudioModuleV2          <.ctor>b__0_1      - ymdhms: 20190619 095140
INFO  2019-06-19 20:47:05,467 104191900ms AudioModuleV2          <.ctor>b__0_1      - record_time: 6/19/2019 9:51:40 AM
INFO  2019-06-19 20:47:05,471 104191904ms AudioModuleV2          <.ctor>b__0_1      - parse item: {"fn":"16-209-A-902183898986---20190619141119.wav","time":"141119","fp":"C:\\soft\\dbtool\\syncfiles\\2019\\6\\19\\16-209-A-902183898986---20190619141119.wav","fs":"100","dno":"209","id":"16-209-A-902183898986---20190619141119.wav","date":"20190619","lno":"16","sdt":"902183898986","type":"A"}
INFO  2019-06-19 20:47:05,472 104191905ms AudioModuleV2          <.ctor>b__0_1      - ymdhms: 20190619 141119
INFO  2019-06-19 20:47:05,473 104191906ms AudioModuleV2          <.ctor>b__0_1      - record_time: 6/19/2019 2:11:19 PM
INFO  2019-06-19 20:47:05,474 104191907ms AudioModuleV2          <.ctor>b__0_1      - parse item: {"fn":"16-209-A-90823130986---20190619103819.wav","time":"103819","fp":"C:\\soft\\dbtool\\syncfiles\\2019\\6\\19\\16-209-A-90823130986---20190619103819.wav","fs":"100","dno":"209","id":"16-209-A-90823130986---20190619103819.wav","date":"20190619","lno":"16","sdt":"90823130986","type":"A"}
INFO  2019-06-19 20:47:05,475 104191908ms AudioModuleV2          <.ctor>b__0_1      - ymdhms: 20190619 103819
INFO  2019-06-19 20:47:05,475 104191908ms AudioModuleV2          <.ctor>b__0_1      - record_time: 6/19/2019 10:38:19 AM
INFO  2019-06-19 20:47:05,479 104191912ms AudioModuleV2          <.ctor>b__0_1      - parse item: {"fn":"16-209-A-90918909966---20190619080801.wav","time":"080801","fp":"C:\\soft\\dbtool\\syncfiles\\2019\\6\\19\\16-209-A-90918909966---20190619080801.wav","fs":"100","dno":"209","id":"16-209-A-90918909966---20190619080801.wav","date":"20190619","lno":"16","sdt":"90918909966","type":"A"}
INFO  2019-06-19 20:47:05,480 104191913ms AudioModuleV2          <.ctor>b__0_1      - ymdhms: 20190619 080801
INFO  2019-06-19 20:47:05,480 104191913ms AudioModuleV2          <.ctor>b__0_1      - record_time: 6/19/2019 8:08:01 AM
INFO  2019-06-19 20:47:05,484 104191917ms AudioModuleV2          <.ctor>b__0_1      - parse item: {"fn":"16-209-A-90918909966---20190619081258.wav","time":"081258","fp":"C:\\soft\\dbtool\\syncfiles\\2019\\6\\19\\16-209-A-90918909966---20190619081258.wav","fs":"100","dno":"209","id":"16-209-A-90918909966---20190619081258.wav","date":"20190619","lno":"16","sdt":"90918909966","type":"A"}
INFO  2019-06-19 20:47:05,485 104191918ms AudioModuleV2          <.ctor>b__0_1      - ymdhms: 20190619 081258
INFO  2019-06-19 20:47:05,486 104191919ms AudioModuleV2          <.ctor>b__0_1      - record_time: 6/19/2019 8:12:58 AM
INFO  2019-06-19 20:47:05,490 104191923ms AudioModuleV2          <.ctor>b__0_1      - parse item: {"fn":"16-209-A-90918909966---20190619091249.wav","time":"091249","fp":"C:\\soft\\dbtool\\syncfiles\\2019\\6\\19\\16-209-A-90918909966---20190619091249.wav","fs":"100","dno":"209","id":"16-209-A-90918909966---20190619091249.wav","date":"20190619","lno":"16","sdt":"90918909966","type":"A"}
INFO  2019-06-19 20:47:05,490 104191923ms AudioModuleV2          <.ctor>b__0_1      - ymdhms: 20190619 091249
INFO  2019-06-19 20:47:05,491 104191924ms AudioModuleV2          <.ctor>b__0_1      - record_time: 6/19/2019 9:12:49 AM
INFO  2019-06-19 20:47:05,495 104191928ms AudioModuleV2          <.ctor>b__0_1      - parse item: {"fn":"16-209-A-90918909966---20190619091903.wav","time":"091903","fp":"C:\\soft\\dbtool\\syncfiles\\2019\\6\\19\\16-209-A-90918909966---20190619091903.wav","fs":"100","dno":"209","id":"16-209-A-90918909966---20190619091903.wav","date":"20190619","lno":"16","sdt":"90918909966","type":"A"}
INFO  2019-06-19 20:47:05,495 104191928ms AudioModuleV2          <.ctor>b__0_1      - ymdhms: 20190619 091903
INFO  2019-06-19 20:47:05,496 104191929ms AudioModuleV2          <.ctor>b__0_1      - record_time: 6/19/2019 9:19:03 AM
INFO  2019-06-19 20:47:05,500 104191933ms AudioModuleV2          <.ctor>b__0_1      - parse item: {"fn":"16-209-A-90918909966---20190619091943.wav","time":"091943","fp":"C:\\soft\\dbtool\\syncfiles\\2019\\6\\19\\16-209-A-90918909966---20190619091943.wav","fs":"100","dno":"209","id":"16-209-A-90918909966---20190619091943.wav","date":"20190619","lno":"16","sdt":"90918909966","type":"A"}
INFO  2019-06-19 20:47:05,500 104191933ms AudioModuleV2          <.ctor>b__0_1      - ymdhms: 20190619 091943
INFO  2019-06-19 20:47:05,501 104191934ms AudioModuleV2          <.ctor>b__0_1      - record_time: 6/19/2019 9:19:43 AM
INFO  2019-06-19 20:47:05,505 104191938ms AudioModuleV2          <.ctor>b__0_1      - parse item: {"fn":"16-209-A-90918909966---20190619092025.wav","time":"092025","fp":"C:\\soft\\dbtool\\syncfiles\\2019\\6\\19\\16-209-A-90918909966---20190619092025.wav","fs":"100","dno":"209","id":"16-209-A-90918909966---20190619092025.wav","date":"20190619","lno":"16","sdt":"90918909966","type":"A"}
INFO  2019-06-19 20:47:05,505 104191938ms AudioModuleV2          <.ctor>b__0_1      - ymdhms: 20190619 092025
INFO  2019-06-19 20:47:05,506 104191939ms AudioModuleV2          <.ctor>b__0_1      - record_time: 6/19/2019 9:20:25 AM
INFO  2019-06-19 20:47:05,510 104191943ms AudioModuleV2          <.ctor>b__0_1      - parse item: {"fn":"16-209-A-90918909966---20190619092555.wav","time":"092555","fp":"C:\\soft\\dbtool\\syncfiles\\2019\\6\\19\\16-209-A-90918909966---20190619092555.wav","fs":"100","dno":"209","id":"16-209-A-90918909966---20190619092555.wav","date":"20190619","lno":"16","sdt":"90918909966","type":"A"}
INFO  2019-06-19 20:47:05,510 104191943ms AudioModuleV2          <.ctor>b__0_1      - ymdhms: 20190619 092555
INFO  2019-06-19 20:47:05,511 104191944ms AudioModuleV2          <.ctor>b__0_1      - record_time: 6/19/2019 9:25:55 AM
INFO  2019-06-19 20:47:05,515 104191948ms AudioModuleV2          <.ctor>b__0_1      - parse item: {"fn":"16-209-A-90918909966---20190619092957.wav","time":"092957","fp":"C:\\soft\\dbtool\\syncfiles\\2019\\6\\19\\16-209-A-90918909966---20190619092957.wav","fs":"100","dno":"209","id":"16-209-A-90918909966---20190619092957.wav","date":"20190619","lno":"16","sdt":"90918909966","type":"A"}
INFO  2019-06-19 20:47:05,515 104191948ms AudioModuleV2          <.ctor>b__0_1      - ymdhms: 20190619 092957
INFO  2019-06-19 20:47:05,516 104191949ms AudioModuleV2          <.ctor>b__0_1      - record_time: 6/19/2019 9:29:57 AM
INFO  2019-06-19 20:47:05,519 104191952ms AudioModuleV2          <.ctor>b__0_1      - parse item: {"fn":"16-209-A-90918909966---20190619093619.wav","time":"093619","fp":"C:\\soft\\dbtool\\syncfiles\\2019\\6\\19\\16-209-A-90918909966---20190619093619.wav","fs":"100","dno":"209","id":"16-209-A-90918909966---20190619093619.wav","date":"20190619","lno":"16","sdt":"90918909966","type":"A"}
INFO  2019-06-19 20:47:05,520 104191953ms AudioModuleV2          <.ctor>b__0_1      - ymdhms: 20190619 093619
INFO  2019-06-19 20:47:05,521 104191954ms AudioModuleV2          <.ctor>b__0_1      - record_time: 6/19/2019 9:36:19 AM
INFO  2019-06-19 20:47:05,524 104191957ms AudioModuleV2          <.ctor>b__0_1      - parse item: {"fn":"16-209-A-90918909966---20190619095055.wav","time":"095055","fp":"C:\\soft\\dbtool\\syncfiles\\2019\\6\\19\\16-209-A-90918909966---20190619095055.wav","fs":"100","dno":"209","id":"16-209-A-90918909966---20190619095055.wav","date":"20190619","lno":"16","sdt":"90918909966","type":"A"}
INFO  2019-06-19 20:47:05,525 104191958ms AudioModuleV2          <.ctor>b__0_1      - ymdhms: 20190619 095055
INFO  2019-06-19 20:47:05,525 104191958ms AudioModuleV2          <.ctor>b__0_1      - record_time: 6/19/2019 9:50:55 AM
INFO  2019-06-19 20:47:05,529 104191962ms AudioModuleV2          <.ctor>b__0_1      - parse item: {"fn":"16-209-A-90918909966---20190619101238.wav","time":"101238","fp":"C:\\soft\\dbtool\\syncfiles\\2019\\6\\19\\16-209-A-90918909966---20190619101238.wav","fs":"100","dno":"209","id":"16-209-A-90918909966---20190619101238.wav","date":"20190619","lno":"16","sdt":"90918909966","type":"A"}
INFO  2019-06-19 20:47:05,530 104191963ms AudioModuleV2          <.ctor>b__0_1      - ymdhms: 20190619 101238
INFO  2019-06-19 20:47:05,530 104191963ms AudioModuleV2          <.ctor>b__0_1      - record_time: 6/19/2019 10:12:38 AM
INFO  2019-06-19 20:47:05,534 104191967ms AudioModuleV2          <.ctor>b__0_1      - parse item: {"fn":"16-209-A-90918909966---20190619103143.wav","time":"103143","fp":"C:\\soft\\dbtool\\syncfiles\\2019\\6\\19\\16-209-A-90918909966---20190619103143.wav","fs":"100","dno":"209","id":"16-209-A-90918909966---20190619103143.wav","date":"20190619","lno":"16","sdt":"90918909966","type":"A"}
INFO  2019-06-19 20:47:05,534 104191967ms AudioModuleV2          <.ctor>b__0_1      - ymdhms: 20190619 103143
INFO  2019-06-19 20:47:05,535 104191968ms AudioModuleV2          <.ctor>b__0_1      - record_time: 6/19/2019 10:31:43 AM
INFO  2019-06-19 20:47:05,539 104191972ms AudioModuleV2          <.ctor>b__0_1      - parse item: {"fn":"16-209-A-90918909966---20190619103521.wav","time":"103521","fp":"C:\\soft\\dbtool\\syncfiles\\2019\\6\\19\\16-209-A-90918909966---20190619103521.wav","fs":"100","dno":"209","id":"16-209-A-90918909966---20190619103521.wav","date":"20190619","lno":"16","sdt":"90918909966","type":"A"}
INFO  2019-06-19 20:47:05,539 104191972ms AudioModuleV2          <.ctor>b__0_1      - ymdhms: 20190619 103521
INFO  2019-06-19 20:47:05,540 104191973ms AudioModuleV2          <.ctor>b__0_1      - record_time: 6/19/2019 10:35:21 AM
INFO  2019-06-19 20:47:05,544 104191977ms AudioModuleV2          <.ctor>b__0_1      - parse item: {"fn":"16-209-A-90918909966---20190619104551.wav","time":"104551","fp":"C:\\soft\\dbtool\\syncfiles\\2019\\6\\19\\16-209-A-90918909966---20190619104551.wav","fs":"100","dno":"209","id":"16-209-A-90918909966---20190619104551.wav","date":"20190619","lno":"16","sdt":"90918909966","type":"A"}
INFO  2019-06-19 20:47:05,544 104191977ms AudioModuleV2          <.ctor>b__0_1      - ymdhms: 20190619 104551
INFO  2019-06-19 20:47:05,545 104191978ms AudioModuleV2          <.ctor>b__0_1      - record_time: 6/19/2019 10:45:51 AM
INFO  2019-06-19 20:47:05,548 104191981ms AudioModuleV2          <.ctor>b__0_1      - parse item: {"fn":"16-209-A-90918909966---20190619111755.wav","time":"111755","fp":"C:\\soft\\dbtool\\syncfiles\\2019\\6\\19\\16-209-A-90918909966---20190619111755.wav","fs":"100","dno":"209","id":"16-209-A-90918909966---20190619111755.wav","date":"20190619","lno":"16","sdt":"90918909966","type":"A"}
INFO  2019-06-19 20:47:05,549 104191982ms AudioModuleV2          <.ctor>b__0_1      - ymdhms: 20190619 111755
INFO  2019-06-19 20:47:05,549 104191982ms AudioModuleV2          <.ctor>b__0_1      - record_time: 6/19/2019 11:17:55 AM
INFO  2019-06-19 20:47:05,551 104191984ms AudioModuleV2          <.ctor>b__0_1      - parse item: {"fn":"16-209-A-90918909966---20190619111858.wav","time":"111858","fp":"C:\\soft\\dbtool\\syncfiles\\2019\\6\\19\\16-209-A-90918909966---20190619111858.wav","fs":"100","dno":"209","id":"16-209-A-90918909966---20190619111858.wav","date":"20190619","lno":"16","sdt":"90918909966","type":"A"}
INFO  2019-06-19 20:47:05,551 104191984ms AudioModuleV2          <.ctor>b__0_1      - ymdhms: 20190619 111858
INFO  2019-06-19 20:47:05,552 104191985ms AudioModuleV2          <.ctor>b__0_1      - record_time: 6/19/2019 11:18:58 AM
INFO  2019-06-19 20:47:05,553 104191986ms AudioModuleV2          <.ctor>b__0_1      - parse item: {"fn":"16-209-A-90918909966---20190619134049.wav","time":"134049","fp":"C:\\soft\\dbtool\\syncfiles\\2019\\6\\19\\16-209-A-90918909966---20190619134049.wav","fs":"100","dno":"209","id":"16-209-A-90918909966---20190619134049.wav","date":"20190619","lno":"16","sdt":"90918909966","type":"A"}
INFO  2019-06-19 20:47:05,554 104191987ms AudioModuleV2          <.ctor>b__0_1      - ymdhms: 20190619 134049
INFO  2019-06-19 20:47:05,554 104191987ms AudioModuleV2          <.ctor>b__0_1      - record_time: 6/19/2019 1:40:49 PM
INFO  2019-06-19 20:47:05,556 104191989ms AudioModuleV2          <.ctor>b__0_1      - parse item: {"fn":"16-209-A-90918909966---20190619141038.wav","time":"141038","fp":"C:\\soft\\dbtool\\syncfiles\\2019\\6\\19\\16-209-A-90918909966---20190619141038.wav","fs":"100","dno":"209","id":"16-209-A-90918909966---20190619141038.wav","date":"20190619","lno":"16","sdt":"90918909966","type":"A"}
INFO  2019-06-19 20:47:05,556 104191989ms AudioModuleV2          <.ctor>b__0_1      - ymdhms: 20190619 141038
INFO  2019-06-19 20:47:05,557 104191990ms AudioModuleV2          <.ctor>b__0_1      - record_time: 6/19/2019 2:10:38 PM
INFO  2019-06-19 20:47:05,558 104191991ms AudioModuleV2          <.ctor>b__0_1      - parse item: {"fn":"28-211-A-902183888899---20190619080844.wav","time":"080844","fp":"C:\\soft\\dbtool\\syncfiles\\2019\\6\\19\\28-211-A-902183888899---20190619080844.wav","fs":"100","dno":"211","id":"28-211-A-902183888899---20190619080844.wav","date":"20190619","lno":"28","sdt":"902183888899","type":"A"}
INFO  2019-06-19 20:47:05,559 104191992ms AudioModuleV2          <.ctor>b__0_1      - ymdhms: 20190619 080844
INFO  2019-06-19 20:47:05,559 104191992ms AudioModuleV2          <.ctor>b__0_1      - record_time: 6/19/2019 8:08:44 AM
INFO  2019-06-19 20:47:05,563 104191996ms AudioModuleV2          <.ctor>b__0_1      - parse item: {"fn":"28-211-A-902183898986---20190619100557.wav","time":"100557","fp":"C:\\soft\\dbtool\\syncfiles\\2019\\6\\19\\28-211-A-902183898986---20190619100557.wav","fs":"100","dno":"211","id":"28-211-A-902183898986---20190619100557.wav","date":"20190619","lno":"28","sdt":"902183898986","type":"A"}
INFO  2019-06-19 20:47:05,564 104191997ms AudioModuleV2          <.ctor>b__0_1      - ymdhms: 20190619 100557
INFO  2019-06-19 20:47:05,564 104191997ms AudioModuleV2          <.ctor>b__0_1      - record_time: 6/19/2019 10:05:57 AM
INFO  2019-06-19 20:47:05,568 104192001ms AudioModuleV2          <.ctor>b__0_1      - parse item: {"fn":"28-211-A-902183898986---20190619103247.wav","time":"103247","fp":"C:\\soft\\dbtool\\syncfiles\\2019\\6\\19\\28-211-A-902183898986---20190619103247.wav","fs":"100","dno":"211","id":"28-211-A-902183898986---20190619103247.wav","date":"20190619","lno":"28","sdt":"902183898986","type":"A"}
INFO  2019-06-19 20:47:05,569 104192002ms AudioModuleV2          <.ctor>b__0_1      - ymdhms: 20190619 103247
INFO  2019-06-19 20:47:05,569 104192002ms AudioModuleV2          <.ctor>b__0_1      - record_time: 6/19/2019 10:32:47 AM
INFO  2019-06-19 20:47:05,573 104192006ms AudioModuleV2          <.ctor>b__0_1      - parse item: {"fn":"28-211-A-902183898986---20190619104638.wav","time":"104638","fp":"C:\\soft\\dbtool\\syncfiles\\2019\\6\\19\\28-211-A-902183898986---20190619104638.wav","fs":"100","dno":"211","id":"28-211-A-902183898986---20190619104638.wav","date":"20190619","lno":"28","sdt":"902183898986","type":"A"}
INFO  2019-06-19 20:47:05,573 104192006ms AudioModuleV2          <.ctor>b__0_1      - ymdhms: 20190619 104638
INFO  2019-06-19 20:47:05,574 104192007ms AudioModuleV2          <.ctor>b__0_1      - record_time: 6/19/2019 10:46:38 AM
INFO  2019-06-19 20:47:05,578 104192011ms AudioModuleV2          <.ctor>b__0_1      - parse item: {"fn":"28-211-A-902183898986---20190619134413.wav","time":"134413","fp":"C:\\soft\\dbtool\\syncfiles\\2019\\6\\19\\28-211-A-902183898986---20190619134413.wav","fs":"100","dno":"211","id":"28-211-A-902183898986---20190619134413.wav","date":"20190619","lno":"28","sdt":"902183898986","type":"A"}
INFO  2019-06-19 20:47:05,578 104192011ms AudioModuleV2          <.ctor>b__0_1      - ymdhms: 20190619 134413
INFO  2019-06-19 20:47:05,579 104192012ms AudioModuleV2          <.ctor>b__0_1      - record_time: 6/19/2019 1:44:13 PM
INFO  2019-06-19 20:47:05,580 104192013ms AudioModuleV2          <.ctor>b__0_1      - parse item: {"fn":"28-211-A-902183898986---20190619141325.wav","time":"141325","fp":"C:\\soft\\dbtool\\syncfiles\\2019\\6\\19\\28-211-A-902183898986---20190619141325.wav","fs":"100","dno":"211","id":"28-211-A-902183898986---20190619141325.wav","date":"20190619","lno":"28","sdt":"902183898986","type":"A"}
INFO  2019-06-19 20:47:05,581 104192014ms AudioModuleV2          <.ctor>b__0_1      - ymdhms: 20190619 141325
INFO  2019-06-19 20:47:05,581 104192014ms AudioModuleV2          <.ctor>b__0_1      - record_time: 6/19/2019 2:13:25 PM
INFO  2019-06-19 20:47:05,583 104192016ms AudioModuleV2          <.ctor>b__0_1      - parse item: {"fn":"28-211-A-902183898986---20190619141518.wav","time":"141518","fp":"C:\\soft\\dbtool\\syncfiles\\2019\\6\\19\\28-211-A-902183898986---20190619141518.wav","fs":"100","dno":"211","id":"28-211-A-902183898986---20190619141518.wav","date":"20190619","lno":"28","sdt":"902183898986","type":"A"}
INFO  2019-06-19 20:47:05,583 104192016ms AudioModuleV2          <.ctor>b__0_1      - ymdhms: 20190619 141518
INFO  2019-06-19 20:47:05,584 104192017ms AudioModuleV2          <.ctor>b__0_1      - record_time: 6/19/2019 2:15:18 PM
INFO  2019-06-19 20:47:05,731 104192164ms AudioModuleV2          <.ctor>b__0_0      - GET v2/audio/checkandmatch
INFO  2019-06-19 20:47:36,642 104223075ms AudioModuleV2          <.ctor>b__0_1      - POST v2/audio/latest/batch
INFO  2019-06-19 20:47:36,643 104223076ms AudioModuleV2          <.ctor>b__0_1      - parse item: {"fn":"03-112-A-93898410---20190619101302.wav","time":"101302","fp":"C:\\soft\\dbtool\\syncfiles\\2019\\6\\19\\03-112-A-93898410---20190619101302.wav","fs":"100","dno":"112","id":"03-112-A-93898410---20190619101302.wav","date":"20190619","lno":"03","sdt":"93898410","type":"A"}
INFO  2019-06-19 20:47:36,644 104223077ms AudioModuleV2          <.ctor>b__0_1      - ymdhms: 20190619 101302
INFO  2019-06-19 20:47:36,645 104223078ms AudioModuleV2          <.ctor>b__0_1      - record_time: 6/19/2019 10:13:02 AM
INFO  2019-06-19 20:47:36,649 104223082ms AudioModuleV2          <.ctor>b__0_1      - parse item: {"fn":"03-112-A-93898410---20190619101325.wav","time":"101325","fp":"C:\\soft\\dbtool\\syncfiles\\2019\\6\\19\\03-112-A-93898410---20190619101325.wav","fs":"100","dno":"112","id":"03-112-A-93898410---20190619101325.wav","date":"20190619","lno":"03","sdt":"93898410","type":"A"}
INFO  2019-06-19 20:47:36,650 104223083ms AudioModuleV2          <.ctor>b__0_1      - ymdhms: 20190619 101325
INFO  2019-06-19 20:47:36,651 104223084ms AudioModuleV2          <.ctor>b__0_1      - record_time: 6/19/2019 10:13:25 AM
INFO  2019-06-19 20:47:36,655 104223087ms AudioModuleV2          <.ctor>b__0_1      - parse item: {"fn":"16-209-A-902183898986---20190619093102.wav","time":"093102","fp":"C:\\soft\\dbtool\\syncfiles\\2019\\6\\19\\16-209-A-902183898986---20190619093102.wav","fs":"100","dno":"209","id":"16-209-A-902183898986---20190619093102.wav","date":"20190619","lno":"16","sdt":"902183898986","type":"A"}
INFO  2019-06-19 20:47:36,655 104223088ms AudioModuleV2          <.ctor>b__0_1      - ymdhms: 20190619 093102
INFO  2019-06-19 20:47:36,656 104223089ms AudioModuleV2          <.ctor>b__0_1      - record_time: 6/19/2019 9:31:02 AM
INFO  2019-06-19 20:47:36,659 104223092ms AudioModuleV2          <.ctor>b__0_1      - parse item: {"fn":"16-209-A-902183898986---20190619095140.wav","time":"095140","fp":"C:\\soft\\dbtool\\syncfiles\\2019\\6\\19\\16-209-A-902183898986---20190619095140.wav","fs":"100","dno":"209","id":"16-209-A-902183898986---20190619095140.wav","date":"20190619","lno":"16","sdt":"902183898986","type":"A"}
INFO  2019-06-19 20:47:36,660 104223093ms AudioModuleV2          <.ctor>b__0_1      - ymdhms: 20190619 095140
INFO  2019-06-19 20:47:36,660 104223093ms AudioModuleV2          <.ctor>b__0_1      - record_time: 6/19/2019 9:51:40 AM
INFO  2019-06-19 20:47:36,664 104223097ms AudioModuleV2          <.ctor>b__0_1      - parse item: {"fn":"16-209-A-902183898986---20190619141119.wav","time":"141119","fp":"C:\\soft\\dbtool\\syncfiles\\2019\\6\\19\\16-209-A-902183898986---20190619141119.wav","fs":"100","dno":"209","id":"16-209-A-902183898986---20190619141119.wav","date":"20190619","lno":"16","sdt":"902183898986","type":"A"}
INFO  2019-06-19 20:47:36,665 104223098ms AudioModuleV2          <.ctor>b__0_1      - ymdhms: 20190619 141119
INFO  2019-06-19 20:47:36,665 104223098ms AudioModuleV2          <.ctor>b__0_1      - record_time: 6/19/2019 2:11:19 PM
INFO  2019-06-19 20:47:36,667 104223100ms AudioModuleV2          <.ctor>b__0_1      - parse item: {"fn":"16-209-A-90823130986---20190619103819.wav","time":"103819","fp":"C:\\soft\\dbtool\\syncfiles\\2019\\6\\19\\16-209-A-90823130986---20190619103819.wav","fs":"100","dno":"209","id":"16-209-A-90823130986---20190619103819.wav","date":"20190619","lno":"16","sdt":"90823130986","type":"A"}
INFO  2019-06-19 20:47:36,667 104223100ms AudioModuleV2          <.ctor>b__0_1      - ymdhms: 20190619 103819
INFO  2019-06-19 20:47:36,668 104223101ms AudioModuleV2          <.ctor>b__0_1      - record_time: 6/19/2019 10:38:19 AM
INFO  2019-06-19 20:47:36,673 104223105ms AudioModuleV2          <.ctor>b__0_1      - parse item: {"fn":"16-209-A-90918909966---20190619080801.wav","time":"080801","fp":"C:\\soft\\dbtool\\syncfiles\\2019\\6\\19\\16-209-A-90918909966---20190619080801.wav","fs":"100","dno":"209","id":"16-209-A-90918909966---20190619080801.wav","date":"20190619","lno":"16","sdt":"90918909966","type":"A"}
INFO  2019-06-19 20:47:36,673 104223105ms AudioModuleV2          <.ctor>b__0_1      - ymdhms: 20190619 080801
INFO  2019-06-19 20:47:36,674 104223106ms AudioModuleV2          <.ctor>b__0_1      - record_time: 6/19/2019 8:08:01 AM
INFO  2019-06-19 20:47:36,678 104223110ms AudioModuleV2          <.ctor>b__0_1      - parse item: {"fn":"16-209-A-90918909966---20190619081258.wav","time":"081258","fp":"C:\\soft\\dbtool\\syncfiles\\2019\\6\\19\\16-209-A-90918909966---20190619081258.wav","fs":"100","dno":"209","id":"16-209-A-90918909966---20190619081258.wav","date":"20190619","lno":"16","sdt":"90918909966","type":"A"}
INFO  2019-06-19 20:47:36,678 104223110ms AudioModuleV2          <.ctor>b__0_1      - ymdhms: 20190619 081258
INFO  2019-06-19 20:47:36,678 104223111ms AudioModuleV2          <.ctor>b__0_1      - record_time: 6/19/2019 8:12:58 AM
INFO  2019-06-19 20:47:36,682 104223114ms AudioModuleV2          <.ctor>b__0_1      - parse item: {"fn":"16-209-A-90918909966---20190619091249.wav","time":"091249","fp":"C:\\soft\\dbtool\\syncfiles\\2019\\6\\19\\16-209-A-90918909966---20190619091249.wav","fs":"100","dno":"209","id":"16-209-A-90918909966---20190619091249.wav","date":"20190619","lno":"16","sdt":"90918909966","type":"A"}
INFO  2019-06-19 20:47:36,682 104223115ms AudioModuleV2          <.ctor>b__0_1      - ymdhms: 20190619 091249
INFO  2019-06-19 20:47:36,683 104223116ms AudioModuleV2          <.ctor>b__0_1      - record_time: 6/19/2019 9:12:49 AM
INFO  2019-06-19 20:47:36,686 104223119ms AudioModuleV2          <.ctor>b__0_1      - parse item: {"fn":"16-209-A-90918909966---20190619091903.wav","time":"091903","fp":"C:\\soft\\dbtool\\syncfiles\\2019\\6\\19\\16-209-A-90918909966---20190619091903.wav","fs":"100","dno":"209","id":"16-209-A-90918909966---20190619091903.wav","date":"20190619","lno":"16","sdt":"90918909966","type":"A"}
INFO  2019-06-19 20:47:36,688 104223120ms AudioModuleV2          <.ctor>b__0_1      - ymdhms: 20190619 091903
INFO  2019-06-19 20:47:36,688 104223120ms AudioModuleV2          <.ctor>b__0_1      - record_time: 6/19/2019 9:19:03 AM
INFO  2019-06-19 20:47:36,691 104223124ms AudioModuleV2          <.ctor>b__0_1      - parse item: {"fn":"16-209-A-90918909966---20190619091943.wav","time":"091943","fp":"C:\\soft\\dbtool\\syncfiles\\2019\\6\\19\\16-209-A-90918909966---20190619091943.wav","fs":"100","dno":"209","id":"16-209-A-90918909966---20190619091943.wav","date":"20190619","lno":"16","sdt":"90918909966","type":"A"}
INFO  2019-06-19 20:47:36,693 104223125ms AudioModuleV2          <.ctor>b__0_1      - ymdhms: 20190619 091943
INFO  2019-06-19 20:47:36,693 104223125ms AudioModuleV2          <.ctor>b__0_1      - record_time: 6/19/2019 9:19:43 AM
INFO  2019-06-19 20:47:36,697 104223129ms AudioModuleV2          <.ctor>b__0_1      - parse item: {"fn":"16-209-A-90918909966---20190619092025.wav","time":"092025","fp":"C:\\soft\\dbtool\\syncfiles\\2019\\6\\19\\16-209-A-90918909966---20190619092025.wav","fs":"100","dno":"209","id":"16-209-A-90918909966---20190619092025.wav","date":"20190619","lno":"16","sdt":"90918909966","type":"A"}
INFO  2019-06-19 20:47:36,697 104223130ms AudioModuleV2          <.ctor>b__0_1      - ymdhms: 20190619 092025
INFO  2019-06-19 20:47:36,697 104223130ms AudioModuleV2          <.ctor>b__0_1      - record_time: 6/19/2019 9:20:25 AM
INFO  2019-06-19 20:47:36,701 104223134ms AudioModuleV2          <.ctor>b__0_1      - parse item: {"fn":"16-209-A-90918909966---20190619092555.wav","time":"092555","fp":"C:\\soft\\dbtool\\syncfiles\\2019\\6\\19\\16-209-A-90918909966---20190619092555.wav","fs":"100","dno":"209","id":"16-209-A-90918909966---20190619092555.wav","date":"20190619","lno":"16","sdt":"90918909966","type":"A"}
INFO  2019-06-19 20:47:36,701 104223134ms AudioModuleV2          <.ctor>b__0_1      - ymdhms: 20190619 092555
INFO  2019-06-19 20:47:36,703 104223135ms AudioModuleV2          <.ctor>b__0_1      - record_time: 6/19/2019 9:25:55 AM
INFO  2019-06-19 20:47:36,707 104223139ms AudioModuleV2          <.ctor>b__0_1      - parse item: {"fn":"16-209-A-90918909966---20190619092957.wav","time":"092957","fp":"C:\\soft\\dbtool\\syncfiles\\2019\\6\\19\\16-209-A-90918909966---20190619092957.wav","fs":"100","dno":"209","id":"16-209-A-90918909966---20190619092957.wav","date":"20190619","lno":"16","sdt":"90918909966","type":"A"}
INFO  2019-06-19 20:47:36,707 104223139ms AudioModuleV2          <.ctor>b__0_1      - ymdhms: 20190619 092957
INFO  2019-06-19 20:47:36,707 104223140ms AudioModuleV2          <.ctor>b__0_1      - record_time: 6/19/2019 9:29:57 AM
INFO  2019-06-19 20:47:36,711 104223144ms AudioModuleV2          <.ctor>b__0_1      - parse item: {"fn":"16-209-A-90918909966---20190619093619.wav","time":"093619","fp":"C:\\soft\\dbtool\\syncfiles\\2019\\6\\19\\16-209-A-90918909966---20190619093619.wav","fs":"100","dno":"209","id":"16-209-A-90918909966---20190619093619.wav","date":"20190619","lno":"16","sdt":"90918909966","type":"A"}
INFO  2019-06-19 20:47:36,711 104223144ms AudioModuleV2          <.ctor>b__0_1      - ymdhms: 20190619 093619
INFO  2019-06-19 20:47:36,713 104223145ms AudioModuleV2          <.ctor>b__0_1      - record_time: 6/19/2019 9:36:19 AM
INFO  2019-06-19 20:47:36,717 104223149ms AudioModuleV2          <.ctor>b__0_1      - parse item: {"fn":"16-209-A-90918909966---20190619095055.wav","time":"095055","fp":"C:\\soft\\dbtool\\syncfiles\\2019\\6\\19\\16-209-A-90918909966---20190619095055.wav","fs":"100","dno":"209","id":"16-209-A-90918909966---20190619095055.wav","date":"20190619","lno":"16","sdt":"90918909966","type":"A"}
INFO  2019-06-19 20:47:36,717 104223149ms AudioModuleV2          <.ctor>b__0_1      - ymdhms: 20190619 095055
INFO  2019-06-19 20:47:36,717 104223150ms AudioModuleV2          <.ctor>b__0_1      - record_time: 6/19/2019 9:50:55 AM
INFO  2019-06-19 20:47:36,721 104223153ms AudioModuleV2          <.ctor>b__0_1      - parse item: {"fn":"16-209-A-90918909966---20190619101238.wav","time":"101238","fp":"C:\\soft\\dbtool\\syncfiles\\2019\\6\\19\\16-209-A-90918909966---20190619101238.wav","fs":"100","dno":"209","id":"16-209-A-90918909966---20190619101238.wav","date":"20190619","lno":"16","sdt":"90918909966","type":"A"}
INFO  2019-06-19 20:47:36,722 104223154ms AudioModuleV2          <.ctor>b__0_1      - ymdhms: 20190619 101238
INFO  2019-06-19 20:47:36,722 104223155ms AudioModuleV2          <.ctor>b__0_1      - record_time: 6/19/2019 10:12:38 AM
INFO  2019-06-19 20:47:36,725 104223158ms AudioModuleV2          <.ctor>b__0_1      - parse item: {"fn":"16-209-A-90918909966---20190619103143.wav","time":"103143","fp":"C:\\soft\\dbtool\\syncfiles\\2019\\6\\19\\16-209-A-90918909966---20190619103143.wav","fs":"100","dno":"209","id":"16-209-A-90918909966---20190619103143.wav","date":"20190619","lno":"16","sdt":"90918909966","type":"A"}
INFO  2019-06-19 20:47:36,727 104223159ms AudioModuleV2          <.ctor>b__0_1      - ymdhms: 20190619 103143
INFO  2019-06-19 20:47:36,727 104223159ms AudioModuleV2          <.ctor>b__0_1      - record_time: 6/19/2019 10:31:43 AM
INFO  2019-06-19 20:47:36,730 104223163ms AudioModuleV2          <.ctor>b__0_1      - parse item: {"fn":"16-209-A-90918909966---20190619103521.wav","time":"103521","fp":"C:\\soft\\dbtool\\syncfiles\\2019\\6\\19\\16-209-A-90918909966---20190619103521.wav","fs":"100","dno":"209","id":"16-209-A-90918909966---20190619103521.wav","date":"20190619","lno":"16","sdt":"90918909966","type":"A"}
INFO  2019-06-19 20:47:36,732 104223164ms AudioModuleV2          <.ctor>b__0_1      - ymdhms: 20190619 103521
INFO  2019-06-19 20:47:36,732 104223164ms AudioModuleV2          <.ctor>b__0_1      - record_time: 6/19/2019 10:35:21 AM
INFO  2019-06-19 20:47:36,736 104223168ms AudioModuleV2          <.ctor>b__0_1      - parse item: {"fn":"16-209-A-90918909966---20190619104551.wav","time":"104551","fp":"C:\\soft\\dbtool\\syncfiles\\2019\\6\\19\\16-209-A-90918909966---20190619104551.wav","fs":"100","dno":"209","id":"16-209-A-90918909966---20190619104551.wav","date":"20190619","lno":"16","sdt":"90918909966","type":"A"}
INFO  2019-06-19 20:47:36,737 104223169ms AudioModuleV2          <.ctor>b__0_1      - ymdhms: 20190619 104551
INFO  2019-06-19 20:47:36,737 104223169ms AudioModuleV2          <.ctor>b__0_1      - record_time: 6/19/2019 10:45:51 AM
INFO  2019-06-19 20:47:36,740 104223173ms AudioModuleV2          <.ctor>b__0_1      - parse item: {"fn":"16-209-A-90918909966---20190619111755.wav","time":"111755","fp":"C:\\soft\\dbtool\\syncfiles\\2019\\6\\19\\16-209-A-90918909966---20190619111755.wav","fs":"100","dno":"209","id":"16-209-A-90918909966---20190619111755.wav","date":"20190619","lno":"16","sdt":"90918909966","type":"A"}
INFO  2019-06-19 20:47:36,740 104223173ms AudioModuleV2          <.ctor>b__0_1      - ymdhms: 20190619 111755
INFO  2019-06-19 20:47:36,742 104223174ms AudioModuleV2          <.ctor>b__0_1      - record_time: 6/19/2019 11:17:55 AM
INFO  2019-06-19 20:47:36,742 104223175ms AudioModuleV2          <.ctor>b__0_1      - parse item: {"fn":"16-209-A-90918909966---20190619111858.wav","time":"111858","fp":"C:\\soft\\dbtool\\syncfiles\\2019\\6\\19\\16-209-A-90918909966---20190619111858.wav","fs":"100","dno":"209","id":"16-209-A-90918909966---20190619111858.wav","date":"20190619","lno":"16","sdt":"90918909966","type":"A"}
INFO  2019-06-19 20:47:36,744 104223176ms AudioModuleV2          <.ctor>b__0_1      - ymdhms: 20190619 111858
INFO  2019-06-19 20:47:36,744 104223176ms AudioModuleV2          <.ctor>b__0_1      - record_time: 6/19/2019 11:18:58 AM
INFO  2019-06-19 20:47:36,745 104223178ms AudioModuleV2          <.ctor>b__0_1      - parse item: {"fn":"16-209-A-90918909966---20190619134049.wav","time":"134049","fp":"C:\\soft\\dbtool\\syncfiles\\2019\\6\\19\\16-209-A-90918909966---20190619134049.wav","fs":"100","dno":"209","id":"16-209-A-90918909966---20190619134049.wav","date":"20190619","lno":"16","sdt":"90918909966","type":"A"}
INFO  2019-06-19 20:47:36,745 104223178ms AudioModuleV2          <.ctor>b__0_1      - ymdhms: 20190619 134049
INFO  2019-06-19 20:47:36,747 104223179ms AudioModuleV2          <.ctor>b__0_1      - record_time: 6/19/2019 1:40:49 PM
INFO  2019-06-19 20:47:36,748 104223180ms AudioModuleV2          <.ctor>b__0_1      - parse item: {"fn":"16-209-A-90918909966---20190619141038.wav","time":"141038","fp":"C:\\soft\\dbtool\\syncfiles\\2019\\6\\19\\16-209-A-90918909966---20190619141038.wav","fs":"100","dno":"209","id":"16-209-A-90918909966---20190619141038.wav","date":"20190619","lno":"16","sdt":"90918909966","type":"A"}
INFO  2019-06-19 20:47:36,749 104223181ms AudioModuleV2          <.ctor>b__0_1      - ymdhms: 20190619 141038
INFO  2019-06-19 20:47:36,749 104223181ms AudioModuleV2          <.ctor>b__0_1      - record_time: 6/19/2019 2:10:38 PM
INFO  2019-06-19 20:47:36,750 104223183ms AudioModuleV2          <.ctor>b__0_1      - parse item: {"fn":"28-211-A-902183888899---20190619080844.wav","time":"080844","fp":"C:\\soft\\dbtool\\syncfiles\\2019\\6\\19\\28-211-A-902183888899---20190619080844.wav","fs":"100","dno":"211","id":"28-211-A-902183888899---20190619080844.wav","date":"20190619","lno":"28","sdt":"902183888899","type":"A"}
INFO  2019-06-19 20:47:36,752 104223184ms AudioModuleV2          <.ctor>b__0_1      - ymdhms: 20190619 080844
INFO  2019-06-19 20:47:36,752 104223184ms AudioModuleV2          <.ctor>b__0_1      - record_time: 6/19/2019 8:08:44 AM
INFO  2019-06-19 20:47:36,755 104223188ms AudioModuleV2          <.ctor>b__0_1      - parse item: {"fn":"28-211-A-902183898986---20190619100557.wav","time":"100557","fp":"C:\\soft\\dbtool\\syncfiles\\2019\\6\\19\\28-211-A-902183898986---20190619100557.wav","fs":"100","dno":"211","id":"28-211-A-902183898986---20190619100557.wav","date":"20190619","lno":"28","sdt":"902183898986","type":"A"}
INFO  2019-06-19 20:47:36,757 104223189ms AudioModuleV2          <.ctor>b__0_1      - ymdhms: 20190619 100557
INFO  2019-06-19 20:47:36,757 104223189ms AudioModuleV2          <.ctor>b__0_1      - record_time: 6/19/2019 10:05:57 AM
INFO  2019-06-19 20:47:36,761 104223193ms AudioModuleV2          <.ctor>b__0_1      - parse item: {"fn":"28-211-A-902183898986---20190619103247.wav","time":"103247","fp":"C:\\soft\\dbtool\\syncfiles\\2019\\6\\19\\28-211-A-902183898986---20190619103247.wav","fs":"100","dno":"211","id":"28-211-A-902183898986---20190619103247.wav","date":"20190619","lno":"28","sdt":"902183898986","type":"A"}
INFO  2019-06-19 20:47:36,762 104223194ms AudioModuleV2          <.ctor>b__0_1      - ymdhms: 20190619 103247
INFO  2019-06-19 20:47:36,762 104223194ms AudioModuleV2          <.ctor>b__0_1      - record_time: 6/19/2019 10:32:47 AM
INFO  2019-06-19 20:47:36,767 104223199ms AudioModuleV2          <.ctor>b__0_1      - parse item: {"fn":"28-211-A-902183898986---20190619104638.wav","time":"104638","fp":"C:\\soft\\dbtool\\syncfiles\\2019\\6\\19\\28-211-A-902183898986---20190619104638.wav","fs":"100","dno":"211","id":"28-211-A-902183898986---20190619104638.wav","date":"20190619","lno":"28","sdt":"902183898986","type":"A"}
INFO  2019-06-19 20:47:36,767 104223199ms AudioModuleV2          <.ctor>b__0_1      - ymdhms: 20190619 104638
INFO  2019-06-19 20:47:36,767 104223200ms AudioModuleV2          <.ctor>b__0_1      - record_time: 6/19/2019 10:46:38 AM
INFO  2019-06-19 20:47:36,771 104223203ms AudioModuleV2          <.ctor>b__0_1      - parse item: {"fn":"28-211-A-902183898986---20190619134413.wav","time":"134413","fp":"C:\\soft\\dbtool\\syncfiles\\2019\\6\\19\\28-211-A-902183898986---20190619134413.wav","fs":"100","dno":"211","id":"28-211-A-902183898986---20190619134413.wav","date":"20190619","lno":"28","sdt":"902183898986","type":"A"}
INFO  2019-06-19 20:47:36,772 104223204ms AudioModuleV2          <.ctor>b__0_1      - ymdhms: 20190619 134413
INFO  2019-06-19 20:47:36,773 104223205ms AudioModuleV2          <.ctor>b__0_1      - record_time: 6/19/2019 1:44:13 PM
INFO  2019-06-19 20:47:36,773 104223206ms AudioModuleV2          <.ctor>b__0_1      - parse item: {"fn":"28-211-A-902183898986---20190619141325.wav","time":"141325","fp":"C:\\soft\\dbtool\\syncfiles\\2019\\6\\19\\28-211-A-902183898986---20190619141325.wav","fs":"100","dno":"211","id":"28-211-A-902183898986---20190619141325.wav","date":"20190619","lno":"28","sdt":"902183898986","type":"A"}
INFO  2019-06-19 20:47:36,775 104223207ms AudioModuleV2          <.ctor>b__0_1      - ymdhms: 20190619 141325
INFO  2019-06-19 20:47:36,775 104223207ms AudioModuleV2          <.ctor>b__0_1      - record_time: 6/19/2019 2:13:25 PM
INFO  2019-06-19 20:47:36,775 104223208ms AudioModuleV2          <.ctor>b__0_1      - parse item: {"fn":"28-211-A-902183898986---20190619141518.wav","time":"141518","fp":"C:\\soft\\dbtool\\syncfiles\\2019\\6\\19\\28-211-A-902183898986---20190619141518.wav","fs":"100","dno":"211","id":"28-211-A-902183898986---20190619141518.wav","date":"20190619","lno":"28","sdt":"902183898986","type":"A"}
INFO  2019-06-19 20:47:36,777 104223209ms AudioModuleV2          <.ctor>b__0_1      - ymdhms: 20190619 141518
INFO  2019-06-19 20:47:36,777 104223210ms AudioModuleV2          <.ctor>b__0_1      - record_time: 6/19/2019 2:15:18 PM
INFO  2019-06-19 20:47:36,923 104223355ms AudioModuleV2          <.ctor>b__0_0      - GET v2/audio/checkandmatch
