INFO  2019-06-20 23:55:42,473 97652720ms AudioModuleV2          <.ctor>b__0_1      - ymdhms: 20190620 152254
INFO  2019-06-20 23:55:42,496 97652743ms AudioModuleV2          <.ctor>b__0_1      - record_time: 6/20/2019 3:22:54 PM
INFO  2019-06-20 23:55:42,497 97652744ms AudioModuleV2          <.ctor>b__0_1      - parse item: {"fn":"16-209-A-90918909966---20190620152510.wav","time":"152510","fp":"C:\\soft\\dbtool\\syncfiles\\2019\\6\\20\\16-209-A-90918909966---20190620152510.wav","fs":"100","dno":"209","id":"16-209-A-90918909966---20190620152510.wav","date":"20190620","lno":"16","sdt":"90918909966","type":"A"}
INFO  2019-06-20 23:55:42,499 97652746ms AudioModuleV2          <.ctor>b__0_1      - ymdhms: 20190620 152510
INFO  2019-06-20 23:55:42,500 97652747ms AudioModuleV2          <.ctor>b__0_1      - record_time: 6/20/2019 3:25:10 PM
INFO  2019-06-20 23:55:42,643 97652890ms AudioModuleV2          <.ctor>b__0_0      - GET v2/audio/checkandmatch
INFO  2019-06-20 23:56:13,344 97683592ms AudioModuleV2          <.ctor>b__0_1      - POST v2/audio/latest/batch
INFO  2019-06-20 23:56:13,346 97683594ms AudioModuleV2          <.ctor>b__0_1      - parse item: {"fn":"16-209-A-90846967799---20190620152849.wav","time":"152849","fp":"C:\\soft\\dbtool\\syncfiles\\2019\\6\\20\\16-209-A-90846967799---20190620152849.wav","fs":"100","dno":"209","id":"16-209-A-90846967799---20190620152849.wav","date":"20190620","lno":"16","sdt":"90846967799","type":"A"}
INFO  2019-06-20 23:56:13,346 97683594ms AudioModuleV2          <.ctor>b__0_1      - ymdhms: 20190620 152849
INFO  2019-06-20 23:56:13,347 97683595ms AudioModuleV2          <.ctor>b__0_1      - record_time: 6/20/2019 3:28:49 PM
INFO  2019-06-20 23:56:13,352 97683600ms AudioModuleV2          <.ctor>b__0_1      - parse item: {"fn":"16-209-A-90904177650---20190620153452.wav","time":"153452","fp":"C:\\soft\\dbtool\\syncfiles\\2019\\6\\20\\16-209-A-90904177650---20190620153452.wav","fs":"100","dno":"209","id":"16-209-A-90904177650---20190620153452.wav","date":"20190620","lno":"16","sdt":"90904177650","type":"A"}
INFO  2019-06-20 23:56:13,353 97683601ms AudioModuleV2          <.ctor>b__0_1      - ymdhms: 20190620 153452
INFO  2019-06-20 23:56:13,353 97683601ms AudioModuleV2          <.ctor>b__0_1      - record_time: 6/20/2019 3:34:52 PM
INFO  2019-06-20 23:56:13,357 97683605ms AudioModuleV2          <.ctor>b__0_1      - parse item: {"fn":"16-209-A-90904177650---20190620153541.wav","time":"153541","fp":"C:\\soft\\dbtool\\syncfiles\\2019\\6\\20\\16-209-A-90904177650---20190620153541.wav","fs":"100","dno":"209","id":"16-209-A-90904177650---20190620153541.wav","date":"20190620","lno":"16","sdt":"90904177650","type":"A"}
INFO  2019-06-20 23:56:13,358 97683606ms AudioModuleV2          <.ctor>b__0_1      - ymdhms: 20190620 153541
INFO  2019-06-20 23:56:13,358 97683606ms AudioModuleV2          <.ctor>b__0_1      - record_time: 6/20/2019 3:35:41 PM
INFO  2019-06-20 23:56:13,362 97683610ms AudioModuleV2          <.ctor>b__0_1      - parse item: {"fn":"16-209-A-90904177650---20190620154314.wav","time":"154314","fp":"C:\\soft\\dbtool\\syncfiles\\2019\\6\\20\\16-209-A-90904177650---20190620154314.wav","fs":"100","dno":"209","id":"16-209-A-90904177650---20190620154314.wav","date":"20190620","lno":"16","sdt":"90904177650","type":"A"}
INFO  2019-06-20 23:56:13,362 97683610ms AudioModuleV2          <.ctor>b__0_1      - ymdhms: 20190620 154314
INFO  2019-06-20 23:56:13,363 97683611ms AudioModuleV2          <.ctor>b__0_1      - record_time: 6/20/2019 3:43:14 PM
INFO  2019-06-20 23:56:13,367 97683615ms AudioModuleV2          <.ctor>b__0_1      - parse item: {"fn":"16-209-A-90904177650---20190620154702.wav","time":"154702","fp":"C:\\soft\\dbtool\\syncfiles\\2019\\6\\20\\16-209-A-90904177650---20190620154702.wav","fs":"100","dno":"209","id":"16-209-A-90904177650---20190620154702.wav","date":"20190620","lno":"16","sdt":"90904177650","type":"A"}
INFO  2019-06-20 23:56:13,367 97683615ms AudioModuleV2          <.ctor>b__0_1      - ymdhms: 20190620 154702
INFO  2019-06-20 23:56:13,368 97683616ms AudioModuleV2          <.ctor>b__0_1      - record_time: 6/20/2019 3:47:02 PM
INFO  2019-06-20 23:56:13,372 97683620ms AudioModuleV2          <.ctor>b__0_1      - parse item: {"fn":"16-209-A-90904177650---20190620155003.wav","time":"155003","fp":"C:\\soft\\dbtool\\syncfiles\\2019\\6\\20\\16-209-A-90904177650---20190620155003.wav","fs":"100","dno":"209","id":"16-209-A-90904177650---20190620155003.wav","date":"20190620","lno":"16","sdt":"90904177650","type":"A"}
INFO  2019-06-20 23:56:13,372 97683620ms AudioModuleV2          <.ctor>b__0_1      - ymdhms: 20190620 155003
INFO  2019-06-20 23:56:13,373 97683621ms AudioModuleV2          <.ctor>b__0_1      - record_time: 6/20/2019 3:50:03 PM
INFO  2019-06-20 23:56:13,377 97683625ms AudioModuleV2          <.ctor>b__0_1      - parse item: {"fn":"16-209-A-90918909966---20190620101515.wav","time":"101515","fp":"C:\\soft\\dbtool\\syncfiles\\2019\\6\\20\\16-209-A-90918909966---20190620101515.wav","fs":"100","dno":"209","id":"16-209-A-90918909966---20190620101515.wav","date":"20190620","lno":"16","sdt":"90918909966","type":"A"}
INFO  2019-06-20 23:56:13,377 97683625ms AudioModuleV2          <.ctor>b__0_1      - ymdhms: 20190620 101515
INFO  2019-06-20 23:56:13,378 97683626ms AudioModuleV2          <.ctor>b__0_1      - record_time: 6/20/2019 10:15:15 AM
INFO  2019-06-20 23:56:13,379 97683627ms AudioModuleV2          <.ctor>b__0_1      - parse item: {"fn":"16-209-A-90918909966---20190620102353.wav","time":"102353","fp":"C:\\soft\\dbtool\\syncfiles\\2019\\6\\20\\16-209-A-90918909966---20190620102353.wav","fs":"100","dno":"209","id":"16-209-A-90918909966---20190620102353.wav","date":"20190620","lno":"16","sdt":"90918909966","type":"A"}
INFO  2019-06-20 23:56:13,380 97683628ms AudioModuleV2          <.ctor>b__0_1      - ymdhms: 20190620 102353
INFO  2019-06-20 23:56:13,380 97683628ms AudioModuleV2          <.ctor>b__0_1      - record_time: 6/20/2019 10:23:53 AM
INFO  2019-06-20 23:56:13,382 97683630ms AudioModuleV2          <.ctor>b__0_1      - parse item: {"fn":"16-209-A-90918909966---20190620102538.wav","time":"102538","fp":"C:\\soft\\dbtool\\syncfiles\\2019\\6\\20\\16-209-A-90918909966---20190620102538.wav","fs":"100","dno":"209","id":"16-209-A-90918909966---20190620102538.wav","date":"20190620","lno":"16","sdt":"90918909966","type":"A"}
INFO  2019-06-20 23:56:13,382 97683630ms AudioModuleV2          <.ctor>b__0_1      - ymdhms: 20190620 102538
INFO  2019-06-20 23:56:13,383 97683631ms AudioModuleV2          <.ctor>b__0_1      - record_time: 6/20/2019 10:25:38 AM
INFO  2019-06-20 23:56:13,387 97683635ms AudioModuleV2          <.ctor>b__0_1      - parse item: {"fn":"16-209-A-90918909966---20190620151906.wav","time":"151906","fp":"C:\\soft\\dbtool\\syncfiles\\2019\\6\\20\\16-209-A-90918909966---20190620151906.wav","fs":"100","dno":"209","id":"16-209-A-90918909966---20190620151906.wav","date":"20190620","lno":"16","sdt":"90918909966","type":"A"}
INFO  2019-06-20 23:56:13,387 97683635ms AudioModuleV2          <.ctor>b__0_1      - ymdhms: 20190620 151906
INFO  2019-06-20 23:56:13,388 97683636ms AudioModuleV2          <.ctor>b__0_1      - record_time: 6/20/2019 3:19:06 PM
INFO  2019-06-20 23:56:13,389 97683637ms AudioModuleV2          <.ctor>b__0_1      - parse item: {"fn":"16-209-A-90918909966---20190620152013.wav","time":"152013","fp":"C:\\soft\\dbtool\\syncfiles\\2019\\6\\20\\16-209-A-90918909966---20190620152013.wav","fs":"100","dno":"209","id":"16-209-A-90918909966---20190620152013.wav","date":"20190620","lno":"16","sdt":"90918909966","type":"A"}
INFO  2019-06-20 23:56:13,390 97683638ms AudioModuleV2          <.ctor>b__0_1      - ymdhms: 20190620 152013
INFO  2019-06-20 23:56:13,390 97683638ms AudioModuleV2          <.ctor>b__0_1      - record_time: 6/20/2019 3:20:13 PM
INFO  2019-06-20 23:56:13,392 97683640ms AudioModuleV2          <.ctor>b__0_1      - parse item: {"fn":"16-209-A-90918909966---20190620152215.wav","time":"152215","fp":"C:\\soft\\dbtool\\syncfiles\\2019\\6\\20\\16-209-A-90918909966---20190620152215.wav","fs":"100","dno":"209","id":"16-209-A-90918909966---20190620152215.wav","date":"20190620","lno":"16","sdt":"90918909966","type":"A"}
INFO  2019-06-20 23:56:13,392 97683640ms AudioModuleV2          <.ctor>b__0_1      - ymdhms: 20190620 152215
INFO  2019-06-20 23:56:13,393 97683641ms AudioModuleV2          <.ctor>b__0_1      - record_time: 6/20/2019 3:22:15 PM
INFO  2019-06-20 23:56:13,394 97683642ms AudioModuleV2          <.ctor>b__0_1      - parse item: {"fn":"16-209-A-90918909966---20190620152254.wav","time":"152254","fp":"C:\\soft\\dbtool\\syncfiles\\2019\\6\\20\\16-209-A-90918909966---20190620152254.wav","fs":"100","dno":"209","id":"16-209-A-90918909966---20190620152254.wav","date":"20190620","lno":"16","sdt":"90918909966","type":"A"}
INFO  2019-06-20 23:56:13,395 97683643ms AudioModuleV2          <.ctor>b__0_1      - ymdhms: 20190620 152254
INFO  2019-06-20 23:56:13,395 97683643ms AudioModuleV2          <.ctor>b__0_1      - record_time: 6/20/2019 3:22:54 PM
INFO  2019-06-20 23:56:13,397 97683645ms AudioModuleV2          <.ctor>b__0_1      - parse item: {"fn":"16-209-A-90918909966---20190620152510.wav","time":"152510","fp":"C:\\soft\\dbtool\\syncfiles\\2019\\6\\20\\16-209-A-90918909966---20190620152510.wav","fs":"100","dno":"209","id":"16-209-A-90918909966---20190620152510.wav","date":"20190620","lno":"16","sdt":"90918909966","type":"A"}
INFO  2019-06-20 23:56:13,397 97683645ms AudioModuleV2          <.ctor>b__0_1      - ymdhms: 20190620 152510
INFO  2019-06-20 23:56:13,398 97683646ms AudioModuleV2          <.ctor>b__0_1      - record_time: 6/20/2019 3:25:10 PM
INFO  2019-06-20 23:56:13,539 97683787ms AudioModuleV2          <.ctor>b__0_0      - GET v2/audio/checkandmatch
INFO  2019-06-20 23:56:45,028 97715275ms AudioModuleV2          <.ctor>b__0_1      - POST v2/audio/latest/batch
INFO  2019-06-20 23:56:45,029 97715276ms AudioModuleV2          <.ctor>b__0_1      - parse item: {"fn":"16-209-A-90846967799---20190620152849.wav","time":"152849","fp":"C:\\soft\\dbtool\\syncfiles\\2019\\6\\20\\16-209-A-90846967799---20190620152849.wav","fs":"100","dno":"209","id":"16-209-A-90846967799---20190620152849.wav","date":"20190620","lno":"16","sdt":"90846967799","type":"A"}
INFO  2019-06-20 23:56:45,030 97715277ms AudioModuleV2          <.ctor>b__0_1      - ymdhms: 20190620 152849
INFO  2019-06-20 23:56:45,030 97715277ms AudioModuleV2          <.ctor>b__0_1      - record_time: 6/20/2019 3:28:49 PM
INFO  2019-06-20 23:56:45,035 97715282ms AudioModuleV2          <.ctor>b__0_1      - parse item: {"fn":"16-209-A-90904177650---20190620153452.wav","time":"153452","fp":"C:\\soft\\dbtool\\syncfiles\\2019\\6\\20\\16-209-A-90904177650---20190620153452.wav","fs":"100","dno":"209","id":"16-209-A-90904177650---20190620153452.wav","date":"20190620","lno":"16","sdt":"90904177650","type":"A"}
INFO  2019-06-20 23:56:45,036 97715283ms AudioModuleV2          <.ctor>b__0_1      - ymdhms: 20190620 153452
INFO  2019-06-20 23:56:45,036 97715283ms AudioModuleV2          <.ctor>b__0_1      - record_time: 6/20/2019 3:34:52 PM
INFO  2019-06-20 23:56:45,040 97715287ms AudioModuleV2          <.ctor>b__0_1      - parse item: {"fn":"16-209-A-90904177650---20190620153541.wav","time":"153541","fp":"C:\\soft\\dbtool\\syncfiles\\2019\\6\\20\\16-209-A-90904177650---20190620153541.wav","fs":"100","dno":"209","id":"16-209-A-90904177650---20190620153541.wav","date":"20190620","lno":"16","sdt":"90904177650","type":"A"}
INFO  2019-06-20 23:56:45,040 97715287ms AudioModuleV2          <.ctor>b__0_1      - ymdhms: 20190620 153541
INFO  2019-06-20 23:56:45,041 97715288ms AudioModuleV2          <.ctor>b__0_1      - record_time: 6/20/2019 3:35:41 PM
INFO  2019-06-20 23:56:45,045 97715292ms AudioModuleV2          <.ctor>b__0_1      - parse item: {"fn":"16-209-A-90904177650---20190620154314.wav","time":"154314","fp":"C:\\soft\\dbtool\\syncfiles\\2019\\6\\20\\16-209-A-90904177650---20190620154314.wav","fs":"100","dno":"209","id":"16-209-A-90904177650---20190620154314.wav","date":"20190620","lno":"16","sdt":"90904177650","type":"A"}
INFO  2019-06-20 23:56:45,046 97715293ms AudioModuleV2          <.ctor>b__0_1      - ymdhms: 20190620 154314
INFO  2019-06-20 23:56:45,046 97715293ms AudioModuleV2          <.ctor>b__0_1      - record_time: 6/20/2019 3:43:14 PM
INFO  2019-06-20 23:56:45,050 97715297ms AudioModuleV2          <.ctor>b__0_1      - parse item: {"fn":"16-209-A-90904177650---20190620154702.wav","time":"154702","fp":"C:\\soft\\dbtool\\syncfiles\\2019\\6\\20\\16-209-A-90904177650---20190620154702.wav","fs":"100","dno":"209","id":"16-209-A-90904177650---20190620154702.wav","date":"20190620","lno":"16","sdt":"90904177650","type":"A"}
INFO  2019-06-20 23:56:45,051 97715298ms AudioModuleV2          <.ctor>b__0_1      - ymdhms: 20190620 154702
INFO  2019-06-20 23:56:45,051 97715298ms AudioModuleV2          <.ctor>b__0_1      - record_time: 6/20/2019 3:47:02 PM
INFO  2019-06-20 23:56:45,055 97715302ms AudioModuleV2          <.ctor>b__0_1      - parse item: {"fn":"16-209-A-90904177650---20190620155003.wav","time":"155003","fp":"C:\\soft\\dbtool\\syncfiles\\2019\\6\\20\\16-209-A-90904177650---20190620155003.wav","fs":"100","dno":"209","id":"16-209-A-90904177650---20190620155003.wav","date":"20190620","lno":"16","sdt":"90904177650","type":"A"}
INFO  2019-06-20 23:56:45,056 97715303ms AudioModuleV2          <.ctor>b__0_1      - ymdhms: 20190620 155003
INFO  2019-06-20 23:56:45,056 97715303ms AudioModuleV2          <.ctor>b__0_1      - record_time: 6/20/2019 3:50:03 PM
INFO  2019-06-20 23:56:45,060 97715307ms AudioModuleV2          <.ctor>b__0_1      - parse item: {"fn":"16-209-A-90918909966---20190620101515.wav","time":"101515","fp":"C:\\soft\\dbtool\\syncfiles\\2019\\6\\20\\16-209-A-90918909966---20190620101515.wav","fs":"100","dno":"209","id":"16-209-A-90918909966---20190620101515.wav","date":"20190620","lno":"16","sdt":"90918909966","type":"A"}
INFO  2019-06-20 23:56:45,060 97715307ms AudioModuleV2          <.ctor>b__0_1      - ymdhms: 20190620 101515
INFO  2019-06-20 23:56:45,061 97715308ms AudioModuleV2          <.ctor>b__0_1      - record_time: 6/20/2019 10:15:15 AM
INFO  2019-06-20 23:56:45,062 97715309ms AudioModuleV2          <.ctor>b__0_1      - parse item: {"fn":"16-209-A-90918909966---20190620102353.wav","time":"102353","fp":"C:\\soft\\dbtool\\syncfiles\\2019\\6\\20\\16-209-A-90918909966---20190620102353.wav","fs":"100","dno":"209","id":"16-209-A-90918909966---20190620102353.wav","date":"20190620","lno":"16","sdt":"90918909966","type":"A"}
INFO  2019-06-20 23:56:45,063 97715310ms AudioModuleV2          <.ctor>b__0_1      - ymdhms: 20190620 102353
INFO  2019-06-20 23:56:45,063 97715310ms AudioModuleV2          <.ctor>b__0_1      - record_time: 6/20/2019 10:23:53 AM
INFO  2019-06-20 23:56:45,065 97715312ms AudioModuleV2          <.ctor>b__0_1      - parse item: {"fn":"16-209-A-90918909966---20190620102538.wav","time":"102538","fp":"C:\\soft\\dbtool\\syncfiles\\2019\\6\\20\\16-209-A-90918909966---20190620102538.wav","fs":"100","dno":"209","id":"16-209-A-90918909966---20190620102538.wav","date":"20190620","lno":"16","sdt":"90918909966","type":"A"}
INFO  2019-06-20 23:56:45,065 97715312ms AudioModuleV2          <.ctor>b__0_1      - ymdhms: 20190620 102538
INFO  2019-06-20 23:56:45,066 97715313ms AudioModuleV2          <.ctor>b__0_1      - record_time: 6/20/2019 10:25:38 AM
INFO  2019-06-20 23:56:45,070 97715317ms AudioModuleV2          <.ctor>b__0_1      - parse item: {"fn":"16-209-A-90918909966---20190620151906.wav","time":"151906","fp":"C:\\soft\\dbtool\\syncfiles\\2019\\6\\20\\16-209-A-90918909966---20190620151906.wav","fs":"100","dno":"209","id":"16-209-A-90918909966---20190620151906.wav","date":"20190620","lno":"16","sdt":"90918909966","type":"A"}
INFO  2019-06-20 23:56:45,070 97715317ms AudioModuleV2          <.ctor>b__0_1      - ymdhms: 20190620 151906
INFO  2019-06-20 23:56:45,071 97715318ms AudioModuleV2          <.ctor>b__0_1      - record_time: 6/20/2019 3:19:06 PM
INFO  2019-06-20 23:56:45,072 97715319ms AudioModuleV2          <.ctor>b__0_1      - parse item: {"fn":"16-209-A-90918909966---20190620152013.wav","time":"152013","fp":"C:\\soft\\dbtool\\syncfiles\\2019\\6\\20\\16-209-A-90918909966---20190620152013.wav","fs":"100","dno":"209","id":"16-209-A-90918909966---20190620152013.wav","date":"20190620","lno":"16","sdt":"90918909966","type":"A"}
INFO  2019-06-20 23:56:45,073 97715320ms AudioModuleV2          <.ctor>b__0_1      - ymdhms: 20190620 152013
INFO  2019-06-20 23:56:45,074 97715321ms AudioModuleV2          <.ctor>b__0_1      - record_time: 6/20/2019 3:20:13 PM
INFO  2019-06-20 23:56:45,075 97715322ms AudioModuleV2          <.ctor>b__0_1      - parse item: {"fn":"16-209-A-90918909966---20190620152215.wav","time":"152215","fp":"C:\\soft\\dbtool\\syncfiles\\2019\\6\\20\\16-209-A-90918909966---20190620152215.wav","fs":"100","dno":"209","id":"16-209-A-90918909966---20190620152215.wav","date":"20190620","lno":"16","sdt":"90918909966","type":"A"}
INFO  2019-06-20 23:56:45,075 97715322ms AudioModuleV2          <.ctor>b__0_1      - ymdhms: 20190620 152215
INFO  2019-06-20 23:56:45,076 97715323ms AudioModuleV2          <.ctor>b__0_1      - record_time: 6/20/2019 3:22:15 PM
INFO  2019-06-20 23:56:45,077 97715324ms AudioModuleV2          <.ctor>b__0_1      - parse item: {"fn":"16-209-A-90918909966---20190620152254.wav","time":"152254","fp":"C:\\soft\\dbtool\\syncfiles\\2019\\6\\20\\16-209-A-90918909966---20190620152254.wav","fs":"100","dno":"209","id":"16-209-A-90918909966---20190620152254.wav","date":"20190620","lno":"16","sdt":"90918909966","type":"A"}
INFO  2019-06-20 23:56:45,078 97715325ms AudioModuleV2          <.ctor>b__0_1      - ymdhms: 20190620 152254
INFO  2019-06-20 23:56:45,078 97715325ms AudioModuleV2          <.ctor>b__0_1      - record_time: 6/20/2019 3:22:54 PM
INFO  2019-06-20 23:56:45,080 97715327ms AudioModuleV2          <.ctor>b__0_1      - parse item: {"fn":"16-209-A-90918909966---20190620152510.wav","time":"152510","fp":"C:\\soft\\dbtool\\syncfiles\\2019\\6\\20\\16-209-A-90918909966---20190620152510.wav","fs":"100","dno":"209","id":"16-209-A-90918909966---20190620152510.wav","date":"20190620","lno":"16","sdt":"90918909966","type":"A"}
INFO  2019-06-20 23:56:45,080 97715327ms AudioModuleV2          <.ctor>b__0_1      - ymdhms: 20190620 152510
INFO  2019-06-20 23:56:45,081 97715328ms AudioModuleV2          <.ctor>b__0_1      - record_time: 6/20/2019 3:25:10 PM
INFO  2019-06-20 23:56:45,223 97715470ms AudioModuleV2          <.ctor>b__0_0      - GET v2/audio/checkandmatch
INFO  2019-06-20 23:57:15,919 97746167ms AudioModuleV2          <.ctor>b__0_1      - POST v2/audio/latest/batch
INFO  2019-06-20 23:57:15,939 97746187ms AudioModuleV2          <.ctor>b__0_1      - parse item: {"fn":"16-209-A-90846967799---20190620152849.wav","time":"152849","fp":"C:\\soft\\dbtool\\syncfiles\\2019\\6\\20\\16-209-A-90846967799---20190620152849.wav","fs":"100","dno":"209","id":"16-209-A-90846967799---20190620152849.wav","date":"20190620","lno":"16","sdt":"90846967799","type":"A"}
INFO  2019-06-20 23:57:15,940 97746188ms AudioModuleV2          <.ctor>b__0_1      - ymdhms: 20190620 152849
INFO  2019-06-20 23:57:15,940 97746188ms AudioModuleV2          <.ctor>b__0_1      - record_time: 6/20/2019 3:28:49 PM
INFO  2019-06-20 23:57:15,946 97746194ms AudioModuleV2          <.ctor>b__0_1      - parse item: {"fn":"16-209-A-90904177650---20190620153452.wav","time":"153452","fp":"C:\\soft\\dbtool\\syncfiles\\2019\\6\\20\\16-209-A-90904177650---20190620153452.wav","fs":"100","dno":"209","id":"16-209-A-90904177650---20190620153452.wav","date":"20190620","lno":"16","sdt":"90904177650","type":"A"}
INFO  2019-06-20 23:57:15,946 97746194ms AudioModuleV2          <.ctor>b__0_1      - ymdhms: 20190620 153452
INFO  2019-06-20 23:57:15,947 97746195ms AudioModuleV2          <.ctor>b__0_1      - record_time: 6/20/2019 3:34:52 PM
INFO  2019-06-20 23:57:15,951 97746199ms AudioModuleV2          <.ctor>b__0_1      - parse item: {"fn":"16-209-A-90904177650---20190620153541.wav","time":"153541","fp":"C:\\soft\\dbtool\\syncfiles\\2019\\6\\20\\16-209-A-90904177650---20190620153541.wav","fs":"100","dno":"209","id":"16-209-A-90904177650---20190620153541.wav","date":"20190620","lno":"16","sdt":"90904177650","type":"A"}
INFO  2019-06-20 23:57:15,951 97746199ms AudioModuleV2          <.ctor>b__0_1      - ymdhms: 20190620 153541
INFO  2019-06-20 23:57:15,952 97746200ms AudioModuleV2          <.ctor>b__0_1      - record_time: 6/20/2019 3:35:41 PM
INFO  2019-06-20 23:57:15,955 97746203ms AudioModuleV2          <.ctor>b__0_1      - parse item: {"fn":"16-209-A-90904177650---20190620154314.wav","time":"154314","fp":"C:\\soft\\dbtool\\syncfiles\\2019\\6\\20\\16-209-A-90904177650---20190620154314.wav","fs":"100","dno":"209","id":"16-209-A-90904177650---20190620154314.wav","date":"20190620","lno":"16","sdt":"90904177650","type":"A"}
INFO  2019-06-20 23:57:15,956 97746204ms AudioModuleV2          <.ctor>b__0_1      - ymdhms: 20190620 154314
INFO  2019-06-20 23:57:15,956 97746204ms AudioModuleV2          <.ctor>b__0_1      - record_time: 6/20/2019 3:43:14 PM
INFO  2019-06-20 23:57:15,960 97746208ms AudioModuleV2          <.ctor>b__0_1      - parse item: {"fn":"16-209-A-90904177650---20190620154702.wav","time":"154702","fp":"C:\\soft\\dbtool\\syncfiles\\2019\\6\\20\\16-209-A-90904177650---20190620154702.wav","fs":"100","dno":"209","id":"16-209-A-90904177650---20190620154702.wav","date":"20190620","lno":"16","sdt":"90904177650","type":"A"}
INFO  2019-06-20 23:57:15,961 97746209ms AudioModuleV2          <.ctor>b__0_1      - ymdhms: 20190620 154702
INFO  2019-06-20 23:57:15,961 97746209ms AudioModuleV2          <.ctor>b__0_1      - record_time: 6/20/2019 3:47:02 PM
INFO  2019-06-20 23:57:15,965 97746213ms AudioModuleV2          <.ctor>b__0_1      - parse item: {"fn":"16-209-A-90904177650---20190620155003.wav","time":"155003","fp":"C:\\soft\\dbtool\\syncfiles\\2019\\6\\20\\16-209-A-90904177650---20190620155003.wav","fs":"100","dno":"209","id":"16-209-A-90904177650---20190620155003.wav","date":"20190620","lno":"16","sdt":"90904177650","type":"A"}
INFO  2019-06-20 23:57:15,966 97746214ms AudioModuleV2          <.ctor>b__0_1      - ymdhms: 20190620 155003
INFO  2019-06-20 23:57:15,966 97746214ms AudioModuleV2          <.ctor>b__0_1      - record_time: 6/20/2019 3:50:03 PM
INFO  2019-06-20 23:57:15,970 97746218ms AudioModuleV2          <.ctor>b__0_1      - parse item: {"fn":"16-209-A-90918909966---20190620101515.wav","time":"101515","fp":"C:\\soft\\dbtool\\syncfiles\\2019\\6\\20\\16-209-A-90918909966---20190620101515.wav","fs":"100","dno":"209","id":"16-209-A-90918909966---20190620101515.wav","date":"20190620","lno":"16","sdt":"90918909966","type":"A"}
INFO  2019-06-20 23:57:15,971 97746219ms AudioModuleV2          <.ctor>b__0_1      - ymdhms: 20190620 101515
INFO  2019-06-20 23:57:15,971 97746219ms AudioModuleV2          <.ctor>b__0_1      - record_time: 6/20/2019 10:15:15 AM
INFO  2019-06-20 23:57:15,973 97746221ms AudioModuleV2          <.ctor>b__0_1      - parse item: {"fn":"16-209-A-90918909966---20190620102353.wav","time":"102353","fp":"C:\\soft\\dbtool\\syncfiles\\2019\\6\\20\\16-209-A-90918909966---20190620102353.wav","fs":"100","dno":"209","id":"16-209-A-90918909966---20190620102353.wav","date":"20190620","lno":"16","sdt":"90918909966","type":"A"}
INFO  2019-06-20 23:57:15,974 97746222ms AudioModuleV2          <.ctor>b__0_1      - ymdhms: 20190620 102353
INFO  2019-06-20 23:57:15,974 97746222ms AudioModuleV2          <.ctor>b__0_1      - record_time: 6/20/2019 10:23:53 AM
INFO  2019-06-20 23:57:15,976 97746224ms AudioModuleV2          <.ctor>b__0_1      - parse item: {"fn":"16-209-A-90918909966---20190620102538.wav","time":"102538","fp":"C:\\soft\\dbtool\\syncfiles\\2019\\6\\20\\16-209-A-90918909966---20190620102538.wav","fs":"100","dno":"209","id":"16-209-A-90918909966---20190620102538.wav","date":"20190620","lno":"16","sdt":"90918909966","type":"A"}
INFO  2019-06-20 23:57:15,976 97746224ms AudioModuleV2          <.ctor>b__0_1      - ymdhms: 20190620 102538
INFO  2019-06-20 23:57:15,977 97746225ms AudioModuleV2          <.ctor>b__0_1      - record_time: 6/20/2019 10:25:38 AM
INFO  2019-06-20 23:57:15,992 97746240ms AudioModuleV2          <.ctor>b__0_1      - parse item: {"fn":"16-209-A-90918909966---20190620151906.wav","time":"151906","fp":"C:\\soft\\dbtool\\syncfiles\\2019\\6\\20\\16-209-A-90918909966---20190620151906.wav","fs":"100","dno":"209","id":"16-209-A-90918909966---20190620151906.wav","date":"20190620","lno":"16","sdt":"90918909966","type":"A"}
INFO  2019-06-20 23:57:15,993 97746241ms AudioModuleV2          <.ctor>b__0_1      - ymdhms: 20190620 151906
INFO  2019-06-20 23:57:15,994 97746242ms AudioModuleV2          <.ctor>b__0_1      - record_time: 6/20/2019 3:19:06 PM
INFO  2019-06-20 23:57:15,995 97746243ms AudioModuleV2          <.ctor>b__0_1      - parse item: {"fn":"16-209-A-90918909966---20190620152013.wav","time":"152013","fp":"C:\\soft\\dbtool\\syncfiles\\2019\\6\\20\\16-209-A-90918909966---20190620152013.wav","fs":"100","dno":"209","id":"16-209-A-90918909966---20190620152013.wav","date":"20190620","lno":"16","sdt":"90918909966","type":"A"}
INFO  2019-06-20 23:57:15,996 97746244ms AudioModuleV2          <.ctor>b__0_1      - ymdhms: 20190620 152013
INFO  2019-06-20 23:57:15,996 97746244ms AudioModuleV2          <.ctor>b__0_1      - record_time: 6/20/2019 3:20:13 PM
INFO  2019-06-20 23:57:15,998 97746246ms AudioModuleV2          <.ctor>b__0_1      - parse item: {"fn":"16-209-A-90918909966---20190620152215.wav","time":"152215","fp":"C:\\soft\\dbtool\\syncfiles\\2019\\6\\20\\16-209-A-90918909966---20190620152215.wav","fs":"100","dno":"209","id":"16-209-A-90918909966---20190620152215.wav","date":"20190620","lno":"16","sdt":"90918909966","type":"A"}
INFO  2019-06-20 23:57:15,998 97746246ms AudioModuleV2          <.ctor>b__0_1      - ymdhms: 20190620 152215
INFO  2019-06-20 23:57:15,999 97746247ms AudioModuleV2          <.ctor>b__0_1      - record_time: 6/20/2019 3:22:15 PM
INFO  2019-06-20 23:57:16,000 97746248ms AudioModuleV2          <.ctor>b__0_1      - parse item: {"fn":"16-209-A-90918909966---20190620152254.wav","time":"152254","fp":"C:\\soft\\dbtool\\syncfiles\\2019\\6\\20\\16-209-A-90918909966---20190620152254.wav","fs":"100","dno":"209","id":"16-209-A-90918909966---20190620152254.wav","date":"20190620","lno":"16","sdt":"90918909966","type":"A"}
INFO  2019-06-20 23:57:16,001 97746249ms AudioModuleV2          <.ctor>b__0_1      - ymdhms: 20190620 152254
INFO  2019-06-20 23:57:16,001 97746249ms AudioModuleV2          <.ctor>b__0_1      - record_time: 6/20/2019 3:22:54 PM
INFO  2019-06-20 23:57:16,003 97746251ms AudioModuleV2          <.ctor>b__0_1      - parse item: {"fn":"16-209-A-90918909966---20190620152510.wav","time":"152510","fp":"C:\\soft\\dbtool\\syncfiles\\2019\\6\\20\\16-209-A-90918909966---20190620152510.wav","fs":"100","dno":"209","id":"16-209-A-90918909966---20190620152510.wav","date":"20190620","lno":"16","sdt":"90918909966","type":"A"}
INFO  2019-06-20 23:57:16,003 97746251ms AudioModuleV2          <.ctor>b__0_1      - ymdhms: 20190620 152510
INFO  2019-06-20 23:57:16,004 97746252ms AudioModuleV2          <.ctor>b__0_1      - record_time: 6/20/2019 3:25:10 PM
INFO  2019-06-20 23:57:16,148 97746396ms AudioModuleV2          <.ctor>b__0_0      - GET v2/audio/checkandmatch
INFO  2019-06-20 23:57:46,474 97776722ms AudioModuleV2          <.ctor>b__0_1      - POST v2/audio/latest/batch
INFO  2019-06-20 23:57:46,475 97776723ms AudioModuleV2          <.ctor>b__0_1      - parse item: {"fn":"16-209-A-90846967799---20190620152849.wav","time":"152849","fp":"C:\\soft\\dbtool\\syncfiles\\2019\\6\\20\\16-209-A-90846967799---20190620152849.wav","fs":"100","dno":"209","id":"16-209-A-90846967799---20190620152849.wav","date":"20190620","lno":"16","sdt":"90846967799","type":"A"}
INFO  2019-06-20 23:57:46,475 97776723ms AudioModuleV2          <.ctor>b__0_1      - ymdhms: 20190620 152849
INFO  2019-06-20 23:57:46,475 97776723ms AudioModuleV2          <.ctor>b__0_1      - record_time: 6/20/2019 3:28:49 PM
INFO  2019-06-20 23:57:46,479 97776727ms AudioModuleV2          <.ctor>b__0_1      - parse item: {"fn":"16-209-A-90904177650---20190620153452.wav","time":"153452","fp":"C:\\soft\\dbtool\\syncfiles\\2019\\6\\20\\16-209-A-90904177650---20190620153452.wav","fs":"100","dno":"209","id":"16-209-A-90904177650---20190620153452.wav","date":"20190620","lno":"16","sdt":"90904177650","type":"A"}
INFO  2019-06-20 23:57:46,479 97776727ms AudioModuleV2          <.ctor>b__0_1      - ymdhms: 20190620 153452
INFO  2019-06-20 23:57:46,479 97776727ms AudioModuleV2          <.ctor>b__0_1      - record_time: 6/20/2019 3:34:52 PM
INFO  2019-06-20 23:57:46,482 97776730ms AudioModuleV2          <.ctor>b__0_1      - parse item: {"fn":"16-209-A-90904177650---20190620153541.wav","time":"153541","fp":"C:\\soft\\dbtool\\syncfiles\\2019\\6\\20\\16-209-A-90904177650---20190620153541.wav","fs":"100","dno":"209","id":"16-209-A-90904177650---20190620153541.wav","date":"20190620","lno":"16","sdt":"90904177650","type":"A"}
INFO  2019-06-20 23:57:46,482 97776730ms AudioModuleV2          <.ctor>b__0_1      - ymdhms: 20190620 153541
INFO  2019-06-20 23:57:46,482 97776730ms AudioModuleV2          <.ctor>b__0_1      - record_time: 6/20/2019 3:35:41 PM
INFO  2019-06-20 23:57:46,485 97776733ms AudioModuleV2          <.ctor>b__0_1      - parse item: {"fn":"16-209-A-90904177650---20190620154314.wav","time":"154314","fp":"C:\\soft\\dbtool\\syncfiles\\2019\\6\\20\\16-209-A-90904177650---20190620154314.wav","fs":"100","dno":"209","id":"16-209-A-90904177650---20190620154314.wav","date":"20190620","lno":"16","sdt":"90904177650","type":"A"}
INFO  2019-06-20 23:57:46,485 97776733ms AudioModuleV2          <.ctor>b__0_1      - ymdhms: 20190620 154314
INFO  2019-06-20 23:57:46,485 97776733ms AudioModuleV2          <.ctor>b__0_1      - record_time: 6/20/2019 3:43:14 PM
INFO  2019-06-20 23:57:46,487 97776735ms AudioModuleV2          <.ctor>b__0_1      - parse item: {"fn":"16-209-A-90904177650---20190620154702.wav","time":"154702","fp":"C:\\soft\\dbtool\\syncfiles\\2019\\6\\20\\16-209-A-90904177650---20190620154702.wav","fs":"100","dno":"209","id":"16-209-A-90904177650---20190620154702.wav","date":"20190620","lno":"16","sdt":"90904177650","type":"A"}
INFO  2019-06-20 23:57:46,488 97776736ms AudioModuleV2          <.ctor>b__0_1      - ymdhms: 20190620 154702
INFO  2019-06-20 23:57:46,488 97776736ms AudioModuleV2          <.ctor>b__0_1      - record_time: 6/20/2019 3:47:02 PM
INFO  2019-06-20 23:57:46,490 97776738ms AudioModuleV2          <.ctor>b__0_1      - parse item: {"fn":"16-209-A-90904177650---20190620155003.wav","time":"155003","fp":"C:\\soft\\dbtool\\syncfiles\\2019\\6\\20\\16-209-A-90904177650---20190620155003.wav","fs":"100","dno":"209","id":"16-209-A-90904177650---20190620155003.wav","date":"20190620","lno":"16","sdt":"90904177650","type":"A"}
INFO  2019-06-20 23:57:46,491 97776739ms AudioModuleV2          <.ctor>b__0_1      - ymdhms: 20190620 155003
INFO  2019-06-20 23:57:46,491 97776739ms AudioModuleV2          <.ctor>b__0_1      - record_time: 6/20/2019 3:50:03 PM
INFO  2019-06-20 23:57:46,493 97776741ms AudioModuleV2          <.ctor>b__0_1      - parse item: {"fn":"16-209-A-90918909966---20190620101515.wav","time":"101515","fp":"C:\\soft\\dbtool\\syncfiles\\2019\\6\\20\\16-209-A-90918909966---20190620101515.wav","fs":"100","dno":"209","id":"16-209-A-90918909966---20190620101515.wav","date":"20190620","lno":"16","sdt":"90918909966","type":"A"}
INFO  2019-06-20 23:57:46,493 97776741ms AudioModuleV2          <.ctor>b__0_1      - ymdhms: 20190620 101515
INFO  2019-06-20 23:57:46,494 97776742ms AudioModuleV2          <.ctor>b__0_1      - record_time: 6/20/2019 10:15:15 AM
INFO  2019-06-20 23:57:46,494 97776742ms AudioModuleV2          <.ctor>b__0_1      - parse item: {"fn":"16-209-A-90918909966---20190620102353.wav","time":"102353","fp":"C:\\soft\\dbtool\\syncfiles\\2019\\6\\20\\16-209-A-90918909966---20190620102353.wav","fs":"100","dno":"209","id":"16-209-A-90918909966---20190620102353.wav","date":"20190620","lno":"16","sdt":"90918909966","type":"A"}
INFO  2019-06-20 23:57:46,495 97776743ms AudioModuleV2          <.ctor>b__0_1      - ymdhms: 20190620 102353
INFO  2019-06-20 23:57:46,495 97776743ms AudioModuleV2          <.ctor>b__0_1      - record_time: 6/20/2019 10:23:53 AM
INFO  2019-06-20 23:57:46,496 97776744ms AudioModuleV2          <.ctor>b__0_1      - parse item: {"fn":"16-209-A-90918909966---20190620102538.wav","time":"102538","fp":"C:\\soft\\dbtool\\syncfiles\\2019\\6\\20\\16-209-A-90918909966---20190620102538.wav","fs":"100","dno":"209","id":"16-209-A-90918909966---20190620102538.wav","date":"20190620","lno":"16","sdt":"90918909966","type":"A"}
INFO  2019-06-20 23:57:46,496 97776744ms AudioModuleV2          <.ctor>b__0_1      - ymdhms: 20190620 102538
INFO  2019-06-20 23:57:46,496 97776744ms AudioModuleV2          <.ctor>b__0_1      - record_time: 6/20/2019 10:25:38 AM
INFO  2019-06-20 23:57:46,499 97776747ms AudioModuleV2          <.ctor>b__0_1      - parse item: {"fn":"16-209-A-90918909966---20190620151906.wav","time":"151906","fp":"C:\\soft\\dbtool\\syncfiles\\2019\\6\\20\\16-209-A-90918909966---20190620151906.wav","fs":"100","dno":"209","id":"16-209-A-90918909966---20190620151906.wav","date":"20190620","lno":"16","sdt":"90918909966","type":"A"}
INFO  2019-06-20 23:57:46,499 97776747ms AudioModuleV2          <.ctor>b__0_1      - ymdhms: 20190620 151906
INFO  2019-06-20 23:57:46,499 97776747ms AudioModuleV2          <.ctor>b__0_1      - record_time: 6/20/2019 3:19:06 PM
INFO  2019-06-20 23:57:46,500 97776748ms AudioModuleV2          <.ctor>b__0_1      - parse item: {"fn":"16-209-A-90918909966---20190620152013.wav","time":"152013","fp":"C:\\soft\\dbtool\\syncfiles\\2019\\6\\20\\16-209-A-90918909966---20190620152013.wav","fs":"100","dno":"209","id":"16-209-A-90918909966---20190620152013.wav","date":"20190620","lno":"16","sdt":"90918909966","type":"A"}
INFO  2019-06-20 23:57:46,500 97776748ms AudioModuleV2          <.ctor>b__0_1      - ymdhms: 20190620 152013
INFO  2019-06-20 23:57:46,500 97776748ms AudioModuleV2          <.ctor>b__0_1      - record_time: 6/20/2019 3:20:13 PM
INFO  2019-06-20 23:57:46,501 97776749ms AudioModuleV2          <.ctor>b__0_1      - parse item: {"fn":"16-209-A-90918909966---20190620152215.wav","time":"152215","fp":"C:\\soft\\dbtool\\syncfiles\\2019\\6\\20\\16-209-A-90918909966---20190620152215.wav","fs":"100","dno":"209","id":"16-209-A-90918909966---20190620152215.wav","date":"20190620","lno":"16","sdt":"90918909966","type":"A"}
INFO  2019-06-20 23:57:46,501 97776749ms AudioModuleV2          <.ctor>b__0_1      - ymdhms: 20190620 152215
INFO  2019-06-20 23:57:46,502 97776750ms AudioModuleV2          <.ctor>b__0_1      - record_time: 6/20/2019 3:22:15 PM
INFO  2019-06-20 23:57:46,502 97776750ms AudioModuleV2          <.ctor>b__0_1      - parse item: {"fn":"16-209-A-90918909966---20190620152254.wav","time":"152254","fp":"C:\\soft\\dbtool\\syncfiles\\2019\\6\\20\\16-209-A-90918909966---20190620152254.wav","fs":"100","dno":"209","id":"16-209-A-90918909966---20190620152254.wav","date":"20190620","lno":"16","sdt":"90918909966","type":"A"}
INFO  2019-06-20 23:57:46,502 97776750ms AudioModuleV2          <.ctor>b__0_1      - ymdhms: 20190620 152254
INFO  2019-06-20 23:57:46,503 97776751ms AudioModuleV2          <.ctor>b__0_1      - record_time: 6/20/2019 3:22:54 PM
INFO  2019-06-20 23:57:46,503 97776751ms AudioModuleV2          <.ctor>b__0_1      - parse item: {"fn":"16-209-A-90918909966---20190620152510.wav","time":"152510","fp":"C:\\soft\\dbtool\\syncfiles\\2019\\6\\20\\16-209-A-90918909966---20190620152510.wav","fs":"100","dno":"209","id":"16-209-A-90918909966---20190620152510.wav","date":"20190620","lno":"16","sdt":"90918909966","type":"A"}
INFO  2019-06-20 23:57:46,504 97776752ms AudioModuleV2          <.ctor>b__0_1      - ymdhms: 20190620 152510
INFO  2019-06-20 23:57:46,504 97776752ms AudioModuleV2          <.ctor>b__0_1      - record_time: 6/20/2019 3:25:10 PM
INFO  2019-06-20 23:57:46,582 97776830ms AudioModuleV2          <.ctor>b__0_0      - GET v2/audio/checkandmatch
INFO  2019-06-20 23:58:17,280 97807527ms AudioModuleV2          <.ctor>b__0_1      - POST v2/audio/latest/batch
INFO  2019-06-20 23:58:17,281 97807528ms AudioModuleV2          <.ctor>b__0_1      - parse item: {"fn":"16-209-A-90846967799---20190620152849.wav","time":"152849","fp":"C:\\soft\\dbtool\\syncfiles\\2019\\6\\20\\16-209-A-90846967799---20190620152849.wav","fs":"100","dno":"209","id":"16-209-A-90846967799---20190620152849.wav","date":"20190620","lno":"16","sdt":"90846967799","type":"A"}
INFO  2019-06-20 23:58:17,282 97807529ms AudioModuleV2          <.ctor>b__0_1      - ymdhms: 20190620 152849
INFO  2019-06-20 23:58:17,282 97807529ms AudioModuleV2          <.ctor>b__0_1      - record_time: 6/20/2019 3:28:49 PM
INFO  2019-06-20 23:58:17,287 97807534ms AudioModuleV2          <.ctor>b__0_1      - parse item: {"fn":"16-209-A-90904177650---20190620153452.wav","time":"153452","fp":"C:\\soft\\dbtool\\syncfiles\\2019\\6\\20\\16-209-A-90904177650---20190620153452.wav","fs":"100","dno":"209","id":"16-209-A-90904177650---20190620153452.wav","date":"20190620","lno":"16","sdt":"90904177650","type":"A"}
INFO  2019-06-20 23:58:17,288 97807535ms AudioModuleV2          <.ctor>b__0_1      - ymdhms: 20190620 153452
INFO  2019-06-20 23:58:17,288 97807535ms AudioModuleV2          <.ctor>b__0_1      - record_time: 6/20/2019 3:34:52 PM
INFO  2019-06-20 23:58:17,292 97807539ms AudioModuleV2          <.ctor>b__0_1      - parse item: {"fn":"16-209-A-90904177650---20190620153541.wav","time":"153541","fp":"C:\\soft\\dbtool\\syncfiles\\2019\\6\\20\\16-209-A-90904177650---20190620153541.wav","fs":"100","dno":"209","id":"16-209-A-90904177650---20190620153541.wav","date":"20190620","lno":"16","sdt":"90904177650","type":"A"}
INFO  2019-06-20 23:58:17,293 97807540ms AudioModuleV2          <.ctor>b__0_1      - ymdhms: 20190620 153541
INFO  2019-06-20 23:58:17,294 97807541ms AudioModuleV2          <.ctor>b__0_1      - record_time: 6/20/2019 3:35:41 PM
INFO  2019-06-20 23:58:17,298 97807545ms AudioModuleV2          <.ctor>b__0_1      - parse item: {"fn":"16-209-A-90904177650---20190620154314.wav","time":"154314","fp":"C:\\soft\\dbtool\\syncfiles\\2019\\6\\20\\16-209-A-90904177650---20190620154314.wav","fs":"100","dno":"209","id":"16-209-A-90904177650---20190620154314.wav","date":"20190620","lno":"16","sdt":"90904177650","type":"A"}
INFO  2019-06-20 23:58:17,298 97807545ms AudioModuleV2          <.ctor>b__0_1      - ymdhms: 20190620 154314
INFO  2019-06-20 23:58:17,299 97807546ms AudioModuleV2          <.ctor>b__0_1      - record_time: 6/20/2019 3:43:14 PM
INFO  2019-06-20 23:58:17,303 97807550ms AudioModuleV2          <.ctor>b__0_1      - parse item: {"fn":"16-209-A-90904177650---20190620154702.wav","time":"154702","fp":"C:\\soft\\dbtool\\syncfiles\\2019\\6\\20\\16-209-A-90904177650---20190620154702.wav","fs":"100","dno":"209","id":"16-209-A-90904177650---20190620154702.wav","date":"20190620","lno":"16","sdt":"90904177650","type":"A"}
INFO  2019-06-20 23:58:17,304 97807551ms AudioModuleV2          <.ctor>b__0_1      - ymdhms: 20190620 154702
INFO  2019-06-20 23:58:17,304 97807551ms AudioModuleV2          <.ctor>b__0_1      - record_time: 6/20/2019 3:47:02 PM
INFO  2019-06-20 23:58:17,308 97807555ms AudioModuleV2          <.ctor>b__0_1      - parse item: {"fn":"16-209-A-90904177650---20190620155003.wav","time":"155003","fp":"C:\\soft\\dbtool\\syncfiles\\2019\\6\\20\\16-209-A-90904177650---20190620155003.wav","fs":"100","dno":"209","id":"16-209-A-90904177650---20190620155003.wav","date":"20190620","lno":"16","sdt":"90904177650","type":"A"}
INFO  2019-06-20 23:58:17,309 97807556ms AudioModuleV2          <.ctor>b__0_1      - ymdhms: 20190620 155003
INFO  2019-06-20 23:58:17,309 97807556ms AudioModuleV2          <.ctor>b__0_1      - record_time: 6/20/2019 3:50:03 PM
INFO  2019-06-20 23:58:17,313 97807560ms AudioModuleV2          <.ctor>b__0_1      - parse item: {"fn":"16-209-A-90918909966---20190620101515.wav","time":"101515","fp":"C:\\soft\\dbtool\\syncfiles\\2019\\6\\20\\16-209-A-90918909966---20190620101515.wav","fs":"100","dno":"209","id":"16-209-A-90918909966---20190620101515.wav","date":"20190620","lno":"16","sdt":"90918909966","type":"A"}
INFO  2019-06-20 23:58:17,313 97807560ms AudioModuleV2          <.ctor>b__0_1      - ymdhms: 20190620 101515
INFO  2019-06-20 23:58:17,314 97807561ms AudioModuleV2          <.ctor>b__0_1      - record_time: 6/20/2019 10:15:15 AM
INFO  2019-06-20 23:58:17,315 97807562ms AudioModuleV2          <.ctor>b__0_1      - parse item: {"fn":"16-209-A-90918909966---20190620102353.wav","time":"102353","fp":"C:\\soft\\dbtool\\syncfiles\\2019\\6\\20\\16-209-A-90918909966---20190620102353.wav","fs":"100","dno":"209","id":"16-209-A-90918909966---20190620102353.wav","date":"20190620","lno":"16","sdt":"90918909966","type":"A"}
INFO  2019-06-20 23:58:17,316 97807563ms AudioModuleV2          <.ctor>b__0_1      - ymdhms: 20190620 102353
INFO  2019-06-20 23:58:17,316 97807563ms AudioModuleV2          <.ctor>b__0_1      - record_time: 6/20/2019 10:23:53 AM
INFO  2019-06-20 23:58:17,318 97807565ms AudioModuleV2          <.ctor>b__0_1      - parse item: {"fn":"16-209-A-90918909966---20190620102538.wav","time":"102538","fp":"C:\\soft\\dbtool\\syncfiles\\2019\\6\\20\\16-209-A-90918909966---20190620102538.wav","fs":"100","dno":"209","id":"16-209-A-90918909966---20190620102538.wav","date":"20190620","lno":"16","sdt":"90918909966","type":"A"}
INFO  2019-06-20 23:58:17,318 97807565ms AudioModuleV2          <.ctor>b__0_1      - ymdhms: 20190620 102538
INFO  2019-06-20 23:58:17,319 97807566ms AudioModuleV2          <.ctor>b__0_1      - record_time: 6/20/2019 10:25:38 AM
INFO  2019-06-20 23:58:17,323 97807570ms AudioModuleV2          <.ctor>b__0_1      - parse item: {"fn":"16-209-A-90918909966---20190620151906.wav","time":"151906","fp":"C:\\soft\\dbtool\\syncfiles\\2019\\6\\20\\16-209-A-90918909966---20190620151906.wav","fs":"100","dno":"209","id":"16-209-A-90918909966---20190620151906.wav","date":"20190620","lno":"16","sdt":"90918909966","type":"A"}
INFO  2019-06-20 23:58:17,323 97807570ms AudioModuleV2          <.ctor>b__0_1      - ymdhms: 20190620 151906
INFO  2019-06-20 23:58:17,324 97807571ms AudioModuleV2          <.ctor>b__0_1      - record_time: 6/20/2019 3:19:06 PM
INFO  2019-06-20 23:58:17,325 97807572ms AudioModuleV2          <.ctor>b__0_1      - parse item: {"fn":"16-209-A-90918909966---20190620152013.wav","time":"152013","fp":"C:\\soft\\dbtool\\syncfiles\\2019\\6\\20\\16-209-A-90918909966---20190620152013.wav","fs":"100","dno":"209","id":"16-209-A-90918909966---20190620152013.wav","date":"20190620","lno":"16","sdt":"90918909966","type":"A"}
INFO  2019-06-20 23:58:17,326 97807573ms AudioModuleV2          <.ctor>b__0_1      - ymdhms: 20190620 152013
INFO  2019-06-20 23:58:17,326 97807573ms AudioModuleV2          <.ctor>b__0_1      - record_time: 6/20/2019 3:20:13 PM
INFO  2019-06-20 23:58:17,328 97807575ms AudioModuleV2          <.ctor>b__0_1      - parse item: {"fn":"16-209-A-90918909966---20190620152215.wav","time":"152215","fp":"C:\\soft\\dbtool\\syncfiles\\2019\\6\\20\\16-209-A-90918909966---20190620152215.wav","fs":"100","dno":"209","id":"16-209-A-90918909966---20190620152215.wav","date":"20190620","lno":"16","sdt":"90918909966","type":"A"}
INFO  2019-06-20 23:58:17,329 97807576ms AudioModuleV2          <.ctor>b__0_1      - ymdhms: 20190620 152215
INFO  2019-06-20 23:58:17,329 97807576ms AudioModuleV2          <.ctor>b__0_1      - record_time: 6/20/2019 3:22:15 PM
INFO  2019-06-20 23:58:17,330 97807577ms AudioModuleV2          <.ctor>b__0_1      - parse item: {"fn":"16-209-A-90918909966---20190620152254.wav","time":"152254","fp":"C:\\soft\\dbtool\\syncfiles\\2019\\6\\20\\16-209-A-90918909966---20190620152254.wav","fs":"100","dno":"209","id":"16-209-A-90918909966---20190620152254.wav","date":"20190620","lno":"16","sdt":"90918909966","type":"A"}
INFO  2019-06-20 23:58:17,331 97807578ms AudioModuleV2          <.ctor>b__0_1      - ymdhms: 20190620 152254
INFO  2019-06-20 23:58:17,332 97807579ms AudioModuleV2          <.ctor>b__0_1      - record_time: 6/20/2019 3:22:54 PM
INFO  2019-06-20 23:58:17,333 97807580ms AudioModuleV2          <.ctor>b__0_1      - parse item: {"fn":"16-209-A-90918909966---20190620152510.wav","time":"152510","fp":"C:\\soft\\dbtool\\syncfiles\\2019\\6\\20\\16-209-A-90918909966---20190620152510.wav","fs":"100","dno":"209","id":"16-209-A-90918909966---20190620152510.wav","date":"20190620","lno":"16","sdt":"90918909966","type":"A"}
INFO  2019-06-20 23:58:17,334 97807581ms AudioModuleV2          <.ctor>b__0_1      - ymdhms: 20190620 152510
INFO  2019-06-20 23:58:17,334 97807581ms AudioModuleV2          <.ctor>b__0_1      - record_time: 6/20/2019 3:25:10 PM
INFO  2019-06-20 23:58:17,508 97807755ms AudioModuleV2          <.ctor>b__0_0      - GET v2/audio/checkandmatch
INFO  2019-06-20 23:58:47,834 97838082ms AudioModuleV2          <.ctor>b__0_1      - POST v2/audio/latest/batch
INFO  2019-06-20 23:58:47,835 97838083ms AudioModuleV2          <.ctor>b__0_1      - parse item: {"fn":"16-209-A-90846967799---20190620152849.wav","time":"152849","fp":"C:\\soft\\dbtool\\syncfiles\\2019\\6\\20\\16-209-A-90846967799---20190620152849.wav","fs":"100","dno":"209","id":"16-209-A-90846967799---20190620152849.wav","date":"20190620","lno":"16","sdt":"90846967799","type":"A"}
INFO  2019-06-20 23:58:47,836 97838084ms AudioModuleV2          <.ctor>b__0_1      - ymdhms: 20190620 152849
INFO  2019-06-20 23:58:47,836 97838084ms AudioModuleV2          <.ctor>b__0_1      - record_time: 6/20/2019 3:28:49 PM
INFO  2019-06-20 23:58:47,839 97838087ms AudioModuleV2          <.ctor>b__0_1      - parse item: {"fn":"16-209-A-90904177650---20190620153452.wav","time":"153452","fp":"C:\\soft\\dbtool\\syncfiles\\2019\\6\\20\\16-209-A-90904177650---20190620153452.wav","fs":"100","dno":"209","id":"16-209-A-90904177650---20190620153452.wav","date":"20190620","lno":"16","sdt":"90904177650","type":"A"}
INFO  2019-06-20 23:58:47,840 97838088ms AudioModuleV2          <.ctor>b__0_1      - ymdhms: 20190620 153452
INFO  2019-06-20 23:58:47,840 97838088ms AudioModuleV2          <.ctor>b__0_1      - record_time: 6/20/2019 3:34:52 PM
INFO  2019-06-20 23:58:47,842 97838090ms AudioModuleV2          <.ctor>b__0_1      - parse item: {"fn":"16-209-A-90904177650---20190620153541.wav","time":"153541","fp":"C:\\soft\\dbtool\\syncfiles\\2019\\6\\20\\16-209-A-90904177650---20190620153541.wav","fs":"100","dno":"209","id":"16-209-A-90904177650---20190620153541.wav","date":"20190620","lno":"16","sdt":"90904177650","type":"A"}
INFO  2019-06-20 23:58:47,842 97838090ms AudioModuleV2          <.ctor>b__0_1      - ymdhms: 20190620 153541
INFO  2019-06-20 23:58:47,843 97838091ms AudioModuleV2          <.ctor>b__0_1      - record_time: 6/20/2019 3:35:41 PM
INFO  2019-06-20 23:58:47,845 97838093ms AudioModuleV2          <.ctor>b__0_1      - parse item: {"fn":"16-209-A-90904177650---20190620154314.wav","time":"154314","fp":"C:\\soft\\dbtool\\syncfiles\\2019\\6\\20\\16-209-A-90904177650---20190620154314.wav","fs":"100","dno":"209","id":"16-209-A-90904177650---20190620154314.wav","date":"20190620","lno":"16","sdt":"90904177650","type":"A"}
INFO  2019-06-20 23:58:47,845 97838093ms AudioModuleV2          <.ctor>b__0_1      - ymdhms: 20190620 154314
INFO  2019-06-20 23:58:47,846 97838094ms AudioModuleV2          <.ctor>b__0_1      - record_time: 6/20/2019 3:43:14 PM
INFO  2019-06-20 23:58:47,848 97838096ms AudioModuleV2          <.ctor>b__0_1      - parse item: {"fn":"16-209-A-90904177650---20190620154702.wav","time":"154702","fp":"C:\\soft\\dbtool\\syncfiles\\2019\\6\\20\\16-209-A-90904177650---20190620154702.wav","fs":"100","dno":"209","id":"16-209-A-90904177650---20190620154702.wav","date":"20190620","lno":"16","sdt":"90904177650","type":"A"}
INFO  2019-06-20 23:58:47,848 97838096ms AudioModuleV2          <.ctor>b__0_1      - ymdhms: 20190620 154702
INFO  2019-06-20 23:58:47,849 97838097ms AudioModuleV2          <.ctor>b__0_1      - record_time: 6/20/2019 3:47:02 PM
INFO  2019-06-20 23:58:47,851 97838099ms AudioModuleV2          <.ctor>b__0_1      - parse item: {"fn":"16-209-A-90904177650---20190620155003.wav","time":"155003","fp":"C:\\soft\\dbtool\\syncfiles\\2019\\6\\20\\16-209-A-90904177650---20190620155003.wav","fs":"100","dno":"209","id":"16-209-A-90904177650---20190620155003.wav","date":"20190620","lno":"16","sdt":"90904177650","type":"A"}
INFO  2019-06-20 23:58:47,851 97838099ms AudioModuleV2          <.ctor>b__0_1      - ymdhms: 20190620 155003
INFO  2019-06-20 23:58:47,851 97838099ms AudioModuleV2          <.ctor>b__0_1      - record_time: 6/20/2019 3:50:03 PM
INFO  2019-06-20 23:58:47,854 97838102ms AudioModuleV2          <.ctor>b__0_1      - parse item: {"fn":"16-209-A-90918909966---20190620101515.wav","time":"101515","fp":"C:\\soft\\dbtool\\syncfiles\\2019\\6\\20\\16-209-A-90918909966---20190620101515.wav","fs":"100","dno":"209","id":"16-209-A-90918909966---20190620101515.wav","date":"20190620","lno":"16","sdt":"90918909966","type":"A"}
INFO  2019-06-20 23:58:47,854 97838102ms AudioModuleV2          <.ctor>b__0_1      - ymdhms: 20190620 101515
INFO  2019-06-20 23:58:47,854 97838102ms AudioModuleV2          <.ctor>b__0_1      - record_time: 6/20/2019 10:15:15 AM
INFO  2019-06-20 23:58:47,855 97838103ms AudioModuleV2          <.ctor>b__0_1      - parse item: {"fn":"16-209-A-90918909966---20190620102353.wav","time":"102353","fp":"C:\\soft\\dbtool\\syncfiles\\2019\\6\\20\\16-209-A-90918909966---20190620102353.wav","fs":"100","dno":"209","id":"16-209-A-90918909966---20190620102353.wav","date":"20190620","lno":"16","sdt":"90918909966","type":"A"}
INFO  2019-06-20 23:58:47,855 97838103ms AudioModuleV2          <.ctor>b__0_1      - ymdhms: 20190620 102353
INFO  2019-06-20 23:58:47,855 97838103ms AudioModuleV2          <.ctor>b__0_1      - record_time: 6/20/2019 10:23:53 AM
INFO  2019-06-20 23:58:47,856 97838104ms AudioModuleV2          <.ctor>b__0_1      - parse item: {"fn":"16-209-A-90918909966---20190620102538.wav","time":"102538","fp":"C:\\soft\\dbtool\\syncfiles\\2019\\6\\20\\16-209-A-90918909966---20190620102538.wav","fs":"100","dno":"209","id":"16-209-A-90918909966---20190620102538.wav","date":"20190620","lno":"16","sdt":"90918909966","type":"A"}
INFO  2019-06-20 23:58:47,856 97838104ms AudioModuleV2          <.ctor>b__0_1      - ymdhms: 20190620 102538
INFO  2019-06-20 23:58:47,857 97838105ms AudioModuleV2          <.ctor>b__0_1      - record_time: 6/20/2019 10:25:38 AM
INFO  2019-06-20 23:58:47,859 97838107ms AudioModuleV2          <.ctor>b__0_1      - parse item: {"fn":"16-209-A-90918909966---20190620151906.wav","time":"151906","fp":"C:\\soft\\dbtool\\syncfiles\\2019\\6\\20\\16-209-A-90918909966---20190620151906.wav","fs":"100","dno":"209","id":"16-209-A-90918909966---20190620151906.wav","date":"20190620","lno":"16","sdt":"90918909966","type":"A"}
INFO  2019-06-20 23:58:47,859 97838107ms AudioModuleV2          <.ctor>b__0_1      - ymdhms: 20190620 151906
INFO  2019-06-20 23:58:47,860 97838108ms AudioModuleV2          <.ctor>b__0_1      - record_time: 6/20/2019 3:19:06 PM
INFO  2019-06-20 23:58:47,860 97838108ms AudioModuleV2          <.ctor>b__0_1      - parse item: {"fn":"16-209-A-90918909966---20190620152013.wav","time":"152013","fp":"C:\\soft\\dbtool\\syncfiles\\2019\\6\\20\\16-209-A-90918909966---20190620152013.wav","fs":"100","dno":"209","id":"16-209-A-90918909966---20190620152013.wav","date":"20190620","lno":"16","sdt":"90918909966","type":"A"}
INFO  2019-06-20 23:58:47,860 97838108ms AudioModuleV2          <.ctor>b__0_1      - ymdhms: 20190620 152013
INFO  2019-06-20 23:58:47,861 97838109ms AudioModuleV2          <.ctor>b__0_1      - record_time: 6/20/2019 3:20:13 PM
INFO  2019-06-20 23:58:47,861 97838109ms AudioModuleV2          <.ctor>b__0_1      - parse item: {"fn":"16-209-A-90918909966---20190620152215.wav","time":"152215","fp":"C:\\soft\\dbtool\\syncfiles\\2019\\6\\20\\16-209-A-90918909966---20190620152215.wav","fs":"100","dno":"209","id":"16-209-A-90918909966---20190620152215.wav","date":"20190620","lno":"16","sdt":"90918909966","type":"A"}
INFO  2019-06-20 23:58:47,862 97838110ms AudioModuleV2          <.ctor>b__0_1      - ymdhms: 20190620 152215
INFO  2019-06-20 23:58:47,862 97838110ms AudioModuleV2          <.ctor>b__0_1      - record_time: 6/20/2019 3:22:15 PM
INFO  2019-06-20 23:58:47,862 97838110ms AudioModuleV2          <.ctor>b__0_1      - parse item: {"fn":"16-209-A-90918909966---20190620152254.wav","time":"152254","fp":"C:\\soft\\dbtool\\syncfiles\\2019\\6\\20\\16-209-A-90918909966---20190620152254.wav","fs":"100","dno":"209","id":"16-209-A-90918909966---20190620152254.wav","date":"20190620","lno":"16","sdt":"90918909966","type":"A"}
INFO  2019-06-20 23:58:47,863 97838111ms AudioModuleV2          <.ctor>b__0_1      - ymdhms: 20190620 152254
INFO  2019-06-20 23:58:47,863 97838111ms AudioModuleV2          <.ctor>b__0_1      - record_time: 6/20/2019 3:22:54 PM
INFO  2019-06-20 23:58:47,864 97838112ms AudioModuleV2          <.ctor>b__0_1      - parse item: {"fn":"16-209-A-90918909966---20190620152510.wav","time":"152510","fp":"C:\\soft\\dbtool\\syncfiles\\2019\\6\\20\\16-209-A-90918909966---20190620152510.wav","fs":"100","dno":"209","id":"16-209-A-90918909966---20190620152510.wav","date":"20190620","lno":"16","sdt":"90918909966","type":"A"}
INFO  2019-06-20 23:58:47,864 97838112ms AudioModuleV2          <.ctor>b__0_1      - ymdhms: 20190620 152510
INFO  2019-06-20 23:58:47,864 97838112ms AudioModuleV2          <.ctor>b__0_1      - record_time: 6/20/2019 3:25:10 PM
INFO  2019-06-20 23:58:47,935 97838183ms AudioModuleV2          <.ctor>b__0_0      - GET v2/audio/checkandmatch
INFO  2019-06-20 23:59:18,622 97868869ms AudioModuleV2          <.ctor>b__0_1      - POST v2/audio/latest/batch
INFO  2019-06-20 23:59:18,624 97868871ms AudioModuleV2          <.ctor>b__0_1      - parse item: {"fn":"16-209-A-90846967799---20190620152849.wav","time":"152849","fp":"C:\\soft\\dbtool\\syncfiles\\2019\\6\\20\\16-209-A-90846967799---20190620152849.wav","fs":"100","dno":"209","id":"16-209-A-90846967799---20190620152849.wav","date":"20190620","lno":"16","sdt":"90846967799","type":"A"}
INFO  2019-06-20 23:59:18,624 97868871ms AudioModuleV2          <.ctor>b__0_1      - ymdhms: 20190620 152849
INFO  2019-06-20 23:59:18,625 97868872ms AudioModuleV2          <.ctor>b__0_1      - record_time: 6/20/2019 3:28:49 PM
INFO  2019-06-20 23:59:18,630 97868877ms AudioModuleV2          <.ctor>b__0_1      - parse item: {"fn":"16-209-A-90904177650---20190620153452.wav","time":"153452","fp":"C:\\soft\\dbtool\\syncfiles\\2019\\6\\20\\16-209-A-90904177650---20190620153452.wav","fs":"100","dno":"209","id":"16-209-A-90904177650---20190620153452.wav","date":"20190620","lno":"16","sdt":"90904177650","type":"A"}
INFO  2019-06-20 23:59:18,631 97868878ms AudioModuleV2          <.ctor>b__0_1      - ymdhms: 20190620 153452
INFO  2019-06-20 23:59:18,631 97868878ms AudioModuleV2          <.ctor>b__0_1      - record_time: 6/20/2019 3:34:52 PM
INFO  2019-06-20 23:59:18,635 97868882ms AudioModuleV2          <.ctor>b__0_1      - parse item: {"fn":"16-209-A-90904177650---20190620153541.wav","time":"153541","fp":"C:\\soft\\dbtool\\syncfiles\\2019\\6\\20\\16-209-A-90904177650---20190620153541.wav","fs":"100","dno":"209","id":"16-209-A-90904177650---20190620153541.wav","date":"20190620","lno":"16","sdt":"90904177650","type":"A"}
INFO  2019-06-20 23:59:18,636 97868883ms AudioModuleV2          <.ctor>b__0_1      - ymdhms: 20190620 153541
INFO  2019-06-20 23:59:18,636 97868883ms AudioModuleV2          <.ctor>b__0_1      - record_time: 6/20/2019 3:35:41 PM
INFO  2019-06-20 23:59:18,640 97868887ms AudioModuleV2          <.ctor>b__0_1      - parse item: {"fn":"16-209-A-90904177650---20190620154314.wav","time":"154314","fp":"C:\\soft\\dbtool\\syncfiles\\2019\\6\\20\\16-209-A-90904177650---20190620154314.wav","fs":"100","dno":"209","id":"16-209-A-90904177650---20190620154314.wav","date":"20190620","lno":"16","sdt":"90904177650","type":"A"}
INFO  2019-06-20 23:59:18,641 97868888ms AudioModuleV2          <.ctor>b__0_1      - ymdhms: 20190620 154314
INFO  2019-06-20 23:59:18,641 97868888ms AudioModuleV2          <.ctor>b__0_1      - record_time: 6/20/2019 3:43:14 PM
INFO  2019-06-20 23:59:18,645 97868892ms AudioModuleV2          <.ctor>b__0_1      - parse item: {"fn":"16-209-A-90904177650---20190620154702.wav","time":"154702","fp":"C:\\soft\\dbtool\\syncfiles\\2019\\6\\20\\16-209-A-90904177650---20190620154702.wav","fs":"100","dno":"209","id":"16-209-A-90904177650---20190620154702.wav","date":"20190620","lno":"16","sdt":"90904177650","type":"A"}
INFO  2019-06-20 23:59:18,646 97868893ms AudioModuleV2          <.ctor>b__0_1      - ymdhms: 20190620 154702
INFO  2019-06-20 23:59:18,646 97868893ms AudioModuleV2          <.ctor>b__0_1      - record_time: 6/20/2019 3:47:02 PM
INFO  2019-06-20 23:59:18,650 97868897ms AudioModuleV2          <.ctor>b__0_1      - parse item: {"fn":"16-209-A-90904177650---20190620155003.wav","time":"155003","fp":"C:\\soft\\dbtool\\syncfiles\\2019\\6\\20\\16-209-A-90904177650---20190620155003.wav","fs":"100","dno":"209","id":"16-209-A-90904177650---20190620155003.wav","date":"20190620","lno":"16","sdt":"90904177650","type":"A"}
INFO  2019-06-20 23:59:18,651 97868898ms AudioModuleV2          <.ctor>b__0_1      - ymdhms: 20190620 155003
INFO  2019-06-20 23:59:18,651 97868898ms AudioModuleV2          <.ctor>b__0_1      - record_time: 6/20/2019 3:50:03 PM
INFO  2019-06-20 23:59:18,655 97868902ms AudioModuleV2          <.ctor>b__0_1      - parse item: {"fn":"16-209-A-90918909966---20190620101515.wav","time":"101515","fp":"C:\\soft\\dbtool\\syncfiles\\2019\\6\\20\\16-209-A-90918909966---20190620101515.wav","fs":"100","dno":"209","id":"16-209-A-90918909966---20190620101515.wav","date":"20190620","lno":"16","sdt":"90918909966","type":"A"}
INFO  2019-06-20 23:59:18,656 97868903ms AudioModuleV2          <.ctor>b__0_1      - ymdhms: 20190620 101515
INFO  2019-06-20 23:59:18,656 97868903ms AudioModuleV2          <.ctor>b__0_1      - record_time: 6/20/2019 10:15:15 AM
INFO  2019-06-20 23:59:18,658 97868905ms AudioModuleV2          <.ctor>b__0_1      - parse item: {"fn":"16-209-A-90918909966---20190620102353.wav","time":"102353","fp":"C:\\soft\\dbtool\\syncfiles\\2019\\6\\20\\16-209-A-90918909966---20190620102353.wav","fs":"100","dno":"209","id":"16-209-A-90918909966---20190620102353.wav","date":"20190620","lno":"16","sdt":"90918909966","type":"A"}
INFO  2019-06-20 23:59:18,658 97868905ms AudioModuleV2          <.ctor>b__0_1      - ymdhms: 20190620 102353
INFO  2019-06-20 23:59:18,659 97868906ms AudioModuleV2          <.ctor>b__0_1      - record_time: 6/20/2019 10:23:53 AM
INFO  2019-06-20 23:59:18,660 97868907ms AudioModuleV2          <.ctor>b__0_1      - parse item: {"fn":"16-209-A-90918909966---20190620102538.wav","time":"102538","fp":"C:\\soft\\dbtool\\syncfiles\\2019\\6\\20\\16-209-A-90918909966---20190620102538.wav","fs":"100","dno":"209","id":"16-209-A-90918909966---20190620102538.wav","date":"20190620","lno":"16","sdt":"90918909966","type":"A"}
INFO  2019-06-20 23:59:18,661 97868908ms AudioModuleV2          <.ctor>b__0_1      - ymdhms: 20190620 102538
INFO  2019-06-20 23:59:18,661 97868908ms AudioModuleV2          <.ctor>b__0_1      - record_time: 6/20/2019 10:25:38 AM
INFO  2019-06-20 23:59:18,665 97868912ms AudioModuleV2          <.ctor>b__0_1      - parse item: {"fn":"16-209-A-90918909966---20190620151906.wav","time":"151906","fp":"C:\\soft\\dbtool\\syncfiles\\2019\\6\\20\\16-209-A-90918909966---20190620151906.wav","fs":"100","dno":"209","id":"16-209-A-90918909966---20190620151906.wav","date":"20190620","lno":"16","sdt":"90918909966","type":"A"}
INFO  2019-06-20 23:59:18,666 97868913ms AudioModuleV2          <.ctor>b__0_1      - ymdhms: 20190620 151906
INFO  2019-06-20 23:59:18,666 97868913ms AudioModuleV2          <.ctor>b__0_1      - record_time: 6/20/2019 3:19:06 PM
INFO  2019-06-20 23:59:18,668 97868915ms AudioModuleV2          <.ctor>b__0_1      - parse item: {"fn":"16-209-A-90918909966---20190620152013.wav","time":"152013","fp":"C:\\soft\\dbtool\\syncfiles\\2019\\6\\20\\16-209-A-90918909966---20190620152013.wav","fs":"100","dno":"209","id":"16-209-A-90918909966---20190620152013.wav","date":"20190620","lno":"16","sdt":"90918909966","type":"A"}
INFO  2019-06-20 23:59:18,668 97868915ms AudioModuleV2          <.ctor>b__0_1      - ymdhms: 20190620 152013
INFO  2019-06-20 23:59:18,669 97868916ms AudioModuleV2          <.ctor>b__0_1      - record_time: 6/20/2019 3:20:13 PM
INFO  2019-06-20 23:59:18,670 97868917ms AudioModuleV2          <.ctor>b__0_1      - parse item: {"fn":"16-209-A-90918909966---20190620152215.wav","time":"152215","fp":"C:\\soft\\dbtool\\syncfiles\\2019\\6\\20\\16-209-A-90918909966---20190620152215.wav","fs":"100","dno":"209","id":"16-209-A-90918909966---20190620152215.wav","date":"20190620","lno":"16","sdt":"90918909966","type":"A"}
INFO  2019-06-20 23:59:18,671 97868918ms AudioModuleV2          <.ctor>b__0_1      - ymdhms: 20190620 152215
INFO  2019-06-20 23:59:18,671 97868918ms AudioModuleV2          <.ctor>b__0_1      - record_time: 6/20/2019 3:22:15 PM
INFO  2019-06-20 23:59:18,673 97868920ms AudioModuleV2          <.ctor>b__0_1      - parse item: {"fn":"16-209-A-90918909966---20190620152254.wav","time":"152254","fp":"C:\\soft\\dbtool\\syncfiles\\2019\\6\\20\\16-209-A-90918909966---20190620152254.wav","fs":"100","dno":"209","id":"16-209-A-90918909966---20190620152254.wav","date":"20190620","lno":"16","sdt":"90918909966","type":"A"}
INFO  2019-06-20 23:59:18,673 97868920ms AudioModuleV2          <.ctor>b__0_1      - ymdhms: 20190620 152254
INFO  2019-06-20 23:59:18,674 97868921ms AudioModuleV2          <.ctor>b__0_1      - record_time: 6/20/2019 3:22:54 PM
INFO  2019-06-20 23:59:18,675 97868922ms AudioModuleV2          <.ctor>b__0_1      - parse item: {"fn":"16-209-A-90918909966---20190620152510.wav","time":"152510","fp":"C:\\soft\\dbtool\\syncfiles\\2019\\6\\20\\16-209-A-90918909966---20190620152510.wav","fs":"100","dno":"209","id":"16-209-A-90918909966---20190620152510.wav","date":"20190620","lno":"16","sdt":"90918909966","type":"A"}
INFO  2019-06-20 23:59:18,676 97868923ms AudioModuleV2          <.ctor>b__0_1      - ymdhms: 20190620 152510
INFO  2019-06-20 23:59:18,676 97868923ms AudioModuleV2          <.ctor>b__0_1      - record_time: 6/20/2019 3:25:10 PM
INFO  2019-06-20 23:59:18,821 97869068ms AudioModuleV2          <.ctor>b__0_0      - GET v2/audio/checkandmatch
INFO  2019-06-20 23:59:49,511 97899759ms AudioModuleV2          <.ctor>b__0_1      - POST v2/audio/latest/batch
INFO  2019-06-20 23:59:49,531 97899779ms AudioModuleV2          <.ctor>b__0_1      - parse item: {"fn":"16-209-A-90846967799---20190620152849.wav","time":"152849","fp":"C:\\soft\\dbtool\\syncfiles\\2019\\6\\20\\16-209-A-90846967799---20190620152849.wav","fs":"100","dno":"209","id":"16-209-A-90846967799---20190620152849.wav","date":"20190620","lno":"16","sdt":"90846967799","type":"A"}
INFO  2019-06-20 23:59:49,532 97899780ms AudioModuleV2          <.ctor>b__0_1      - ymdhms: 20190620 152849
INFO  2019-06-20 23:59:49,532 97899780ms AudioModuleV2          <.ctor>b__0_1      - record_time: 6/20/2019 3:28:49 PM
INFO  2019-06-20 23:59:49,537 97899785ms AudioModuleV2          <.ctor>b__0_1      - parse item: {"fn":"16-209-A-90904177650---20190620153452.wav","time":"153452","fp":"C:\\soft\\dbtool\\syncfiles\\2019\\6\\20\\16-209-A-90904177650---20190620153452.wav","fs":"100","dno":"209","id":"16-209-A-90904177650---20190620153452.wav","date":"20190620","lno":"16","sdt":"90904177650","type":"A"}
INFO  2019-06-20 23:59:49,538 97899786ms AudioModuleV2          <.ctor>b__0_1      - ymdhms: 20190620 153452
INFO  2019-06-20 23:59:49,538 97899786ms AudioModuleV2          <.ctor>b__0_1      - record_time: 6/20/2019 3:34:52 PM
INFO  2019-06-20 23:59:49,542 97899790ms AudioModuleV2          <.ctor>b__0_1      - parse item: {"fn":"16-209-A-90904177650---20190620153541.wav","time":"153541","fp":"C:\\soft\\dbtool\\syncfiles\\2019\\6\\20\\16-209-A-90904177650---20190620153541.wav","fs":"100","dno":"209","id":"16-209-A-90904177650---20190620153541.wav","date":"20190620","lno":"16","sdt":"90904177650","type":"A"}
INFO  2019-06-20 23:59:49,542 97899790ms AudioModuleV2          <.ctor>b__0_1      - ymdhms: 20190620 153541
INFO  2019-06-20 23:59:49,543 97899791ms AudioModuleV2          <.ctor>b__0_1      - record_time: 6/20/2019 3:35:41 PM
INFO  2019-06-20 23:59:49,547 97899795ms AudioModuleV2          <.ctor>b__0_1      - parse item: {"fn":"16-209-A-90904177650---20190620154314.wav","time":"154314","fp":"C:\\soft\\dbtool\\syncfiles\\2019\\6\\20\\16-209-A-90904177650---20190620154314.wav","fs":"100","dno":"209","id":"16-209-A-90904177650---20190620154314.wav","date":"20190620","lno":"16","sdt":"90904177650","type":"A"}
INFO  2019-06-20 23:59:49,547 97899795ms AudioModuleV2          <.ctor>b__0_1      - ymdhms: 20190620 154314
INFO  2019-06-20 23:59:49,548 97899796ms AudioModuleV2          <.ctor>b__0_1      - record_time: 6/20/2019 3:43:14 PM
INFO  2019-06-20 23:59:49,552 97899800ms AudioModuleV2          <.ctor>b__0_1      - parse item: {"fn":"16-209-A-90904177650---20190620154702.wav","time":"154702","fp":"C:\\soft\\dbtool\\syncfiles\\2019\\6\\20\\16-209-A-90904177650---20190620154702.wav","fs":"100","dno":"209","id":"16-209-A-90904177650---20190620154702.wav","date":"20190620","lno":"16","sdt":"90904177650","type":"A"}
INFO  2019-06-20 23:59:49,552 97899800ms AudioModuleV2          <.ctor>b__0_1      - ymdhms: 20190620 154702
INFO  2019-06-20 23:59:49,553 97899801ms AudioModuleV2          <.ctor>b__0_1      - record_time: 6/20/2019 3:47:02 PM
INFO  2019-06-20 23:59:49,557 97899805ms AudioModuleV2          <.ctor>b__0_1      - parse item: {"fn":"16-209-A-90904177650---20190620155003.wav","time":"155003","fp":"C:\\soft\\dbtool\\syncfiles\\2019\\6\\20\\16-209-A-90904177650---20190620155003.wav","fs":"100","dno":"209","id":"16-209-A-90904177650---20190620155003.wav","date":"20190620","lno":"16","sdt":"90904177650","type":"A"}
INFO  2019-06-20 23:59:49,558 97899806ms AudioModuleV2          <.ctor>b__0_1      - ymdhms: 20190620 155003
INFO  2019-06-20 23:59:49,558 97899806ms AudioModuleV2          <.ctor>b__0_1      - record_time: 6/20/2019 3:50:03 PM
INFO  2019-06-20 23:59:49,562 97899810ms AudioModuleV2          <.ctor>b__0_1      - parse item: {"fn":"16-209-A-90918909966---20190620101515.wav","time":"101515","fp":"C:\\soft\\dbtool\\syncfiles\\2019\\6\\20\\16-209-A-90918909966---20190620101515.wav","fs":"100","dno":"209","id":"16-209-A-90918909966---20190620101515.wav","date":"20190620","lno":"16","sdt":"90918909966","type":"A"}
INFO  2019-06-20 23:59:49,562 97899810ms AudioModuleV2          <.ctor>b__0_1      - ymdhms: 20190620 101515
INFO  2019-06-20 23:59:49,563 97899811ms AudioModuleV2          <.ctor>b__0_1      - record_time: 6/20/2019 10:15:15 AM
INFO  2019-06-20 23:59:49,564 97899812ms AudioModuleV2          <.ctor>b__0_1      - parse item: {"fn":"16-209-A-90918909966---20190620102353.wav","time":"102353","fp":"C:\\soft\\dbtool\\syncfiles\\2019\\6\\20\\16-209-A-90918909966---20190620102353.wav","fs":"100","dno":"209","id":"16-209-A-90918909966---20190620102353.wav","date":"20190620","lno":"16","sdt":"90918909966","type":"A"}
INFO  2019-06-20 23:59:49,565 97899813ms AudioModuleV2          <.ctor>b__0_1      - ymdhms: 20190620 102353
INFO  2019-06-20 23:59:49,565 97899813ms AudioModuleV2          <.ctor>b__0_1      - record_time: 6/20/2019 10:23:53 AM
INFO  2019-06-20 23:59:49,567 97899815ms AudioModuleV2          <.ctor>b__0_1      - parse item: {"fn":"16-209-A-90918909966---20190620102538.wav","time":"102538","fp":"C:\\soft\\dbtool\\syncfiles\\2019\\6\\20\\16-209-A-90918909966---20190620102538.wav","fs":"100","dno":"209","id":"16-209-A-90918909966---20190620102538.wav","date":"20190620","lno":"16","sdt":"90918909966","type":"A"}
INFO  2019-06-20 23:59:49,567 97899815ms AudioModuleV2          <.ctor>b__0_1      - ymdhms: 20190620 102538
INFO  2019-06-20 23:59:49,568 97899816ms AudioModuleV2          <.ctor>b__0_1      - record_time: 6/20/2019 10:25:38 AM
INFO  2019-06-20 23:59:49,572 97899820ms AudioModuleV2          <.ctor>b__0_1      - parse item: {"fn":"16-209-A-90918909966---20190620151906.wav","time":"151906","fp":"C:\\soft\\dbtool\\syncfiles\\2019\\6\\20\\16-209-A-90918909966---20190620151906.wav","fs":"100","dno":"209","id":"16-209-A-90918909966---20190620151906.wav","date":"20190620","lno":"16","sdt":"90918909966","type":"A"}
INFO  2019-06-20 23:59:49,572 97899820ms AudioModuleV2          <.ctor>b__0_1      - ymdhms: 20190620 151906
INFO  2019-06-20 23:59:49,573 97899821ms AudioModuleV2          <.ctor>b__0_1      - record_time: 6/20/2019 3:19:06 PM
INFO  2019-06-20 23:59:49,574 97899822ms AudioModuleV2          <.ctor>b__0_1      - parse item: {"fn":"16-209-A-90918909966---20190620152013.wav","time":"152013","fp":"C:\\soft\\dbtool\\syncfiles\\2019\\6\\20\\16-209-A-90918909966---20190620152013.wav","fs":"100","dno":"209","id":"16-209-A-90918909966---20190620152013.wav","date":"20190620","lno":"16","sdt":"90918909966","type":"A"}
INFO  2019-06-20 23:59:49,575 97899823ms AudioModuleV2          <.ctor>b__0_1      - ymdhms: 20190620 152013
INFO  2019-06-20 23:59:49,575 97899823ms AudioModuleV2          <.ctor>b__0_1      - record_time: 6/20/2019 3:20:13 PM
INFO  2019-06-20 23:59:49,577 97899825ms AudioModuleV2          <.ctor>b__0_1      - parse item: {"fn":"16-209-A-90918909966---20190620152215.wav","time":"152215","fp":"C:\\soft\\dbtool\\syncfiles\\2019\\6\\20\\16-209-A-90918909966---20190620152215.wav","fs":"100","dno":"209","id":"16-209-A-90918909966---20190620152215.wav","date":"20190620","lno":"16","sdt":"90918909966","type":"A"}
INFO  2019-06-20 23:59:49,577 97899825ms AudioModuleV2          <.ctor>b__0_1      - ymdhms: 20190620 152215
INFO  2019-06-20 23:59:49,578 97899826ms AudioModuleV2          <.ctor>b__0_1      - record_time: 6/20/2019 3:22:15 PM
INFO  2019-06-20 23:59:49,579 97899827ms AudioModuleV2          <.ctor>b__0_1      - parse item: {"fn":"16-209-A-90918909966---20190620152254.wav","time":"152254","fp":"C:\\soft\\dbtool\\syncfiles\\2019\\6\\20\\16-209-A-90918909966---20190620152254.wav","fs":"100","dno":"209","id":"16-209-A-90918909966---20190620152254.wav","date":"20190620","lno":"16","sdt":"90918909966","type":"A"}
INFO  2019-06-20 23:59:49,580 97899828ms AudioModuleV2          <.ctor>b__0_1      - ymdhms: 20190620 152254
INFO  2019-06-20 23:59:49,580 97899828ms AudioModuleV2          <.ctor>b__0_1      - record_time: 6/20/2019 3:22:54 PM
INFO  2019-06-20 23:59:49,582 97899830ms AudioModuleV2          <.ctor>b__0_1      - parse item: {"fn":"16-209-A-90918909966---20190620152510.wav","time":"152510","fp":"C:\\soft\\dbtool\\syncfiles\\2019\\6\\20\\16-209-A-90918909966---20190620152510.wav","fs":"100","dno":"209","id":"16-209-A-90918909966---20190620152510.wav","date":"20190620","lno":"16","sdt":"90918909966","type":"A"}
INFO  2019-06-20 23:59:49,582 97899830ms AudioModuleV2          <.ctor>b__0_1      - ymdhms: 20190620 152510
INFO  2019-06-20 23:59:49,583 97899831ms AudioModuleV2          <.ctor>b__0_1      - record_time: 6/20/2019 3:25:10 PM
INFO  2019-06-20 23:59:49,725 97899973ms AudioModuleV2          <.ctor>b__0_0      - GET v2/audio/checkandmatch
INFO  2019-06-21 00:00:19,828 97930076ms AudioModuleV2          <.ctor>b__0_0      - GET v2/audio/checkandmatch
INFO  2019-06-21 00:00:49,993 97960240ms AudioModuleV2          <.ctor>b__0_0      - GET v2/audio/checkandmatch
INFO  2019-06-21 00:01:20,183 97990431ms AudioModuleV2          <.ctor>b__0_0      - GET v2/audio/checkandmatch
INFO  2019-06-21 00:01:50,385 98020632ms AudioModuleV2          <.ctor>b__0_0      - GET v2/audio/checkandmatch
INFO  2019-06-21 00:02:20,550 98050798ms AudioModuleV2          <.ctor>b__0_0      - GET v2/audio/checkandmatch
INFO  2019-06-21 00:02:50,713 98080961ms AudioModuleV2          <.ctor>b__0_0      - GET v2/audio/checkandmatch
INFO  2019-06-21 00:03:20,919 98111166ms AudioModuleV2          <.ctor>b__0_0      - GET v2/audio/checkandmatch
INFO  2019-06-21 00:03:51,084 98141332ms AudioModuleV2          <.ctor>b__0_0      - GET v2/audio/checkandmatch
INFO  2019-06-21 00:04:21,256 98171503ms AudioModuleV2          <.ctor>b__0_0      - GET v2/audio/checkandmatch
INFO  2019-06-21 00:04:51,442 98201689ms AudioModuleV2          <.ctor>b__0_0      - GET v2/audio/checkandmatch
INFO  2019-06-21 00:05:21,612 98231860ms AudioModuleV2          <.ctor>b__0_0      - GET v2/audio/checkandmatch
INFO  2019-06-21 00:05:51,777 98262024ms AudioModuleV2          <.ctor>b__0_0      - GET v2/audio/checkandmatch
INFO  2019-06-21 00:06:22,945 98293193ms AudioModuleV2          <.ctor>b__0_0      - GET v2/audio/checkandmatch
INFO  2019-06-21 00:06:53,047 98323295ms AudioModuleV2          <.ctor>b__0_0      - GET v2/audio/checkandmatch
INFO  2019-06-21 00:07:23,207 98353454ms AudioModuleV2          <.ctor>b__0_0      - GET v2/audio/checkandmatch
INFO  2019-06-21 00:07:53,369 98383617ms AudioModuleV2          <.ctor>b__0_0      - GET v2/audio/checkandmatch
INFO  2019-06-21 00:08:23,570 98413817ms AudioModuleV2          <.ctor>b__0_0      - GET v2/audio/checkandmatch
INFO  2019-06-21 00:08:53,734 98443981ms AudioModuleV2          <.ctor>b__0_0      - GET v2/audio/checkandmatch
INFO  2019-06-21 00:09:23,923 98474171ms AudioModuleV2          <.ctor>b__0_0      - GET v2/audio/checkandmatch
INFO  2019-06-21 00:09:54,081 98504328ms AudioModuleV2          <.ctor>b__0_0      - GET v2/audio/checkandmatch
INFO  2019-06-21 00:10:24,251 98534499ms AudioModuleV2          <.ctor>b__0_0      - GET v2/audio/checkandmatch
INFO  2019-06-21 00:10:54,408 98564656ms AudioModuleV2          <.ctor>b__0_0      - GET v2/audio/checkandmatch
INFO  2019-06-21 00:11:24,588 98594835ms AudioModuleV2          <.ctor>b__0_0      - GET v2/audio/checkandmatch
INFO  2019-06-21 00:11:54,760 98625008ms AudioModuleV2          <.ctor>b__0_0      - GET v2/audio/checkandmatch
INFO  2019-06-21 00:12:24,938 98655185ms AudioModuleV2          <.ctor>b__0_0      - GET v2/audio/checkandmatch
INFO  2019-06-21 00:12:55,099 98685346ms AudioModuleV2          <.ctor>b__0_0      - GET v2/audio/checkandmatch
INFO  2019-06-21 00:13:25,296 98715544ms AudioModuleV2          <.ctor>b__0_0      - GET v2/audio/checkandmatch
INFO  2019-06-21 00:13:56,118 98746365ms AudioModuleV2          <.ctor>b__0_0      - GET v2/audio/checkandmatch
INFO  2019-06-21 00:14:26,292 98776540ms AudioModuleV2          <.ctor>b__0_0      - GET v2/audio/checkandmatch
INFO  2019-06-21 00:14:56,403 98806651ms AudioModuleV2          <.ctor>b__0_0      - GET v2/audio/checkandmatch
INFO  2019-06-21 00:15:26,562 98836809ms AudioModuleV2          <.ctor>b__0_0      - GET v2/audio/checkandmatch
INFO  2019-06-21 00:15:56,724 98866972ms AudioModuleV2          <.ctor>b__0_0      - GET v2/audio/checkandmatch
INFO  2019-06-21 00:16:26,898 98897145ms AudioModuleV2          <.ctor>b__0_0      - GET v2/audio/checkandmatch
INFO  2019-06-21 00:16:57,061 98927308ms AudioModuleV2          <.ctor>b__0_0      - GET v2/audio/checkandmatch
INFO  2019-06-21 00:17:27,271 98957519ms AudioModuleV2          <.ctor>b__0_0      - GET v2/audio/checkandmatch
INFO  2019-06-21 00:17:57,508 98987755ms AudioModuleV2          <.ctor>b__0_0      - GET v2/audio/checkandmatch
INFO  2019-06-21 00:18:27,677 99017925ms AudioModuleV2          <.ctor>b__0_0      - GET v2/audio/checkandmatch
INFO  2019-06-21 00:18:57,843 99048091ms AudioModuleV2          <.ctor>b__0_0      - GET v2/audio/checkandmatch
INFO  2019-06-21 00:19:28,032 99078279ms AudioModuleV2          <.ctor>b__0_0      - GET v2/audio/checkandmatch
INFO  2019-06-21 00:19:58,188 99108436ms AudioModuleV2          <.ctor>b__0_0      - GET v2/audio/checkandmatch
INFO  2019-06-21 00:20:28,381 99138629ms AudioModuleV2          <.ctor>b__0_0      - GET v2/audio/checkandmatch
INFO  2019-06-21 00:20:58,558 99168805ms AudioModuleV2          <.ctor>b__0_0      - GET v2/audio/checkandmatch
INFO  2019-06-21 00:21:29,737 99199985ms AudioModuleV2          <.ctor>b__0_0      - GET v2/audio/checkandmatch
INFO  2019-06-21 00:21:59,863 99230110ms AudioModuleV2          <.ctor>b__0_0      - GET v2/audio/checkandmatch
INFO  2019-06-21 00:22:30,021 99260268ms AudioModuleV2          <.ctor>b__0_0      - GET v2/audio/checkandmatch
INFO  2019-06-21 00:23:00,185 99290433ms AudioModuleV2          <.ctor>b__0_0      - GET v2/audio/checkandmatch
INFO  2019-06-21 00:23:30,350 99320597ms AudioModuleV2          <.ctor>b__0_0      - GET v2/audio/checkandmatch
INFO  2019-06-21 00:24:00,532 99350780ms AudioModuleV2          <.ctor>b__0_0      - GET v2/audio/checkandmatch
INFO  2019-06-21 00:24:30,697 99380945ms AudioModuleV2          <.ctor>b__0_0      - GET v2/audio/checkandmatch
INFO  2019-06-21 00:25:00,861 99411108ms AudioModuleV2          <.ctor>b__0_0      - GET v2/audio/checkandmatch
INFO  2019-06-21 00:25:31,038 99441286ms AudioModuleV2          <.ctor>b__0_0      - GET v2/audio/checkandmatch
INFO  2019-06-21 00:26:01,195 99471443ms AudioModuleV2          <.ctor>b__0_0      - GET v2/audio/checkandmatch
INFO  2019-06-21 00:26:31,359 99501606ms AudioModuleV2          <.ctor>b__0_0      - GET v2/audio/checkandmatch
INFO  2019-06-21 00:27:01,537 99531785ms AudioModuleV2          <.ctor>b__0_0      - GET v2/audio/checkandmatch
INFO  2019-06-21 00:27:31,707 99561955ms AudioModuleV2          <.ctor>b__0_0      - GET v2/audio/checkandmatch
INFO  2019-06-21 00:28:01,865 99592112ms AudioModuleV2          <.ctor>b__0_0      - GET v2/audio/checkandmatch
INFO  2019-06-21 00:28:32,329 99622577ms AudioModuleV2          <.ctor>b__0_0      - GET v2/audio/checkandmatch
INFO  2019-06-21 00:29:02,496 99652743ms AudioModuleV2          <.ctor>b__0_0      - GET v2/audio/checkandmatch
INFO  2019-06-21 00:29:32,662 99682909ms AudioModuleV2          <.ctor>b__0_0      - GET v2/audio/checkandmatch
INFO  2019-06-21 00:30:02,825 99713073ms AudioModuleV2          <.ctor>b__0_0      - GET v2/audio/checkandmatch
INFO  2019-06-21 00:30:32,987 99743234ms AudioModuleV2          <.ctor>b__0_0      - GET v2/audio/checkandmatch
INFO  2019-06-21 00:31:03,151 99773399ms AudioModuleV2          <.ctor>b__0_0      - GET v2/audio/checkandmatch
INFO  2019-06-21 00:31:33,321 99803569ms AudioModuleV2          <.ctor>b__0_0      - GET v2/audio/checkandmatch
INFO  2019-06-21 00:32:03,491 99833738ms AudioModuleV2          <.ctor>b__0_0      - GET v2/audio/checkandmatch
INFO  2019-06-21 00:32:33,593 99863841ms AudioModuleV2          <.ctor>b__0_0      - GET v2/audio/checkandmatch
INFO  2019-06-21 00:33:03,751 99893998ms AudioModuleV2          <.ctor>b__0_0      - GET v2/audio/checkandmatch
INFO  2019-06-21 00:33:33,919 99924166ms AudioModuleV2          <.ctor>b__0_0      - GET v2/audio/checkandmatch
INFO  2019-06-21 00:34:04,077 99954325ms AudioModuleV2          <.ctor>b__0_0      - GET v2/audio/checkandmatch
INFO  2019-06-21 00:34:34,246 99984493ms AudioModuleV2          <.ctor>b__0_0      - GET v2/audio/checkandmatch
INFO  2019-06-21 00:35:04,440 100014688ms AudioModuleV2          <.ctor>b__0_0      - GET v2/audio/checkandmatch
INFO  2019-06-21 00:35:34,609 100044857ms AudioModuleV2          <.ctor>b__0_0      - GET v2/audio/checkandmatch
INFO  2019-06-21 00:36:04,782 100075029ms AudioModuleV2          <.ctor>b__0_0      - GET v2/audio/checkandmatch
INFO  2019-06-21 00:36:35,962 100106210ms AudioModuleV2          <.ctor>b__0_0      - GET v2/audio/checkandmatch
INFO  2019-06-21 00:37:06,120 100136368ms AudioModuleV2          <.ctor>b__0_0      - GET v2/audio/checkandmatch
INFO  2019-06-21 00:37:36,285 100166532ms AudioModuleV2          <.ctor>b__0_0      - GET v2/audio/checkandmatch
INFO  2019-06-21 00:38:06,447 100196695ms AudioModuleV2          <.ctor>b__0_0      - GET v2/audio/checkandmatch
INFO  2019-06-21 00:38:36,615 100226862ms AudioModuleV2          <.ctor>b__0_0      - GET v2/audio/checkandmatch
INFO  2019-06-21 00:39:06,792 100257039ms AudioModuleV2          <.ctor>b__0_0      - GET v2/audio/checkandmatch
INFO  2019-06-21 00:39:36,964 100287212ms AudioModuleV2          <.ctor>b__0_0      - GET v2/audio/checkandmatch
INFO  2019-06-21 00:40:07,121 100317368ms AudioModuleV2          <.ctor>b__0_0      - GET v2/audio/checkandmatch
INFO  2019-06-21 00:40:37,292 100347540ms AudioModuleV2          <.ctor>b__0_0      - GET v2/audio/checkandmatch
INFO  2019-06-21 00:41:07,451 100377699ms AudioModuleV2          <.ctor>b__0_0      - GET v2/audio/checkandmatch
INFO  2019-06-21 00:41:37,637 100407884ms AudioModuleV2          <.ctor>b__0_0      - GET v2/audio/checkandmatch
INFO  2019-06-21 00:42:07,801 100438049ms AudioModuleV2          <.ctor>b__0_0      - GET v2/audio/checkandmatch
INFO  2019-06-21 00:42:37,990 100468237ms AudioModuleV2          <.ctor>b__0_0      - GET v2/audio/checkandmatch
INFO  2019-06-21 00:43:08,099 100498346ms AudioModuleV2          <.ctor>b__0_0      - GET v2/audio/checkandmatch
INFO  2019-06-21 00:43:38,321 100528569ms AudioModuleV2          <.ctor>b__0_0      - GET v2/audio/checkandmatch
INFO  2019-06-21 00:44:08,489 100558736ms AudioModuleV2          <.ctor>b__0_0      - GET v2/audio/checkandmatch
INFO  2019-06-21 00:44:38,647 100588895ms AudioModuleV2          <.ctor>b__0_0      - GET v2/audio/checkandmatch
INFO  2019-06-21 00:45:08,827 100619075ms AudioModuleV2          <.ctor>b__0_0      - GET v2/audio/checkandmatch
INFO  2019-06-21 00:45:38,939 100649186ms AudioModuleV2          <.ctor>b__0_0      - GET v2/audio/checkandmatch
INFO  2019-06-21 00:46:09,087 100679335ms AudioModuleV2          <.ctor>b__0_0      - GET v2/audio/checkandmatch
INFO  2019-06-21 00:46:39,258 100709506ms AudioModuleV2          <.ctor>b__0_0      - GET v2/audio/checkandmatch
INFO  2019-06-21 00:47:09,433 100739680ms AudioModuleV2          <.ctor>b__0_0      - GET v2/audio/checkandmatch
INFO  2019-06-21 00:47:39,618 100769866ms AudioModuleV2          <.ctor>b__0_0      - GET v2/audio/checkandmatch
INFO  2019-06-21 00:48:09,779 100800026ms AudioModuleV2          <.ctor>b__0_0      - GET v2/audio/checkandmatch
INFO  2019-06-21 00:48:39,959 100830206ms AudioModuleV2          <.ctor>b__0_0      - GET v2/audio/checkandmatch
INFO  2019-06-21 00:49:10,115 100860363ms AudioModuleV2          <.ctor>b__0_0      - GET v2/audio/checkandmatch
INFO  2019-06-21 00:49:40,279 100890526ms AudioModuleV2          <.ctor>b__0_0      - GET v2/audio/checkandmatch
INFO  2019-06-21 00:50:10,444 100920692ms AudioModuleV2          <.ctor>b__0_0      - GET v2/audio/checkandmatch
INFO  2019-06-21 00:50:40,608 100950856ms AudioModuleV2          <.ctor>b__0_0      - GET v2/audio/checkandmatch
INFO  2019-06-21 00:51:10,777 100981024ms AudioModuleV2          <.ctor>b__0_0      - GET v2/audio/checkandmatch
INFO  2019-06-21 00:51:41,948 101012196ms AudioModuleV2          <.ctor>b__0_0      - GET v2/audio/checkandmatch
INFO  2019-06-21 00:52:12,105 101042352ms AudioModuleV2          <.ctor>b__0_0      - GET v2/audio/checkandmatch
INFO  2019-06-21 00:52:42,290 101072537ms AudioModuleV2          <.ctor>b__0_0      - GET v2/audio/checkandmatch
INFO  2019-06-21 00:53:12,471 101102719ms AudioModuleV2          <.ctor>b__0_0      - GET v2/audio/checkandmatch
INFO  2019-06-21 00:53:42,577 101132824ms AudioModuleV2          <.ctor>b__0_0      - GET v2/audio/checkandmatch
INFO  2019-06-21 00:54:12,744 101162992ms AudioModuleV2          <.ctor>b__0_0      - GET v2/audio/checkandmatch
INFO  2019-06-21 00:54:42,915 101193163ms AudioModuleV2          <.ctor>b__0_0      - GET v2/audio/checkandmatch
INFO  2019-06-21 00:55:13,075 101223322ms AudioModuleV2          <.ctor>b__0_0      - GET v2/audio/checkandmatch
INFO  2019-06-21 00:55:44,396 101254644ms AudioModuleV2          <.ctor>b__0_0      - GET v2/audio/checkandmatch
INFO  2019-06-21 00:56:14,564 101284811ms AudioModuleV2          <.ctor>b__0_0      - GET v2/audio/checkandmatch
INFO  2019-06-21 00:56:44,740 101314987ms AudioModuleV2          <.ctor>b__0_0      - GET v2/audio/checkandmatch
INFO  2019-06-21 00:57:14,940 101345188ms AudioModuleV2          <.ctor>b__0_0      - GET v2/audio/checkandmatch
INFO  2019-06-21 00:57:45,112 101375359ms AudioModuleV2          <.ctor>b__0_0      - GET v2/audio/checkandmatch
INFO  2019-06-21 00:58:15,272 101405520ms AudioModuleV2          <.ctor>b__0_0      - GET v2/audio/checkandmatch
INFO  2019-06-21 00:58:45,481 101435729ms AudioModuleV2          <.ctor>b__0_0      - GET v2/audio/checkandmatch
INFO  2019-06-21 00:59:15,654 101465901ms AudioModuleV2          <.ctor>b__0_0      - GET v2/audio/checkandmatch
INFO  2019-06-21 00:59:45,815 101496063ms AudioModuleV2          <.ctor>b__0_0      - GET v2/audio/checkandmatch
INFO  2019-06-21 01:00:15,983 101526230ms AudioModuleV2          <.ctor>b__0_0      - GET v2/audio/checkandmatch
INFO  2019-06-21 01:00:46,151 101556399ms AudioModuleV2          <.ctor>b__0_0      - GET v2/audio/checkandmatch
INFO  2019-06-21 01:01:16,315 101586563ms AudioModuleV2          <.ctor>b__0_0      - GET v2/audio/checkandmatch
INFO  2019-06-21 01:01:46,488 101616735ms AudioModuleV2          <.ctor>b__0_0      - GET v2/audio/checkandmatch
INFO  2019-06-21 01:02:16,690 101646938ms AudioModuleV2          <.ctor>b__0_0      - GET v2/audio/checkandmatch
INFO  2019-06-21 01:02:46,871 101677119ms AudioModuleV2          <.ctor>b__0_0      - GET v2/audio/checkandmatch
INFO  2019-06-21 01:03:17,043 101707290ms AudioModuleV2          <.ctor>b__0_0      - GET v2/audio/checkandmatch
INFO  2019-06-21 01:03:47,243 101737491ms AudioModuleV2          <.ctor>b__0_0      - GET v2/audio/checkandmatch
INFO  2019-06-21 01:04:17,361 101767608ms AudioModuleV2          <.ctor>b__0_0      - GET v2/audio/checkandmatch
INFO  2019-06-21 01:04:47,534 101797781ms AudioModuleV2          <.ctor>b__0_0      - GET v2/audio/checkandmatch
INFO  2019-06-21 01:05:17,695 101827943ms AudioModuleV2          <.ctor>b__0_0      - GET v2/audio/checkandmatch
INFO  2019-06-21 01:05:47,865 101858112ms AudioModuleV2          <.ctor>b__0_0      - GET v2/audio/checkandmatch
INFO  2019-06-21 01:06:18,025 101888273ms AudioModuleV2          <.ctor>b__0_0      - GET v2/audio/checkandmatch
INFO  2019-06-21 01:06:49,201 101919449ms AudioModuleV2          <.ctor>b__0_0      - GET v2/audio/checkandmatch
INFO  2019-06-21 01:07:19,393 101949640ms AudioModuleV2          <.ctor>b__0_0      - GET v2/audio/checkandmatch
INFO  2019-06-21 01:07:49,559 101979807ms AudioModuleV2          <.ctor>b__0_0      - GET v2/audio/checkandmatch
INFO  2019-06-21 01:08:19,725 102009972ms AudioModuleV2          <.ctor>b__0_0      - GET v2/audio/checkandmatch
INFO  2019-06-21 01:08:49,897 102040144ms AudioModuleV2          <.ctor>b__0_0      - GET v2/audio/checkandmatch
INFO  2019-06-21 01:09:20,059 102070307ms AudioModuleV2          <.ctor>b__0_0      - GET v2/audio/checkandmatch
INFO  2019-06-21 01:09:50,226 102100473ms AudioModuleV2          <.ctor>b__0_0      - GET v2/audio/checkandmatch
INFO  2019-06-21 01:10:20,392 102130640ms AudioModuleV2          <.ctor>b__0_0      - GET v2/audio/checkandmatch
INFO  2019-06-21 01:10:50,557 102160805ms AudioModuleV2          <.ctor>b__0_0      - GET v2/audio/checkandmatch
INFO  2019-06-21 01:11:20,661 102190908ms AudioModuleV2          <.ctor>b__0_0      - GET v2/audio/checkandmatch
INFO  2019-06-21 01:11:50,821 102221069ms AudioModuleV2          <.ctor>b__0_0      - GET v2/audio/checkandmatch
INFO  2019-06-21 01:12:20,987 102251234ms AudioModuleV2          <.ctor>b__0_0      - GET v2/audio/checkandmatch
INFO  2019-06-21 01:12:51,189 102281436ms AudioModuleV2          <.ctor>b__0_0      - GET v2/audio/checkandmatch
INFO  2019-06-21 01:13:21,344 102311592ms AudioModuleV2          <.ctor>b__0_0      - GET v2/audio/checkandmatch
INFO  2019-06-21 01:13:51,516 102341763ms AudioModuleV2          <.ctor>b__0_0      - GET v2/audio/checkandmatch
INFO  2019-06-21 01:14:21,673 102371921ms AudioModuleV2          <.ctor>b__0_0      - GET v2/audio/checkandmatch
INFO  2019-06-21 01:14:51,776 102402024ms AudioModuleV2          <.ctor>b__0_0      - GET v2/audio/checkandmatch
INFO  2019-06-21 01:15:21,933 102432180ms AudioModuleV2          <.ctor>b__0_0      - GET v2/audio/checkandmatch
INFO  2019-06-21 01:15:52,100 102462348ms AudioModuleV2          <.ctor>b__0_0      - GET v2/audio/checkandmatch
INFO  2019-06-21 01:16:22,265 102492512ms AudioModuleV2          <.ctor>b__0_0      - GET v2/audio/checkandmatch
INFO  2019-06-21 01:16:52,434 102522681ms AudioModuleV2          <.ctor>b__0_0      - GET v2/audio/checkandmatch
INFO  2019-06-21 01:17:22,600 102552848ms AudioModuleV2          <.ctor>b__0_0      - GET v2/audio/checkandmatch
INFO  2019-06-21 01:17:52,765 102583012ms AudioModuleV2          <.ctor>b__0_0      - GET v2/audio/checkandmatch
INFO  2019-06-21 01:18:22,932 102613180ms AudioModuleV2          <.ctor>b__0_0      - GET v2/audio/checkandmatch
INFO  2019-06-21 01:18:53,097 102643345ms AudioModuleV2          <.ctor>b__0_0      - GET v2/audio/checkandmatch
INFO  2019-06-21 01:19:23,264 102673511ms AudioModuleV2          <.ctor>b__0_0      - GET v2/audio/checkandmatch
INFO  2019-06-21 01:19:53,433 102703681ms AudioModuleV2          <.ctor>b__0_0      - GET v2/audio/checkandmatch
INFO  2019-06-21 01:20:23,597 102733844ms AudioModuleV2          <.ctor>b__0_0      - GET v2/audio/checkandmatch
INFO  2019-06-21 01:20:53,763 102764010ms AudioModuleV2          <.ctor>b__0_0      - GET v2/audio/checkandmatch
INFO  2019-06-21 01:21:23,932 102794180ms AudioModuleV2          <.ctor>b__0_0      - GET v2/audio/checkandmatch
INFO  2019-06-21 01:21:55,110 102825357ms AudioModuleV2          <.ctor>b__0_0      - GET v2/audio/checkandmatch
INFO  2019-06-21 01:22:25,276 102855524ms AudioModuleV2          <.ctor>b__0_0      - GET v2/audio/checkandmatch
INFO  2019-06-21 01:22:55,451 102885699ms AudioModuleV2          <.ctor>b__0_0      - GET v2/audio/checkandmatch
INFO  2019-06-21 01:23:25,619 102915866ms AudioModuleV2          <.ctor>b__0_0      - GET v2/audio/checkandmatch
INFO  2019-06-21 01:23:55,784 102946032ms AudioModuleV2          <.ctor>b__0_0      - GET v2/audio/checkandmatch
INFO  2019-06-21 01:24:25,964 102976211ms AudioModuleV2          <.ctor>b__0_0      - GET v2/audio/checkandmatch
INFO  2019-06-21 01:24:56,135 103006382ms AudioModuleV2          <.ctor>b__0_0      - GET v2/audio/checkandmatch
INFO  2019-06-21 01:25:26,244 103036492ms AudioModuleV2          <.ctor>b__0_0      - GET v2/audio/checkandmatch
INFO  2019-06-21 01:25:56,405 103066652ms AudioModuleV2          <.ctor>b__0_0      - GET v2/audio/checkandmatch
INFO  2019-06-21 01:26:26,565 103096813ms AudioModuleV2          <.ctor>b__0_0      - GET v2/audio/checkandmatch
INFO  2019-06-21 01:26:56,771 103127019ms AudioModuleV2          <.ctor>b__0_0      - GET v2/audio/checkandmatch
INFO  2019-06-21 01:27:26,930 103157177ms AudioModuleV2          <.ctor>b__0_0      - GET v2/audio/checkandmatch
INFO  2019-06-21 01:27:57,099 103187347ms AudioModuleV2          <.ctor>b__0_0      - GET v2/audio/checkandmatch
INFO  2019-06-21 01:28:27,258 103217505ms AudioModuleV2          <.ctor>b__0_0      - GET v2/audio/checkandmatch
INFO  2019-06-21 01:28:57,464 103247711ms AudioModuleV2          <.ctor>b__0_0      - GET v2/audio/checkandmatch
INFO  2019-06-21 01:29:27,631 103277879ms AudioModuleV2          <.ctor>b__0_0      - GET v2/audio/checkandmatch
INFO  2019-06-21 01:29:57,840 103308087ms AudioModuleV2          <.ctor>b__0_0      - GET v2/audio/checkandmatch
INFO  2019-06-21 01:30:28,004 103338252ms AudioModuleV2          <.ctor>b__0_0      - GET v2/audio/checkandmatch
INFO  2019-06-21 01:30:58,177 103368425ms AudioModuleV2          <.ctor>b__0_0      - GET v2/audio/checkandmatch
INFO  2019-06-21 01:31:28,343 103398590ms AudioModuleV2          <.ctor>b__0_0      - GET v2/audio/checkandmatch
INFO  2019-06-21 01:31:58,531 103428779ms AudioModuleV2          <.ctor>b__0_0      - GET v2/audio/checkandmatch
INFO  2019-06-21 01:32:28,686 103458934ms AudioModuleV2          <.ctor>b__0_0      - GET v2/audio/checkandmatch
INFO  2019-06-21 01:32:58,857 103489104ms AudioModuleV2          <.ctor>b__0_0      - GET v2/audio/checkandmatch
INFO  2019-06-21 01:33:29,051 103519299ms AudioModuleV2          <.ctor>b__0_0      - GET v2/audio/checkandmatch
INFO  2019-06-21 01:33:59,222 103549469ms AudioModuleV2          <.ctor>b__0_0      - GET v2/audio/checkandmatch
INFO  2019-06-21 01:34:29,394 103579641ms AudioModuleV2          <.ctor>b__0_0      - GET v2/audio/checkandmatch
INFO  2019-06-21 01:34:59,561 103609809ms AudioModuleV2          <.ctor>b__0_0      - GET v2/audio/checkandmatch
INFO  2019-06-21 01:35:29,742 103639989ms AudioModuleV2          <.ctor>b__0_0      - GET v2/audio/checkandmatch
INFO  2019-06-21 01:36:00,569 103670817ms AudioModuleV2          <.ctor>b__0_0      - GET v2/audio/checkandmatch
INFO  2019-06-21 01:36:30,723 103700971ms AudioModuleV2          <.ctor>b__0_0      - GET v2/audio/checkandmatch
INFO  2019-06-21 01:37:01,895 103732142ms AudioModuleV2          <.ctor>b__0_0      - GET v2/audio/checkandmatch
INFO  2019-06-21 01:37:32,060 103762308ms AudioModuleV2          <.ctor>b__0_0      - GET v2/audio/checkandmatch
INFO  2019-06-21 01:38:02,231 103792478ms AudioModuleV2          <.ctor>b__0_0      - GET v2/audio/checkandmatch
INFO  2019-06-21 01:38:32,390 103822637ms AudioModuleV2          <.ctor>b__0_0      - GET v2/audio/checkandmatch
INFO  2019-06-21 01:39:02,563 103852811ms AudioModuleV2          <.ctor>b__0_0      - GET v2/audio/checkandmatch
INFO  2019-06-21 01:39:32,733 103882980ms AudioModuleV2          <.ctor>b__0_0      - GET v2/audio/checkandmatch
INFO  2019-06-21 01:40:02,901 103913149ms AudioModuleV2          <.ctor>b__0_0      - GET v2/audio/checkandmatch
INFO  2019-06-21 01:40:33,102 103943350ms AudioModuleV2          <.ctor>b__0_0      - GET v2/audio/checkandmatch
INFO  2019-06-21 01:41:03,269 103973516ms AudioModuleV2          <.ctor>b__0_0      - GET v2/audio/checkandmatch
INFO  2019-06-21 01:41:33,446 104003694ms AudioModuleV2          <.ctor>b__0_0      - GET v2/audio/checkandmatch
INFO  2019-06-21 01:42:03,625 104033872ms AudioModuleV2          <.ctor>b__0_0      - GET v2/audio/checkandmatch
INFO  2019-06-21 01:42:33,782 104064029ms AudioModuleV2          <.ctor>b__0_0      - GET v2/audio/checkandmatch
INFO  2019-06-21 01:43:03,957 104094205ms AudioModuleV2          <.ctor>b__0_0      - GET v2/audio/checkandmatch
INFO  2019-06-21 01:43:34,114 104124361ms AudioModuleV2          <.ctor>b__0_0      - GET v2/audio/checkandmatch
INFO  2019-06-21 01:44:04,286 104154534ms AudioModuleV2          <.ctor>b__0_0      - GET v2/audio/checkandmatch
INFO  2019-06-21 01:44:34,444 104184692ms AudioModuleV2          <.ctor>b__0_0      - GET v2/audio/checkandmatch
INFO  2019-06-21 01:45:04,619 104214866ms AudioModuleV2          <.ctor>b__0_0      - GET v2/audio/checkandmatch
INFO  2019-06-21 01:45:34,780 104245028ms AudioModuleV2          <.ctor>b__0_0      - GET v2/audio/checkandmatch
INFO  2019-06-21 01:46:04,967 104275215ms AudioModuleV2          <.ctor>b__0_0      - GET v2/audio/checkandmatch
INFO  2019-06-21 01:46:35,129 104305376ms AudioModuleV2          <.ctor>b__0_0      - GET v2/audio/checkandmatch
INFO  2019-06-21 01:47:05,298 104335546ms AudioModuleV2          <.ctor>b__0_0      - GET v2/audio/checkandmatch
INFO  2019-06-21 01:47:35,462 104365710ms AudioModuleV2          <.ctor>b__0_0      - GET v2/audio/checkandmatch
INFO  2019-06-21 01:48:06,638 104396885ms AudioModuleV2          <.ctor>b__0_0      - GET v2/audio/checkandmatch
