INFO  2019-07-09 07:43:31,502   609ms RequestModule          <.ctor>b__0_3      - v1/requests/portal/latest/acceptedlist
INFO  2019-07-09 07:43:31,502   609ms RequestModule          <.ctor>b__0_4      - v1/requests/portal/latest/sections
INFO  2019-07-09 07:43:32,002  1109ms RequestModule          <.ctor>b__0_4      - [{"id":3,"ten":"Ðang ký"},{"id":6,"ten":"Góp ý"},{"id":1,"ten":"H?i thông tin"},{"id":2,"ten":"Ph?n ánh"},{"id":4,"ten":"Ph?n ánh ch?m tr?"},{"id":5,"ten":"Ph?n ánh thái d? c?a công ch?c"}]
INFO  2019-07-09 07:43:32,018  1125ms RequestModule          <.ctor>b__0_4      - id = 3ten = Ðang ký
INFO  2019-07-09 07:43:32,018  1125ms RequestModule          <.ctor>b__0_4      - id = 6ten = Góp ý
INFO  2019-07-09 07:43:32,018  1125ms RequestModule          <.ctor>b__0_4      - id = 1ten = H?i thông tin
INFO  2019-07-09 07:43:32,018  1125ms RequestModule          <.ctor>b__0_4      - id = 2ten = Ph?n ánh
INFO  2019-07-09 07:43:32,018  1125ms RequestModule          <.ctor>b__0_4      - id = 4ten = Ph?n ánh ch?m tr?
INFO  2019-07-09 07:43:32,018  1125ms RequestModule          <.ctor>b__0_4      - id = 5ten = Ph?n ánh thái d? c?a công ch?c
DEBUG 2019-07-09 07:43:32,002  1109ms RequestModule          <.ctor>b__0_3      - [{"ycid":"2B239080719","content":"M?t tuy?n du?ng chính kéo dài hon 20km c?a ngu?i dân xã An bình dã xu?ng c?p t? nam 2011 và dã du?c chính quy?n  các c?p c?a t?nh hòa bình dã cho tu s?a vào nam 2016 nhung cung m?i ch? có thi công du?c ph?n c?u c?ng và h? th?ng thoát nu?c còn ph?n lòng du?ng  chua thi công d? cho khá nhi?u ? gà ? voi xu?t hi?n trên du?ng và mua gió xu?ng r?t khó di l?i trong m?y nam nay vì v?y e xin thay m?t t?t c? ngu?i dân xã An bình kh?n xin các c?p chính quy?n t?nh hòa bình mau chóng cho thi công do?n du?ng Dt479B cho ngu?i dân di l?i d? dàng hon.\nKính mong du?c ch?p thu?n ki?n ngh?","sendtime":"2019-07-08T08:22:22.57","hoten":"Nguy?n Minh Nghia","cmnd":"","sdt":"0375327359","diachi":"An son 2-An Bình- L?c Th?y","email":"emhatnhan@gmail.com","kqtl":"M?i anh ch? liên h? van phòng 1 c?a UBND huy?n L?c Th?y d? tr?c ti?p ki?n ngh? ph?n ánh.","kqtl_tgian":"2019-07-08T13:20:30.88","capdo":1,"status_code":99,"linhvuc":"S? XÂY D?NG","donvi":"T?ng dài 1022"},{"ycid":"84698270619","content":"bây gi? phu?ng dang ghép t?.làm l?i s? h? kh?u.mu?n làm l?i ch?ng minh thu có gi?y t? gì thay th? không","sendtime":"2019-06-27T13:16:11.49","hoten":"","cmnd":"","sdt":"0918909966","diachi":"","email":"","kqtl":"không có gi?y t? gì thay th?.d?i làm xong s? h? kh?u thì làm l?i ch?ng minh thu","kqtl_tgian":"2019-07-01T13:57:26.08","capdo":1,"status_code":99,"linhvuc":"Ch?ng th?c","donvi":"T?ng dài 1022"},{"ycid":"CA004260619","content":"Kiem tra hoat dong cua tong dai. Yeu cau thoi gian ket noi ngan nhat, tra loi day du, chinh xac  voi thai do phuc vu an can, chu dao, van minh, lich su huong den su hai long cao nhat cua nguoi dan va doanh nghiep!","sendtime":"2019-06-26T13:55:58.847","hoten":"Pham Anh Quy","cmnd":"","sdt":"0916144888","diachi":"Van phong UBND","email":"","kqtl":"Vâng, d?ng ý v?i ý ki?n nêu trên.","kqtl_tgian":"2019-07-01T13:57:35.057","capdo":1,"status_code":99,"linhvuc":"Hành chính s? nghi?p","donvi":"T?ng dài 1022"},{"ycid":"8D76A260619","content":"Xin h?i th? t?c c?p l?i ch?ng minh thu nhân dân khi b? m?t?","sendtime":"2019-06-26T13:49:59.53","hoten":"Nguy?n Minh Huy?n","cmnd":"","sdt":"0932210877","diachi":"To 7, Phuong Lam, Hoa Binh","email":"","kqtl":"Thành ph?n h? so g?m :\n- Ðon d? ngh? c?p l?i ch?ng minh nhân dân có xác nh?n c?a công an xã phu?ng th? tr?n noi thu?ng trú, có dán ?nh dóng d?u giáp lai vào góc ?nh)\n- S? h? kh?u\n- ?nh chân dung ( là ?nh màu ch?p chính di?n d?u d? tr?n rõ 2 tai, không deo kính tác phong nghiêm trang l?ch s?)\nÐ?a di?m n?p t?i trung tâm hành chính công t?nh Hòa Bình, t?i qu?y công an\n","kqtl_tgian":"2019-07-01T13:57:46.233","capdo":1,"status_code":99,"linhvuc":"Công an, An ninh","donvi":"T?ng dài 1022"}]
INFO  2019-07-09 07:43:32,189  1297ms RequestModule          <.ctor>b__0_5      - v1/requests/portal/section/loadmore/1/0
INFO  2019-07-09 07:43:32,189  1297ms RequestModule          <.ctor>b__0_5      - v1/requests/portal/section/loadmore/2/0
INFO  2019-07-09 07:43:32,189  1297ms RequestModule          <.ctor>b__0_5      - v1/requests/portal/section/loadmore/5/0
INFO  2019-07-09 07:43:32,189  1297ms RequestModule          <.ctor>b__0_5      - v1/requests/portal/section/loadmore/3/0
INFO  2019-07-09 07:43:32,189  1297ms RequestModule          <.ctor>b__0_5      - v1/requests/portal/section/loadmore/6/0
INFO  2019-07-09 07:43:32,189  1297ms RequestModule          <.ctor>b__0_5      - v1/requests/portal/section/loadmore/4/0
INFO  2019-07-09 08:16:37,624   359ms RequestModule          <.ctor>b__0_4      - v1/requests/portal/latest/sections
INFO  2019-07-09 08:16:37,624   359ms RequestModule          <.ctor>b__0_3      - v1/requests/portal/latest/acceptedlist
INFO  2019-07-09 08:16:37,921   656ms RequestModule          <.ctor>b__0_4      - [{"id":3,"ten":"Ðang ký"},{"id":6,"ten":"Góp ý"},{"id":1,"ten":"H?i thông tin"},{"id":2,"ten":"Ph?n ánh"},{"id":4,"ten":"Ph?n ánh ch?m tr?"},{"id":5,"ten":"Ph?n ánh thái d? c?a công ch?c"}]
INFO  2019-07-09 08:16:37,921   656ms RequestModule          <.ctor>b__0_4      - id = 3ten = Ðang ký
INFO  2019-07-09 08:16:37,921   656ms RequestModule          <.ctor>b__0_4      - id = 6ten = Góp ý
INFO  2019-07-09 08:16:37,921   656ms RequestModule          <.ctor>b__0_4      - id = 1ten = H?i thông tin
INFO  2019-07-09 08:16:37,921   656ms RequestModule          <.ctor>b__0_4      - id = 2ten = Ph?n ánh
INFO  2019-07-09 08:16:37,921   656ms RequestModule          <.ctor>b__0_4      - id = 4ten = Ph?n ánh ch?m tr?
INFO  2019-07-09 08:16:37,921   656ms RequestModule          <.ctor>b__0_4      - id = 5ten = Ph?n ánh thái d? c?a công ch?c
DEBUG 2019-07-09 08:16:37,921   656ms RequestModule          <.ctor>b__0_3      - [{"ycid":"2B239080719","content":"M?t tuy?n du?ng chính kéo dài hon 20km c?a ngu?i dân xã An bình dã xu?ng c?p t? nam 2011 và dã du?c chính quy?n  các c?p c?a t?nh hòa bình dã cho tu s?a vào nam 2016 nhung cung m?i ch? có thi công du?c ph?n c?u c?ng và h? th?ng thoát nu?c còn ph?n lòng du?ng  chua thi công d? cho khá nhi?u ? gà ? voi xu?t hi?n trên du?ng và mua gió xu?ng r?t khó di l?i trong m?y nam nay vì v?y e xin thay m?t t?t c? ngu?i dân xã An bình kh?n xin các c?p chính quy?n t?nh hòa bình mau chóng cho thi công do?n du?ng Dt479B cho ngu?i dân di l?i d? dàng hon.\nKính mong du?c ch?p thu?n ki?n ngh?","sendtime":"2019-07-08T08:22:22.57","hoten":"Nguy?n Minh Nghia","cmnd":"","sdt":"0375327359","diachi":"An son 2-An Bình- L?c Th?y","email":"emhatnhan@gmail.com","kqtl":"M?i anh ch? liên h? van phòng 1 c?a UBND huy?n L?c Th?y d? tr?c ti?p ki?n ngh? ph?n ánh.","kqtl_tgian":"2019-07-08T13:20:30.88","capdo":1,"status_code":99,"linhvuc":"S? XÂY D?NG","donvi":"T?ng dài 1022"},{"ycid":"84698270619","content":"bây gi? phu?ng dang ghép t?.làm l?i s? h? kh?u.mu?n làm l?i ch?ng minh thu có gi?y t? gì thay th? không","sendtime":"2019-06-27T13:16:11.49","hoten":"","cmnd":"","sdt":"0918909966","diachi":"","email":"","kqtl":"không có gi?y t? gì thay th?.d?i làm xong s? h? kh?u thì làm l?i ch?ng minh thu","kqtl_tgian":"2019-07-01T13:57:26.08","capdo":1,"status_code":99,"linhvuc":"Ch?ng th?c","donvi":"T?ng dài 1022"},{"ycid":"CA004260619","content":"Kiem tra hoat dong cua tong dai. Yeu cau thoi gian ket noi ngan nhat, tra loi day du, chinh xac  voi thai do phuc vu an can, chu dao, van minh, lich su huong den su hai long cao nhat cua nguoi dan va doanh nghiep!","sendtime":"2019-06-26T13:55:58.847","hoten":"Pham Anh Quy","cmnd":"","sdt":"0916144888","diachi":"Van phong UBND","email":"","kqtl":"Vâng, d?ng ý v?i ý ki?n nêu trên.","kqtl_tgian":"2019-07-01T13:57:35.057","capdo":1,"status_code":99,"linhvuc":"Hành chính s? nghi?p","donvi":"T?ng dài 1022"},{"ycid":"8D76A260619","content":"Xin h?i th? t?c c?p l?i ch?ng minh thu nhân dân khi b? m?t?","sendtime":"2019-06-26T13:49:59.53","hoten":"Nguy?n Minh Huy?n","cmnd":"","sdt":"0932210877","diachi":"To 7, Phuong Lam, Hoa Binh","email":"","kqtl":"Thành ph?n h? so g?m :\n- Ðon d? ngh? c?p l?i ch?ng minh nhân dân có xác nh?n c?a công an xã phu?ng th? tr?n noi thu?ng trú, có dán ?nh dóng d?u giáp lai vào góc ?nh)\n- S? h? kh?u\n- ?nh chân dung ( là ?nh màu ch?p chính di?n d?u d? tr?n rõ 2 tai, không deo kính tác phong nghiêm trang l?ch s?)\nÐ?a di?m n?p t?i trung tâm hành chính công t?nh Hòa Bình, t?i qu?y công an\n","kqtl_tgian":"2019-07-01T13:57:46.233","capdo":1,"status_code":99,"linhvuc":"Công an, An ninh","donvi":"T?ng dài 1022"}]
INFO  2019-07-09 08:16:38,046   781ms RequestModule          <.ctor>b__0_5      - v1/requests/portal/section/loadmore/3/0
INFO  2019-07-09 08:16:38,046   781ms RequestModule          <.ctor>b__0_5      - v1/requests/portal/section/loadmore/6/0
INFO  2019-07-09 08:16:38,046   781ms RequestModule          <.ctor>b__0_5      - v1/requests/portal/section/loadmore/1/0
INFO  2019-07-09 08:16:38,062   796ms RequestModule          <.ctor>b__0_5      - v1/requests/portal/section/loadmore/2/0
INFO  2019-07-09 08:16:38,062   796ms RequestModule          <.ctor>b__0_5      - v1/requests/portal/section/loadmore/4/0
INFO  2019-07-09 08:16:38,062   796ms RequestModule          <.ctor>b__0_5      - v1/requests/portal/section/loadmore/5/0
INFO  2019-07-09 08:33:35,469 1018203ms RequestModule          <.ctor>b__0_3      - v1/requests/portal/latest/acceptedlist
DEBUG 2019-07-09 08:33:35,485 1018219ms RequestModule          <.ctor>b__0_3      - [{"ycid":"2B239080719","content":"M?t tuy?n du?ng chính kéo dài hon 20km c?a ngu?i dân xã An bình dã xu?ng c?p t? nam 2011 và dã du?c chính quy?n  các c?p c?a t?nh hòa bình dã cho tu s?a vào nam 2016 nhung cung m?i ch? có thi công du?c ph?n c?u c?ng và h? th?ng thoát nu?c còn ph?n lòng du?ng  chua thi công d? cho khá nhi?u ? gà ? voi xu?t hi?n trên du?ng và mua gió xu?ng r?t khó di l?i trong m?y nam nay vì v?y e xin thay m?t t?t c? ngu?i dân xã An bình kh?n xin các c?p chính quy?n t?nh hòa bình mau chóng cho thi công do?n du?ng Dt479B cho ngu?i dân di l?i d? dàng hon.\nKính mong du?c ch?p thu?n ki?n ngh?","sendtime":"2019-07-08T08:22:22.57","hoten":"Nguy?n Minh Nghia","cmnd":"","sdt":"0375327359","diachi":"An son 2-An Bình- L?c Th?y","email":"emhatnhan@gmail.com","kqtl":"M?i anh ch? liên h? van phòng 1 c?a UBND huy?n L?c Th?y d? tr?c ti?p ki?n ngh? ph?n ánh.","kqtl_tgian":"2019-07-08T13:20:30.88","capdo":1,"status_code":99,"linhvuc":"S? XÂY D?NG","donvi":"T?ng dài 1022"},{"ycid":"84698270619","content":"bây gi? phu?ng dang ghép t?.làm l?i s? h? kh?u.mu?n làm l?i ch?ng minh thu có gi?y t? gì thay th? không","sendtime":"2019-06-27T13:16:11.49","hoten":"","cmnd":"","sdt":"0918909966","diachi":"","email":"","kqtl":"không có gi?y t? gì thay th?.d?i làm xong s? h? kh?u thì làm l?i ch?ng minh thu","kqtl_tgian":"2019-07-01T13:57:26.08","capdo":1,"status_code":99,"linhvuc":"Ch?ng th?c","donvi":"T?ng dài 1022"},{"ycid":"CA004260619","content":"Kiem tra hoat dong cua tong dai. Yeu cau thoi gian ket noi ngan nhat, tra loi day du, chinh xac  voi thai do phuc vu an can, chu dao, van minh, lich su huong den su hai long cao nhat cua nguoi dan va doanh nghiep!","sendtime":"2019-06-26T13:55:58.847","hoten":"Pham Anh Quy","cmnd":"","sdt":"0916144888","diachi":"Van phong UBND","email":"","kqtl":"Vâng, d?ng ý v?i ý ki?n nêu trên.","kqtl_tgian":"2019-07-01T13:57:35.057","capdo":1,"status_code":99,"linhvuc":"Hành chính s? nghi?p","donvi":"T?ng dài 1022"},{"ycid":"8D76A260619","content":"Xin h?i th? t?c c?p l?i ch?ng minh thu nhân dân khi b? m?t?","sendtime":"2019-06-26T13:49:59.53","hoten":"Nguy?n Minh Huy?n","cmnd":"","sdt":"0932210877","diachi":"To 7, Phuong Lam, Hoa Binh","email":"","kqtl":"Thành ph?n h? so g?m :\n- Ðon d? ngh? c?p l?i ch?ng minh nhân dân có xác nh?n c?a công an xã phu?ng th? tr?n noi thu?ng trú, có dán ?nh dóng d?u giáp lai vào góc ?nh)\n- S? h? kh?u\n- ?nh chân dung ( là ?nh màu ch?p chính di?n d?u d? tr?n rõ 2 tai, không deo kính tác phong nghiêm trang l?ch s?)\nÐ?a di?m n?p t?i trung tâm hành chính công t?nh Hòa Bình, t?i qu?y công an\n","kqtl_tgian":"2019-07-01T13:57:46.233","capdo":1,"status_code":99,"linhvuc":"Công an, An ninh","donvi":"T?ng dài 1022"}]
INFO  2019-07-09 08:33:35,500 1018235ms RequestModule          <.ctor>b__0_4      - v1/requests/portal/latest/sections
INFO  2019-07-09 08:33:35,500 1018235ms RequestModule          <.ctor>b__0_4      - [{"id":3,"ten":"Ðang ký"},{"id":6,"ten":"Góp ý"},{"id":1,"ten":"H?i thông tin"},{"id":2,"ten":"Ph?n ánh"},{"id":4,"ten":"Ph?n ánh ch?m tr?"},{"id":5,"ten":"Ph?n ánh thái d? c?a công ch?c"}]
INFO  2019-07-09 08:33:35,500 1018235ms RequestModule          <.ctor>b__0_4      - id = 3ten = Ðang ký
INFO  2019-07-09 08:33:35,500 1018235ms RequestModule          <.ctor>b__0_4      - id = 6ten = Góp ý
INFO  2019-07-09 08:33:35,500 1018235ms RequestModule          <.ctor>b__0_4      - id = 1ten = H?i thông tin
INFO  2019-07-09 08:33:35,500 1018235ms RequestModule          <.ctor>b__0_4      - id = 2ten = Ph?n ánh
INFO  2019-07-09 08:33:35,500 1018235ms RequestModule          <.ctor>b__0_4      - id = 4ten = Ph?n ánh ch?m tr?
INFO  2019-07-09 08:33:35,500 1018235ms RequestModule          <.ctor>b__0_4      - id = 5ten = Ph?n ánh thái d? c?a công ch?c
INFO  2019-07-09 08:33:35,531 1018266ms RequestModule          <.ctor>b__0_5      - v1/requests/portal/section/loadmore/3/0
INFO  2019-07-09 08:33:35,531 1018266ms RequestModule          <.ctor>b__0_5      - v1/requests/portal/section/loadmore/6/0
INFO  2019-07-09 08:33:35,547 1018281ms RequestModule          <.ctor>b__0_5      - v1/requests/portal/section/loadmore/1/0
INFO  2019-07-09 08:33:35,547 1018281ms RequestModule          <.ctor>b__0_5      - v1/requests/portal/section/loadmore/2/0
INFO  2019-07-09 08:33:35,547 1018281ms RequestModule          <.ctor>b__0_5      - v1/requests/portal/section/loadmore/4/0
INFO  2019-07-09 08:33:35,547 1018281ms RequestModule          <.ctor>b__0_5      - v1/requests/portal/section/loadmore/5/0
INFO  2019-07-09 08:54:07,957 2250691ms RequestModule          <.ctor>b__0_3      - v1/requests/portal/latest/acceptedlist
INFO  2019-07-09 08:54:07,973 2250707ms RequestModule          <.ctor>b__0_4      - v1/requests/portal/latest/sections
INFO  2019-07-09 08:54:07,973 2250707ms RequestModule          <.ctor>b__0_4      - [{"id":3,"ten":"Ðang ký"},{"id":6,"ten":"Góp ý"},{"id":1,"ten":"H?i thông tin"},{"id":2,"ten":"Ph?n ánh"},{"id":4,"ten":"Ph?n ánh ch?m tr?"},{"id":5,"ten":"Ph?n ánh thái d? c?a công ch?c"}]
INFO  2019-07-09 08:54:07,973 2250707ms RequestModule          <.ctor>b__0_4      - id = 3ten = Ðang ký
INFO  2019-07-09 08:54:07,973 2250707ms RequestModule          <.ctor>b__0_4      - id = 6ten = Góp ý
INFO  2019-07-09 08:54:07,988 2250723ms RequestModule          <.ctor>b__0_4      - id = 1ten = H?i thông tin
INFO  2019-07-09 08:54:07,988 2250723ms RequestModule          <.ctor>b__0_4      - id = 2ten = Ph?n ánh
INFO  2019-07-09 08:54:07,988 2250723ms RequestModule          <.ctor>b__0_4      - id = 4ten = Ph?n ánh ch?m tr?
INFO  2019-07-09 08:54:07,988 2250723ms RequestModule          <.ctor>b__0_4      - id = 5ten = Ph?n ánh thái d? c?a công ch?c
DEBUG 2019-07-09 08:54:07,988 2250723ms RequestModule          <.ctor>b__0_3      - [{"ycid":"2B239080719","content":"M?t tuy?n du?ng chính kéo dài hon 20km c?a ngu?i dân xã An bình dã xu?ng c?p t? nam 2011 và dã du?c chính quy?n  các c?p c?a t?nh hòa bình dã cho tu s?a vào nam 2016 nhung cung m?i ch? có thi công du?c ph?n c?u c?ng và h? th?ng thoát nu?c còn ph?n lòng du?ng  chua thi công d? cho khá nhi?u ? gà ? voi xu?t hi?n trên du?ng và mua gió xu?ng r?t khó di l?i trong m?y nam nay vì v?y e xin thay m?t t?t c? ngu?i dân xã An bình kh?n xin các c?p chính quy?n t?nh hòa bình mau chóng cho thi công do?n du?ng Dt479B cho ngu?i dân di l?i d? dàng hon.\nKính mong du?c ch?p thu?n ki?n ngh?","sendtime":"2019-07-08T08:22:22.57","hoten":"Nguy?n Minh Nghia","cmnd":"","sdt":"0375327359","diachi":"An son 2-An Bình- L?c Th?y","email":"emhatnhan@gmail.com","kqtl":"M?i anh ch? liên h? van phòng 1 c?a UBND huy?n L?c Th?y d? tr?c ti?p ki?n ngh? ph?n ánh.","kqtl_tgian":"2019-07-08T13:20:30.88","capdo":1,"status_code":99,"linhvuc":"S? XÂY D?NG","donvi":"T?ng dài 1022"},{"ycid":"84698270619","content":"bây gi? phu?ng dang ghép t?.làm l?i s? h? kh?u.mu?n làm l?i ch?ng minh thu có gi?y t? gì thay th? không","sendtime":"2019-06-27T13:16:11.49","hoten":"","cmnd":"","sdt":"0918909966","diachi":"","email":"","kqtl":"không có gi?y t? gì thay th?.d?i làm xong s? h? kh?u thì làm l?i ch?ng minh thu","kqtl_tgian":"2019-07-01T13:57:26.08","capdo":1,"status_code":99,"linhvuc":"Ch?ng th?c","donvi":"T?ng dài 1022"},{"ycid":"CA004260619","content":"Kiem tra hoat dong cua tong dai. Yeu cau thoi gian ket noi ngan nhat, tra loi day du, chinh xac  voi thai do phuc vu an can, chu dao, van minh, lich su huong den su hai long cao nhat cua nguoi dan va doanh nghiep!","sendtime":"2019-06-26T13:55:58.847","hoten":"Pham Anh Quy","cmnd":"","sdt":"0916144888","diachi":"Van phong UBND","email":"","kqtl":"Vâng, d?ng ý v?i ý ki?n nêu trên.","kqtl_tgian":"2019-07-01T13:57:35.057","capdo":1,"status_code":99,"linhvuc":"Hành chính s? nghi?p","donvi":"T?ng dài 1022"},{"ycid":"8D76A260619","content":"Xin h?i th? t?c c?p l?i ch?ng minh thu nhân dân khi b? m?t?","sendtime":"2019-06-26T13:49:59.53","hoten":"Nguy?n Minh Huy?n","cmnd":"","sdt":"0932210877","diachi":"To 7, Phuong Lam, Hoa Binh","email":"","kqtl":"Thành ph?n h? so g?m :\n- Ðon d? ngh? c?p l?i ch?ng minh nhân dân có xác nh?n c?a công an xã phu?ng th? tr?n noi thu?ng trú, có dán ?nh dóng d?u giáp lai vào góc ?nh)\n- S? h? kh?u\n- ?nh chân dung ( là ?nh màu ch?p chính di?n d?u d? tr?n rõ 2 tai, không deo kính tác phong nghiêm trang l?ch s?)\nÐ?a di?m n?p t?i trung tâm hành chính công t?nh Hòa Bình, t?i qu?y công an\n","kqtl_tgian":"2019-07-01T13:57:46.233","capdo":1,"status_code":99,"linhvuc":"Công an, An ninh","donvi":"T?ng dài 1022"}]
INFO  2019-07-09 08:54:08,066 2250801ms RequestModule          <.ctor>b__0_5      - v1/requests/portal/section/loadmore/3/0
INFO  2019-07-09 08:54:08,066 2250801ms RequestModule          <.ctor>b__0_5      - v1/requests/portal/section/loadmore/6/0
INFO  2019-07-09 08:54:08,082 2250816ms RequestModule          <.ctor>b__0_5      - v1/requests/portal/section/loadmore/1/0
INFO  2019-07-09 08:54:08,082 2250816ms RequestModule          <.ctor>b__0_5      - v1/requests/portal/section/loadmore/2/0
INFO  2019-07-09 08:54:08,082 2250816ms RequestModule          <.ctor>b__0_5      - v1/requests/portal/section/loadmore/4/0
INFO  2019-07-09 08:54:08,098 2250832ms RequestModule          <.ctor>b__0_5      - v1/requests/portal/section/loadmore/5/0
INFO  2019-07-09 10:19:09,867   281ms RequestModule          <.ctor>b__0_3      - v1/requests/portal/latest/acceptedlist
INFO  2019-07-09 10:19:09,882   296ms RequestModule          <.ctor>b__0_4      - v1/requests/portal/latest/sections
INFO  2019-07-09 10:19:10,101   515ms RequestModule          <.ctor>b__0_4      - [{"id":3,"ten":"Ðang ký"},{"id":6,"ten":"Góp ý"},{"id":1,"ten":"H?i thông tin"},{"id":2,"ten":"Ph?n ánh"},{"id":4,"ten":"Ph?n ánh ch?m tr?"},{"id":5,"ten":"Ph?n ánh thái d? c?a công ch?c"}]
INFO  2019-07-09 10:19:10,101   515ms RequestModule          <.ctor>b__0_4      - id = 3ten = Ðang ký
DEBUG 2019-07-09 10:19:10,101   515ms RequestModule          <.ctor>b__0_3      - [{"ycid":"2B239080719","content":"M?t tuy?n du?ng chính kéo dài hon 20km c?a ngu?i dân xã An bình dã xu?ng c?p t? nam 2011 và dã du?c chính quy?n  các c?p c?a t?nh hòa bình dã cho tu s?a vào nam 2016 nhung cung m?i ch? có thi công du?c ph?n c?u c?ng và h? th?ng thoát nu?c còn ph?n lòng du?ng  chua thi công d? cho khá nhi?u ? gà ? voi xu?t hi?n trên du?ng và mua gió xu?ng r?t khó di l?i trong m?y nam nay vì v?y e xin thay m?t t?t c? ngu?i dân xã An bình kh?n xin các c?p chính quy?n t?nh hòa bình mau chóng cho thi công do?n du?ng Dt479B cho ngu?i dân di l?i d? dàng hon.\nKính mong du?c ch?p thu?n ki?n ngh?","sendtime":"2019-07-08T08:22:22.57","hoten":"Nguy?n Minh Nghia","cmnd":"","sdt":"0375327359","diachi":"An son 2-An Bình- L?c Th?y","email":"emhatnhan@gmail.com","kqtl":"M?i anh ch? liên h? van phòng 1 c?a UBND huy?n L?c Th?y d? tr?c ti?p ki?n ngh? ph?n ánh.","kqtl_tgian":"2019-07-08T13:20:30.88","capdo":1,"status_code":99,"linhvuc":"S? XÂY D?NG","donvi":"T?ng dài 1022"},{"ycid":"84698270619","content":"bây gi? phu?ng dang ghép t?.làm l?i s? h? kh?u.mu?n làm l?i ch?ng minh thu có gi?y t? gì thay th? không","sendtime":"2019-06-27T13:16:11.49","hoten":"","cmnd":"","sdt":"0918909966","diachi":"","email":"","kqtl":"không có gi?y t? gì thay th?.d?i làm xong s? h? kh?u thì làm l?i ch?ng minh thu","kqtl_tgian":"2019-07-01T13:57:26.08","capdo":1,"status_code":99,"linhvuc":"Ch?ng th?c","donvi":"T?ng dài 1022"},{"ycid":"CA004260619","content":"Kiem tra hoat dong cua tong dai. Yeu cau thoi gian ket noi ngan nhat, tra loi day du, chinh xac  voi thai do phuc vu an can, chu dao, van minh, lich su huong den su hai long cao nhat cua nguoi dan va doanh nghiep!","sendtime":"2019-06-26T13:55:58.847","hoten":"Pham Anh Quy","cmnd":"","sdt":"0916144888","diachi":"Van phong UBND","email":"","kqtl":"Vâng, d?ng ý v?i ý ki?n nêu trên.","kqtl_tgian":"2019-07-01T13:57:35.057","capdo":1,"status_code":99,"linhvuc":"Hành chính s? nghi?p","donvi":"T?ng dài 1022"},{"ycid":"8D76A260619","content":"Xin h?i th? t?c c?p l?i ch?ng minh thu nhân dân khi b? m?t?","sendtime":"2019-06-26T13:49:59.53","hoten":"Nguy?n Minh Huy?n","cmnd":"","sdt":"0932210877","diachi":"To 7, Phuong Lam, Hoa Binh","email":"","kqtl":"Thành ph?n h? so g?m :\n- Ðon d? ngh? c?p l?i ch?ng minh nhân dân có xác nh?n c?a công an xã phu?ng th? tr?n noi thu?ng trú, có dán ?nh dóng d?u giáp lai vào góc ?nh)\n- S? h? kh?u\n- ?nh chân dung ( là ?nh màu ch?p chính di?n d?u d? tr?n rõ 2 tai, không deo kính tác phong nghiêm trang l?ch s?)\nÐ?a di?m n?p t?i trung tâm hành chính công t?nh Hòa Bình, t?i qu?y công an\n","kqtl_tgian":"2019-07-01T13:57:46.233","capdo":1,"status_code":99,"linhvuc":"Công an, An ninh","donvi":"T?ng dài 1022"}]
INFO  2019-07-09 10:19:10,101   515ms RequestModule          <.ctor>b__0_4      - id = 6ten = Góp ý
INFO  2019-07-09 10:19:10,117   531ms RequestModule          <.ctor>b__0_4      - id = 1ten = H?i thông tin
INFO  2019-07-09 10:19:10,117   531ms RequestModule          <.ctor>b__0_4      - id = 2ten = Ph?n ánh
INFO  2019-07-09 10:19:10,117   531ms RequestModule          <.ctor>b__0_4      - id = 4ten = Ph?n ánh ch?m tr?
INFO  2019-07-09 10:19:10,117   531ms RequestModule          <.ctor>b__0_4      - id = 5ten = Ph?n ánh thái d? c?a công ch?c
INFO  2019-07-09 10:19:10,242   656ms RequestModule          <.ctor>b__0_5      - v1/requests/portal/section/loadmore/4/0
INFO  2019-07-09 10:19:10,242   656ms RequestModule          <.ctor>b__0_5      - v1/requests/portal/section/loadmore/3/0
INFO  2019-07-09 10:19:10,242   656ms RequestModule          <.ctor>b__0_5      - v1/requests/portal/section/loadmore/1/0
INFO  2019-07-09 10:19:10,242   656ms RequestModule          <.ctor>b__0_5      - v1/requests/portal/section/loadmore/2/0
INFO  2019-07-09 10:19:10,242   656ms RequestModule          <.ctor>b__0_5      - v1/requests/portal/section/loadmore/6/0
INFO  2019-07-09 10:19:10,242   656ms RequestModule          <.ctor>b__0_5      - v1/requests/portal/section/loadmore/5/0
INFO  2019-07-09 10:20:21,260 71674ms RequestModule          <.ctor>b__0_3      - v1/requests/portal/latest/acceptedlist
INFO  2019-07-09 10:20:21,260 71674ms RequestModule          <.ctor>b__0_4      - v1/requests/portal/latest/sections
INFO  2019-07-09 10:20:21,260 71674ms RequestModule          <.ctor>b__0_4      - [{"id":3,"ten":"Ðang ký"},{"id":6,"ten":"Góp ý"},{"id":1,"ten":"H?i thông tin"},{"id":2,"ten":"Ph?n ánh"},{"id":4,"ten":"Ph?n ánh ch?m tr?"},{"id":5,"ten":"Ph?n ánh thái d? c?a công ch?c"}]
INFO  2019-07-09 10:20:21,260 71674ms RequestModule          <.ctor>b__0_4      - id = 3ten = Ðang ký
INFO  2019-07-09 10:20:21,260 71674ms RequestModule          <.ctor>b__0_4      - id = 6ten = Góp ý
INFO  2019-07-09 10:20:21,260 71674ms RequestModule          <.ctor>b__0_4      - id = 1ten = H?i thông tin
INFO  2019-07-09 10:20:21,260 71674ms RequestModule          <.ctor>b__0_4      - id = 2ten = Ph?n ánh
INFO  2019-07-09 10:20:21,260 71674ms RequestModule          <.ctor>b__0_4      - id = 4ten = Ph?n ánh ch?m tr?
INFO  2019-07-09 10:20:21,260 71674ms RequestModule          <.ctor>b__0_4      - id = 5ten = Ph?n ánh thái d? c?a công ch?c
DEBUG 2019-07-09 10:20:21,260 71674ms RequestModule          <.ctor>b__0_3      - [{"ycid":"2B239080719","content":"M?t tuy?n du?ng chính kéo dài hon 20km c?a ngu?i dân xã An bình dã xu?ng c?p t? nam 2011 và dã du?c chính quy?n  các c?p c?a t?nh hòa bình dã cho tu s?a vào nam 2016 nhung cung m?i ch? có thi công du?c ph?n c?u c?ng và h? th?ng thoát nu?c còn ph?n lòng du?ng  chua thi công d? cho khá nhi?u ? gà ? voi xu?t hi?n trên du?ng và mua gió xu?ng r?t khó di l?i trong m?y nam nay vì v?y e xin thay m?t t?t c? ngu?i dân xã An bình kh?n xin các c?p chính quy?n t?nh hòa bình mau chóng cho thi công do?n du?ng Dt479B cho ngu?i dân di l?i d? dàng hon.\nKính mong du?c ch?p thu?n ki?n ngh?","sendtime":"2019-07-08T08:22:22.57","hoten":"Nguy?n Minh Nghia","cmnd":"","sdt":"0375327359","diachi":"An son 2-An Bình- L?c Th?y","email":"emhatnhan@gmail.com","kqtl":"M?i anh ch? liên h? van phòng 1 c?a UBND huy?n L?c Th?y d? tr?c ti?p ki?n ngh? ph?n ánh.","kqtl_tgian":"2019-07-08T13:20:30.88","capdo":1,"status_code":99,"linhvuc":"S? XÂY D?NG","donvi":"T?ng dài 1022"},{"ycid":"84698270619","content":"bây gi? phu?ng dang ghép t?.làm l?i s? h? kh?u.mu?n làm l?i ch?ng minh thu có gi?y t? gì thay th? không","sendtime":"2019-06-27T13:16:11.49","hoten":"","cmnd":"","sdt":"0918909966","diachi":"","email":"","kqtl":"không có gi?y t? gì thay th?.d?i làm xong s? h? kh?u thì làm l?i ch?ng minh thu","kqtl_tgian":"2019-07-01T13:57:26.08","capdo":1,"status_code":99,"linhvuc":"Ch?ng th?c","donvi":"T?ng dài 1022"},{"ycid":"CA004260619","content":"Kiem tra hoat dong cua tong dai. Yeu cau thoi gian ket noi ngan nhat, tra loi day du, chinh xac  voi thai do phuc vu an can, chu dao, van minh, lich su huong den su hai long cao nhat cua nguoi dan va doanh nghiep!","sendtime":"2019-06-26T13:55:58.847","hoten":"Pham Anh Quy","cmnd":"","sdt":"0916144888","diachi":"Van phong UBND","email":"","kqtl":"Vâng, d?ng ý v?i ý ki?n nêu trên.","kqtl_tgian":"2019-07-01T13:57:35.057","capdo":1,"status_code":99,"linhvuc":"Hành chính s? nghi?p","donvi":"T?ng dài 1022"},{"ycid":"8D76A260619","content":"Xin h?i th? t?c c?p l?i ch?ng minh thu nhân dân khi b? m?t?","sendtime":"2019-06-26T13:49:59.53","hoten":"Nguy?n Minh Huy?n","cmnd":"","sdt":"0932210877","diachi":"To 7, Phuong Lam, Hoa Binh","email":"","kqtl":"Thành ph?n h? so g?m :\n- Ðon d? ngh? c?p l?i ch?ng minh nhân dân có xác nh?n c?a công an xã phu?ng th? tr?n noi thu?ng trú, có dán ?nh dóng d?u giáp lai vào góc ?nh)\n- S? h? kh?u\n- ?nh chân dung ( là ?nh màu ch?p chính di?n d?u d? tr?n rõ 2 tai, không deo kính tác phong nghiêm trang l?ch s?)\nÐ?a di?m n?p t?i trung tâm hành chính công t?nh Hòa Bình, t?i qu?y công an\n","kqtl_tgian":"2019-07-01T13:57:46.233","capdo":1,"status_code":99,"linhvuc":"Công an, An ninh","donvi":"T?ng dài 1022"}]
INFO  2019-07-09 10:20:21,307 71721ms RequestModule          <.ctor>b__0_5      - v1/requests/portal/section/loadmore/3/0
INFO  2019-07-09 10:20:21,307 71721ms RequestModule          <.ctor>b__0_5      - v1/requests/portal/section/loadmore/6/0
INFO  2019-07-09 10:20:21,307 71721ms RequestModule          <.ctor>b__0_5      - v1/requests/portal/section/loadmore/1/0
INFO  2019-07-09 10:20:21,307 71721ms RequestModule          <.ctor>b__0_5      - v1/requests/portal/section/loadmore/2/0
INFO  2019-07-09 10:20:21,307 71721ms RequestModule          <.ctor>b__0_5      - v1/requests/portal/section/loadmore/4/0
INFO  2019-07-09 10:20:21,307 71721ms RequestModule          <.ctor>b__0_5      - v1/requests/portal/section/loadmore/5/0
