INFO  2019-08-22 08:14:50,698   468ms RequestModule          <.ctor>b__0_3      - v1/requests/portal/latest/acceptedlist
INFO  2019-08-22 08:14:50,698   468ms RequestModule          <.ctor>b__0_4      - v1/requests/portal/latest/sections
INFO  2019-08-22 08:14:51,167   937ms RequestModule          <.ctor>b__0_4      - [{"id":3,"ten":"Ðang ký"},{"id":6,"ten":"Góp ý"},{"id":1,"ten":"H?i thông tin"},{"id":2,"ten":"Ph?n ánh"},{"id":4,"ten":"Ph?n ánh ch?m tr?"},{"id":5,"ten":"Ph?n ánh thái d? c?a công ch?c"}]
INFO  2019-08-22 08:14:51,167   937ms RequestModule          <.ctor>b__0_4      - id = 3ten = Ðang ký
INFO  2019-08-22 08:14:51,167   937ms RequestModule          <.ctor>b__0_4      - id = 6ten = Góp ý
INFO  2019-08-22 08:14:51,167   937ms RequestModule          <.ctor>b__0_4      - id = 1ten = H?i thông tin
DEBUG 2019-08-22 08:14:51,167   937ms RequestModule          <.ctor>b__0_3      - [{"ycid":"2B239080719","content":"M?t tuy?n du?ng chính kéo dài hon 20km c?a ngu?i dân xã An bình dã xu?ng c?p t? nam 2011 và dã du?c chính quy?n  các c?p c?a t?nh hòa bình dã cho tu s?a vào nam 2016 nhung cung m?i ch? có thi công du?c ph?n c?u c?ng và h? th?ng thoát nu?c còn ph?n lòng du?ng  chua thi công d? cho khá nhi?u ? gà ? voi xu?t hi?n trên du?ng và mua gió xu?ng r?t khó di l?i trong m?y nam nay vì v?y e xin thay m?t t?t c? ngu?i dân xã An bình kh?n xin các c?p chính quy?n t?nh hòa bình mau chóng cho thi công do?n du?ng Dt479B cho ngu?i dân di l?i d? dàng hon.\nKính mong du?c ch?p thu?n ki?n ngh?","sendtime":"2019-07-08T08:22:22.57","hoten":"Nguy?n Minh Nghia","cmnd":"","sdt":"0375327359","diachi":"An son 2-An Bình- L?c Th?y","email":"emhatnhan@gmail.com","kqtl":"M?i anh ch? liên h? van phòng 1 c?a UBND huy?n L?c Th?y d? tr?c ti?p ki?n ngh? ph?n ánh.","kqtl_tgian":"2019-07-08T13:20:30.88","capdo":1,"status_code":99,"linhvuc":"S? XÂY D?NG","donvi":"T?ng dài 1022"},{"ycid":"84698270619","content":"bây gi? phu?ng dang ghép t?.làm l?i s? h? kh?u.mu?n làm l?i ch?ng minh thu có gi?y t? gì thay th? không","sendtime":"2019-06-27T13:16:11.49","hoten":"","cmnd":"","sdt":"0918909966","diachi":"","email":"","kqtl":"không có gi?y t? gì thay th?.d?i làm xong s? h? kh?u thì làm l?i ch?ng minh thu","kqtl_tgian":"2019-07-01T13:57:26.08","capdo":1,"status_code":99,"linhvuc":"Ch?ng th?c","donvi":"T?ng dài 1022"},{"ycid":"CA004260619","content":"Kiem tra hoat dong cua tong dai. Yeu cau thoi gian ket noi ngan nhat, tra loi day du, chinh xac  voi thai do phuc vu an can, chu dao, van minh, lich su huong den su hai long cao nhat cua nguoi dan va doanh nghiep!","sendtime":"2019-06-26T13:55:58.847","hoten":"Pham Anh Quy","cmnd":"","sdt":"0916144888","diachi":"Van phong UBND","email":"","kqtl":"Vâng, d?ng ý v?i ý ki?n nêu trên.","kqtl_tgian":"2019-07-01T13:57:35.057","capdo":1,"status_code":99,"linhvuc":"Hành chính s? nghi?p","donvi":"T?ng dài 1022"},{"ycid":"8D76A260619","content":"Xin h?i th? t?c c?p l?i ch?ng minh thu nhân dân khi b? m?t?","sendtime":"2019-06-26T13:49:59.53","hoten":"Nguy?n Minh Huy?n","cmnd":"","sdt":"0932210877","diachi":"To 7, Phuong Lam, Hoa Binh","email":"","kqtl":"Thành ph?n h? so g?m :\n- Ðon d? ngh? c?p l?i ch?ng minh nhân dân có xác nh?n c?a công an xã phu?ng th? tr?n noi thu?ng trú, có dán ?nh dóng d?u giáp lai vào góc ?nh)\n- S? h? kh?u\n- ?nh chân dung ( là ?nh màu ch?p chính di?n d?u d? tr?n rõ 2 tai, không deo kính tác phong nghiêm trang l?ch s?)\nÐ?a di?m n?p t?i trung tâm hành chính công t?nh Hòa Bình, t?i qu?y công an\n","kqtl_tgian":"2019-07-01T13:57:46.233","capdo":1,"status_code":99,"linhvuc":"Công an, An ninh","donvi":"T?ng dài 1022"}]
INFO  2019-08-22 08:14:51,167   937ms RequestModule          <.ctor>b__0_4      - id = 2ten = Ph?n ánh
INFO  2019-08-22 08:14:51,167   937ms RequestModule          <.ctor>b__0_4      - id = 4ten = Ph?n ánh ch?m tr?
INFO  2019-08-22 08:14:51,167   937ms RequestModule          <.ctor>b__0_4      - id = 5ten = Ph?n ánh thái d? c?a công ch?c
INFO  2019-08-22 08:14:51,261  1031ms RequestModule          <.ctor>b__0_5      - v1/requests/portal/section/loadmore/3/0
INFO  2019-08-22 08:14:51,276  1046ms RequestModule          <.ctor>b__0_5      - v1/requests/portal/section/loadmore/5/0
INFO  2019-08-22 08:14:51,276  1046ms RequestModule          <.ctor>b__0_5      - v1/requests/portal/section/loadmore/4/0
INFO  2019-08-22 08:14:51,276  1046ms RequestModule          <.ctor>b__0_5      - v1/requests/portal/section/loadmore/6/0
INFO  2019-08-22 08:14:51,276  1046ms RequestModule          <.ctor>b__0_5      - v1/requests/portal/section/loadmore/1/0
INFO  2019-08-22 08:14:51,276  1046ms RequestModule          <.ctor>b__0_5      - v1/requests/portal/section/loadmore/2/0
INFO  2019-08-22 08:16:46,011 115781ms RequestModule          <.ctor>b__0_3      - v1/requests/portal/latest/acceptedlist
INFO  2019-08-22 08:16:46,026 115796ms RequestModule          <.ctor>b__0_4      - v1/requests/portal/latest/sections
INFO  2019-08-22 08:16:46,026 115796ms RequestModule          <.ctor>b__0_4      - [{"id":3,"ten":"Ðang ký"},{"id":6,"ten":"Góp ý"},{"id":1,"ten":"H?i thông tin"},{"id":2,"ten":"Ph?n ánh"},{"id":4,"ten":"Ph?n ánh ch?m tr?"},{"id":5,"ten":"Ph?n ánh thái d? c?a công ch?c"}]
INFO  2019-08-22 08:16:46,026 115796ms RequestModule          <.ctor>b__0_4      - id = 3ten = Ðang ký
INFO  2019-08-22 08:16:46,026 115796ms RequestModule          <.ctor>b__0_4      - id = 6ten = Góp ý
INFO  2019-08-22 08:16:46,026 115796ms RequestModule          <.ctor>b__0_4      - id = 1ten = H?i thông tin
INFO  2019-08-22 08:16:46,026 115796ms RequestModule          <.ctor>b__0_4      - id = 2ten = Ph?n ánh
INFO  2019-08-22 08:16:46,026 115796ms RequestModule          <.ctor>b__0_4      - id = 4ten = Ph?n ánh ch?m tr?
INFO  2019-08-22 08:16:46,026 115796ms RequestModule          <.ctor>b__0_4      - id = 5ten = Ph?n ánh thái d? c?a công ch?c
DEBUG 2019-08-22 08:16:46,042 115812ms RequestModule          <.ctor>b__0_3      - [{"ycid":"2B239080719","content":"M?t tuy?n du?ng chính kéo dài hon 20km c?a ngu?i dân xã An bình dã xu?ng c?p t? nam 2011 và dã du?c chính quy?n  các c?p c?a t?nh hòa bình dã cho tu s?a vào nam 2016 nhung cung m?i ch? có thi công du?c ph?n c?u c?ng và h? th?ng thoát nu?c còn ph?n lòng du?ng  chua thi công d? cho khá nhi?u ? gà ? voi xu?t hi?n trên du?ng và mua gió xu?ng r?t khó di l?i trong m?y nam nay vì v?y e xin thay m?t t?t c? ngu?i dân xã An bình kh?n xin các c?p chính quy?n t?nh hòa bình mau chóng cho thi công do?n du?ng Dt479B cho ngu?i dân di l?i d? dàng hon.\nKính mong du?c ch?p thu?n ki?n ngh?","sendtime":"2019-07-08T08:22:22.57","hoten":"Nguy?n Minh Nghia","cmnd":"","sdt":"0375327359","diachi":"An son 2-An Bình- L?c Th?y","email":"emhatnhan@gmail.com","kqtl":"M?i anh ch? liên h? van phòng 1 c?a UBND huy?n L?c Th?y d? tr?c ti?p ki?n ngh? ph?n ánh.","kqtl_tgian":"2019-07-08T13:20:30.88","capdo":1,"status_code":99,"linhvuc":"S? XÂY D?NG","donvi":"T?ng dài 1022"},{"ycid":"84698270619","content":"bây gi? phu?ng dang ghép t?.làm l?i s? h? kh?u.mu?n làm l?i ch?ng minh thu có gi?y t? gì thay th? không","sendtime":"2019-06-27T13:16:11.49","hoten":"","cmnd":"","sdt":"0918909966","diachi":"","email":"","kqtl":"không có gi?y t? gì thay th?.d?i làm xong s? h? kh?u thì làm l?i ch?ng minh thu","kqtl_tgian":"2019-07-01T13:57:26.08","capdo":1,"status_code":99,"linhvuc":"Ch?ng th?c","donvi":"T?ng dài 1022"},{"ycid":"CA004260619","content":"Kiem tra hoat dong cua tong dai. Yeu cau thoi gian ket noi ngan nhat, tra loi day du, chinh xac  voi thai do phuc vu an can, chu dao, van minh, lich su huong den su hai long cao nhat cua nguoi dan va doanh nghiep!","sendtime":"2019-06-26T13:55:58.847","hoten":"Pham Anh Quy","cmnd":"","sdt":"0916144888","diachi":"Van phong UBND","email":"","kqtl":"Vâng, d?ng ý v?i ý ki?n nêu trên.","kqtl_tgian":"2019-07-01T13:57:35.057","capdo":1,"status_code":99,"linhvuc":"Hành chính s? nghi?p","donvi":"T?ng dài 1022"},{"ycid":"8D76A260619","content":"Xin h?i th? t?c c?p l?i ch?ng minh thu nhân dân khi b? m?t?","sendtime":"2019-06-26T13:49:59.53","hoten":"Nguy?n Minh Huy?n","cmnd":"","sdt":"0932210877","diachi":"To 7, Phuong Lam, Hoa Binh","email":"","kqtl":"Thành ph?n h? so g?m :\n- Ðon d? ngh? c?p l?i ch?ng minh nhân dân có xác nh?n c?a công an xã phu?ng th? tr?n noi thu?ng trú, có dán ?nh dóng d?u giáp lai vào góc ?nh)\n- S? h? kh?u\n- ?nh chân dung ( là ?nh màu ch?p chính di?n d?u d? tr?n rõ 2 tai, không deo kính tác phong nghiêm trang l?ch s?)\nÐ?a di?m n?p t?i trung tâm hành chính công t?nh Hòa Bình, t?i qu?y công an\n","kqtl_tgian":"2019-07-01T13:57:46.233","capdo":1,"status_code":99,"linhvuc":"Công an, An ninh","donvi":"T?ng dài 1022"}]
INFO  2019-08-22 08:16:46,120 115890ms RequestModule          <.ctor>b__0_5      - v1/requests/portal/section/loadmore/3/0
INFO  2019-08-22 08:16:46,120 115890ms RequestModule          <.ctor>b__0_5      - v1/requests/portal/section/loadmore/6/0
INFO  2019-08-22 08:16:46,136 115906ms RequestModule          <.ctor>b__0_5      - v1/requests/portal/section/loadmore/1/0
INFO  2019-08-22 08:16:46,136 115906ms RequestModule          <.ctor>b__0_5      - v1/requests/portal/section/loadmore/4/0
INFO  2019-08-22 08:16:46,136 115906ms RequestModule          <.ctor>b__0_5      - v1/requests/portal/section/loadmore/5/0
INFO  2019-08-22 08:16:46,136 115906ms RequestModule          <.ctor>b__0_5      - v1/requests/portal/section/loadmore/2/0
INFO  2019-08-22 08:18:59,120 248890ms RequestModule          <.ctor>b__0_3      - v1/requests/portal/latest/acceptedlist
INFO  2019-08-22 08:18:59,120 248890ms RequestModule          <.ctor>b__0_4      - v1/requests/portal/latest/sections
INFO  2019-08-22 08:18:59,136 248906ms RequestModule          <.ctor>b__0_4      - [{"id":3,"ten":"Ðang ký"},{"id":6,"ten":"Góp ý"},{"id":1,"ten":"H?i thông tin"},{"id":2,"ten":"Ph?n ánh"},{"id":4,"ten":"Ph?n ánh ch?m tr?"},{"id":5,"ten":"Ph?n ánh thái d? c?a công ch?c"}]
INFO  2019-08-22 08:18:59,136 248906ms RequestModule          <.ctor>b__0_4      - id = 3ten = Ðang ký
INFO  2019-08-22 08:18:59,136 248906ms RequestModule          <.ctor>b__0_4      - id = 6ten = Góp ý
INFO  2019-08-22 08:18:59,136 248906ms RequestModule          <.ctor>b__0_4      - id = 1ten = H?i thông tin
INFO  2019-08-22 08:18:59,136 248906ms RequestModule          <.ctor>b__0_4      - id = 2ten = Ph?n ánh
INFO  2019-08-22 08:18:59,136 248906ms RequestModule          <.ctor>b__0_4      - id = 4ten = Ph?n ánh ch?m tr?
INFO  2019-08-22 08:18:59,136 248906ms RequestModule          <.ctor>b__0_4      - id = 5ten = Ph?n ánh thái d? c?a công ch?c
DEBUG 2019-08-22 08:18:59,136 248906ms RequestModule          <.ctor>b__0_3      - [{"ycid":"2B239080719","content":"M?t tuy?n du?ng chính kéo dài hon 20km c?a ngu?i dân xã An bình dã xu?ng c?p t? nam 2011 và dã du?c chính quy?n  các c?p c?a t?nh hòa bình dã cho tu s?a vào nam 2016 nhung cung m?i ch? có thi công du?c ph?n c?u c?ng và h? th?ng thoát nu?c còn ph?n lòng du?ng  chua thi công d? cho khá nhi?u ? gà ? voi xu?t hi?n trên du?ng và mua gió xu?ng r?t khó di l?i trong m?y nam nay vì v?y e xin thay m?t t?t c? ngu?i dân xã An bình kh?n xin các c?p chính quy?n t?nh hòa bình mau chóng cho thi công do?n du?ng Dt479B cho ngu?i dân di l?i d? dàng hon.\nKính mong du?c ch?p thu?n ki?n ngh?","sendtime":"2019-07-08T08:22:22.57","hoten":"Nguy?n Minh Nghia","cmnd":"","sdt":"0375327359","diachi":"An son 2-An Bình- L?c Th?y","email":"emhatnhan@gmail.com","kqtl":"M?i anh ch? liên h? van phòng 1 c?a UBND huy?n L?c Th?y d? tr?c ti?p ki?n ngh? ph?n ánh.","kqtl_tgian":"2019-07-08T13:20:30.88","capdo":1,"status_code":99,"linhvuc":"S? XÂY D?NG","donvi":"T?ng dài 1022"},{"ycid":"84698270619","content":"bây gi? phu?ng dang ghép t?.làm l?i s? h? kh?u.mu?n làm l?i ch?ng minh thu có gi?y t? gì thay th? không","sendtime":"2019-06-27T13:16:11.49","hoten":"","cmnd":"","sdt":"0918909966","diachi":"","email":"","kqtl":"không có gi?y t? gì thay th?.d?i làm xong s? h? kh?u thì làm l?i ch?ng minh thu","kqtl_tgian":"2019-07-01T13:57:26.08","capdo":1,"status_code":99,"linhvuc":"Ch?ng th?c","donvi":"T?ng dài 1022"},{"ycid":"CA004260619","content":"Kiem tra hoat dong cua tong dai. Yeu cau thoi gian ket noi ngan nhat, tra loi day du, chinh xac  voi thai do phuc vu an can, chu dao, van minh, lich su huong den su hai long cao nhat cua nguoi dan va doanh nghiep!","sendtime":"2019-06-26T13:55:58.847","hoten":"Pham Anh Quy","cmnd":"","sdt":"0916144888","diachi":"Van phong UBND","email":"","kqtl":"Vâng, d?ng ý v?i ý ki?n nêu trên.","kqtl_tgian":"2019-07-01T13:57:35.057","capdo":1,"status_code":99,"linhvuc":"Hành chính s? nghi?p","donvi":"T?ng dài 1022"},{"ycid":"8D76A260619","content":"Xin h?i th? t?c c?p l?i ch?ng minh thu nhân dân khi b? m?t?","sendtime":"2019-06-26T13:49:59.53","hoten":"Nguy?n Minh Huy?n","cmnd":"","sdt":"0932210877","diachi":"To 7, Phuong Lam, Hoa Binh","email":"","kqtl":"Thành ph?n h? so g?m :\n- Ðon d? ngh? c?p l?i ch?ng minh nhân dân có xác nh?n c?a công an xã phu?ng th? tr?n noi thu?ng trú, có dán ?nh dóng d?u giáp lai vào góc ?nh)\n- S? h? kh?u\n- ?nh chân dung ( là ?nh màu ch?p chính di?n d?u d? tr?n rõ 2 tai, không deo kính tác phong nghiêm trang l?ch s?)\nÐ?a di?m n?p t?i trung tâm hành chính công t?nh Hòa Bình, t?i qu?y công an\n","kqtl_tgian":"2019-07-01T13:57:46.233","capdo":1,"status_code":99,"linhvuc":"Công an, An ninh","donvi":"T?ng dài 1022"}]
INFO  2019-08-22 08:18:59,245 249015ms RequestModule          <.ctor>b__0_5      - v1/requests/portal/section/loadmore/3/0
INFO  2019-08-22 08:18:59,261 249031ms RequestModule          <.ctor>b__0_5      - v1/requests/portal/section/loadmore/6/0
INFO  2019-08-22 08:18:59,261 249031ms RequestModule          <.ctor>b__0_5      - v1/requests/portal/section/loadmore/1/0
INFO  2019-08-22 08:18:59,261 249031ms RequestModule          <.ctor>b__0_5      - v1/requests/portal/section/loadmore/2/0
INFO  2019-08-22 08:18:59,261 249031ms RequestModule          <.ctor>b__0_5      - v1/requests/portal/section/loadmore/4/0
INFO  2019-08-22 08:18:59,261 249031ms RequestModule          <.ctor>b__0_5      - v1/requests/portal/section/loadmore/5/0
INFO  2019-08-22 08:19:56,042 305812ms RequestModule          <.ctor>b__0_4      - v1/requests/portal/latest/sections
INFO  2019-08-22 08:19:56,042 305812ms RequestModule          <.ctor>b__0_3      - v1/requests/portal/latest/acceptedlist
INFO  2019-08-22 08:19:56,042 305812ms RequestModule          <.ctor>b__0_4      - [{"id":3,"ten":"Ðang ký"},{"id":6,"ten":"Góp ý"},{"id":1,"ten":"H?i thông tin"},{"id":2,"ten":"Ph?n ánh"},{"id":4,"ten":"Ph?n ánh ch?m tr?"},{"id":5,"ten":"Ph?n ánh thái d? c?a công ch?c"}]
INFO  2019-08-22 08:19:56,042 305812ms RequestModule          <.ctor>b__0_4      - id = 3ten = Ðang ký
INFO  2019-08-22 08:19:56,042 305812ms RequestModule          <.ctor>b__0_4      - id = 6ten = Góp ý
INFO  2019-08-22 08:19:56,058 305828ms RequestModule          <.ctor>b__0_4      - id = 1ten = H?i thông tin
INFO  2019-08-22 08:19:56,058 305828ms RequestModule          <.ctor>b__0_4      - id = 2ten = Ph?n ánh
INFO  2019-08-22 08:19:56,058 305828ms RequestModule          <.ctor>b__0_4      - id = 4ten = Ph?n ánh ch?m tr?
INFO  2019-08-22 08:19:56,058 305828ms RequestModule          <.ctor>b__0_4      - id = 5ten = Ph?n ánh thái d? c?a công ch?c
DEBUG 2019-08-22 08:19:56,058 305828ms RequestModule          <.ctor>b__0_3      - [{"ycid":"2B239080719","content":"M?t tuy?n du?ng chính kéo dài hon 20km c?a ngu?i dân xã An bình dã xu?ng c?p t? nam 2011 và dã du?c chính quy?n  các c?p c?a t?nh hòa bình dã cho tu s?a vào nam 2016 nhung cung m?i ch? có thi công du?c ph?n c?u c?ng và h? th?ng thoát nu?c còn ph?n lòng du?ng  chua thi công d? cho khá nhi?u ? gà ? voi xu?t hi?n trên du?ng và mua gió xu?ng r?t khó di l?i trong m?y nam nay vì v?y e xin thay m?t t?t c? ngu?i dân xã An bình kh?n xin các c?p chính quy?n t?nh hòa bình mau chóng cho thi công do?n du?ng Dt479B cho ngu?i dân di l?i d? dàng hon.\nKính mong du?c ch?p thu?n ki?n ngh?","sendtime":"2019-07-08T08:22:22.57","hoten":"Nguy?n Minh Nghia","cmnd":"","sdt":"0375327359","diachi":"An son 2-An Bình- L?c Th?y","email":"emhatnhan@gmail.com","kqtl":"M?i anh ch? liên h? van phòng 1 c?a UBND huy?n L?c Th?y d? tr?c ti?p ki?n ngh? ph?n ánh.","kqtl_tgian":"2019-07-08T13:20:30.88","capdo":1,"status_code":99,"linhvuc":"S? XÂY D?NG","donvi":"T?ng dài 1022"},{"ycid":"84698270619","content":"bây gi? phu?ng dang ghép t?.làm l?i s? h? kh?u.mu?n làm l?i ch?ng minh thu có gi?y t? gì thay th? không","sendtime":"2019-06-27T13:16:11.49","hoten":"","cmnd":"","sdt":"0918909966","diachi":"","email":"","kqtl":"không có gi?y t? gì thay th?.d?i làm xong s? h? kh?u thì làm l?i ch?ng minh thu","kqtl_tgian":"2019-07-01T13:57:26.08","capdo":1,"status_code":99,"linhvuc":"Ch?ng th?c","donvi":"T?ng dài 1022"},{"ycid":"CA004260619","content":"Kiem tra hoat dong cua tong dai. Yeu cau thoi gian ket noi ngan nhat, tra loi day du, chinh xac  voi thai do phuc vu an can, chu dao, van minh, lich su huong den su hai long cao nhat cua nguoi dan va doanh nghiep!","sendtime":"2019-06-26T13:55:58.847","hoten":"Pham Anh Quy","cmnd":"","sdt":"0916144888","diachi":"Van phong UBND","email":"","kqtl":"Vâng, d?ng ý v?i ý ki?n nêu trên.","kqtl_tgian":"2019-07-01T13:57:35.057","capdo":1,"status_code":99,"linhvuc":"Hành chính s? nghi?p","donvi":"T?ng dài 1022"},{"ycid":"8D76A260619","content":"Xin h?i th? t?c c?p l?i ch?ng minh thu nhân dân khi b? m?t?","sendtime":"2019-06-26T13:49:59.53","hoten":"Nguy?n Minh Huy?n","cmnd":"","sdt":"0932210877","diachi":"To 7, Phuong Lam, Hoa Binh","email":"","kqtl":"Thành ph?n h? so g?m :\n- Ðon d? ngh? c?p l?i ch?ng minh nhân dân có xác nh?n c?a công an xã phu?ng th? tr?n noi thu?ng trú, có dán ?nh dóng d?u giáp lai vào góc ?nh)\n- S? h? kh?u\n- ?nh chân dung ( là ?nh màu ch?p chính di?n d?u d? tr?n rõ 2 tai, không deo kính tác phong nghiêm trang l?ch s?)\nÐ?a di?m n?p t?i trung tâm hành chính công t?nh Hòa Bình, t?i qu?y công an\n","kqtl_tgian":"2019-07-01T13:57:46.233","capdo":1,"status_code":99,"linhvuc":"Công an, An ninh","donvi":"T?ng dài 1022"}]
INFO  2019-08-22 08:19:56,183 305953ms RequestModule          <.ctor>b__0_5      - v1/requests/portal/section/loadmore/3/0
INFO  2019-08-22 08:19:56,183 305953ms RequestModule          <.ctor>b__0_5      - v1/requests/portal/section/loadmore/6/0
INFO  2019-08-22 08:19:56,183 305953ms RequestModule          <.ctor>b__0_5      - v1/requests/portal/section/loadmore/1/0
INFO  2019-08-22 08:19:56,198 305968ms RequestModule          <.ctor>b__0_5      - v1/requests/portal/section/loadmore/2/0
INFO  2019-08-22 08:19:56,198 305968ms RequestModule          <.ctor>b__0_5      - v1/requests/portal/section/loadmore/4/0
INFO  2019-08-22 08:19:56,198 305968ms RequestModule          <.ctor>b__0_5      - v1/requests/portal/section/loadmore/5/0
INFO  2019-08-22 08:53:47,636 2337406ms RequestModule          <.ctor>b__0_3      - v1/requests/portal/latest/acceptedlist
INFO  2019-08-22 08:53:47,636 2337406ms RequestModule          <.ctor>b__0_4      - v1/requests/portal/latest/sections
INFO  2019-08-22 08:53:47,651 2337421ms RequestModule          <.ctor>b__0_4      - [{"id":3,"ten":"Ðang ký"},{"id":6,"ten":"Góp ý"},{"id":1,"ten":"H?i thông tin"},{"id":2,"ten":"Ph?n ánh"},{"id":4,"ten":"Ph?n ánh ch?m tr?"},{"id":5,"ten":"Ph?n ánh thái d? c?a công ch?c"}]
INFO  2019-08-22 08:53:47,651 2337421ms RequestModule          <.ctor>b__0_4      - id = 3ten = Ðang ký
INFO  2019-08-22 08:53:47,651 2337421ms RequestModule          <.ctor>b__0_4      - id = 6ten = Góp ý
INFO  2019-08-22 08:53:47,651 2337421ms RequestModule          <.ctor>b__0_4      - id = 1ten = H?i thông tin
INFO  2019-08-22 08:53:47,651 2337421ms RequestModule          <.ctor>b__0_4      - id = 2ten = Ph?n ánh
INFO  2019-08-22 08:53:47,651 2337421ms RequestModule          <.ctor>b__0_4      - id = 4ten = Ph?n ánh ch?m tr?
INFO  2019-08-22 08:53:47,651 2337421ms RequestModule          <.ctor>b__0_4      - id = 5ten = Ph?n ánh thái d? c?a công ch?c
DEBUG 2019-08-22 08:53:47,651 2337421ms RequestModule          <.ctor>b__0_3      - [{"ycid":"2B239080719","content":"M?t tuy?n du?ng chính kéo dài hon 20km c?a ngu?i dân xã An bình dã xu?ng c?p t? nam 2011 và dã du?c chính quy?n  các c?p c?a t?nh hòa bình dã cho tu s?a vào nam 2016 nhung cung m?i ch? có thi công du?c ph?n c?u c?ng và h? th?ng thoát nu?c còn ph?n lòng du?ng  chua thi công d? cho khá nhi?u ? gà ? voi xu?t hi?n trên du?ng và mua gió xu?ng r?t khó di l?i trong m?y nam nay vì v?y e xin thay m?t t?t c? ngu?i dân xã An bình kh?n xin các c?p chính quy?n t?nh hòa bình mau chóng cho thi công do?n du?ng Dt479B cho ngu?i dân di l?i d? dàng hon.\nKính mong du?c ch?p thu?n ki?n ngh?","sendtime":"2019-07-08T08:22:22.57","hoten":"Nguy?n Minh Nghia","cmnd":"","sdt":"0375327359","diachi":"An son 2-An Bình- L?c Th?y","email":"emhatnhan@gmail.com","kqtl":"M?i anh ch? liên h? van phòng 1 c?a UBND huy?n L?c Th?y d? tr?c ti?p ki?n ngh? ph?n ánh.","kqtl_tgian":"2019-07-08T13:20:30.88","capdo":1,"status_code":99,"linhvuc":"S? XÂY D?NG","donvi":"T?ng dài 1022"},{"ycid":"84698270619","content":"bây gi? phu?ng dang ghép t?.làm l?i s? h? kh?u.mu?n làm l?i ch?ng minh thu có gi?y t? gì thay th? không","sendtime":"2019-06-27T13:16:11.49","hoten":"","cmnd":"","sdt":"0918909966","diachi":"","email":"","kqtl":"không có gi?y t? gì thay th?.d?i làm xong s? h? kh?u thì làm l?i ch?ng minh thu","kqtl_tgian":"2019-07-01T13:57:26.08","capdo":1,"status_code":99,"linhvuc":"Ch?ng th?c","donvi":"T?ng dài 1022"},{"ycid":"CA004260619","content":"Kiem tra hoat dong cua tong dai. Yeu cau thoi gian ket noi ngan nhat, tra loi day du, chinh xac  voi thai do phuc vu an can, chu dao, van minh, lich su huong den su hai long cao nhat cua nguoi dan va doanh nghiep!","sendtime":"2019-06-26T13:55:58.847","hoten":"Pham Anh Quy","cmnd":"","sdt":"0916144888","diachi":"Van phong UBND","email":"","kqtl":"Vâng, d?ng ý v?i ý ki?n nêu trên.","kqtl_tgian":"2019-07-01T13:57:35.057","capdo":1,"status_code":99,"linhvuc":"Hành chính s? nghi?p","donvi":"T?ng dài 1022"},{"ycid":"8D76A260619","content":"Xin h?i th? t?c c?p l?i ch?ng minh thu nhân dân khi b? m?t?","sendtime":"2019-06-26T13:49:59.53","hoten":"Nguy?n Minh Huy?n","cmnd":"","sdt":"0932210877","diachi":"To 7, Phuong Lam, Hoa Binh","email":"","kqtl":"Thành ph?n h? so g?m :\n- Ðon d? ngh? c?p l?i ch?ng minh nhân dân có xác nh?n c?a công an xã phu?ng th? tr?n noi thu?ng trú, có dán ?nh dóng d?u giáp lai vào góc ?nh)\n- S? h? kh?u\n- ?nh chân dung ( là ?nh màu ch?p chính di?n d?u d? tr?n rõ 2 tai, không deo kính tác phong nghiêm trang l?ch s?)\nÐ?a di?m n?p t?i trung tâm hành chính công t?nh Hòa Bình, t?i qu?y công an\n","kqtl_tgian":"2019-07-01T13:57:46.233","capdo":1,"status_code":99,"linhvuc":"Công an, An ninh","donvi":"T?ng dài 1022"}]
INFO  2019-08-22 08:53:47,917 2337687ms RequestModule          <.ctor>b__0_5      - v1/requests/portal/section/loadmore/3/0
INFO  2019-08-22 08:53:47,948 2337718ms RequestModule          <.ctor>b__0_5      - v1/requests/portal/section/loadmore/6/0
INFO  2019-08-22 08:53:47,948 2337718ms RequestModule          <.ctor>b__0_5      - v1/requests/portal/section/loadmore/1/0
INFO  2019-08-22 08:53:47,948 2337718ms RequestModule          <.ctor>b__0_5      - v1/requests/portal/section/loadmore/2/0
INFO  2019-08-22 08:53:47,964 2337734ms RequestModule          <.ctor>b__0_5      - v1/requests/portal/section/loadmore/4/0
INFO  2019-08-22 08:53:47,964 2337734ms RequestModule          <.ctor>b__0_5      - v1/requests/portal/section/loadmore/5/0
INFO  2019-08-22 08:53:58,120 2347890ms RequestModule          <.ctor>b__0_3      - v1/requests/portal/latest/acceptedlist
INFO  2019-08-22 08:53:58,120 2347890ms RequestModule          <.ctor>b__0_4      - v1/requests/portal/latest/sections
INFO  2019-08-22 08:53:58,136 2347906ms RequestModule          <.ctor>b__0_4      - [{"id":3,"ten":"Ðang ký"},{"id":6,"ten":"Góp ý"},{"id":1,"ten":"H?i thông tin"},{"id":2,"ten":"Ph?n ánh"},{"id":4,"ten":"Ph?n ánh ch?m tr?"},{"id":5,"ten":"Ph?n ánh thái d? c?a công ch?c"}]
INFO  2019-08-22 08:53:58,136 2347906ms RequestModule          <.ctor>b__0_4      - id = 3ten = Ðang ký
INFO  2019-08-22 08:53:58,136 2347906ms RequestModule          <.ctor>b__0_4      - id = 6ten = Góp ý
INFO  2019-08-22 08:53:58,136 2347906ms RequestModule          <.ctor>b__0_4      - id = 1ten = H?i thông tin
INFO  2019-08-22 08:53:58,136 2347906ms RequestModule          <.ctor>b__0_4      - id = 2ten = Ph?n ánh
DEBUG 2019-08-22 08:53:58,136 2347906ms RequestModule          <.ctor>b__0_3      - [{"ycid":"2B239080719","content":"M?t tuy?n du?ng chính kéo dài hon 20km c?a ngu?i dân xã An bình dã xu?ng c?p t? nam 2011 và dã du?c chính quy?n  các c?p c?a t?nh hòa bình dã cho tu s?a vào nam 2016 nhung cung m?i ch? có thi công du?c ph?n c?u c?ng và h? th?ng thoát nu?c còn ph?n lòng du?ng  chua thi công d? cho khá nhi?u ? gà ? voi xu?t hi?n trên du?ng và mua gió xu?ng r?t khó di l?i trong m?y nam nay vì v?y e xin thay m?t t?t c? ngu?i dân xã An bình kh?n xin các c?p chính quy?n t?nh hòa bình mau chóng cho thi công do?n du?ng Dt479B cho ngu?i dân di l?i d? dàng hon.\nKính mong du?c ch?p thu?n ki?n ngh?","sendtime":"2019-07-08T08:22:22.57","hoten":"Nguy?n Minh Nghia","cmnd":"","sdt":"0375327359","diachi":"An son 2-An Bình- L?c Th?y","email":"emhatnhan@gmail.com","kqtl":"M?i anh ch? liên h? van phòng 1 c?a UBND huy?n L?c Th?y d? tr?c ti?p ki?n ngh? ph?n ánh.","kqtl_tgian":"2019-07-08T13:20:30.88","capdo":1,"status_code":99,"linhvuc":"S? XÂY D?NG","donvi":"T?ng dài 1022"},{"ycid":"84698270619","content":"bây gi? phu?ng dang ghép t?.làm l?i s? h? kh?u.mu?n làm l?i ch?ng minh thu có gi?y t? gì thay th? không","sendtime":"2019-06-27T13:16:11.49","hoten":"","cmnd":"","sdt":"0918909966","diachi":"","email":"","kqtl":"không có gi?y t? gì thay th?.d?i làm xong s? h? kh?u thì làm l?i ch?ng minh thu","kqtl_tgian":"2019-07-01T13:57:26.08","capdo":1,"status_code":99,"linhvuc":"Ch?ng th?c","donvi":"T?ng dài 1022"},{"ycid":"CA004260619","content":"Kiem tra hoat dong cua tong dai. Yeu cau thoi gian ket noi ngan nhat, tra loi day du, chinh xac  voi thai do phuc vu an can, chu dao, van minh, lich su huong den su hai long cao nhat cua nguoi dan va doanh nghiep!","sendtime":"2019-06-26T13:55:58.847","hoten":"Pham Anh Quy","cmnd":"","sdt":"0916144888","diachi":"Van phong UBND","email":"","kqtl":"Vâng, d?ng ý v?i ý ki?n nêu trên.","kqtl_tgian":"2019-07-01T13:57:35.057","capdo":1,"status_code":99,"linhvuc":"Hành chính s? nghi?p","donvi":"T?ng dài 1022"},{"ycid":"8D76A260619","content":"Xin h?i th? t?c c?p l?i ch?ng minh thu nhân dân khi b? m?t?","sendtime":"2019-06-26T13:49:59.53","hoten":"Nguy?n Minh Huy?n","cmnd":"","sdt":"0932210877","diachi":"To 7, Phuong Lam, Hoa Binh","email":"","kqtl":"Thành ph?n h? so g?m :\n- Ðon d? ngh? c?p l?i ch?ng minh nhân dân có xác nh?n c?a công an xã phu?ng th? tr?n noi thu?ng trú, có dán ?nh dóng d?u giáp lai vào góc ?nh)\n- S? h? kh?u\n- ?nh chân dung ( là ?nh màu ch?p chính di?n d?u d? tr?n rõ 2 tai, không deo kính tác phong nghiêm trang l?ch s?)\nÐ?a di?m n?p t?i trung tâm hành chính công t?nh Hòa Bình, t?i qu?y công an\n","kqtl_tgian":"2019-07-01T13:57:46.233","capdo":1,"status_code":99,"linhvuc":"Công an, An ninh","donvi":"T?ng dài 1022"}]
INFO  2019-08-22 08:53:58,136 2347906ms RequestModule          <.ctor>b__0_4      - id = 4ten = Ph?n ánh ch?m tr?
INFO  2019-08-22 08:53:58,136 2347906ms RequestModule          <.ctor>b__0_4      - id = 5ten = Ph?n ánh thái d? c?a công ch?c
INFO  2019-08-22 08:53:58,167 2347937ms RequestModule          <.ctor>b__0_5      - v1/requests/portal/section/loadmore/3/0
INFO  2019-08-22 08:53:58,183 2347953ms RequestModule          <.ctor>b__0_5      - v1/requests/portal/section/loadmore/6/0
INFO  2019-08-22 08:53:58,183 2347953ms RequestModule          <.ctor>b__0_5      - v1/requests/portal/section/loadmore/1/0
INFO  2019-08-22 08:53:58,183 2347953ms RequestModule          <.ctor>b__0_5      - v1/requests/portal/section/loadmore/2/0
INFO  2019-08-22 08:53:58,183 2347953ms RequestModule          <.ctor>b__0_5      - v1/requests/portal/section/loadmore/4/0
INFO  2019-08-22 08:53:58,183 2347953ms RequestModule          <.ctor>b__0_5      - v1/requests/portal/section/loadmore/5/0
INFO  2019-08-22 08:54:12,339 2362109ms RequestModule          <.ctor>b__0_3      - v1/requests/portal/latest/acceptedlist
INFO  2019-08-22 08:54:12,339 2362109ms RequestModule          <.ctor>b__0_4      - v1/requests/portal/latest/sections
INFO  2019-08-22 08:54:12,354 2362125ms RequestModule          <.ctor>b__0_4      - [{"id":3,"ten":"Ðang ký"},{"id":6,"ten":"Góp ý"},{"id":1,"ten":"H?i thông tin"},{"id":2,"ten":"Ph?n ánh"},{"id":4,"ten":"Ph?n ánh ch?m tr?"},{"id":5,"ten":"Ph?n ánh thái d? c?a công ch?c"}]
INFO  2019-08-22 08:54:12,354 2362125ms RequestModule          <.ctor>b__0_4      - id = 3ten = Ðang ký
INFO  2019-08-22 08:54:12,354 2362125ms RequestModule          <.ctor>b__0_4      - id = 6ten = Góp ý
INFO  2019-08-22 08:54:12,354 2362125ms RequestModule          <.ctor>b__0_4      - id = 1ten = H?i thông tin
INFO  2019-08-22 08:54:12,354 2362125ms RequestModule          <.ctor>b__0_4      - id = 2ten = Ph?n ánh
INFO  2019-08-22 08:54:12,354 2362125ms RequestModule          <.ctor>b__0_4      - id = 4ten = Ph?n ánh ch?m tr?
INFO  2019-08-22 08:54:12,354 2362125ms RequestModule          <.ctor>b__0_4      - id = 5ten = Ph?n ánh thái d? c?a công ch?c
DEBUG 2019-08-22 08:54:12,354 2362125ms RequestModule          <.ctor>b__0_3      - [{"ycid":"2B239080719","content":"M?t tuy?n du?ng chính kéo dài hon 20km c?a ngu?i dân xã An bình dã xu?ng c?p t? nam 2011 và dã du?c chính quy?n  các c?p c?a t?nh hòa bình dã cho tu s?a vào nam 2016 nhung cung m?i ch? có thi công du?c ph?n c?u c?ng và h? th?ng thoát nu?c còn ph?n lòng du?ng  chua thi công d? cho khá nhi?u ? gà ? voi xu?t hi?n trên du?ng và mua gió xu?ng r?t khó di l?i trong m?y nam nay vì v?y e xin thay m?t t?t c? ngu?i dân xã An bình kh?n xin các c?p chính quy?n t?nh hòa bình mau chóng cho thi công do?n du?ng Dt479B cho ngu?i dân di l?i d? dàng hon.\nKính mong du?c ch?p thu?n ki?n ngh?","sendtime":"2019-07-08T08:22:22.57","hoten":"Nguy?n Minh Nghia","cmnd":"","sdt":"0375327359","diachi":"An son 2-An Bình- L?c Th?y","email":"emhatnhan@gmail.com","kqtl":"M?i anh ch? liên h? van phòng 1 c?a UBND huy?n L?c Th?y d? tr?c ti?p ki?n ngh? ph?n ánh.","kqtl_tgian":"2019-07-08T13:20:30.88","capdo":1,"status_code":99,"linhvuc":"S? XÂY D?NG","donvi":"T?ng dài 1022"},{"ycid":"84698270619","content":"bây gi? phu?ng dang ghép t?.làm l?i s? h? kh?u.mu?n làm l?i ch?ng minh thu có gi?y t? gì thay th? không","sendtime":"2019-06-27T13:16:11.49","hoten":"","cmnd":"","sdt":"0918909966","diachi":"","email":"","kqtl":"không có gi?y t? gì thay th?.d?i làm xong s? h? kh?u thì làm l?i ch?ng minh thu","kqtl_tgian":"2019-07-01T13:57:26.08","capdo":1,"status_code":99,"linhvuc":"Ch?ng th?c","donvi":"T?ng dài 1022"},{"ycid":"CA004260619","content":"Kiem tra hoat dong cua tong dai. Yeu cau thoi gian ket noi ngan nhat, tra loi day du, chinh xac  voi thai do phuc vu an can, chu dao, van minh, lich su huong den su hai long cao nhat cua nguoi dan va doanh nghiep!","sendtime":"2019-06-26T13:55:58.847","hoten":"Pham Anh Quy","cmnd":"","sdt":"0916144888","diachi":"Van phong UBND","email":"","kqtl":"Vâng, d?ng ý v?i ý ki?n nêu trên.","kqtl_tgian":"2019-07-01T13:57:35.057","capdo":1,"status_code":99,"linhvuc":"Hành chính s? nghi?p","donvi":"T?ng dài 1022"},{"ycid":"8D76A260619","content":"Xin h?i th? t?c c?p l?i ch?ng minh thu nhân dân khi b? m?t?","sendtime":"2019-06-26T13:49:59.53","hoten":"Nguy?n Minh Huy?n","cmnd":"","sdt":"0932210877","diachi":"To 7, Phuong Lam, Hoa Binh","email":"","kqtl":"Thành ph?n h? so g?m :\n- Ðon d? ngh? c?p l?i ch?ng minh nhân dân có xác nh?n c?a công an xã phu?ng th? tr?n noi thu?ng trú, có dán ?nh dóng d?u giáp lai vào góc ?nh)\n- S? h? kh?u\n- ?nh chân dung ( là ?nh màu ch?p chính di?n d?u d? tr?n rõ 2 tai, không deo kính tác phong nghiêm trang l?ch s?)\nÐ?a di?m n?p t?i trung tâm hành chính công t?nh Hòa Bình, t?i qu?y công an\n","kqtl_tgian":"2019-07-01T13:57:46.233","capdo":1,"status_code":99,"linhvuc":"Công an, An ninh","donvi":"T?ng dài 1022"}]
INFO  2019-08-22 08:54:12,433 2362203ms RequestModule          <.ctor>b__0_5      - v1/requests/portal/section/loadmore/3/0
INFO  2019-08-22 08:54:12,433 2362203ms RequestModule          <.ctor>b__0_5      - v1/requests/portal/section/loadmore/6/0
INFO  2019-08-22 08:54:12,433 2362203ms RequestModule          <.ctor>b__0_5      - v1/requests/portal/section/loadmore/1/0
INFO  2019-08-22 08:54:12,448 2362218ms RequestModule          <.ctor>b__0_5      - v1/requests/portal/section/loadmore/2/0
INFO  2019-08-22 08:54:12,448 2362218ms RequestModule          <.ctor>b__0_5      - v1/requests/portal/section/loadmore/4/0
INFO  2019-08-22 08:54:12,464 2362234ms RequestModule          <.ctor>b__0_5      - v1/requests/portal/section/loadmore/5/0
INFO  2019-08-22 08:55:23,558 2433328ms RequestModule          <.ctor>b__0_3      - v1/requests/portal/latest/acceptedlist
INFO  2019-08-22 08:55:23,558 2433328ms RequestModule          <.ctor>b__0_4      - v1/requests/portal/latest/sections
INFO  2019-08-22 08:55:23,558 2433328ms RequestModule          <.ctor>b__0_4      - [{"id":3,"ten":"Ðang ký"},{"id":6,"ten":"Góp ý"},{"id":1,"ten":"H?i thông tin"},{"id":2,"ten":"Ph?n ánh"},{"id":4,"ten":"Ph?n ánh ch?m tr?"},{"id":5,"ten":"Ph?n ánh thái d? c?a công ch?c"}]
INFO  2019-08-22 08:55:23,558 2433328ms RequestModule          <.ctor>b__0_4      - id = 3ten = Ðang ký
INFO  2019-08-22 08:55:23,558 2433328ms RequestModule          <.ctor>b__0_4      - id = 6ten = Góp ý
INFO  2019-08-22 08:55:23,558 2433328ms RequestModule          <.ctor>b__0_4      - id = 1ten = H?i thông tin
INFO  2019-08-22 08:55:23,558 2433328ms RequestModule          <.ctor>b__0_4      - id = 2ten = Ph?n ánh
INFO  2019-08-22 08:55:23,558 2433328ms RequestModule          <.ctor>b__0_4      - id = 4ten = Ph?n ánh ch?m tr?
INFO  2019-08-22 08:55:23,558 2433328ms RequestModule          <.ctor>b__0_4      - id = 5ten = Ph?n ánh thái d? c?a công ch?c
DEBUG 2019-08-22 08:55:23,558 2433328ms RequestModule          <.ctor>b__0_3      - [{"ycid":"2B239080719","content":"M?t tuy?n du?ng chính kéo dài hon 20km c?a ngu?i dân xã An bình dã xu?ng c?p t? nam 2011 và dã du?c chính quy?n  các c?p c?a t?nh hòa bình dã cho tu s?a vào nam 2016 nhung cung m?i ch? có thi công du?c ph?n c?u c?ng và h? th?ng thoát nu?c còn ph?n lòng du?ng  chua thi công d? cho khá nhi?u ? gà ? voi xu?t hi?n trên du?ng và mua gió xu?ng r?t khó di l?i trong m?y nam nay vì v?y e xin thay m?t t?t c? ngu?i dân xã An bình kh?n xin các c?p chính quy?n t?nh hòa bình mau chóng cho thi công do?n du?ng Dt479B cho ngu?i dân di l?i d? dàng hon.\nKính mong du?c ch?p thu?n ki?n ngh?","sendtime":"2019-07-08T08:22:22.57","hoten":"Nguy?n Minh Nghia","cmnd":"","sdt":"0375327359","diachi":"An son 2-An Bình- L?c Th?y","email":"emhatnhan@gmail.com","kqtl":"M?i anh ch? liên h? van phòng 1 c?a UBND huy?n L?c Th?y d? tr?c ti?p ki?n ngh? ph?n ánh.","kqtl_tgian":"2019-07-08T13:20:30.88","capdo":1,"status_code":99,"linhvuc":"S? XÂY D?NG","donvi":"T?ng dài 1022"},{"ycid":"84698270619","content":"bây gi? phu?ng dang ghép t?.làm l?i s? h? kh?u.mu?n làm l?i ch?ng minh thu có gi?y t? gì thay th? không","sendtime":"2019-06-27T13:16:11.49","hoten":"","cmnd":"","sdt":"0918909966","diachi":"","email":"","kqtl":"không có gi?y t? gì thay th?.d?i làm xong s? h? kh?u thì làm l?i ch?ng minh thu","kqtl_tgian":"2019-07-01T13:57:26.08","capdo":1,"status_code":99,"linhvuc":"Ch?ng th?c","donvi":"T?ng dài 1022"},{"ycid":"CA004260619","content":"Kiem tra hoat dong cua tong dai. Yeu cau thoi gian ket noi ngan nhat, tra loi day du, chinh xac  voi thai do phuc vu an can, chu dao, van minh, lich su huong den su hai long cao nhat cua nguoi dan va doanh nghiep!","sendtime":"2019-06-26T13:55:58.847","hoten":"Pham Anh Quy","cmnd":"","sdt":"0916144888","diachi":"Van phong UBND","email":"","kqtl":"Vâng, d?ng ý v?i ý ki?n nêu trên.","kqtl_tgian":"2019-07-01T13:57:35.057","capdo":1,"status_code":99,"linhvuc":"Hành chính s? nghi?p","donvi":"T?ng dài 1022"},{"ycid":"8D76A260619","content":"Xin h?i th? t?c c?p l?i ch?ng minh thu nhân dân khi b? m?t?","sendtime":"2019-06-26T13:49:59.53","hoten":"Nguy?n Minh Huy?n","cmnd":"","sdt":"0932210877","diachi":"To 7, Phuong Lam, Hoa Binh","email":"","kqtl":"Thành ph?n h? so g?m :\n- Ðon d? ngh? c?p l?i ch?ng minh nhân dân có xác nh?n c?a công an xã phu?ng th? tr?n noi thu?ng trú, có dán ?nh dóng d?u giáp lai vào góc ?nh)\n- S? h? kh?u\n- ?nh chân dung ( là ?nh màu ch?p chính di?n d?u d? tr?n rõ 2 tai, không deo kính tác phong nghiêm trang l?ch s?)\nÐ?a di?m n?p t?i trung tâm hành chính công t?nh Hòa Bình, t?i qu?y công an\n","kqtl_tgian":"2019-07-01T13:57:46.233","capdo":1,"status_code":99,"linhvuc":"Công an, An ninh","donvi":"T?ng dài 1022"}]
INFO  2019-08-22 08:55:23,651 2433421ms RequestModule          <.ctor>b__0_5      - v1/requests/portal/section/loadmore/3/0
INFO  2019-08-22 08:55:23,667 2433437ms RequestModule          <.ctor>b__0_5      - v1/requests/portal/section/loadmore/6/0
INFO  2019-08-22 08:55:23,667 2433437ms RequestModule          <.ctor>b__0_5      - v1/requests/portal/section/loadmore/1/0
INFO  2019-08-22 08:55:23,667 2433437ms RequestModule          <.ctor>b__0_5      - v1/requests/portal/section/loadmore/2/0
INFO  2019-08-22 08:55:23,683 2433453ms RequestModule          <.ctor>b__0_5      - v1/requests/portal/section/loadmore/4/0
INFO  2019-08-22 08:55:23,683 2433453ms RequestModule          <.ctor>b__0_5      - v1/requests/portal/section/loadmore/5/0
INFO  2019-08-22 08:55:27,823 2437593ms RequestModule          <.ctor>b__0_3      - v1/requests/portal/latest/acceptedlist
INFO  2019-08-22 08:55:27,823 2437593ms RequestModule          <.ctor>b__0_4      - v1/requests/portal/latest/sections
INFO  2019-08-22 08:55:27,839 2437609ms RequestModule          <.ctor>b__0_4      - [{"id":3,"ten":"Ðang ký"},{"id":6,"ten":"Góp ý"},{"id":1,"ten":"H?i thông tin"},{"id":2,"ten":"Ph?n ánh"},{"id":4,"ten":"Ph?n ánh ch?m tr?"},{"id":5,"ten":"Ph?n ánh thái d? c?a công ch?c"}]
INFO  2019-08-22 08:55:27,839 2437609ms RequestModule          <.ctor>b__0_4      - id = 3ten = Ðang ký
INFO  2019-08-22 08:55:27,839 2437609ms RequestModule          <.ctor>b__0_4      - id = 6ten = Góp ý
INFO  2019-08-22 08:55:27,839 2437609ms RequestModule          <.ctor>b__0_4      - id = 1ten = H?i thông tin
INFO  2019-08-22 08:55:27,839 2437609ms RequestModule          <.ctor>b__0_4      - id = 2ten = Ph?n ánh
INFO  2019-08-22 08:55:27,839 2437609ms RequestModule          <.ctor>b__0_4      - id = 4ten = Ph?n ánh ch?m tr?
INFO  2019-08-22 08:55:27,839 2437609ms RequestModule          <.ctor>b__0_4      - id = 5ten = Ph?n ánh thái d? c?a công ch?c
DEBUG 2019-08-22 08:55:27,839 2437609ms RequestModule          <.ctor>b__0_3      - [{"ycid":"2B239080719","content":"M?t tuy?n du?ng chính kéo dài hon 20km c?a ngu?i dân xã An bình dã xu?ng c?p t? nam 2011 và dã du?c chính quy?n  các c?p c?a t?nh hòa bình dã cho tu s?a vào nam 2016 nhung cung m?i ch? có thi công du?c ph?n c?u c?ng và h? th?ng thoát nu?c còn ph?n lòng du?ng  chua thi công d? cho khá nhi?u ? gà ? voi xu?t hi?n trên du?ng và mua gió xu?ng r?t khó di l?i trong m?y nam nay vì v?y e xin thay m?t t?t c? ngu?i dân xã An bình kh?n xin các c?p chính quy?n t?nh hòa bình mau chóng cho thi công do?n du?ng Dt479B cho ngu?i dân di l?i d? dàng hon.\nKính mong du?c ch?p thu?n ki?n ngh?","sendtime":"2019-07-08T08:22:22.57","hoten":"Nguy?n Minh Nghia","cmnd":"","sdt":"0375327359","diachi":"An son 2-An Bình- L?c Th?y","email":"emhatnhan@gmail.com","kqtl":"M?i anh ch? liên h? van phòng 1 c?a UBND huy?n L?c Th?y d? tr?c ti?p ki?n ngh? ph?n ánh.","kqtl_tgian":"2019-07-08T13:20:30.88","capdo":1,"status_code":99,"linhvuc":"S? XÂY D?NG","donvi":"T?ng dài 1022"},{"ycid":"84698270619","content":"bây gi? phu?ng dang ghép t?.làm l?i s? h? kh?u.mu?n làm l?i ch?ng minh thu có gi?y t? gì thay th? không","sendtime":"2019-06-27T13:16:11.49","hoten":"","cmnd":"","sdt":"0918909966","diachi":"","email":"","kqtl":"không có gi?y t? gì thay th?.d?i làm xong s? h? kh?u thì làm l?i ch?ng minh thu","kqtl_tgian":"2019-07-01T13:57:26.08","capdo":1,"status_code":99,"linhvuc":"Ch?ng th?c","donvi":"T?ng dài 1022"},{"ycid":"CA004260619","content":"Kiem tra hoat dong cua tong dai. Yeu cau thoi gian ket noi ngan nhat, tra loi day du, chinh xac  voi thai do phuc vu an can, chu dao, van minh, lich su huong den su hai long cao nhat cua nguoi dan va doanh nghiep!","sendtime":"2019-06-26T13:55:58.847","hoten":"Pham Anh Quy","cmnd":"","sdt":"0916144888","diachi":"Van phong UBND","email":"","kqtl":"Vâng, d?ng ý v?i ý ki?n nêu trên.","kqtl_tgian":"2019-07-01T13:57:35.057","capdo":1,"status_code":99,"linhvuc":"Hành chính s? nghi?p","donvi":"T?ng dài 1022"},{"ycid":"8D76A260619","content":"Xin h?i th? t?c c?p l?i ch?ng minh thu nhân dân khi b? m?t?","sendtime":"2019-06-26T13:49:59.53","hoten":"Nguy?n Minh Huy?n","cmnd":"","sdt":"0932210877","diachi":"To 7, Phuong Lam, Hoa Binh","email":"","kqtl":"Thành ph?n h? so g?m :\n- Ðon d? ngh? c?p l?i ch?ng minh nhân dân có xác nh?n c?a công an xã phu?ng th? tr?n noi thu?ng trú, có dán ?nh dóng d?u giáp lai vào góc ?nh)\n- S? h? kh?u\n- ?nh chân dung ( là ?nh màu ch?p chính di?n d?u d? tr?n rõ 2 tai, không deo kính tác phong nghiêm trang l?ch s?)\nÐ?a di?m n?p t?i trung tâm hành chính công t?nh Hòa Bình, t?i qu?y công an\n","kqtl_tgian":"2019-07-01T13:57:46.233","capdo":1,"status_code":99,"linhvuc":"Công an, An ninh","donvi":"T?ng dài 1022"}]
INFO  2019-08-22 08:55:27,870 2437640ms RequestModule          <.ctor>b__0_5      - v1/requests/portal/section/loadmore/3/0
INFO  2019-08-22 08:55:27,870 2437640ms RequestModule          <.ctor>b__0_5      - v1/requests/portal/section/loadmore/6/0
INFO  2019-08-22 08:55:27,870 2437640ms RequestModule          <.ctor>b__0_5      - v1/requests/portal/section/loadmore/1/0
INFO  2019-08-22 08:55:27,886 2437656ms RequestModule          <.ctor>b__0_5      - v1/requests/portal/section/loadmore/2/0
INFO  2019-08-22 08:55:27,886 2437656ms RequestModule          <.ctor>b__0_5      - v1/requests/portal/section/loadmore/4/0
INFO  2019-08-22 08:55:27,886 2437656ms RequestModule          <.ctor>b__0_5      - v1/requests/portal/section/loadmore/5/0
INFO  2019-08-22 09:05:09,183 3018953ms RequestModule          <.ctor>b__0_3      - v1/requests/portal/latest/acceptedlist
INFO  2019-08-22 09:05:09,198 3018968ms RequestModule          <.ctor>b__0_4      - v1/requests/portal/latest/sections
INFO  2019-08-22 09:05:09,198 3018968ms RequestModule          <.ctor>b__0_4      - [{"id":3,"ten":"Ðang ký"},{"id":6,"ten":"Góp ý"},{"id":1,"ten":"H?i thông tin"},{"id":2,"ten":"Ph?n ánh"},{"id":4,"ten":"Ph?n ánh ch?m tr?"},{"id":5,"ten":"Ph?n ánh thái d? c?a công ch?c"}]
INFO  2019-08-22 09:05:09,198 3018968ms RequestModule          <.ctor>b__0_4      - id = 3ten = Ðang ký
INFO  2019-08-22 09:05:09,198 3018968ms RequestModule          <.ctor>b__0_4      - id = 6ten = Góp ý
INFO  2019-08-22 09:05:09,198 3018968ms RequestModule          <.ctor>b__0_4      - id = 1ten = H?i thông tin
INFO  2019-08-22 09:05:09,198 3018968ms RequestModule          <.ctor>b__0_4      - id = 2ten = Ph?n ánh
INFO  2019-08-22 09:05:09,198 3018968ms RequestModule          <.ctor>b__0_4      - id = 4ten = Ph?n ánh ch?m tr?
INFO  2019-08-22 09:05:09,198 3018968ms RequestModule          <.ctor>b__0_4      - id = 5ten = Ph?n ánh thái d? c?a công ch?c
DEBUG 2019-08-22 09:05:09,214 3018984ms RequestModule          <.ctor>b__0_3      - [{"ycid":"2B239080719","content":"M?t tuy?n du?ng chính kéo dài hon 20km c?a ngu?i dân xã An bình dã xu?ng c?p t? nam 2011 và dã du?c chính quy?n  các c?p c?a t?nh hòa bình dã cho tu s?a vào nam 2016 nhung cung m?i ch? có thi công du?c ph?n c?u c?ng và h? th?ng thoát nu?c còn ph?n lòng du?ng  chua thi công d? cho khá nhi?u ? gà ? voi xu?t hi?n trên du?ng và mua gió xu?ng r?t khó di l?i trong m?y nam nay vì v?y e xin thay m?t t?t c? ngu?i dân xã An bình kh?n xin các c?p chính quy?n t?nh hòa bình mau chóng cho thi công do?n du?ng Dt479B cho ngu?i dân di l?i d? dàng hon.\nKính mong du?c ch?p thu?n ki?n ngh?","sendtime":"2019-07-08T08:22:22.57","hoten":"Nguy?n Minh Nghia","cmnd":"","sdt":"0375327359","diachi":"An son 2-An Bình- L?c Th?y","email":"emhatnhan@gmail.com","kqtl":"M?i anh ch? liên h? van phòng 1 c?a UBND huy?n L?c Th?y d? tr?c ti?p ki?n ngh? ph?n ánh.","kqtl_tgian":"2019-07-08T13:20:30.88","capdo":1,"status_code":99,"linhvuc":"S? XÂY D?NG","donvi":"T?ng dài 1022"},{"ycid":"84698270619","content":"bây gi? phu?ng dang ghép t?.làm l?i s? h? kh?u.mu?n làm l?i ch?ng minh thu có gi?y t? gì thay th? không","sendtime":"2019-06-27T13:16:11.49","hoten":"","cmnd":"","sdt":"0918909966","diachi":"","email":"","kqtl":"không có gi?y t? gì thay th?.d?i làm xong s? h? kh?u thì làm l?i ch?ng minh thu","kqtl_tgian":"2019-07-01T13:57:26.08","capdo":1,"status_code":99,"linhvuc":"Ch?ng th?c","donvi":"T?ng dài 1022"},{"ycid":"CA004260619","content":"Kiem tra hoat dong cua tong dai. Yeu cau thoi gian ket noi ngan nhat, tra loi day du, chinh xac  voi thai do phuc vu an can, chu dao, van minh, lich su huong den su hai long cao nhat cua nguoi dan va doanh nghiep!","sendtime":"2019-06-26T13:55:58.847","hoten":"Pham Anh Quy","cmnd":"","sdt":"0916144888","diachi":"Van phong UBND","email":"","kqtl":"Vâng, d?ng ý v?i ý ki?n nêu trên.","kqtl_tgian":"2019-07-01T13:57:35.057","capdo":1,"status_code":99,"linhvuc":"Hành chính s? nghi?p","donvi":"T?ng dài 1022"},{"ycid":"8D76A260619","content":"Xin h?i th? t?c c?p l?i ch?ng minh thu nhân dân khi b? m?t?","sendtime":"2019-06-26T13:49:59.53","hoten":"Nguy?n Minh Huy?n","cmnd":"","sdt":"0932210877","diachi":"To 7, Phuong Lam, Hoa Binh","email":"","kqtl":"Thành ph?n h? so g?m :\n- Ðon d? ngh? c?p l?i ch?ng minh nhân dân có xác nh?n c?a công an xã phu?ng th? tr?n noi thu?ng trú, có dán ?nh dóng d?u giáp lai vào góc ?nh)\n- S? h? kh?u\n- ?nh chân dung ( là ?nh màu ch?p chính di?n d?u d? tr?n rõ 2 tai, không deo kính tác phong nghiêm trang l?ch s?)\nÐ?a di?m n?p t?i trung tâm hành chính công t?nh Hòa Bình, t?i qu?y công an\n","kqtl_tgian":"2019-07-01T13:57:46.233","capdo":1,"status_code":99,"linhvuc":"Công an, An ninh","donvi":"T?ng dài 1022"}]
INFO  2019-08-22 09:05:09,339 3019109ms RequestModule          <.ctor>b__0_5      - v1/requests/portal/section/loadmore/3/0
INFO  2019-08-22 09:05:09,339 3019109ms RequestModule          <.ctor>b__0_5      - v1/requests/portal/section/loadmore/6/0
INFO  2019-08-22 09:05:09,339 3019109ms RequestModule          <.ctor>b__0_5      - v1/requests/portal/section/loadmore/1/0
INFO  2019-08-22 09:05:09,339 3019109ms RequestModule          <.ctor>b__0_5      - v1/requests/portal/section/loadmore/2/0
INFO  2019-08-22 09:05:09,354 3019125ms RequestModule          <.ctor>b__0_5      - v1/requests/portal/section/loadmore/4/0
INFO  2019-08-22 09:05:09,354 3019125ms RequestModule          <.ctor>b__0_5      - v1/requests/portal/section/loadmore/5/0
INFO  2019-08-22 09:30:21,745 4531515ms RequestModule          <.ctor>b__0_3      - v1/requests/portal/latest/acceptedlist
INFO  2019-08-22 09:30:21,745 4531515ms RequestModule          <.ctor>b__0_4      - v1/requests/portal/latest/sections
INFO  2019-08-22 09:30:21,761 4531531ms RequestModule          <.ctor>b__0_4      - [{"id":3,"ten":"Ðang ký"},{"id":6,"ten":"Góp ý"},{"id":1,"ten":"H?i thông tin"},{"id":2,"ten":"Ph?n ánh"},{"id":4,"ten":"Ph?n ánh ch?m tr?"},{"id":5,"ten":"Ph?n ánh thái d? c?a công ch?c"}]
INFO  2019-08-22 09:30:21,761 4531531ms RequestModule          <.ctor>b__0_4      - id = 3ten = Ðang ký
INFO  2019-08-22 09:30:21,761 4531531ms RequestModule          <.ctor>b__0_4      - id = 6ten = Góp ý
INFO  2019-08-22 09:30:21,761 4531531ms RequestModule          <.ctor>b__0_4      - id = 1ten = H?i thông tin
INFO  2019-08-22 09:30:21,761 4531531ms RequestModule          <.ctor>b__0_4      - id = 2ten = Ph?n ánh
INFO  2019-08-22 09:30:21,761 4531531ms RequestModule          <.ctor>b__0_4      - id = 4ten = Ph?n ánh ch?m tr?
INFO  2019-08-22 09:30:21,761 4531531ms RequestModule          <.ctor>b__0_4      - id = 5ten = Ph?n ánh thái d? c?a công ch?c
DEBUG 2019-08-22 09:30:21,761 4531531ms RequestModule          <.ctor>b__0_3      - [{"ycid":"2B239080719","content":"M?t tuy?n du?ng chính kéo dài hon 20km c?a ngu?i dân xã An bình dã xu?ng c?p t? nam 2011 và dã du?c chính quy?n  các c?p c?a t?nh hòa bình dã cho tu s?a vào nam 2016 nhung cung m?i ch? có thi công du?c ph?n c?u c?ng và h? th?ng thoát nu?c còn ph?n lòng du?ng  chua thi công d? cho khá nhi?u ? gà ? voi xu?t hi?n trên du?ng và mua gió xu?ng r?t khó di l?i trong m?y nam nay vì v?y e xin thay m?t t?t c? ngu?i dân xã An bình kh?n xin các c?p chính quy?n t?nh hòa bình mau chóng cho thi công do?n du?ng Dt479B cho ngu?i dân di l?i d? dàng hon.\nKính mong du?c ch?p thu?n ki?n ngh?","sendtime":"2019-07-08T08:22:22.57","hoten":"Nguy?n Minh Nghia","cmnd":"","sdt":"0375327359","diachi":"An son 2-An Bình- L?c Th?y","email":"emhatnhan@gmail.com","kqtl":"M?i anh ch? liên h? van phòng 1 c?a UBND huy?n L?c Th?y d? tr?c ti?p ki?n ngh? ph?n ánh.","kqtl_tgian":"2019-07-08T13:20:30.88","capdo":1,"status_code":99,"linhvuc":"S? XÂY D?NG","donvi":"T?ng dài 1022"},{"ycid":"84698270619","content":"bây gi? phu?ng dang ghép t?.làm l?i s? h? kh?u.mu?n làm l?i ch?ng minh thu có gi?y t? gì thay th? không","sendtime":"2019-06-27T13:16:11.49","hoten":"","cmnd":"","sdt":"0918909966","diachi":"","email":"","kqtl":"không có gi?y t? gì thay th?.d?i làm xong s? h? kh?u thì làm l?i ch?ng minh thu","kqtl_tgian":"2019-07-01T13:57:26.08","capdo":1,"status_code":99,"linhvuc":"Ch?ng th?c","donvi":"T?ng dài 1022"},{"ycid":"CA004260619","content":"Kiem tra hoat dong cua tong dai. Yeu cau thoi gian ket noi ngan nhat, tra loi day du, chinh xac  voi thai do phuc vu an can, chu dao, van minh, lich su huong den su hai long cao nhat cua nguoi dan va doanh nghiep!","sendtime":"2019-06-26T13:55:58.847","hoten":"Pham Anh Quy","cmnd":"","sdt":"0916144888","diachi":"Van phong UBND","email":"","kqtl":"Vâng, d?ng ý v?i ý ki?n nêu trên.","kqtl_tgian":"2019-07-01T13:57:35.057","capdo":1,"status_code":99,"linhvuc":"Hành chính s? nghi?p","donvi":"T?ng dài 1022"},{"ycid":"8D76A260619","content":"Xin h?i th? t?c c?p l?i ch?ng minh thu nhân dân khi b? m?t?","sendtime":"2019-06-26T13:49:59.53","hoten":"Nguy?n Minh Huy?n","cmnd":"","sdt":"0932210877","diachi":"To 7, Phuong Lam, Hoa Binh","email":"","kqtl":"Thành ph?n h? so g?m :\n- Ðon d? ngh? c?p l?i ch?ng minh nhân dân có xác nh?n c?a công an xã phu?ng th? tr?n noi thu?ng trú, có dán ?nh dóng d?u giáp lai vào góc ?nh)\n- S? h? kh?u\n- ?nh chân dung ( là ?nh màu ch?p chính di?n d?u d? tr?n rõ 2 tai, không deo kính tác phong nghiêm trang l?ch s?)\nÐ?a di?m n?p t?i trung tâm hành chính công t?nh Hòa Bình, t?i qu?y công an\n","kqtl_tgian":"2019-07-01T13:57:46.233","capdo":1,"status_code":99,"linhvuc":"Công an, An ninh","donvi":"T?ng dài 1022"}]
INFO  2019-08-22 09:30:21,808 4531578ms RequestModule          <.ctor>b__0_5      - v1/requests/portal/section/loadmore/3/0
INFO  2019-08-22 09:30:21,808 4531578ms RequestModule          <.ctor>b__0_5      - v1/requests/portal/section/loadmore/6/0
INFO  2019-08-22 09:30:21,823 4531593ms RequestModule          <.ctor>b__0_5      - v1/requests/portal/section/loadmore/1/0
INFO  2019-08-22 09:30:21,839 4531609ms RequestModule          <.ctor>b__0_5      - v1/requests/portal/section/loadmore/4/0
INFO  2019-08-22 09:30:21,839 4531609ms RequestModule          <.ctor>b__0_5      - v1/requests/portal/section/loadmore/5/0
INFO  2019-08-22 09:30:21,839 4531609ms RequestModule          <.ctor>b__0_5      - v1/requests/portal/section/loadmore/2/0
INFO  2019-08-22 09:30:31,573 4541343ms RequestModule          <.ctor>b__0_3      - v1/requests/portal/latest/acceptedlist
DEBUG 2019-08-22 09:30:31,573 4541343ms RequestModule          <.ctor>b__0_3      - [{"ycid":"2B239080719","content":"M?t tuy?n du?ng chính kéo dài hon 20km c?a ngu?i dân xã An bình dã xu?ng c?p t? nam 2011 và dã du?c chính quy?n  các c?p c?a t?nh hòa bình dã cho tu s?a vào nam 2016 nhung cung m?i ch? có thi công du?c ph?n c?u c?ng và h? th?ng thoát nu?c còn ph?n lòng du?ng  chua thi công d? cho khá nhi?u ? gà ? voi xu?t hi?n trên du?ng và mua gió xu?ng r?t khó di l?i trong m?y nam nay vì v?y e xin thay m?t t?t c? ngu?i dân xã An bình kh?n xin các c?p chính quy?n t?nh hòa bình mau chóng cho thi công do?n du?ng Dt479B cho ngu?i dân di l?i d? dàng hon.\nKính mong du?c ch?p thu?n ki?n ngh?","sendtime":"2019-07-08T08:22:22.57","hoten":"Nguy?n Minh Nghia","cmnd":"","sdt":"0375327359","diachi":"An son 2-An Bình- L?c Th?y","email":"emhatnhan@gmail.com","kqtl":"M?i anh ch? liên h? van phòng 1 c?a UBND huy?n L?c Th?y d? tr?c ti?p ki?n ngh? ph?n ánh.","kqtl_tgian":"2019-07-08T13:20:30.88","capdo":1,"status_code":99,"linhvuc":"S? XÂY D?NG","donvi":"T?ng dài 1022"},{"ycid":"84698270619","content":"bây gi? phu?ng dang ghép t?.làm l?i s? h? kh?u.mu?n làm l?i ch?ng minh thu có gi?y t? gì thay th? không","sendtime":"2019-06-27T13:16:11.49","hoten":"","cmnd":"","sdt":"0918909966","diachi":"","email":"","kqtl":"không có gi?y t? gì thay th?.d?i làm xong s? h? kh?u thì làm l?i ch?ng minh thu","kqtl_tgian":"2019-07-01T13:57:26.08","capdo":1,"status_code":99,"linhvuc":"Ch?ng th?c","donvi":"T?ng dài 1022"},{"ycid":"CA004260619","content":"Kiem tra hoat dong cua tong dai. Yeu cau thoi gian ket noi ngan nhat, tra loi day du, chinh xac  voi thai do phuc vu an can, chu dao, van minh, lich su huong den su hai long cao nhat cua nguoi dan va doanh nghiep!","sendtime":"2019-06-26T13:55:58.847","hoten":"Pham Anh Quy","cmnd":"","sdt":"0916144888","diachi":"Van phong UBND","email":"","kqtl":"Vâng, d?ng ý v?i ý ki?n nêu trên.","kqtl_tgian":"2019-07-01T13:57:35.057","capdo":1,"status_code":99,"linhvuc":"Hành chính s? nghi?p","donvi":"T?ng dài 1022"},{"ycid":"8D76A260619","content":"Xin h?i th? t?c c?p l?i ch?ng minh thu nhân dân khi b? m?t?","sendtime":"2019-06-26T13:49:59.53","hoten":"Nguy?n Minh Huy?n","cmnd":"","sdt":"0932210877","diachi":"To 7, Phuong Lam, Hoa Binh","email":"","kqtl":"Thành ph?n h? so g?m :\n- Ðon d? ngh? c?p l?i ch?ng minh nhân dân có xác nh?n c?a công an xã phu?ng th? tr?n noi thu?ng trú, có dán ?nh dóng d?u giáp lai vào góc ?nh)\n- S? h? kh?u\n- ?nh chân dung ( là ?nh màu ch?p chính di?n d?u d? tr?n rõ 2 tai, không deo kính tác phong nghiêm trang l?ch s?)\nÐ?a di?m n?p t?i trung tâm hành chính công t?nh Hòa Bình, t?i qu?y công an\n","kqtl_tgian":"2019-07-01T13:57:46.233","capdo":1,"status_code":99,"linhvuc":"Công an, An ninh","donvi":"T?ng dài 1022"}]
INFO  2019-08-22 09:30:31,573 4541343ms RequestModule          <.ctor>b__0_4      - v1/requests/portal/latest/sections
INFO  2019-08-22 09:30:31,573 4541343ms RequestModule          <.ctor>b__0_4      - [{"id":3,"ten":"Ðang ký"},{"id":6,"ten":"Góp ý"},{"id":1,"ten":"H?i thông tin"},{"id":2,"ten":"Ph?n ánh"},{"id":4,"ten":"Ph?n ánh ch?m tr?"},{"id":5,"ten":"Ph?n ánh thái d? c?a công ch?c"}]
INFO  2019-08-22 09:30:31,573 4541343ms RequestModule          <.ctor>b__0_4      - id = 3ten = Ðang ký
INFO  2019-08-22 09:30:31,573 4541343ms RequestModule          <.ctor>b__0_4      - id = 6ten = Góp ý
INFO  2019-08-22 09:30:31,573 4541343ms RequestModule          <.ctor>b__0_4      - id = 1ten = H?i thông tin
INFO  2019-08-22 09:30:31,573 4541343ms RequestModule          <.ctor>b__0_4      - id = 2ten = Ph?n ánh
INFO  2019-08-22 09:30:31,573 4541343ms RequestModule          <.ctor>b__0_4      - id = 4ten = Ph?n ánh ch?m tr?
INFO  2019-08-22 09:30:31,573 4541343ms RequestModule          <.ctor>b__0_4      - id = 5ten = Ph?n ánh thái d? c?a công ch?c
INFO  2019-08-22 09:30:31,636 4541406ms RequestModule          <.ctor>b__0_5      - v1/requests/portal/section/loadmore/3/0
INFO  2019-08-22 09:30:31,636 4541406ms RequestModule          <.ctor>b__0_5      - v1/requests/portal/section/loadmore/6/0
INFO  2019-08-22 09:30:31,636 4541406ms RequestModule          <.ctor>b__0_5      - v1/requests/portal/section/loadmore/1/0
INFO  2019-08-22 09:30:31,651 4541421ms RequestModule          <.ctor>b__0_5      - v1/requests/portal/section/loadmore/2/0
INFO  2019-08-22 09:30:31,651 4541421ms RequestModule          <.ctor>b__0_5      - v1/requests/portal/section/loadmore/4/0
INFO  2019-08-22 09:30:31,651 4541421ms RequestModule          <.ctor>b__0_5      - v1/requests/portal/section/loadmore/5/0
