INFO  2019-06-24 21:17:58,781 104148368ms AudioModuleV2          <.ctor>b__0_1      - ymdhms: 20190624 134547
INFO  2019-06-24 21:17:58,803 104148390ms AudioModuleV2          <.ctor>b__0_1      - record_time: 6/24/2019 1:45:47 PM
INFO  2019-06-24 21:17:58,808 104148395ms AudioModuleV2          <.ctor>b__0_1      - parse item: {"fn":"16-209-A-90932210877---20190624103010.wav","time":"103010","fp":"C:\\soft\\dbtool\\syncfiles\\2019\\6\\24\\16-209-A-90932210877---20190624103010.wav","fs":"100","dno":"209","id":"16-209-A-90932210877---20190624103010.wav","date":"20190624","lno":"16","sdt":"90932210877","type":"A"}
INFO  2019-06-24 21:17:58,809 104148396ms AudioModuleV2          <.ctor>b__0_1      - ymdhms: 20190624 103010
INFO  2019-06-24 21:17:58,810 104148397ms AudioModuleV2          <.ctor>b__0_1      - record_time: 6/24/2019 10:30:10 AM
INFO  2019-06-24 21:17:58,811 104148398ms AudioModuleV2          <.ctor>b__0_1      - parse item: {"fn":"25-113-A-90986731503---20190624085202.wav","time":"085202","fp":"C:\\soft\\dbtool\\syncfiles\\2019\\6\\24\\25-113-A-90986731503---20190624085202.wav","fs":"100","dno":"113","id":"25-113-A-90986731503---20190624085202.wav","date":"20190624","lno":"25","sdt":"90986731503","type":"A"}
INFO  2019-06-24 21:17:58,812 104148399ms AudioModuleV2          <.ctor>b__0_1      - ymdhms: 20190624 085202
INFO  2019-06-24 21:17:58,812 104148399ms AudioModuleV2          <.ctor>b__0_1      - record_time: 6/24/2019 8:52:02 AM
INFO  2019-06-24 21:17:58,817 104148404ms AudioModuleV2          <.ctor>b__0_1      - parse item: {"fn":"25-113-A-90986731503---20190624085235.wav","time":"085235","fp":"C:\\soft\\dbtool\\syncfiles\\2019\\6\\24\\25-113-A-90986731503---20190624085235.wav","fs":"100","dno":"113","id":"25-113-A-90986731503---20190624085235.wav","date":"20190624","lno":"25","sdt":"90986731503","type":"A"}
INFO  2019-06-24 21:17:58,817 104148404ms AudioModuleV2          <.ctor>b__0_1      - ymdhms: 20190624 085235
INFO  2019-06-24 21:17:58,818 104148405ms AudioModuleV2          <.ctor>b__0_1      - record_time: 6/24/2019 8:52:35 AM
INFO  2019-06-24 21:17:58,960 104148547ms AudioModuleV2          <.ctor>b__0_0      - GET v2/audio/checkandmatch
INFO  2019-06-24 21:18:29,469 104179056ms AudioModuleV2          <.ctor>b__0_1      - POST v2/audio/latest/batch
INFO  2019-06-24 21:18:29,470 104179057ms AudioModuleV2          <.ctor>b__0_1      - parse item: {"fn":"03-112-A-90978558489---20190624083255.wav","time":"083255","fp":"C:\\soft\\dbtool\\syncfiles\\2019\\6\\24\\03-112-A-90978558489---20190624083255.wav","fs":"100","dno":"112","id":"03-112-A-90978558489---20190624083255.wav","date":"20190624","lno":"03","sdt":"90978558489","type":"A"}
INFO  2019-06-24 21:18:29,471 104179058ms AudioModuleV2          <.ctor>b__0_1      - ymdhms: 20190624 083255
INFO  2019-06-24 21:18:29,472 104179059ms AudioModuleV2          <.ctor>b__0_1      - record_time: 6/24/2019 8:32:55 AM
INFO  2019-06-24 21:18:29,477 104179064ms AudioModuleV2          <.ctor>b__0_1      - parse item: {"fn":"16-209-A-90346700105---20190624151710.wav","time":"151710","fp":"C:\\soft\\dbtool\\syncfiles\\2019\\6\\24\\16-209-A-90346700105---20190624151710.wav","fs":"100","dno":"209","id":"16-209-A-90346700105---20190624151710.wav","date":"20190624","lno":"16","sdt":"90346700105","type":"A"}
INFO  2019-06-24 21:18:29,478 104179065ms AudioModuleV2          <.ctor>b__0_1      - ymdhms: 20190624 151710
INFO  2019-06-24 21:18:29,478 104179065ms AudioModuleV2          <.ctor>b__0_1      - record_time: 6/24/2019 3:17:10 PM
INFO  2019-06-24 21:18:29,482 104179069ms AudioModuleV2          <.ctor>b__0_1      - parse item: {"fn":"16-209-A-90912253639---20190624163713.wav","time":"163713","fp":"C:\\soft\\dbtool\\syncfiles\\2019\\6\\24\\16-209-A-90912253639---20190624163713.wav","fs":"100","dno":"209","id":"16-209-A-90912253639---20190624163713.wav","date":"20190624","lno":"16","sdt":"90912253639","type":"A"}
INFO  2019-06-24 21:18:29,483 104179070ms AudioModuleV2          <.ctor>b__0_1      - ymdhms: 20190624 163713
INFO  2019-06-24 21:18:29,483 104179070ms AudioModuleV2          <.ctor>b__0_1      - record_time: 6/24/2019 4:37:13 PM
INFO  2019-06-24 21:18:29,487 104179074ms AudioModuleV2          <.ctor>b__0_1      - parse item: {"fn":"16-209-A-90918909966---20190624134547.wav","time":"134547","fp":"C:\\soft\\dbtool\\syncfiles\\2019\\6\\24\\16-209-A-90918909966---20190624134547.wav","fs":"100","dno":"209","id":"16-209-A-90918909966---20190624134547.wav","date":"20190624","lno":"16","sdt":"90918909966","type":"A"}
INFO  2019-06-24 21:18:29,488 104179075ms AudioModuleV2          <.ctor>b__0_1      - ymdhms: 20190624 134547
INFO  2019-06-24 21:18:29,489 104179076ms AudioModuleV2          <.ctor>b__0_1      - record_time: 6/24/2019 1:45:47 PM
INFO  2019-06-24 21:18:29,493 104179080ms AudioModuleV2          <.ctor>b__0_1      - parse item: {"fn":"16-209-A-90932210877---20190624103010.wav","time":"103010","fp":"C:\\soft\\dbtool\\syncfiles\\2019\\6\\24\\16-209-A-90932210877---20190624103010.wav","fs":"100","dno":"209","id":"16-209-A-90932210877---20190624103010.wav","date":"20190624","lno":"16","sdt":"90932210877","type":"A"}
INFO  2019-06-24 21:18:29,493 104179080ms AudioModuleV2          <.ctor>b__0_1      - ymdhms: 20190624 103010
INFO  2019-06-24 21:18:29,494 104179081ms AudioModuleV2          <.ctor>b__0_1      - record_time: 6/24/2019 10:30:10 AM
INFO  2019-06-24 21:18:29,495 104179082ms AudioModuleV2          <.ctor>b__0_1      - parse item: {"fn":"25-113-A-90986731503---20190624085202.wav","time":"085202","fp":"C:\\soft\\dbtool\\syncfiles\\2019\\6\\24\\25-113-A-90986731503---20190624085202.wav","fs":"100","dno":"113","id":"25-113-A-90986731503---20190624085202.wav","date":"20190624","lno":"25","sdt":"90986731503","type":"A"}
INFO  2019-06-24 21:18:29,496 104179083ms AudioModuleV2          <.ctor>b__0_1      - ymdhms: 20190624 085202
INFO  2019-06-24 21:18:29,496 104179083ms AudioModuleV2          <.ctor>b__0_1      - record_time: 6/24/2019 8:52:02 AM
INFO  2019-06-24 21:18:29,501 104179088ms AudioModuleV2          <.ctor>b__0_1      - parse item: {"fn":"25-113-A-90986731503---20190624085235.wav","time":"085235","fp":"C:\\soft\\dbtool\\syncfiles\\2019\\6\\24\\25-113-A-90986731503---20190624085235.wav","fs":"100","dno":"113","id":"25-113-A-90986731503---20190624085235.wav","date":"20190624","lno":"25","sdt":"90986731503","type":"A"}
INFO  2019-06-24 21:18:29,501 104179088ms AudioModuleV2          <.ctor>b__0_1      - ymdhms: 20190624 085235
INFO  2019-06-24 21:18:29,502 104179089ms AudioModuleV2          <.ctor>b__0_1      - record_time: 6/24/2019 8:52:35 AM
INFO  2019-06-24 21:18:29,644 104179231ms AudioModuleV2          <.ctor>b__0_0      - GET v2/audio/checkandmatch
INFO  2019-06-24 21:19:00,148 104209735ms AudioModuleV2          <.ctor>b__0_1      - POST v2/audio/latest/batch
INFO  2019-06-24 21:19:00,149 104209736ms AudioModuleV2          <.ctor>b__0_1      - parse item: {"fn":"03-112-A-90978558489---20190624083255.wav","time":"083255","fp":"C:\\soft\\dbtool\\syncfiles\\2019\\6\\24\\03-112-A-90978558489---20190624083255.wav","fs":"100","dno":"112","id":"03-112-A-90978558489---20190624083255.wav","date":"20190624","lno":"03","sdt":"90978558489","type":"A"}
INFO  2019-06-24 21:19:00,150 104209737ms AudioModuleV2          <.ctor>b__0_1      - ymdhms: 20190624 083255
INFO  2019-06-24 21:19:00,150 104209737ms AudioModuleV2          <.ctor>b__0_1      - record_time: 6/24/2019 8:32:55 AM
INFO  2019-06-24 21:19:00,156 104209743ms AudioModuleV2          <.ctor>b__0_1      - parse item: {"fn":"16-209-A-90346700105---20190624151710.wav","time":"151710","fp":"C:\\soft\\dbtool\\syncfiles\\2019\\6\\24\\16-209-A-90346700105---20190624151710.wav","fs":"100","dno":"209","id":"16-209-A-90346700105---20190624151710.wav","date":"20190624","lno":"16","sdt":"90346700105","type":"A"}
INFO  2019-06-24 21:19:00,157 104209744ms AudioModuleV2          <.ctor>b__0_1      - ymdhms: 20190624 151710
INFO  2019-06-24 21:19:00,157 104209744ms AudioModuleV2          <.ctor>b__0_1      - record_time: 6/24/2019 3:17:10 PM
INFO  2019-06-24 21:19:00,161 104209748ms AudioModuleV2          <.ctor>b__0_1      - parse item: {"fn":"16-209-A-90912253639---20190624163713.wav","time":"163713","fp":"C:\\soft\\dbtool\\syncfiles\\2019\\6\\24\\16-209-A-90912253639---20190624163713.wav","fs":"100","dno":"209","id":"16-209-A-90912253639---20190624163713.wav","date":"20190624","lno":"16","sdt":"90912253639","type":"A"}
INFO  2019-06-24 21:19:00,162 104209749ms AudioModuleV2          <.ctor>b__0_1      - ymdhms: 20190624 163713
INFO  2019-06-24 21:19:00,162 104209749ms AudioModuleV2          <.ctor>b__0_1      - record_time: 6/24/2019 4:37:13 PM
INFO  2019-06-24 21:19:00,166 104209753ms AudioModuleV2          <.ctor>b__0_1      - parse item: {"fn":"16-209-A-90918909966---20190624134547.wav","time":"134547","fp":"C:\\soft\\dbtool\\syncfiles\\2019\\6\\24\\16-209-A-90918909966---20190624134547.wav","fs":"100","dno":"209","id":"16-209-A-90918909966---20190624134547.wav","date":"20190624","lno":"16","sdt":"90918909966","type":"A"}
INFO  2019-06-24 21:19:00,167 104209754ms AudioModuleV2          <.ctor>b__0_1      - ymdhms: 20190624 134547
INFO  2019-06-24 21:19:00,167 104209754ms AudioModuleV2          <.ctor>b__0_1      - record_time: 6/24/2019 1:45:47 PM
INFO  2019-06-24 21:19:00,171 104209758ms AudioModuleV2          <.ctor>b__0_1      - parse item: {"fn":"16-209-A-90932210877---20190624103010.wav","time":"103010","fp":"C:\\soft\\dbtool\\syncfiles\\2019\\6\\24\\16-209-A-90932210877---20190624103010.wav","fs":"100","dno":"209","id":"16-209-A-90932210877---20190624103010.wav","date":"20190624","lno":"16","sdt":"90932210877","type":"A"}
INFO  2019-06-24 21:19:00,172 104209759ms AudioModuleV2          <.ctor>b__0_1      - ymdhms: 20190624 103010
INFO  2019-06-24 21:19:00,172 104209759ms AudioModuleV2          <.ctor>b__0_1      - record_time: 6/24/2019 10:30:10 AM
INFO  2019-06-24 21:19:00,174 104209761ms AudioModuleV2          <.ctor>b__0_1      - parse item: {"fn":"25-113-A-90986731503---20190624085202.wav","time":"085202","fp":"C:\\soft\\dbtool\\syncfiles\\2019\\6\\24\\25-113-A-90986731503---20190624085202.wav","fs":"100","dno":"113","id":"25-113-A-90986731503---20190624085202.wav","date":"20190624","lno":"25","sdt":"90986731503","type":"A"}
INFO  2019-06-24 21:19:00,174 104209761ms AudioModuleV2          <.ctor>b__0_1      - ymdhms: 20190624 085202
INFO  2019-06-24 21:19:00,175 104209762ms AudioModuleV2          <.ctor>b__0_1      - record_time: 6/24/2019 8:52:02 AM
INFO  2019-06-24 21:19:00,179 104209766ms AudioModuleV2          <.ctor>b__0_1      - parse item: {"fn":"25-113-A-90986731503---20190624085235.wav","time":"085235","fp":"C:\\soft\\dbtool\\syncfiles\\2019\\6\\24\\25-113-A-90986731503---20190624085235.wav","fs":"100","dno":"113","id":"25-113-A-90986731503---20190624085235.wav","date":"20190624","lno":"25","sdt":"90986731503","type":"A"}
INFO  2019-06-24 21:19:00,179 104209766ms AudioModuleV2          <.ctor>b__0_1      - ymdhms: 20190624 085235
INFO  2019-06-24 21:19:00,180 104209767ms AudioModuleV2          <.ctor>b__0_1      - record_time: 6/24/2019 8:52:35 AM
INFO  2019-06-24 21:19:00,321 104209908ms AudioModuleV2          <.ctor>b__0_0      - GET v2/audio/checkandmatch
INFO  2019-06-24 21:19:30,838 104240425ms AudioModuleV2          <.ctor>b__0_1      - POST v2/audio/latest/batch
INFO  2019-06-24 21:19:30,839 104240426ms AudioModuleV2          <.ctor>b__0_1      - parse item: {"fn":"03-112-A-90978558489---20190624083255.wav","time":"083255","fp":"C:\\soft\\dbtool\\syncfiles\\2019\\6\\24\\03-112-A-90978558489---20190624083255.wav","fs":"100","dno":"112","id":"03-112-A-90978558489---20190624083255.wav","date":"20190624","lno":"03","sdt":"90978558489","type":"A"}
INFO  2019-06-24 21:19:30,840 104240427ms AudioModuleV2          <.ctor>b__0_1      - ymdhms: 20190624 083255
INFO  2019-06-24 21:19:30,840 104240427ms AudioModuleV2          <.ctor>b__0_1      - record_time: 6/24/2019 8:32:55 AM
INFO  2019-06-24 21:19:30,847 104240434ms AudioModuleV2          <.ctor>b__0_1      - parse item: {"fn":"16-209-A-90346700105---20190624151710.wav","time":"151710","fp":"C:\\soft\\dbtool\\syncfiles\\2019\\6\\24\\16-209-A-90346700105---20190624151710.wav","fs":"100","dno":"209","id":"16-209-A-90346700105---20190624151710.wav","date":"20190624","lno":"16","sdt":"90346700105","type":"A"}
INFO  2019-06-24 21:19:30,847 104240434ms AudioModuleV2          <.ctor>b__0_1      - ymdhms: 20190624 151710
INFO  2019-06-24 21:19:30,848 104240435ms AudioModuleV2          <.ctor>b__0_1      - record_time: 6/24/2019 3:17:10 PM
INFO  2019-06-24 21:19:30,852 104240439ms AudioModuleV2          <.ctor>b__0_1      - parse item: {"fn":"16-209-A-90912253639---20190624163713.wav","time":"163713","fp":"C:\\soft\\dbtool\\syncfiles\\2019\\6\\24\\16-209-A-90912253639---20190624163713.wav","fs":"100","dno":"209","id":"16-209-A-90912253639---20190624163713.wav","date":"20190624","lno":"16","sdt":"90912253639","type":"A"}
INFO  2019-06-24 21:19:30,852 104240439ms AudioModuleV2          <.ctor>b__0_1      - ymdhms: 20190624 163713
INFO  2019-06-24 21:19:30,853 104240440ms AudioModuleV2          <.ctor>b__0_1      - record_time: 6/24/2019 4:37:13 PM
INFO  2019-06-24 21:19:30,857 104240444ms AudioModuleV2          <.ctor>b__0_1      - parse item: {"fn":"16-209-A-90918909966---20190624134547.wav","time":"134547","fp":"C:\\soft\\dbtool\\syncfiles\\2019\\6\\24\\16-209-A-90918909966---20190624134547.wav","fs":"100","dno":"209","id":"16-209-A-90918909966---20190624134547.wav","date":"20190624","lno":"16","sdt":"90918909966","type":"A"}
INFO  2019-06-24 21:19:30,857 104240444ms AudioModuleV2          <.ctor>b__0_1      - ymdhms: 20190624 134547
INFO  2019-06-24 21:19:30,858 104240445ms AudioModuleV2          <.ctor>b__0_1      - record_time: 6/24/2019 1:45:47 PM
INFO  2019-06-24 21:19:30,862 104240449ms AudioModuleV2          <.ctor>b__0_1      - parse item: {"fn":"16-209-A-90932210877---20190624103010.wav","time":"103010","fp":"C:\\soft\\dbtool\\syncfiles\\2019\\6\\24\\16-209-A-90932210877---20190624103010.wav","fs":"100","dno":"209","id":"16-209-A-90932210877---20190624103010.wav","date":"20190624","lno":"16","sdt":"90932210877","type":"A"}
INFO  2019-06-24 21:19:30,862 104240449ms AudioModuleV2          <.ctor>b__0_1      - ymdhms: 20190624 103010
INFO  2019-06-24 21:19:30,863 104240450ms AudioModuleV2          <.ctor>b__0_1      - record_time: 6/24/2019 10:30:10 AM
INFO  2019-06-24 21:19:30,864 104240451ms AudioModuleV2          <.ctor>b__0_1      - parse item: {"fn":"25-113-A-90986731503---20190624085202.wav","time":"085202","fp":"C:\\soft\\dbtool\\syncfiles\\2019\\6\\24\\25-113-A-90986731503---20190624085202.wav","fs":"100","dno":"113","id":"25-113-A-90986731503---20190624085202.wav","date":"20190624","lno":"25","sdt":"90986731503","type":"A"}
INFO  2019-06-24 21:19:30,865 104240452ms AudioModuleV2          <.ctor>b__0_1      - ymdhms: 20190624 085202
INFO  2019-06-24 21:19:30,866 104240453ms AudioModuleV2          <.ctor>b__0_1      - record_time: 6/24/2019 8:52:02 AM
INFO  2019-06-24 21:19:30,870 104240457ms AudioModuleV2          <.ctor>b__0_1      - parse item: {"fn":"25-113-A-90986731503---20190624085235.wav","time":"085235","fp":"C:\\soft\\dbtool\\syncfiles\\2019\\6\\24\\25-113-A-90986731503---20190624085235.wav","fs":"100","dno":"113","id":"25-113-A-90986731503---20190624085235.wav","date":"20190624","lno":"25","sdt":"90986731503","type":"A"}
INFO  2019-06-24 21:19:30,871 104240458ms AudioModuleV2          <.ctor>b__0_1      - ymdhms: 20190624 085235
INFO  2019-06-24 21:19:30,871 104240458ms AudioModuleV2          <.ctor>b__0_1      - record_time: 6/24/2019 8:52:35 AM
INFO  2019-06-24 21:19:31,073 104240660ms AudioModuleV2          <.ctor>b__0_0      - GET v2/audio/checkandmatch
INFO  2019-06-24 21:20:01,566 104271153ms AudioModuleV2          <.ctor>b__0_1      - POST v2/audio/latest/batch
INFO  2019-06-24 21:20:01,567 104271154ms AudioModuleV2          <.ctor>b__0_1      - parse item: {"fn":"03-112-A-90978558489---20190624083255.wav","time":"083255","fp":"C:\\soft\\dbtool\\syncfiles\\2019\\6\\24\\03-112-A-90978558489---20190624083255.wav","fs":"100","dno":"112","id":"03-112-A-90978558489---20190624083255.wav","date":"20190624","lno":"03","sdt":"90978558489","type":"A"}
INFO  2019-06-24 21:20:01,568 104271155ms AudioModuleV2          <.ctor>b__0_1      - ymdhms: 20190624 083255
INFO  2019-06-24 21:20:01,569 104271156ms AudioModuleV2          <.ctor>b__0_1      - record_time: 6/24/2019 8:32:55 AM
INFO  2019-06-24 21:20:01,574 104271161ms AudioModuleV2          <.ctor>b__0_1      - parse item: {"fn":"16-209-A-90346700105---20190624151710.wav","time":"151710","fp":"C:\\soft\\dbtool\\syncfiles\\2019\\6\\24\\16-209-A-90346700105---20190624151710.wav","fs":"100","dno":"209","id":"16-209-A-90346700105---20190624151710.wav","date":"20190624","lno":"16","sdt":"90346700105","type":"A"}
INFO  2019-06-24 21:20:01,575 104271162ms AudioModuleV2          <.ctor>b__0_1      - ymdhms: 20190624 151710
INFO  2019-06-24 21:20:01,575 104271162ms AudioModuleV2          <.ctor>b__0_1      - record_time: 6/24/2019 3:17:10 PM
INFO  2019-06-24 21:20:01,579 104271166ms AudioModuleV2          <.ctor>b__0_1      - parse item: {"fn":"16-209-A-90912253639---20190624163713.wav","time":"163713","fp":"C:\\soft\\dbtool\\syncfiles\\2019\\6\\24\\16-209-A-90912253639---20190624163713.wav","fs":"100","dno":"209","id":"16-209-A-90912253639---20190624163713.wav","date":"20190624","lno":"16","sdt":"90912253639","type":"A"}
INFO  2019-06-24 21:20:01,580 104271167ms AudioModuleV2          <.ctor>b__0_1      - ymdhms: 20190624 163713
INFO  2019-06-24 21:20:01,581 104271168ms AudioModuleV2          <.ctor>b__0_1      - record_time: 6/24/2019 4:37:13 PM
INFO  2019-06-24 21:20:01,584 104271171ms AudioModuleV2          <.ctor>b__0_1      - parse item: {"fn":"16-209-A-90918909966---20190624134547.wav","time":"134547","fp":"C:\\soft\\dbtool\\syncfiles\\2019\\6\\24\\16-209-A-90918909966---20190624134547.wav","fs":"100","dno":"209","id":"16-209-A-90918909966---20190624134547.wav","date":"20190624","lno":"16","sdt":"90918909966","type":"A"}
INFO  2019-06-24 21:20:01,585 104271172ms AudioModuleV2          <.ctor>b__0_1      - ymdhms: 20190624 134547
INFO  2019-06-24 21:20:01,586 104271173ms AudioModuleV2          <.ctor>b__0_1      - record_time: 6/24/2019 1:45:47 PM
INFO  2019-06-24 21:20:01,590 104271177ms AudioModuleV2          <.ctor>b__0_1      - parse item: {"fn":"16-209-A-90932210877---20190624103010.wav","time":"103010","fp":"C:\\soft\\dbtool\\syncfiles\\2019\\6\\24\\16-209-A-90932210877---20190624103010.wav","fs":"100","dno":"209","id":"16-209-A-90932210877---20190624103010.wav","date":"20190624","lno":"16","sdt":"90932210877","type":"A"}
INFO  2019-06-24 21:20:01,590 104271177ms AudioModuleV2          <.ctor>b__0_1      - ymdhms: 20190624 103010
INFO  2019-06-24 21:20:01,591 104271178ms AudioModuleV2          <.ctor>b__0_1      - record_time: 6/24/2019 10:30:10 AM
INFO  2019-06-24 21:20:01,592 104271179ms AudioModuleV2          <.ctor>b__0_1      - parse item: {"fn":"25-113-A-90986731503---20190624085202.wav","time":"085202","fp":"C:\\soft\\dbtool\\syncfiles\\2019\\6\\24\\25-113-A-90986731503---20190624085202.wav","fs":"100","dno":"113","id":"25-113-A-90986731503---20190624085202.wav","date":"20190624","lno":"25","sdt":"90986731503","type":"A"}
INFO  2019-06-24 21:20:01,593 104271180ms AudioModuleV2          <.ctor>b__0_1      - ymdhms: 20190624 085202
INFO  2019-06-24 21:20:01,593 104271180ms AudioModuleV2          <.ctor>b__0_1      - record_time: 6/24/2019 8:52:02 AM
INFO  2019-06-24 21:20:01,598 104271185ms AudioModuleV2          <.ctor>b__0_1      - parse item: {"fn":"25-113-A-90986731503---20190624085235.wav","time":"085235","fp":"C:\\soft\\dbtool\\syncfiles\\2019\\6\\24\\25-113-A-90986731503---20190624085235.wav","fs":"100","dno":"113","id":"25-113-A-90986731503---20190624085235.wav","date":"20190624","lno":"25","sdt":"90986731503","type":"A"}
INFO  2019-06-24 21:20:01,598 104271185ms AudioModuleV2          <.ctor>b__0_1      - ymdhms: 20190624 085235
INFO  2019-06-24 21:20:01,599 104271186ms AudioModuleV2          <.ctor>b__0_1      - record_time: 6/24/2019 8:52:35 AM
INFO  2019-06-24 21:20:01,738 104271325ms AudioModuleV2          <.ctor>b__0_0      - GET v2/audio/checkandmatch
INFO  2019-06-24 21:20:32,257 104301844ms AudioModuleV2          <.ctor>b__0_1      - POST v2/audio/latest/batch
INFO  2019-06-24 21:20:32,258 104301845ms AudioModuleV2          <.ctor>b__0_1      - parse item: {"fn":"03-112-A-90978558489---20190624083255.wav","time":"083255","fp":"C:\\soft\\dbtool\\syncfiles\\2019\\6\\24\\03-112-A-90978558489---20190624083255.wav","fs":"100","dno":"112","id":"03-112-A-90978558489---20190624083255.wav","date":"20190624","lno":"03","sdt":"90978558489","type":"A"}
INFO  2019-06-24 21:20:32,259 104301846ms AudioModuleV2          <.ctor>b__0_1      - ymdhms: 20190624 083255
INFO  2019-06-24 21:20:32,259 104301846ms AudioModuleV2          <.ctor>b__0_1      - record_time: 6/24/2019 8:32:55 AM
INFO  2019-06-24 21:20:32,265 104301852ms AudioModuleV2          <.ctor>b__0_1      - parse item: {"fn":"16-209-A-90346700105---20190624151710.wav","time":"151710","fp":"C:\\soft\\dbtool\\syncfiles\\2019\\6\\24\\16-209-A-90346700105---20190624151710.wav","fs":"100","dno":"209","id":"16-209-A-90346700105---20190624151710.wav","date":"20190624","lno":"16","sdt":"90346700105","type":"A"}
INFO  2019-06-24 21:20:32,266 104301853ms AudioModuleV2          <.ctor>b__0_1      - ymdhms: 20190624 151710
INFO  2019-06-24 21:20:32,267 104301854ms AudioModuleV2          <.ctor>b__0_1      - record_time: 6/24/2019 3:17:10 PM
INFO  2019-06-24 21:20:32,271 104301858ms AudioModuleV2          <.ctor>b__0_1      - parse item: {"fn":"16-209-A-90912253639---20190624163713.wav","time":"163713","fp":"C:\\soft\\dbtool\\syncfiles\\2019\\6\\24\\16-209-A-90912253639---20190624163713.wav","fs":"100","dno":"209","id":"16-209-A-90912253639---20190624163713.wav","date":"20190624","lno":"16","sdt":"90912253639","type":"A"}
INFO  2019-06-24 21:20:32,271 104301858ms AudioModuleV2          <.ctor>b__0_1      - ymdhms: 20190624 163713
INFO  2019-06-24 21:20:32,272 104301859ms AudioModuleV2          <.ctor>b__0_1      - record_time: 6/24/2019 4:37:13 PM
INFO  2019-06-24 21:20:32,276 104301863ms AudioModuleV2          <.ctor>b__0_1      - parse item: {"fn":"16-209-A-90918909966---20190624134547.wav","time":"134547","fp":"C:\\soft\\dbtool\\syncfiles\\2019\\6\\24\\16-209-A-90918909966---20190624134547.wav","fs":"100","dno":"209","id":"16-209-A-90918909966---20190624134547.wav","date":"20190624","lno":"16","sdt":"90918909966","type":"A"}
INFO  2019-06-24 21:20:32,276 104301863ms AudioModuleV2          <.ctor>b__0_1      - ymdhms: 20190624 134547
INFO  2019-06-24 21:20:32,277 104301864ms AudioModuleV2          <.ctor>b__0_1      - record_time: 6/24/2019 1:45:47 PM
INFO  2019-06-24 21:20:32,282 104301869ms AudioModuleV2          <.ctor>b__0_1      - parse item: {"fn":"16-209-A-90932210877---20190624103010.wav","time":"103010","fp":"C:\\soft\\dbtool\\syncfiles\\2019\\6\\24\\16-209-A-90932210877---20190624103010.wav","fs":"100","dno":"209","id":"16-209-A-90932210877---20190624103010.wav","date":"20190624","lno":"16","sdt":"90932210877","type":"A"}
INFO  2019-06-24 21:20:32,283 104301870ms AudioModuleV2          <.ctor>b__0_1      - ymdhms: 20190624 103010
INFO  2019-06-24 21:20:32,284 104301871ms AudioModuleV2          <.ctor>b__0_1      - record_time: 6/24/2019 10:30:10 AM
INFO  2019-06-24 21:20:32,285 104301872ms AudioModuleV2          <.ctor>b__0_1      - parse item: {"fn":"25-113-A-90986731503---20190624085202.wav","time":"085202","fp":"C:\\soft\\dbtool\\syncfiles\\2019\\6\\24\\25-113-A-90986731503---20190624085202.wav","fs":"100","dno":"113","id":"25-113-A-90986731503---20190624085202.wav","date":"20190624","lno":"25","sdt":"90986731503","type":"A"}
INFO  2019-06-24 21:20:32,286 104301873ms AudioModuleV2          <.ctor>b__0_1      - ymdhms: 20190624 085202
INFO  2019-06-24 21:20:32,286 104301873ms AudioModuleV2          <.ctor>b__0_1      - record_time: 6/24/2019 8:52:02 AM
INFO  2019-06-24 21:20:32,290 104301877ms AudioModuleV2          <.ctor>b__0_1      - parse item: {"fn":"25-113-A-90986731503---20190624085235.wav","time":"085235","fp":"C:\\soft\\dbtool\\syncfiles\\2019\\6\\24\\25-113-A-90986731503---20190624085235.wav","fs":"100","dno":"113","id":"25-113-A-90986731503---20190624085235.wav","date":"20190624","lno":"25","sdt":"90986731503","type":"A"}
INFO  2019-06-24 21:20:32,291 104301878ms AudioModuleV2          <.ctor>b__0_1      - ymdhms: 20190624 085235
INFO  2019-06-24 21:20:32,291 104301878ms AudioModuleV2          <.ctor>b__0_1      - record_time: 6/24/2019 8:52:35 AM
INFO  2019-06-24 21:20:32,462 104302049ms AudioModuleV2          <.ctor>b__0_0      - GET v2/audio/checkandmatch
INFO  2019-06-24 21:21:02,975 104332562ms AudioModuleV2          <.ctor>b__0_1      - POST v2/audio/latest/batch
INFO  2019-06-24 21:21:02,976 104332563ms AudioModuleV2          <.ctor>b__0_1      - parse item: {"fn":"03-112-A-90978558489---20190624083255.wav","time":"083255","fp":"C:\\soft\\dbtool\\syncfiles\\2019\\6\\24\\03-112-A-90978558489---20190624083255.wav","fs":"100","dno":"112","id":"03-112-A-90978558489---20190624083255.wav","date":"20190624","lno":"03","sdt":"90978558489","type":"A"}
INFO  2019-06-24 21:21:02,977 104332564ms AudioModuleV2          <.ctor>b__0_1      - ymdhms: 20190624 083255
INFO  2019-06-24 21:21:02,977 104332564ms AudioModuleV2          <.ctor>b__0_1      - record_time: 6/24/2019 8:32:55 AM
INFO  2019-06-24 21:21:02,983 104332570ms AudioModuleV2          <.ctor>b__0_1      - parse item: {"fn":"16-209-A-90346700105---20190624151710.wav","time":"151710","fp":"C:\\soft\\dbtool\\syncfiles\\2019\\6\\24\\16-209-A-90346700105---20190624151710.wav","fs":"100","dno":"209","id":"16-209-A-90346700105---20190624151710.wav","date":"20190624","lno":"16","sdt":"90346700105","type":"A"}
INFO  2019-06-24 21:21:02,983 104332570ms AudioModuleV2          <.ctor>b__0_1      - ymdhms: 20190624 151710
INFO  2019-06-24 21:21:02,984 104332571ms AudioModuleV2          <.ctor>b__0_1      - record_time: 6/24/2019 3:17:10 PM
INFO  2019-06-24 21:21:02,988 104332575ms AudioModuleV2          <.ctor>b__0_1      - parse item: {"fn":"16-209-A-90912253639---20190624163713.wav","time":"163713","fp":"C:\\soft\\dbtool\\syncfiles\\2019\\6\\24\\16-209-A-90912253639---20190624163713.wav","fs":"100","dno":"209","id":"16-209-A-90912253639---20190624163713.wav","date":"20190624","lno":"16","sdt":"90912253639","type":"A"}
INFO  2019-06-24 21:21:02,988 104332575ms AudioModuleV2          <.ctor>b__0_1      - ymdhms: 20190624 163713
INFO  2019-06-24 21:21:02,989 104332576ms AudioModuleV2          <.ctor>b__0_1      - record_time: 6/24/2019 4:37:13 PM
INFO  2019-06-24 21:21:02,993 104332580ms AudioModuleV2          <.ctor>b__0_1      - parse item: {"fn":"16-209-A-90918909966---20190624134547.wav","time":"134547","fp":"C:\\soft\\dbtool\\syncfiles\\2019\\6\\24\\16-209-A-90918909966---20190624134547.wav","fs":"100","dno":"209","id":"16-209-A-90918909966---20190624134547.wav","date":"20190624","lno":"16","sdt":"90918909966","type":"A"}
INFO  2019-06-24 21:21:02,994 104332581ms AudioModuleV2          <.ctor>b__0_1      - ymdhms: 20190624 134547
INFO  2019-06-24 21:21:02,994 104332581ms AudioModuleV2          <.ctor>b__0_1      - record_time: 6/24/2019 1:45:47 PM
INFO  2019-06-24 21:21:02,998 104332585ms AudioModuleV2          <.ctor>b__0_1      - parse item: {"fn":"16-209-A-90932210877---20190624103010.wav","time":"103010","fp":"C:\\soft\\dbtool\\syncfiles\\2019\\6\\24\\16-209-A-90932210877---20190624103010.wav","fs":"100","dno":"209","id":"16-209-A-90932210877---20190624103010.wav","date":"20190624","lno":"16","sdt":"90932210877","type":"A"}
INFO  2019-06-24 21:21:02,998 104332585ms AudioModuleV2          <.ctor>b__0_1      - ymdhms: 20190624 103010
INFO  2019-06-24 21:21:02,999 104332586ms AudioModuleV2          <.ctor>b__0_1      - record_time: 6/24/2019 10:30:10 AM
INFO  2019-06-24 21:21:03,000 104332587ms AudioModuleV2          <.ctor>b__0_1      - parse item: {"fn":"25-113-A-90986731503---20190624085202.wav","time":"085202","fp":"C:\\soft\\dbtool\\syncfiles\\2019\\6\\24\\25-113-A-90986731503---20190624085202.wav","fs":"100","dno":"113","id":"25-113-A-90986731503---20190624085202.wav","date":"20190624","lno":"25","sdt":"90986731503","type":"A"}
INFO  2019-06-24 21:21:03,001 104332588ms AudioModuleV2          <.ctor>b__0_1      - ymdhms: 20190624 085202
INFO  2019-06-24 21:21:03,002 104332589ms AudioModuleV2          <.ctor>b__0_1      - record_time: 6/24/2019 8:52:02 AM
INFO  2019-06-24 21:21:03,006 104332593ms AudioModuleV2          <.ctor>b__0_1      - parse item: {"fn":"25-113-A-90986731503---20190624085235.wav","time":"085235","fp":"C:\\soft\\dbtool\\syncfiles\\2019\\6\\24\\25-113-A-90986731503---20190624085235.wav","fs":"100","dno":"113","id":"25-113-A-90986731503---20190624085235.wav","date":"20190624","lno":"25","sdt":"90986731503","type":"A"}
INFO  2019-06-24 21:21:03,006 104332593ms AudioModuleV2          <.ctor>b__0_1      - ymdhms: 20190624 085235
INFO  2019-06-24 21:21:03,007 104332594ms AudioModuleV2          <.ctor>b__0_1      - record_time: 6/24/2019 8:52:35 AM
INFO  2019-06-24 21:21:03,395 104332982ms AudioModuleV2          <.ctor>b__0_0      - GET v2/audio/checkandmatch
INFO  2019-06-24 21:21:33,880 104363467ms AudioModuleV2          <.ctor>b__0_1      - POST v2/audio/latest/batch
INFO  2019-06-24 21:21:33,881 104363468ms AudioModuleV2          <.ctor>b__0_1      - parse item: {"fn":"03-112-A-90978558489---20190624083255.wav","time":"083255","fp":"C:\\soft\\dbtool\\syncfiles\\2019\\6\\24\\03-112-A-90978558489---20190624083255.wav","fs":"100","dno":"112","id":"03-112-A-90978558489---20190624083255.wav","date":"20190624","lno":"03","sdt":"90978558489","type":"A"}
INFO  2019-06-24 21:21:33,881 104363468ms AudioModuleV2          <.ctor>b__0_1      - ymdhms: 20190624 083255
INFO  2019-06-24 21:21:33,882 104363469ms AudioModuleV2          <.ctor>b__0_1      - record_time: 6/24/2019 8:32:55 AM
INFO  2019-06-24 21:21:33,887 104363474ms AudioModuleV2          <.ctor>b__0_1      - parse item: {"fn":"16-209-A-90346700105---20190624151710.wav","time":"151710","fp":"C:\\soft\\dbtool\\syncfiles\\2019\\6\\24\\16-209-A-90346700105---20190624151710.wav","fs":"100","dno":"209","id":"16-209-A-90346700105---20190624151710.wav","date":"20190624","lno":"16","sdt":"90346700105","type":"A"}
INFO  2019-06-24 21:21:33,888 104363475ms AudioModuleV2          <.ctor>b__0_1      - ymdhms: 20190624 151710
INFO  2019-06-24 21:21:33,888 104363475ms AudioModuleV2          <.ctor>b__0_1      - record_time: 6/24/2019 3:17:10 PM
INFO  2019-06-24 21:21:33,892 104363479ms AudioModuleV2          <.ctor>b__0_1      - parse item: {"fn":"16-209-A-90912253639---20190624163713.wav","time":"163713","fp":"C:\\soft\\dbtool\\syncfiles\\2019\\6\\24\\16-209-A-90912253639---20190624163713.wav","fs":"100","dno":"209","id":"16-209-A-90912253639---20190624163713.wav","date":"20190624","lno":"16","sdt":"90912253639","type":"A"}
INFO  2019-06-24 21:21:33,893 104363480ms AudioModuleV2          <.ctor>b__0_1      - ymdhms: 20190624 163713
INFO  2019-06-24 21:21:33,893 104363480ms AudioModuleV2          <.ctor>b__0_1      - record_time: 6/24/2019 4:37:13 PM
INFO  2019-06-24 21:21:33,897 104363484ms AudioModuleV2          <.ctor>b__0_1      - parse item: {"fn":"16-209-A-90918909966---20190624134547.wav","time":"134547","fp":"C:\\soft\\dbtool\\syncfiles\\2019\\6\\24\\16-209-A-90918909966---20190624134547.wav","fs":"100","dno":"209","id":"16-209-A-90918909966---20190624134547.wav","date":"20190624","lno":"16","sdt":"90918909966","type":"A"}
INFO  2019-06-24 21:21:33,898 104363485ms AudioModuleV2          <.ctor>b__0_1      - ymdhms: 20190624 134547
INFO  2019-06-24 21:21:33,899 104363486ms AudioModuleV2          <.ctor>b__0_1      - record_time: 6/24/2019 1:45:47 PM
INFO  2019-06-24 21:21:33,903 104363490ms AudioModuleV2          <.ctor>b__0_1      - parse item: {"fn":"16-209-A-90932210877---20190624103010.wav","time":"103010","fp":"C:\\soft\\dbtool\\syncfiles\\2019\\6\\24\\16-209-A-90932210877---20190624103010.wav","fs":"100","dno":"209","id":"16-209-A-90932210877---20190624103010.wav","date":"20190624","lno":"16","sdt":"90932210877","type":"A"}
INFO  2019-06-24 21:21:33,903 104363490ms AudioModuleV2          <.ctor>b__0_1      - ymdhms: 20190624 103010
INFO  2019-06-24 21:21:33,904 104363491ms AudioModuleV2          <.ctor>b__0_1      - record_time: 6/24/2019 10:30:10 AM
INFO  2019-06-24 21:21:33,905 104363492ms AudioModuleV2          <.ctor>b__0_1      - parse item: {"fn":"25-113-A-90986731503---20190624085202.wav","time":"085202","fp":"C:\\soft\\dbtool\\syncfiles\\2019\\6\\24\\25-113-A-90986731503---20190624085202.wav","fs":"100","dno":"113","id":"25-113-A-90986731503---20190624085202.wav","date":"20190624","lno":"25","sdt":"90986731503","type":"A"}
INFO  2019-06-24 21:21:33,906 104363493ms AudioModuleV2          <.ctor>b__0_1      - ymdhms: 20190624 085202
INFO  2019-06-24 21:21:33,907 104363494ms AudioModuleV2          <.ctor>b__0_1      - record_time: 6/24/2019 8:52:02 AM
INFO  2019-06-24 21:21:33,911 104363498ms AudioModuleV2          <.ctor>b__0_1      - parse item: {"fn":"25-113-A-90986731503---20190624085235.wav","time":"085235","fp":"C:\\soft\\dbtool\\syncfiles\\2019\\6\\24\\25-113-A-90986731503---20190624085235.wav","fs":"100","dno":"113","id":"25-113-A-90986731503---20190624085235.wav","date":"20190624","lno":"25","sdt":"90986731503","type":"A"}
INFO  2019-06-24 21:21:33,912 104363499ms AudioModuleV2          <.ctor>b__0_1      - ymdhms: 20190624 085235
INFO  2019-06-24 21:21:33,912 104363499ms AudioModuleV2          <.ctor>b__0_1      - record_time: 6/24/2019 8:52:35 AM
INFO  2019-06-24 21:21:34,063 104363650ms AudioModuleV2          <.ctor>b__0_0      - GET v2/audio/checkandmatch
INFO  2019-06-24 21:22:04,559 104394146ms AudioModuleV2          <.ctor>b__0_1      - POST v2/audio/latest/batch
INFO  2019-06-24 21:22:04,560 104394147ms AudioModuleV2          <.ctor>b__0_1      - parse item: {"fn":"03-112-A-90978558489---20190624083255.wav","time":"083255","fp":"C:\\soft\\dbtool\\syncfiles\\2019\\6\\24\\03-112-A-90978558489---20190624083255.wav","fs":"100","dno":"112","id":"03-112-A-90978558489---20190624083255.wav","date":"20190624","lno":"03","sdt":"90978558489","type":"A"}
INFO  2019-06-24 21:22:04,561 104394148ms AudioModuleV2          <.ctor>b__0_1      - ymdhms: 20190624 083255
INFO  2019-06-24 21:22:04,561 104394148ms AudioModuleV2          <.ctor>b__0_1      - record_time: 6/24/2019 8:32:55 AM
INFO  2019-06-24 21:22:04,567 104394154ms AudioModuleV2          <.ctor>b__0_1      - parse item: {"fn":"16-209-A-90346700105---20190624151710.wav","time":"151710","fp":"C:\\soft\\dbtool\\syncfiles\\2019\\6\\24\\16-209-A-90346700105---20190624151710.wav","fs":"100","dno":"209","id":"16-209-A-90346700105---20190624151710.wav","date":"20190624","lno":"16","sdt":"90346700105","type":"A"}
INFO  2019-06-24 21:22:04,567 104394154ms AudioModuleV2          <.ctor>b__0_1      - ymdhms: 20190624 151710
INFO  2019-06-24 21:22:04,568 104394155ms AudioModuleV2          <.ctor>b__0_1      - record_time: 6/24/2019 3:17:10 PM
INFO  2019-06-24 21:22:04,572 104394159ms AudioModuleV2          <.ctor>b__0_1      - parse item: {"fn":"16-209-A-90912253639---20190624163713.wav","time":"163713","fp":"C:\\soft\\dbtool\\syncfiles\\2019\\6\\24\\16-209-A-90912253639---20190624163713.wav","fs":"100","dno":"209","id":"16-209-A-90912253639---20190624163713.wav","date":"20190624","lno":"16","sdt":"90912253639","type":"A"}
INFO  2019-06-24 21:22:04,572 104394159ms AudioModuleV2          <.ctor>b__0_1      - ymdhms: 20190624 163713
INFO  2019-06-24 21:22:04,573 104394160ms AudioModuleV2          <.ctor>b__0_1      - record_time: 6/24/2019 4:37:13 PM
INFO  2019-06-24 21:22:04,576 104394163ms AudioModuleV2          <.ctor>b__0_1      - parse item: {"fn":"16-209-A-90918909966---20190624134547.wav","time":"134547","fp":"C:\\soft\\dbtool\\syncfiles\\2019\\6\\24\\16-209-A-90918909966---20190624134547.wav","fs":"100","dno":"209","id":"16-209-A-90918909966---20190624134547.wav","date":"20190624","lno":"16","sdt":"90918909966","type":"A"}
INFO  2019-06-24 21:22:04,577 104394164ms AudioModuleV2          <.ctor>b__0_1      - ymdhms: 20190624 134547
INFO  2019-06-24 21:22:04,578 104394165ms AudioModuleV2          <.ctor>b__0_1      - record_time: 6/24/2019 1:45:47 PM
INFO  2019-06-24 21:22:04,581 104394168ms AudioModuleV2          <.ctor>b__0_1      - parse item: {"fn":"16-209-A-90932210877---20190624103010.wav","time":"103010","fp":"C:\\soft\\dbtool\\syncfiles\\2019\\6\\24\\16-209-A-90932210877---20190624103010.wav","fs":"100","dno":"209","id":"16-209-A-90932210877---20190624103010.wav","date":"20190624","lno":"16","sdt":"90932210877","type":"A"}
INFO  2019-06-24 21:22:04,582 104394169ms AudioModuleV2          <.ctor>b__0_1      - ymdhms: 20190624 103010
INFO  2019-06-24 21:22:04,583 104394170ms AudioModuleV2          <.ctor>b__0_1      - record_time: 6/24/2019 10:30:10 AM
INFO  2019-06-24 21:22:04,584 104394171ms AudioModuleV2          <.ctor>b__0_1      - parse item: {"fn":"25-113-A-90986731503---20190624085202.wav","time":"085202","fp":"C:\\soft\\dbtool\\syncfiles\\2019\\6\\24\\25-113-A-90986731503---20190624085202.wav","fs":"100","dno":"113","id":"25-113-A-90986731503---20190624085202.wav","date":"20190624","lno":"25","sdt":"90986731503","type":"A"}
INFO  2019-06-24 21:22:04,585 104394172ms AudioModuleV2          <.ctor>b__0_1      - ymdhms: 20190624 085202
INFO  2019-06-24 21:22:04,585 104394172ms AudioModuleV2          <.ctor>b__0_1      - record_time: 6/24/2019 8:52:02 AM
INFO  2019-06-24 21:22:04,589 104394176ms AudioModuleV2          <.ctor>b__0_1      - parse item: {"fn":"25-113-A-90986731503---20190624085235.wav","time":"085235","fp":"C:\\soft\\dbtool\\syncfiles\\2019\\6\\24\\25-113-A-90986731503---20190624085235.wav","fs":"100","dno":"113","id":"25-113-A-90986731503---20190624085235.wav","date":"20190624","lno":"25","sdt":"90986731503","type":"A"}
INFO  2019-06-24 21:22:04,590 104394177ms AudioModuleV2          <.ctor>b__0_1      - ymdhms: 20190624 085235
INFO  2019-06-24 21:22:04,591 104394178ms AudioModuleV2          <.ctor>b__0_1      - record_time: 6/24/2019 8:52:35 AM
INFO  2019-06-24 21:22:04,744 104394331ms AudioModuleV2          <.ctor>b__0_0      - GET v2/audio/checkandmatch
