INFO  2019-05-27 07:38:28,898 61378ms DangNhapController     Index              - Enter DangNhap/Index
INFO  2019-05-27 07:38:35,398 67879ms DangNhapController     Index              - do login...
INFO  2019-05-27 07:38:36,320 68800ms HomeController         Index              - Enter Home/Index
INFO  2019-05-27 07:41:24,596 237076ms DangNhapController     Index              - Enter DangNhap/Index
INFO  2019-05-27 07:41:32,487 244967ms DangNhapController     Index              - do login...
DEBUG 2019-05-27 07:41:32,487 244967ms DangNhapController     Index              - user not exist: dtv1 pass D2C728E9EF4BFAE3AFE2AE5C5F422E96
INFO  2019-05-27 07:41:43,159 255639ms DangNhapController     Index              - do login...
INFO  2019-05-27 07:41:43,190 255670ms HomeController         Index              - Enter Home/Index
ERROR 2019-05-27 07:44:34,371 426851ms PhanAnhController      getListOfPhanAnh   - System.Data.Entity.Core.EntityCommandExecutionException: An error occurred while executing the command definition. See the inner exception for details. ---> System.Data.SqlClient.SqlException: Could not find stored procedure 'dbo.p_YeuCau_DanhSachV6'.
   at System.Data.SqlClient.SqlConnection.OnError(SqlException exception, Boolean breakConnection, Action`1 wrapCloseInAction)
   at System.Data.SqlClient.TdsParser.ThrowExceptionAndWarning(TdsParserStateObject stateObj, Boolean callerHasConnectionLock, Boolean asyncClose)
   at System.Data.SqlClient.TdsParser.TryRun(RunBehavior runBehavior, SqlCommand cmdHandler, SqlDataReader dataStream, BulkCopySimpleResultSet bulkCopyHandler, TdsParserStateObject stateObj, Boolean& dataReady)
   at System.Data.SqlClient.SqlDataReader.TryConsumeMetaData()
   at System.Data.SqlClient.SqlDataReader.get_MetaData()
   at System.Data.SqlClient.SqlCommand.FinishExecuteReader(SqlDataReader ds, RunBehavior runBehavior, String resetOptionsString, Boolean isInternal, Boolean forDescribeParameterEncryption, Boolean shouldCacheForAlwaysEncrypted)
   at System.Data.SqlClient.SqlCommand.RunExecuteReaderTds(CommandBehavior cmdBehavior, RunBehavior runBehavior, Boolean returnStream, Boolean async, Int32 timeout, Task& task, Boolean asyncWrite, Boolean inRetry, SqlDataReader ds, Boolean describeParameterEncryptionRequest)
   at System.Data.SqlClient.SqlCommand.RunExecuteReader(CommandBehavior cmdBehavior, RunBehavior runBehavior, Boolean returnStream, String method, TaskCompletionSource`1 completion, Int32 timeout, Task& task, Boolean& usedCache, Boolean asyncWrite, Boolean inRetry)
   at System.Data.SqlClient.SqlCommand.RunExecuteReader(CommandBehavior cmdBehavior, RunBehavior runBehavior, Boolean returnStream, String method)
   at System.Data.SqlClient.SqlCommand.ExecuteReader(CommandBehavior behavior, String method)
   at System.Data.Entity.Infrastructure.Interception.InternalDispatcher`1.Dispatch[TTarget,TInterceptionContext,TResult](TTarget target, Func`3 operation, TInterceptionContext interceptionContext, Action`3 executing, Action`3 executed)
   at System.Data.Entity.Infrastructure.Interception.DbCommandDispatcher.Reader(DbCommand command, DbCommandInterceptionContext interceptionContext)
   at System.Data.Entity.Core.EntityClient.Internal.EntityCommandDefinition.ExecuteStoreCommands(EntityCommand entityCommand, CommandBehavior behavior)
   --- End of inner exception stack trace ---
   at System.Data.Entity.Core.EntityClient.Internal.EntityCommandDefinition.ExecuteStoreCommands(EntityCommand entityCommand, CommandBehavior behavior)
   at System.Data.Entity.Core.Objects.ObjectContext.CreateFunctionObjectResult[TElement](EntityCommand entityCommand, ReadOnlyCollection`1 entitySets, EdmType[] edmTypes, ExecutionOptions executionOptions)
   at System.Data.Entity.Core.Objects.ObjectContext.<>c__DisplayClass10`1.<ExecuteFunction>b__f()
   at System.Data.Entity.Core.Objects.ObjectContext.ExecuteInTransaction[T](Func`1 func, IDbExecutionStrategy executionStrategy, Boolean startLocalTransaction, Boolean releaseConnectionOnSuccess)
   at System.Data.Entity.Core.Objects.ObjectContext.<>c__DisplayClass10`1.<ExecuteFunction>b__e()
   at System.Data.Entity.SqlServer.DefaultSqlExecutionStrategy.Execute[TResult](Func`1 operation)
   at System.Data.Entity.Core.Objects.ObjectContext.ExecuteFunction[TElement](String functionName, ExecutionOptions executionOptions, ObjectParameter[] parameters)
   at WebUI.Models.HotlineEntities.p_YeuCau_DanhSachV6(Nullable`1 ngaytu, Nullable`1 ngayden, String tukhoa, Nullable`1 donvi_id, Nullable`1 linhvuc_id, Nullable`1 loaiyc_id, Nullable`1 hinhthuc_id, Nullable`1 doituong_id, Nullable`1 kenhtn_id, Nullable`1 capdo_id, Nullable`1 trangthai_id, Nullable`1 ghiam, Nullable`1 phanloaitthc_id, Nullable`1 nguoidung_id, Nullable`1 phuong_id, Nullable`1 huyen_id) in E:\prjs\HCC_HB\WebUI\Models\Hotline.Context.cs:line 901
   at WebUI.WebServices.PhanAnhService._GetDanhSachPhanAnh(p_NguoiDung_Result user, DateTime startDay, DateTime endDay, String keyWord, Nullable`1 condition0, Nullable`1 condition1, Nullable`1 condition2, Nullable`1 condition3, Nullable`1 condition4, Nullable`1 condition5, Nullable`1 condition6, Nullable`1 condition7, Nullable`1 condition8, Nullable`1 condition9) in E:\prjs\HCC_HB\WebUI\WebServices\PhanAnhService.asmx.cs:line 187
   at WebUI.Controllers.PhanAnhController.getListOfPhanAnh(String startDayString, String endDayString, String keyWord, Nullable`1 condition0, Nullable`1 condition1, Nullable`1 condition2, Nullable`1 condition3, Nullable`1 condition4, Nullable`1 condition5, Nullable`1 condition6, Nullable`1 condition7, Nullable`1 condition8, Nullable`1 condition9) in E:\prjs\HCC_HB\WebUI\Controllers\PhanAnhController.cs:line 126
ERROR 2019-05-27 07:45:42,093 494573ms PhanAnhController      getListOfPhanAnh   - System.Data.Entity.Core.EntityCommandExecutionException: An error occurred while executing the command definition. See the inner exception for details. ---> System.Data.SqlClient.SqlException: Could not find stored procedure 'dbo.p_YeuCau_DanhSachV6'.
   at System.Data.SqlClient.SqlConnection.OnError(SqlException exception, Boolean breakConnection, Action`1 wrapCloseInAction)
   at System.Data.SqlClient.TdsParser.ThrowExceptionAndWarning(TdsParserStateObject stateObj, Boolean callerHasConnectionLock, Boolean asyncClose)
   at System.Data.SqlClient.TdsParser.TryRun(RunBehavior runBehavior, SqlCommand cmdHandler, SqlDataReader dataStream, BulkCopySimpleResultSet bulkCopyHandler, TdsParserStateObject stateObj, Boolean& dataReady)
   at System.Data.SqlClient.SqlDataReader.TryConsumeMetaData()
   at System.Data.SqlClient.SqlDataReader.get_MetaData()
   at System.Data.SqlClient.SqlCommand.FinishExecuteReader(SqlDataReader ds, RunBehavior runBehavior, String resetOptionsString, Boolean isInternal, Boolean forDescribeParameterEncryption, Boolean shouldCacheForAlwaysEncrypted)
   at System.Data.SqlClient.SqlCommand.RunExecuteReaderTds(CommandBehavior cmdBehavior, RunBehavior runBehavior, Boolean returnStream, Boolean async, Int32 timeout, Task& task, Boolean asyncWrite, Boolean inRetry, SqlDataReader ds, Boolean describeParameterEncryptionRequest)
   at System.Data.SqlClient.SqlCommand.RunExecuteReader(CommandBehavior cmdBehavior, RunBehavior runBehavior, Boolean returnStream, String method, TaskCompletionSource`1 completion, Int32 timeout, Task& task, Boolean& usedCache, Boolean asyncWrite, Boolean inRetry)
   at System.Data.SqlClient.SqlCommand.RunExecuteReader(CommandBehavior cmdBehavior, RunBehavior runBehavior, Boolean returnStream, String method)
   at System.Data.SqlClient.SqlCommand.ExecuteReader(CommandBehavior behavior, String method)
   at System.Data.Entity.Infrastructure.Interception.InternalDispatcher`1.Dispatch[TTarget,TInterceptionContext,TResult](TTarget target, Func`3 operation, TInterceptionContext interceptionContext, Action`3 executing, Action`3 executed)
   at System.Data.Entity.Infrastructure.Interception.DbCommandDispatcher.Reader(DbCommand command, DbCommandInterceptionContext interceptionContext)
   at System.Data.Entity.Core.EntityClient.Internal.EntityCommandDefinition.ExecuteStoreCommands(EntityCommand entityCommand, CommandBehavior behavior)
   --- End of inner exception stack trace ---
   at System.Data.Entity.Core.EntityClient.Internal.EntityCommandDefinition.ExecuteStoreCommands(EntityCommand entityCommand, CommandBehavior behavior)
   at System.Data.Entity.Core.Objects.ObjectContext.CreateFunctionObjectResult[TElement](EntityCommand entityCommand, ReadOnlyCollection`1 entitySets, EdmType[] edmTypes, ExecutionOptions executionOptions)
   at System.Data.Entity.Core.Objects.ObjectContext.<>c__DisplayClass10`1.<ExecuteFunction>b__f()
   at System.Data.Entity.Core.Objects.ObjectContext.ExecuteInTransaction[T](Func`1 func, IDbExecutionStrategy executionStrategy, Boolean startLocalTransaction, Boolean releaseConnectionOnSuccess)
   at System.Data.Entity.Core.Objects.ObjectContext.<>c__DisplayClass10`1.<ExecuteFunction>b__e()
   at System.Data.Entity.SqlServer.DefaultSqlExecutionStrategy.Execute[TResult](Func`1 operation)
   at System.Data.Entity.Core.Objects.ObjectContext.ExecuteFunction[TElement](String functionName, ExecutionOptions executionOptions, ObjectParameter[] parameters)
   at WebUI.Models.HotlineEntities.p_YeuCau_DanhSachV6(Nullable`1 ngaytu, Nullable`1 ngayden, String tukhoa, Nullable`1 donvi_id, Nullable`1 linhvuc_id, Nullable`1 loaiyc_id, Nullable`1 hinhthuc_id, Nullable`1 doituong_id, Nullable`1 kenhtn_id, Nullable`1 capdo_id, Nullable`1 trangthai_id, Nullable`1 ghiam, Nullable`1 phanloaitthc_id, Nullable`1 nguoidung_id, Nullable`1 phuong_id, Nullable`1 huyen_id) in E:\prjs\HCC_HB\WebUI\Models\Hotline.Context.cs:line 901
   at WebUI.WebServices.PhanAnhService._GetDanhSachPhanAnh(p_NguoiDung_Result user, DateTime startDay, DateTime endDay, String keyWord, Nullable`1 condition0, Nullable`1 condition1, Nullable`1 condition2, Nullable`1 condition3, Nullable`1 condition4, Nullable`1 condition5, Nullable`1 condition6, Nullable`1 condition7, Nullable`1 condition8, Nullable`1 condition9) in E:\prjs\HCC_HB\WebUI\WebServices\PhanAnhService.asmx.cs:line 187
   at WebUI.Controllers.PhanAnhController.getListOfPhanAnh(String startDayString, String endDayString, String keyWord, Nullable`1 condition0, Nullable`1 condition1, Nullable`1 condition2, Nullable`1 condition3, Nullable`1 condition4, Nullable`1 condition5, Nullable`1 condition6, Nullable`1 condition7, Nullable`1 condition8, Nullable`1 condition9) in E:\prjs\HCC_HB\WebUI\Controllers\PhanAnhController.cs:line 126
INFO  2019-05-27 07:46:02,844 515324ms DangNhapController     Index              - Enter DangNhap/Index
INFO  2019-05-27 07:46:05,063 517543ms DangNhapController     Index              - do login...
INFO  2019-05-27 07:46:05,110 517590ms HomeController         Index              - Enter Home/Index
ERROR 2019-05-27 07:46:13,141 525621ms PhanAnhController      getListOfPhanAnh   - System.Data.Entity.Core.EntityCommandExecutionException: An error occurred while executing the command definition. See the inner exception for details. ---> System.Data.SqlClient.SqlException: Could not find stored procedure 'dbo.p_YeuCau_DanhSachV6'.
   at System.Data.SqlClient.SqlConnection.OnError(SqlException exception, Boolean breakConnection, Action`1 wrapCloseInAction)
   at System.Data.SqlClient.TdsParser.ThrowExceptionAndWarning(TdsParserStateObject stateObj, Boolean callerHasConnectionLock, Boolean asyncClose)
   at System.Data.SqlClient.TdsParser.TryRun(RunBehavior runBehavior, SqlCommand cmdHandler, SqlDataReader dataStream, BulkCopySimpleResultSet bulkCopyHandler, TdsParserStateObject stateObj, Boolean& dataReady)
   at System.Data.SqlClient.SqlDataReader.TryConsumeMetaData()
   at System.Data.SqlClient.SqlDataReader.get_MetaData()
   at System.Data.SqlClient.SqlCommand.FinishExecuteReader(SqlDataReader ds, RunBehavior runBehavior, String resetOptionsString, Boolean isInternal, Boolean forDescribeParameterEncryption, Boolean shouldCacheForAlwaysEncrypted)
   at System.Data.SqlClient.SqlCommand.RunExecuteReaderTds(CommandBehavior cmdBehavior, RunBehavior runBehavior, Boolean returnStream, Boolean async, Int32 timeout, Task& task, Boolean asyncWrite, Boolean inRetry, SqlDataReader ds, Boolean describeParameterEncryptionRequest)
   at System.Data.SqlClient.SqlCommand.RunExecuteReader(CommandBehavior cmdBehavior, RunBehavior runBehavior, Boolean returnStream, String method, TaskCompletionSource`1 completion, Int32 timeout, Task& task, Boolean& usedCache, Boolean asyncWrite, Boolean inRetry)
   at System.Data.SqlClient.SqlCommand.RunExecuteReader(CommandBehavior cmdBehavior, RunBehavior runBehavior, Boolean returnStream, String method)
   at System.Data.SqlClient.SqlCommand.ExecuteReader(CommandBehavior behavior, String method)
   at System.Data.Entity.Infrastructure.Interception.InternalDispatcher`1.Dispatch[TTarget,TInterceptionContext,TResult](TTarget target, Func`3 operation, TInterceptionContext interceptionContext, Action`3 executing, Action`3 executed)
   at System.Data.Entity.Infrastructure.Interception.DbCommandDispatcher.Reader(DbCommand command, DbCommandInterceptionContext interceptionContext)
   at System.Data.Entity.Core.EntityClient.Internal.EntityCommandDefinition.ExecuteStoreCommands(EntityCommand entityCommand, CommandBehavior behavior)
   --- End of inner exception stack trace ---
   at System.Data.Entity.Core.EntityClient.Internal.EntityCommandDefinition.ExecuteStoreCommands(EntityCommand entityCommand, CommandBehavior behavior)
   at System.Data.Entity.Core.Objects.ObjectContext.CreateFunctionObjectResult[TElement](EntityCommand entityCommand, ReadOnlyCollection`1 entitySets, EdmType[] edmTypes, ExecutionOptions executionOptions)
   at System.Data.Entity.Core.Objects.ObjectContext.<>c__DisplayClass10`1.<ExecuteFunction>b__f()
   at System.Data.Entity.Core.Objects.ObjectContext.ExecuteInTransaction[T](Func`1 func, IDbExecutionStrategy executionStrategy, Boolean startLocalTransaction, Boolean releaseConnectionOnSuccess)
   at System.Data.Entity.Core.Objects.ObjectContext.<>c__DisplayClass10`1.<ExecuteFunction>b__e()
   at System.Data.Entity.SqlServer.DefaultSqlExecutionStrategy.Execute[TResult](Func`1 operation)
   at System.Data.Entity.Core.Objects.ObjectContext.ExecuteFunction[TElement](String functionName, ExecutionOptions executionOptions, ObjectParameter[] parameters)
   at WebUI.Models.HotlineEntities.p_YeuCau_DanhSachV6(Nullable`1 ngaytu, Nullable`1 ngayden, String tukhoa, Nullable`1 donvi_id, Nullable`1 linhvuc_id, Nullable`1 loaiyc_id, Nullable`1 hinhthuc_id, Nullable`1 doituong_id, Nullable`1 kenhtn_id, Nullable`1 capdo_id, Nullable`1 trangthai_id, Nullable`1 ghiam, Nullable`1 phanloaitthc_id, Nullable`1 nguoidung_id, Nullable`1 phuong_id, Nullable`1 huyen_id) in E:\prjs\HCC_HB\WebUI\Models\Hotline.Context.cs:line 901
   at WebUI.WebServices.PhanAnhService._GetDanhSachPhanAnh(p_NguoiDung_Result user, DateTime startDay, DateTime endDay, String keyWord, Nullable`1 condition0, Nullable`1 condition1, Nullable`1 condition2, Nullable`1 condition3, Nullable`1 condition4, Nullable`1 condition5, Nullable`1 condition6, Nullable`1 condition7, Nullable`1 condition8, Nullable`1 condition9) in E:\prjs\HCC_HB\WebUI\WebServices\PhanAnhService.asmx.cs:line 187
   at WebUI.Controllers.PhanAnhController.getListOfPhanAnh(String startDayString, String endDayString, String keyWord, Nullable`1 condition0, Nullable`1 condition1, Nullable`1 condition2, Nullable`1 condition3, Nullable`1 condition4, Nullable`1 condition5, Nullable`1 condition6, Nullable`1 condition7, Nullable`1 condition8, Nullable`1 condition9) in E:\prjs\HCC_HB\WebUI\Controllers\PhanAnhController.cs:line 126
ERROR 2019-05-27 07:46:23,610 536090ms PhanAnhController      getListOfPhanAnh   - System.Data.Entity.Core.EntityCommandExecutionException: An error occurred while executing the command definition. See the inner exception for details. ---> System.Data.SqlClient.SqlException: Could not find stored procedure 'dbo.p_YeuCau_DanhSachV6'.
   at System.Data.SqlClient.SqlConnection.OnError(SqlException exception, Boolean breakConnection, Action`1 wrapCloseInAction)
   at System.Data.SqlClient.TdsParser.ThrowExceptionAndWarning(TdsParserStateObject stateObj, Boolean callerHasConnectionLock, Boolean asyncClose)
   at System.Data.SqlClient.TdsParser.TryRun(RunBehavior runBehavior, SqlCommand cmdHandler, SqlDataReader dataStream, BulkCopySimpleResultSet bulkCopyHandler, TdsParserStateObject stateObj, Boolean& dataReady)
   at System.Data.SqlClient.SqlDataReader.TryConsumeMetaData()
   at System.Data.SqlClient.SqlDataReader.get_MetaData()
   at System.Data.SqlClient.SqlCommand.FinishExecuteReader(SqlDataReader ds, RunBehavior runBehavior, String resetOptionsString, Boolean isInternal, Boolean forDescribeParameterEncryption, Boolean shouldCacheForAlwaysEncrypted)
   at System.Data.SqlClient.SqlCommand.RunExecuteReaderTds(CommandBehavior cmdBehavior, RunBehavior runBehavior, Boolean returnStream, Boolean async, Int32 timeout, Task& task, Boolean asyncWrite, Boolean inRetry, SqlDataReader ds, Boolean describeParameterEncryptionRequest)
   at System.Data.SqlClient.SqlCommand.RunExecuteReader(CommandBehavior cmdBehavior, RunBehavior runBehavior, Boolean returnStream, String method, TaskCompletionSource`1 completion, Int32 timeout, Task& task, Boolean& usedCache, Boolean asyncWrite, Boolean inRetry)
   at System.Data.SqlClient.SqlCommand.RunExecuteReader(CommandBehavior cmdBehavior, RunBehavior runBehavior, Boolean returnStream, String method)
   at System.Data.SqlClient.SqlCommand.ExecuteReader(CommandBehavior behavior, String method)
   at System.Data.Entity.Infrastructure.Interception.InternalDispatcher`1.Dispatch[TTarget,TInterceptionContext,TResult](TTarget target, Func`3 operation, TInterceptionContext interceptionContext, Action`3 executing, Action`3 executed)
   at System.Data.Entity.Infrastructure.Interception.DbCommandDispatcher.Reader(DbCommand command, DbCommandInterceptionContext interceptionContext)
   at System.Data.Entity.Core.EntityClient.Internal.EntityCommandDefinition.ExecuteStoreCommands(EntityCommand entityCommand, CommandBehavior behavior)
   --- End of inner exception stack trace ---
   at System.Data.Entity.Core.EntityClient.Internal.EntityCommandDefinition.ExecuteStoreCommands(EntityCommand entityCommand, CommandBehavior behavior)
   at System.Data.Entity.Core.Objects.ObjectContext.CreateFunctionObjectResult[TElement](EntityCommand entityCommand, ReadOnlyCollection`1 entitySets, EdmType[] edmTypes, ExecutionOptions executionOptions)
   at System.Data.Entity.Core.Objects.ObjectContext.<>c__DisplayClass10`1.<ExecuteFunction>b__f()
   at System.Data.Entity.Core.Objects.ObjectContext.ExecuteInTransaction[T](Func`1 func, IDbExecutionStrategy executionStrategy, Boolean startLocalTransaction, Boolean releaseConnectionOnSuccess)
   at System.Data.Entity.Core.Objects.ObjectContext.<>c__DisplayClass10`1.<ExecuteFunction>b__e()
   at System.Data.Entity.SqlServer.DefaultSqlExecutionStrategy.Execute[TResult](Func`1 operation)
   at System.Data.Entity.Core.Objects.ObjectContext.ExecuteFunction[TElement](String functionName, ExecutionOptions executionOptions, ObjectParameter[] parameters)
   at WebUI.Models.HotlineEntities.p_YeuCau_DanhSachV6(Nullable`1 ngaytu, Nullable`1 ngayden, String tukhoa, Nullable`1 donvi_id, Nullable`1 linhvuc_id, Nullable`1 loaiyc_id, Nullable`1 hinhthuc_id, Nullable`1 doituong_id, Nullable`1 kenhtn_id, Nullable`1 capdo_id, Nullable`1 trangthai_id, Nullable`1 ghiam, Nullable`1 phanloaitthc_id, Nullable`1 nguoidung_id, Nullable`1 phuong_id, Nullable`1 huyen_id) in E:\prjs\HCC_HB\WebUI\Models\Hotline.Context.cs:line 901
   at WebUI.WebServices.PhanAnhService._GetDanhSachPhanAnh(p_NguoiDung_Result user, DateTime startDay, DateTime endDay, String keyWord, Nullable`1 condition0, Nullable`1 condition1, Nullable`1 condition2, Nullable`1 condition3, Nullable`1 condition4, Nullable`1 condition5, Nullable`1 condition6, Nullable`1 condition7, Nullable`1 condition8, Nullable`1 condition9) in E:\prjs\HCC_HB\WebUI\WebServices\PhanAnhService.asmx.cs:line 187
   at WebUI.Controllers.PhanAnhController.getListOfPhanAnh(String startDayString, String endDayString, String keyWord, Nullable`1 condition0, Nullable`1 condition1, Nullable`1 condition2, Nullable`1 condition3, Nullable`1 condition4, Nullable`1 condition5, Nullable`1 condition6, Nullable`1 condition7, Nullable`1 condition8, Nullable`1 condition9) in E:\prjs\HCC_HB\WebUI\Controllers\PhanAnhController.cs:line 126
INFO  2019-05-27 07:46:58,253 570733ms DangNhapController     Index              - Enter DangNhap/Index
INFO  2019-05-27 07:47:00,284 572764ms DangNhapController     Index              - do login...
INFO  2019-05-27 07:47:01,753 574233ms HomeController         Index              - Enter Home/Index
ERROR 2019-05-27 07:50:00,496 752976ms PhanAnhController      getListOfPhanAnh   - System.Data.Entity.Core.EntityCommandExecutionException: An error occurred while executing the command definition. See the inner exception for details. ---> System.Data.SqlClient.SqlException: Could not find stored procedure 'dbo.p_YeuCau_DanhSachV6'.
   at System.Data.SqlClient.SqlConnection.OnError(SqlException exception, Boolean breakConnection, Action`1 wrapCloseInAction)
   at System.Data.SqlClient.TdsParser.ThrowExceptionAndWarning(TdsParserStateObject stateObj, Boolean callerHasConnectionLock, Boolean asyncClose)
   at System.Data.SqlClient.TdsParser.TryRun(RunBehavior runBehavior, SqlCommand cmdHandler, SqlDataReader dataStream, BulkCopySimpleResultSet bulkCopyHandler, TdsParserStateObject stateObj, Boolean& dataReady)
   at System.Data.SqlClient.SqlDataReader.TryConsumeMetaData()
   at System.Data.SqlClient.SqlDataReader.get_MetaData()
   at System.Data.SqlClient.SqlCommand.FinishExecuteReader(SqlDataReader ds, RunBehavior runBehavior, String resetOptionsString, Boolean isInternal, Boolean forDescribeParameterEncryption, Boolean shouldCacheForAlwaysEncrypted)
   at System.Data.SqlClient.SqlCommand.RunExecuteReaderTds(CommandBehavior cmdBehavior, RunBehavior runBehavior, Boolean returnStream, Boolean async, Int32 timeout, Task& task, Boolean asyncWrite, Boolean inRetry, SqlDataReader ds, Boolean describeParameterEncryptionRequest)
   at System.Data.SqlClient.SqlCommand.RunExecuteReader(CommandBehavior cmdBehavior, RunBehavior runBehavior, Boolean returnStream, String method, TaskCompletionSource`1 completion, Int32 timeout, Task& task, Boolean& usedCache, Boolean asyncWrite, Boolean inRetry)
   at System.Data.SqlClient.SqlCommand.RunExecuteReader(CommandBehavior cmdBehavior, RunBehavior runBehavior, Boolean returnStream, String method)
   at System.Data.SqlClient.SqlCommand.ExecuteReader(CommandBehavior behavior, String method)
   at System.Data.Entity.Infrastructure.Interception.InternalDispatcher`1.Dispatch[TTarget,TInterceptionContext,TResult](TTarget target, Func`3 operation, TInterceptionContext interceptionContext, Action`3 executing, Action`3 executed)
   at System.Data.Entity.Infrastructure.Interception.DbCommandDispatcher.Reader(DbCommand command, DbCommandInterceptionContext interceptionContext)
   at System.Data.Entity.Core.EntityClient.Internal.EntityCommandDefinition.ExecuteStoreCommands(EntityCommand entityCommand, CommandBehavior behavior)
   --- End of inner exception stack trace ---
   at System.Data.Entity.Core.EntityClient.Internal.EntityCommandDefinition.ExecuteStoreCommands(EntityCommand entityCommand, CommandBehavior behavior)
   at System.Data.Entity.Core.Objects.ObjectContext.CreateFunctionObjectResult[TElement](EntityCommand entityCommand, ReadOnlyCollection`1 entitySets, EdmType[] edmTypes, ExecutionOptions executionOptions)
   at System.Data.Entity.Core.Objects.ObjectContext.<>c__DisplayClass10`1.<ExecuteFunction>b__f()
   at System.Data.Entity.Core.Objects.ObjectContext.ExecuteInTransaction[T](Func`1 func, IDbExecutionStrategy executionStrategy, Boolean startLocalTransaction, Boolean releaseConnectionOnSuccess)
   at System.Data.Entity.Core.Objects.ObjectContext.<>c__DisplayClass10`1.<ExecuteFunction>b__e()
   at System.Data.Entity.SqlServer.DefaultSqlExecutionStrategy.Execute[TResult](Func`1 operation)
   at System.Data.Entity.Core.Objects.ObjectContext.ExecuteFunction[TElement](String functionName, ExecutionOptions executionOptions, ObjectParameter[] parameters)
   at WebUI.Models.HotlineEntities.p_YeuCau_DanhSachV6(Nullable`1 ngaytu, Nullable`1 ngayden, String tukhoa, Nullable`1 donvi_id, Nullable`1 linhvuc_id, Nullable`1 loaiyc_id, Nullable`1 hinhthuc_id, Nullable`1 doituong_id, Nullable`1 kenhtn_id, Nullable`1 capdo_id, Nullable`1 trangthai_id, Nullable`1 ghiam, Nullable`1 phanloaitthc_id, Nullable`1 nguoidung_id, Nullable`1 phuong_id, Nullable`1 huyen_id) in E:\prjs\HCC_HB\WebUI\Models\Hotline.Context.cs:line 901
   at WebUI.WebServices.PhanAnhService._GetDanhSachPhanAnh(p_NguoiDung_Result user, DateTime startDay, DateTime endDay, String keyWord, Nullable`1 condition0, Nullable`1 condition1, Nullable`1 condition2, Nullable`1 condition3, Nullable`1 condition4, Nullable`1 condition5, Nullable`1 condition6, Nullable`1 condition7, Nullable`1 condition8, Nullable`1 condition9) in E:\prjs\HCC_HB\WebUI\WebServices\PhanAnhService.asmx.cs:line 187
   at WebUI.Controllers.PhanAnhController.getListOfPhanAnh(String startDayString, String endDayString, String keyWord, Nullable`1 condition0, Nullable`1 condition1, Nullable`1 condition2, Nullable`1 condition3, Nullable`1 condition4, Nullable`1 condition5, Nullable`1 condition6, Nullable`1 condition7, Nullable`1 condition8, Nullable`1 condition9) in E:\prjs\HCC_HB\WebUI\Controllers\PhanAnhController.cs:line 126
INFO  2019-05-27 08:06:40,865 1753345ms DangNhapController     Index              - Enter DangNhap/Index
INFO  2019-05-27 08:06:53,049 1765529ms DangNhapController     Index              - do login...
INFO  2019-05-27 08:06:53,176 1765656ms HomeController         Index              - Enter Home/Index
ERROR 2019-05-27 08:06:58,080 1770560ms PhanAnhController      getListOfPhanAnh   - System.Data.Entity.Core.EntityCommandExecutionException: An error occurred while executing the command definition. See the inner exception for details. ---> System.Data.SqlClient.SqlException: Could not find stored procedure 'dbo.p_YeuCau_DanhSachV6'.
   at System.Data.SqlClient.SqlConnection.OnError(SqlException exception, Boolean breakConnection, Action`1 wrapCloseInAction)
   at System.Data.SqlClient.TdsParser.ThrowExceptionAndWarning(TdsParserStateObject stateObj, Boolean callerHasConnectionLock, Boolean asyncClose)
   at System.Data.SqlClient.TdsParser.TryRun(RunBehavior runBehavior, SqlCommand cmdHandler, SqlDataReader dataStream, BulkCopySimpleResultSet bulkCopyHandler, TdsParserStateObject stateObj, Boolean& dataReady)
   at System.Data.SqlClient.SqlDataReader.TryConsumeMetaData()
   at System.Data.SqlClient.SqlDataReader.get_MetaData()
   at System.Data.SqlClient.SqlCommand.FinishExecuteReader(SqlDataReader ds, RunBehavior runBehavior, String resetOptionsString, Boolean isInternal, Boolean forDescribeParameterEncryption, Boolean shouldCacheForAlwaysEncrypted)
   at System.Data.SqlClient.SqlCommand.RunExecuteReaderTds(CommandBehavior cmdBehavior, RunBehavior runBehavior, Boolean returnStream, Boolean async, Int32 timeout, Task& task, Boolean asyncWrite, Boolean inRetry, SqlDataReader ds, Boolean describeParameterEncryptionRequest)
   at System.Data.SqlClient.SqlCommand.RunExecuteReader(CommandBehavior cmdBehavior, RunBehavior runBehavior, Boolean returnStream, String method, TaskCompletionSource`1 completion, Int32 timeout, Task& task, Boolean& usedCache, Boolean asyncWrite, Boolean inRetry)
   at System.Data.SqlClient.SqlCommand.RunExecuteReader(CommandBehavior cmdBehavior, RunBehavior runBehavior, Boolean returnStream, String method)
   at System.Data.SqlClient.SqlCommand.ExecuteReader(CommandBehavior behavior, String method)
   at System.Data.Entity.Infrastructure.Interception.InternalDispatcher`1.Dispatch[TTarget,TInterceptionContext,TResult](TTarget target, Func`3 operation, TInterceptionContext interceptionContext, Action`3 executing, Action`3 executed)
   at System.Data.Entity.Infrastructure.Interception.DbCommandDispatcher.Reader(DbCommand command, DbCommandInterceptionContext interceptionContext)
   at System.Data.Entity.Core.EntityClient.Internal.EntityCommandDefinition.ExecuteStoreCommands(EntityCommand entityCommand, CommandBehavior behavior)
   --- End of inner exception stack trace ---
   at System.Data.Entity.Core.EntityClient.Internal.EntityCommandDefinition.ExecuteStoreCommands(EntityCommand entityCommand, CommandBehavior behavior)
   at System.Data.Entity.Core.Objects.ObjectContext.CreateFunctionObjectResult[TElement](EntityCommand entityCommand, ReadOnlyCollection`1 entitySets, EdmType[] edmTypes, ExecutionOptions executionOptions)
   at System.Data.Entity.Core.Objects.ObjectContext.<>c__DisplayClass10`1.<ExecuteFunction>b__f()
   at System.Data.Entity.Core.Objects.ObjectContext.ExecuteInTransaction[T](Func`1 func, IDbExecutionStrategy executionStrategy, Boolean startLocalTransaction, Boolean releaseConnectionOnSuccess)
   at System.Data.Entity.Core.Objects.ObjectContext.<>c__DisplayClass10`1.<ExecuteFunction>b__e()
   at System.Data.Entity.SqlServer.DefaultSqlExecutionStrategy.Execute[TResult](Func`1 operation)
   at System.Data.Entity.Core.Objects.ObjectContext.ExecuteFunction[TElement](String functionName, ExecutionOptions executionOptions, ObjectParameter[] parameters)
   at WebUI.Models.HotlineEntities.p_YeuCau_DanhSachV6(Nullable`1 ngaytu, Nullable`1 ngayden, String tukhoa, Nullable`1 donvi_id, Nullable`1 linhvuc_id, Nullable`1 loaiyc_id, Nullable`1 hinhthuc_id, Nullable`1 doituong_id, Nullable`1 kenhtn_id, Nullable`1 capdo_id, Nullable`1 trangthai_id, Nullable`1 ghiam, Nullable`1 phanloaitthc_id, Nullable`1 nguoidung_id, Nullable`1 phuong_id, Nullable`1 huyen_id) in E:\prjs\HCC_HB\WebUI\Models\Hotline.Context.cs:line 901
   at WebUI.WebServices.PhanAnhService._GetDanhSachPhanAnh(p_NguoiDung_Result user, DateTime startDay, DateTime endDay, String keyWord, Nullable`1 condition0, Nullable`1 condition1, Nullable`1 condition2, Nullable`1 condition3, Nullable`1 condition4, Nullable`1 condition5, Nullable`1 condition6, Nullable`1 condition7, Nullable`1 condition8, Nullable`1 condition9) in E:\prjs\HCC_HB\WebUI\WebServices\PhanAnhService.asmx.cs:line 187
   at WebUI.Controllers.PhanAnhController.getListOfPhanAnh(String startDayString, String endDayString, String keyWord, Nullable`1 condition0, Nullable`1 condition1, Nullable`1 condition2, Nullable`1 condition3, Nullable`1 condition4, Nullable`1 condition5, Nullable`1 condition6, Nullable`1 condition7, Nullable`1 condition8, Nullable`1 condition9) in E:\prjs\HCC_HB\WebUI\Controllers\PhanAnhController.cs:line 126
INFO  2019-05-27 08:15:15,139 2267619ms DangNhapController     Index              - Enter DangNhap/Index
INFO  2019-05-27 08:15:40,296 2292776ms DangNhapController     Index              - do login...
INFO  2019-05-27 08:15:40,328 2292808ms HomeController         Index              - Enter Home/Index
INFO  2019-05-27 08:45:18,190 4070670ms DangNhapController     Index              - Enter DangNhap/Index
INFO  2019-05-27 08:45:23,909 4076389ms DangNhapController     Index              - do login...
INFO  2019-05-27 08:45:23,924 4076404ms HomeController         Index              - Enter Home/Index
INFO  2019-05-27 09:13:34,874 12031ms DangNhapController     Index              - Enter DangNhap/Index
INFO  2019-05-27 09:13:41,359 18516ms DangNhapController     Index              - do login...
INFO  2019-05-27 09:13:42,172 19329ms HomeController         Index              - Enter Home/Index
INFO  2019-05-27 10:02:48,688 2965845ms DangNhapController     Index              - Enter DangNhap/Index
INFO  2019-05-27 10:56:09,759 6166916ms DangNhapController     Index              - Enter DangNhap/Index
INFO  2019-05-27 10:56:16,587 6173744ms DangNhapController     Index              - do login...
INFO  2019-05-27 10:56:16,618 6173775ms HomeController         Index              - Enter Home/Index
INFO  2019-05-27 11:27:24,342  2640ms DangNhapController     Index              - Enter DangNhap/Index
INFO  2019-05-27 11:27:28,967  7265ms DangNhapController     Index              - do login...
INFO  2019-05-27 11:27:29,749  8047ms HomeController         Index              - Enter Home/Index
INFO  2019-05-27 11:29:23,982 122280ms ServiceCenter          send_sms_citizen   - yeucau_id B4795270519 sdt 0919254565
ERROR 2019-05-27 11:29:28,623 126921ms ServiceCenter          send_sms_citizen   -   error ok
INFO  2019-05-27 15:22:39,050   390ms DangNhapController     Index              - Enter DangNhap/Index
INFO  2019-05-27 15:22:54,863 16203ms DangNhapController     Index              - do login...
INFO  2019-05-27 15:22:56,285 17625ms HomeController         Index              - Enter Home/Index
INFO  2019-05-27 15:23:18,395 39735ms DangNhapController     Index              - Enter DangNhap/Index
INFO  2019-05-27 15:23:23,380 44720ms DangNhapController     Index              - do login...
INFO  2019-05-27 15:23:23,411 44751ms HomeController         Index              - Enter Home/Index
