INFO  2019-05-10 11:58:47,004 95558ms DangNhapController     Index              - Enter DangNhap/Index
INFO  2019-05-10 12:19:08,920 1317474ms DangNhapController     Index              - Enter DangNhap/Index
INFO  2019-05-10 12:19:14,069 1322623ms DangNhapController     Index              - do login...
INFO  2019-05-10 12:19:14,900 1323454ms HomeController         Index              - Enter Home/Index
ERROR 2019-05-10 12:20:31,344 1399898ms PhanAnhController      getListOfPhanAnh   - System.Data.Entity.Core.EntityCommandExecutionException: The data reader is incompatible with the specified 'HotlineModel.p_YeuCau_DanhSachV6_Result'. A member of the type, 'ipcc_lineno', does not have a corresponding column in the data reader with the same name.
   at System.Data.Entity.Core.Query.InternalTrees.ColumnMapFactory.GetMemberOrdinalFromReader(DbDataReader storeDataReader, EdmMember member, EdmType currentType, Dictionary`2 renameList)
   at System.Data.Entity.Core.Query.InternalTrees.ColumnMapFactory.GetColumnMapsForType(DbDataReader storeDataReader, EdmType edmType, Dictionary`2 renameList)
   at System.Data.Entity.Core.Query.InternalTrees.ColumnMapFactory.CreateColumnMapFromReaderAndType(DbDataReader storeDataReader, EdmType edmType, EntitySet entitySet, Dictionary`2 renameList)
   at System.Data.Entity.Core.Query.InternalTrees.ColumnMapFactory.CreateFunctionImportStructuralTypeColumnMap(DbDataReader storeDataReader, FunctionImportMappingNonComposable mapping, Int32 resultSetIndex, EntitySet entitySet, StructuralType baseStructuralType)
   at System.Data.Entity.Core.EntityClient.Internal.EntityCommandDefinition.FunctionColumnMapGenerator.System.Data.Entity.Core.EntityClient.Internal.EntityCommandDefinition.IColumnMapGenerator.CreateColumnMap(DbDataReader reader)
   at System.Data.Entity.Core.Objects.ObjectContext.MaterializedDataRecord[TElement](EntityCommand entityCommand, DbDataReader storeReader, Int32 resultSetIndex, ReadOnlyCollection`1 entitySets, EdmType[] edmTypes, ShaperFactory`1 shaperFactory, MergeOption mergeOption, Boolean streaming)
   at System.Data.Entity.Core.Objects.ObjectContext.CreateFunctionObjectResult[TElement](EntityCommand entityCommand, ReadOnlyCollection`1 entitySets, EdmType[] edmTypes, ExecutionOptions executionOptions)
   at System.Data.Entity.Core.Objects.ObjectContext.<>c__DisplayClass10`1.<ExecuteFunction>b__f()
   at System.Data.Entity.Core.Objects.ObjectContext.ExecuteInTransaction[T](Func`1 func, IDbExecutionStrategy executionStrategy, Boolean startLocalTransaction, Boolean releaseConnectionOnSuccess)
   at System.Data.Entity.Core.Objects.ObjectContext.<>c__DisplayClass10`1.<ExecuteFunction>b__e()
   at System.Data.Entity.SqlServer.DefaultSqlExecutionStrategy.Execute[TResult](Func`1 operation)
   at System.Data.Entity.Core.Objects.ObjectContext.ExecuteFunction[TElement](String functionName, ExecutionOptions executionOptions, ObjectParameter[] parameters)
   at WebUI.Models.HotlineEntities.p_YeuCau_DanhSachV6(Nullable`1 ngaytu, Nullable`1 ngayden, String tukhoa, Nullable`1 donvi_id, Nullable`1 linhvuc_id, Nullable`1 loaiyc_id, Nullable`1 hinhthuc_id, Nullable`1 doituong_id, Nullable`1 kenhtn_id, Nullable`1 capdo_id, Nullable`1 trangthai_id, Nullable`1 ghiam, Nullable`1 phanloaitthc_id, Nullable`1 nguoidung_id, Nullable`1 phuong_id, Nullable`1 huyen_id) in E:\prjs\HCC_HB\WebUI\Models\Hotline.Context.cs:line 978
   at WebUI.WebServices.PhanAnhService._GetDanhSachPhanAnh(p_NguoiDung_Result nguoiDung, DateTime startDay, DateTime endDay, String keyWord, Nullable`1 condition0, Nullable`1 condition1, Nullable`1 condition2, Nullable`1 condition3, Nullable`1 condition4, Nullable`1 condition5, Nullable`1 condition6, Nullable`1 condition7, Nullable`1 condition8, Nullable`1 condition9) in E:\prjs\HCC_HB\WebUI\WebServices\PhanAnhService.asmx.cs:line 167
   at WebUI.Controllers.PhanAnhController.getListOfPhanAnh(String startDayString, String endDayString, String keyWord, Nullable`1 condition0, Nullable`1 condition1, Nullable`1 condition2, Nullable`1 condition3, Nullable`1 condition4, Nullable`1 condition5, Nullable`1 condition6, Nullable`1 condition7, Nullable`1 condition8, Nullable`1 condition9) in E:\prjs\HCC_HB\WebUI\Controllers\PhanAnhController.cs:line 121
ERROR 2019-05-10 12:20:49,397 1417951ms PhanAnhController      getListOfPhanAnh   - System.Data.Entity.Core.EntityCommandExecutionException: The data reader is incompatible with the specified 'HotlineModel.p_YeuCau_DanhSachV6_Result'. A member of the type, 'ipcc_lineno', does not have a corresponding column in the data reader with the same name.
   at System.Data.Entity.Core.Query.InternalTrees.ColumnMapFactory.GetMemberOrdinalFromReader(DbDataReader storeDataReader, EdmMember member, EdmType currentType, Dictionary`2 renameList)
   at System.Data.Entity.Core.Query.InternalTrees.ColumnMapFactory.GetColumnMapsForType(DbDataReader storeDataReader, EdmType edmType, Dictionary`2 renameList)
   at System.Data.Entity.Core.Query.InternalTrees.ColumnMapFactory.CreateColumnMapFromReaderAndType(DbDataReader storeDataReader, EdmType edmType, EntitySet entitySet, Dictionary`2 renameList)
   at System.Data.Entity.Core.Query.InternalTrees.ColumnMapFactory.CreateFunctionImportStructuralTypeColumnMap(DbDataReader storeDataReader, FunctionImportMappingNonComposable mapping, Int32 resultSetIndex, EntitySet entitySet, StructuralType baseStructuralType)
   at System.Data.Entity.Core.EntityClient.Internal.EntityCommandDefinition.FunctionColumnMapGenerator.System.Data.Entity.Core.EntityClient.Internal.EntityCommandDefinition.IColumnMapGenerator.CreateColumnMap(DbDataReader reader)
   at System.Data.Entity.Core.Objects.ObjectContext.MaterializedDataRecord[TElement](EntityCommand entityCommand, DbDataReader storeReader, Int32 resultSetIndex, ReadOnlyCollection`1 entitySets, EdmType[] edmTypes, ShaperFactory`1 shaperFactory, MergeOption mergeOption, Boolean streaming)
   at System.Data.Entity.Core.Objects.ObjectContext.CreateFunctionObjectResult[TElement](EntityCommand entityCommand, ReadOnlyCollection`1 entitySets, EdmType[] edmTypes, ExecutionOptions executionOptions)
   at System.Data.Entity.Core.Objects.ObjectContext.<>c__DisplayClass10`1.<ExecuteFunction>b__f()
   at System.Data.Entity.Core.Objects.ObjectContext.ExecuteInTransaction[T](Func`1 func, IDbExecutionStrategy executionStrategy, Boolean startLocalTransaction, Boolean releaseConnectionOnSuccess)
   at System.Data.Entity.Core.Objects.ObjectContext.<>c__DisplayClass10`1.<ExecuteFunction>b__e()
   at System.Data.Entity.SqlServer.DefaultSqlExecutionStrategy.Execute[TResult](Func`1 operation)
   at System.Data.Entity.Core.Objects.ObjectContext.ExecuteFunction[TElement](String functionName, ExecutionOptions executionOptions, ObjectParameter[] parameters)
   at WebUI.Models.HotlineEntities.p_YeuCau_DanhSachV6(Nullable`1 ngaytu, Nullable`1 ngayden, String tukhoa, Nullable`1 donvi_id, Nullable`1 linhvuc_id, Nullable`1 loaiyc_id, Nullable`1 hinhthuc_id, Nullable`1 doituong_id, Nullable`1 kenhtn_id, Nullable`1 capdo_id, Nullable`1 trangthai_id, Nullable`1 ghiam, Nullable`1 phanloaitthc_id, Nullable`1 nguoidung_id, Nullable`1 phuong_id, Nullable`1 huyen_id) in E:\prjs\HCC_HB\WebUI\Models\Hotline.Context.cs:line 978
   at WebUI.WebServices.PhanAnhService._GetDanhSachPhanAnh(p_NguoiDung_Result nguoiDung, DateTime startDay, DateTime endDay, String keyWord, Nullable`1 condition0, Nullable`1 condition1, Nullable`1 condition2, Nullable`1 condition3, Nullable`1 condition4, Nullable`1 condition5, Nullable`1 condition6, Nullable`1 condition7, Nullable`1 condition8, Nullable`1 condition9) in E:\prjs\HCC_HB\WebUI\WebServices\PhanAnhService.asmx.cs:line 167
   at WebUI.Controllers.PhanAnhController.getListOfPhanAnh(String startDayString, String endDayString, String keyWord, Nullable`1 condition0, Nullable`1 condition1, Nullable`1 condition2, Nullable`1 condition3, Nullable`1 condition4, Nullable`1 condition5, Nullable`1 condition6, Nullable`1 condition7, Nullable`1 condition8, Nullable`1 condition9) in E:\prjs\HCC_HB\WebUI\Controllers\PhanAnhController.cs:line 121
ERROR 2019-05-10 12:22:54,185 1542739ms PhanAnhController      getListOfPhanAnh   - System.Data.Entity.Core.EntityCommandExecutionException: The data reader is incompatible with the specified 'HotlineModel.p_YeuCau_DanhSachV6_Result'. A member of the type, 'ipcc_lineno', does not have a corresponding column in the data reader with the same name.
   at System.Data.Entity.Core.Query.InternalTrees.ColumnMapFactory.GetMemberOrdinalFromReader(DbDataReader storeDataReader, EdmMember member, EdmType currentType, Dictionary`2 renameList)
   at System.Data.Entity.Core.Query.InternalTrees.ColumnMapFactory.GetColumnMapsForType(DbDataReader storeDataReader, EdmType edmType, Dictionary`2 renameList)
   at System.Data.Entity.Core.Query.InternalTrees.ColumnMapFactory.CreateColumnMapFromReaderAndType(DbDataReader storeDataReader, EdmType edmType, EntitySet entitySet, Dictionary`2 renameList)
   at System.Data.Entity.Core.Query.InternalTrees.ColumnMapFactory.CreateFunctionImportStructuralTypeColumnMap(DbDataReader storeDataReader, FunctionImportMappingNonComposable mapping, Int32 resultSetIndex, EntitySet entitySet, StructuralType baseStructuralType)
   at System.Data.Entity.Core.EntityClient.Internal.EntityCommandDefinition.FunctionColumnMapGenerator.System.Data.Entity.Core.EntityClient.Internal.EntityCommandDefinition.IColumnMapGenerator.CreateColumnMap(DbDataReader reader)
   at System.Data.Entity.Core.Objects.ObjectContext.MaterializedDataRecord[TElement](EntityCommand entityCommand, DbDataReader storeReader, Int32 resultSetIndex, ReadOnlyCollection`1 entitySets, EdmType[] edmTypes, ShaperFactory`1 shaperFactory, MergeOption mergeOption, Boolean streaming)
   at System.Data.Entity.Core.Objects.ObjectContext.CreateFunctionObjectResult[TElement](EntityCommand entityCommand, ReadOnlyCollection`1 entitySets, EdmType[] edmTypes, ExecutionOptions executionOptions)
   at System.Data.Entity.Core.Objects.ObjectContext.<>c__DisplayClass10`1.<ExecuteFunction>b__f()
   at System.Data.Entity.Core.Objects.ObjectContext.ExecuteInTransaction[T](Func`1 func, IDbExecutionStrategy executionStrategy, Boolean startLocalTransaction, Boolean releaseConnectionOnSuccess)
   at System.Data.Entity.Core.Objects.ObjectContext.<>c__DisplayClass10`1.<ExecuteFunction>b__e()
   at System.Data.Entity.SqlServer.DefaultSqlExecutionStrategy.Execute[TResult](Func`1 operation)
   at System.Data.Entity.Core.Objects.ObjectContext.ExecuteFunction[TElement](String functionName, ExecutionOptions executionOptions, ObjectParameter[] parameters)
   at WebUI.Models.HotlineEntities.p_YeuCau_DanhSachV6(Nullable`1 ngaytu, Nullable`1 ngayden, String tukhoa, Nullable`1 donvi_id, Nullable`1 linhvuc_id, Nullable`1 loaiyc_id, Nullable`1 hinhthuc_id, Nullable`1 doituong_id, Nullable`1 kenhtn_id, Nullable`1 capdo_id, Nullable`1 trangthai_id, Nullable`1 ghiam, Nullable`1 phanloaitthc_id, Nullable`1 nguoidung_id, Nullable`1 phuong_id, Nullable`1 huyen_id) in E:\prjs\HCC_HB\WebUI\Models\Hotline.Context.cs:line 978
   at WebUI.WebServices.PhanAnhService._GetDanhSachPhanAnh(p_NguoiDung_Result nguoiDung, DateTime startDay, DateTime endDay, String keyWord, Nullable`1 condition0, Nullable`1 condition1, Nullable`1 condition2, Nullable`1 condition3, Nullable`1 condition4, Nullable`1 condition5, Nullable`1 condition6, Nullable`1 condition7, Nullable`1 condition8, Nullable`1 condition9) in E:\prjs\HCC_HB\WebUI\WebServices\PhanAnhService.asmx.cs:line 167
   at WebUI.Controllers.PhanAnhController.getListOfPhanAnh(String startDayString, String endDayString, String keyWord, Nullable`1 condition0, Nullable`1 condition1, Nullable`1 condition2, Nullable`1 condition3, Nullable`1 condition4, Nullable`1 condition5, Nullable`1 condition6, Nullable`1 condition7, Nullable`1 condition8, Nullable`1 condition9) in E:\prjs\HCC_HB\WebUI\Controllers\PhanAnhController.cs:line 121
INFO  2019-05-10 12:27:32,368 1820922ms DangNhapController     Index              - Enter DangNhap/Index
INFO  2019-05-10 12:27:42,796 1831351ms DangNhapController     Index              - Enter DangNhap/Index
INFO  2019-05-10 12:29:39,153 1947707ms DangNhapController     Index              - do login...
INFO  2019-05-10 12:29:39,187 1947741ms HomeController         Index              - Enter Home/Index
