INFO  2019-05-24 08:01:48,183   281ms DangNhapController     Index              - Enter DangNhap/Index
INFO  2019-05-24 08:01:53,168  5265ms DangNhapController     Index              - Enter DangNhap/Index
INFO  2019-05-24 08:01:55,590  7687ms DangNhapController     Index              - do login...
INFO  2019-05-24 08:01:56,605  8703ms HomeController         Index              - Enter Home/Index
ERROR 2019-05-24 08:02:04,278 16375ms PhanAnhController      getListOfPhanAnh   - System.Data.Entity.Core.EntityCommandExecutionException: An error occurred while executing the command definition. See the inner exception for details. ---> System.Data.SqlClient.SqlException: Could not find stored procedure 'dbo.p_YeuCau_DanhSachV6'.
   at System.Data.SqlClient.SqlConnection.OnError(SqlException exception, Boolean breakConnection, Action`1 wrapCloseInAction)
   at System.Data.SqlClient.TdsParser.ThrowExceptionAndWarning(TdsParserStateObject stateObj, Boolean callerHasConnectionLock, Boolean asyncClose)
   at System.Data.SqlClient.TdsParser.TryRun(RunBehavior runBehavior, SqlCommand cmdHandler, SqlDataReader dataStream, BulkCopySimpleResultSet bulkCopyHandler, TdsParserStateObject stateObj, Boolean& dataReady)
   at System.Data.SqlClient.SqlDataReader.TryConsumeMetaData()
   at System.Data.SqlClient.SqlDataReader.get_MetaData()
   at System.Data.SqlClient.SqlCommand.FinishExecuteReader(SqlDataReader ds, RunBehavior runBehavior, String resetOptionsString, Boolean isInternal, Boolean forDescribeParameterEncryption, Boolean shouldCacheForAlwaysEncrypted)
   at System.Data.SqlClient.SqlCommand.RunExecuteReaderTds(CommandBehavior cmdBehavior, RunBehavior runBehavior, Boolean returnStream, Boolean async, Int32 timeout, Task& task, Boolean asyncWrite, Boolean inRetry, SqlDataReader ds, Boolean describeParameterEncryptionRequest)
   at System.Data.SqlClient.SqlCommand.RunExecuteReader(CommandBehavior cmdBehavior, RunBehavior runBehavior, Boolean returnStream, String method, TaskCompletionSource`1 completion, Int32 timeout, Task& task, Boolean& usedCache, Boolean asyncWrite, Boolean inRetry)
   at System.Data.SqlClient.SqlCommand.RunExecuteReader(CommandBehavior cmdBehavior, RunBehavior runBehavior, Boolean returnStream, String method)
   at System.Data.SqlClient.SqlCommand.ExecuteReader(CommandBehavior behavior, String method)
   at System.Data.Entity.Infrastructure.Interception.InternalDispatcher`1.Dispatch[TTarget,TInterceptionContext,TResult](TTarget target, Func`3 operation, TInterceptionContext interceptionContext, Action`3 executing, Action`3 executed)
   at System.Data.Entity.Infrastructure.Interception.DbCommandDispatcher.Reader(DbCommand command, DbCommandInterceptionContext interceptionContext)
   at System.Data.Entity.Core.EntityClient.Internal.EntityCommandDefinition.ExecuteStoreCommands(EntityCommand entityCommand, CommandBehavior behavior)
   --- End of inner exception stack trace ---
   at System.Data.Entity.Core.EntityClient.Internal.EntityCommandDefinition.ExecuteStoreCommands(EntityCommand entityCommand, CommandBehavior behavior)
   at System.Data.Entity.Core.Objects.ObjectContext.CreateFunctionObjectResult[TElement](EntityCommand entityCommand, ReadOnlyCollection`1 entitySets, EdmType[] edmTypes, ExecutionOptions executionOptions)
   at System.Data.Entity.Core.Objects.ObjectContext.<>c__DisplayClass10`1.<ExecuteFunction>b__f()
   at System.Data.Entity.Core.Objects.ObjectContext.ExecuteInTransaction[T](Func`1 func, IDbExecutionStrategy executionStrategy, Boolean startLocalTransaction, Boolean releaseConnectionOnSuccess)
   at System.Data.Entity.Core.Objects.ObjectContext.<>c__DisplayClass10`1.<ExecuteFunction>b__e()
   at System.Data.Entity.SqlServer.DefaultSqlExecutionStrategy.Execute[TResult](Func`1 operation)
   at System.Data.Entity.Core.Objects.ObjectContext.ExecuteFunction[TElement](String functionName, ExecutionOptions executionOptions, ObjectParameter[] parameters)
   at WebUI.Models.HotlineEntities.p_YeuCau_DanhSachV6(Nullable`1 ngaytu, Nullable`1 ngayden, String tukhoa, Nullable`1 donvi_id, Nullable`1 linhvuc_id, Nullable`1 loaiyc_id, Nullable`1 hinhthuc_id, Nullable`1 doituong_id, Nullable`1 kenhtn_id, Nullable`1 capdo_id, Nullable`1 trangthai_id, Nullable`1 ghiam, Nullable`1 phanloaitthc_id, Nullable`1 nguoidung_id, Nullable`1 phuong_id, Nullable`1 huyen_id) in E:\prjs\HCC_HB\WebUI\Models\Hotline.Context.cs:line 901
   at WebUI.WebServices.PhanAnhService._GetDanhSachPhanAnh(p_NguoiDung_Result user, DateTime startDay, DateTime endDay, String keyWord, Nullable`1 condition0, Nullable`1 condition1, Nullable`1 condition2, Nullable`1 condition3, Nullable`1 condition4, Nullable`1 condition5, Nullable`1 condition6, Nullable`1 condition7, Nullable`1 condition8, Nullable`1 condition9) in E:\prjs\HCC_HB\WebUI\WebServices\PhanAnhService.asmx.cs:line 187
   at WebUI.Controllers.PhanAnhController.getListOfPhanAnh(String startDayString, String endDayString, String keyWord, Nullable`1 condition0, Nullable`1 condition1, Nullable`1 condition2, Nullable`1 condition3, Nullable`1 condition4, Nullable`1 condition5, Nullable`1 condition6, Nullable`1 condition7, Nullable`1 condition8, Nullable`1 condition9) in E:\prjs\HCC_HB\WebUI\Controllers\PhanAnhController.cs:line 126
ERROR 2019-05-24 08:02:08,012 20110ms PhanAnhController      getListOfPhanAnh   - System.Data.Entity.Core.EntityCommandExecutionException: An error occurred while executing the command definition. See the inner exception for details. ---> System.Data.SqlClient.SqlException: Could not find stored procedure 'dbo.p_YeuCau_DanhSachV6'.
   at System.Data.SqlClient.SqlConnection.OnError(SqlException exception, Boolean breakConnection, Action`1 wrapCloseInAction)
   at System.Data.SqlClient.TdsParser.ThrowExceptionAndWarning(TdsParserStateObject stateObj, Boolean callerHasConnectionLock, Boolean asyncClose)
   at System.Data.SqlClient.TdsParser.TryRun(RunBehavior runBehavior, SqlCommand cmdHandler, SqlDataReader dataStream, BulkCopySimpleResultSet bulkCopyHandler, TdsParserStateObject stateObj, Boolean& dataReady)
   at System.Data.SqlClient.SqlDataReader.TryConsumeMetaData()
   at System.Data.SqlClient.SqlDataReader.get_MetaData()
   at System.Data.SqlClient.SqlCommand.FinishExecuteReader(SqlDataReader ds, RunBehavior runBehavior, String resetOptionsString, Boolean isInternal, Boolean forDescribeParameterEncryption, Boolean shouldCacheForAlwaysEncrypted)
   at System.Data.SqlClient.SqlCommand.RunExecuteReaderTds(CommandBehavior cmdBehavior, RunBehavior runBehavior, Boolean returnStream, Boolean async, Int32 timeout, Task& task, Boolean asyncWrite, Boolean inRetry, SqlDataReader ds, Boolean describeParameterEncryptionRequest)
   at System.Data.SqlClient.SqlCommand.RunExecuteReader(CommandBehavior cmdBehavior, RunBehavior runBehavior, Boolean returnStream, String method, TaskCompletionSource`1 completion, Int32 timeout, Task& task, Boolean& usedCache, Boolean asyncWrite, Boolean inRetry)
   at System.Data.SqlClient.SqlCommand.RunExecuteReader(CommandBehavior cmdBehavior, RunBehavior runBehavior, Boolean returnStream, String method)
   at System.Data.SqlClient.SqlCommand.ExecuteReader(CommandBehavior behavior, String method)
   at System.Data.Entity.Infrastructure.Interception.InternalDispatcher`1.Dispatch[TTarget,TInterceptionContext,TResult](TTarget target, Func`3 operation, TInterceptionContext interceptionContext, Action`3 executing, Action`3 executed)
   at System.Data.Entity.Infrastructure.Interception.DbCommandDispatcher.Reader(DbCommand command, DbCommandInterceptionContext interceptionContext)
   at System.Data.Entity.Core.EntityClient.Internal.EntityCommandDefinition.ExecuteStoreCommands(EntityCommand entityCommand, CommandBehavior behavior)
   --- End of inner exception stack trace ---
   at System.Data.Entity.Core.EntityClient.Internal.EntityCommandDefinition.ExecuteStoreCommands(EntityCommand entityCommand, CommandBehavior behavior)
   at System.Data.Entity.Core.Objects.ObjectContext.CreateFunctionObjectResult[TElement](EntityCommand entityCommand, ReadOnlyCollection`1 entitySets, EdmType[] edmTypes, ExecutionOptions executionOptions)
   at System.Data.Entity.Core.Objects.ObjectContext.<>c__DisplayClass10`1.<ExecuteFunction>b__f()
   at System.Data.Entity.Core.Objects.ObjectContext.ExecuteInTransaction[T](Func`1 func, IDbExecutionStrategy executionStrategy, Boolean startLocalTransaction, Boolean releaseConnectionOnSuccess)
   at System.Data.Entity.Core.Objects.ObjectContext.<>c__DisplayClass10`1.<ExecuteFunction>b__e()
   at System.Data.Entity.SqlServer.DefaultSqlExecutionStrategy.Execute[TResult](Func`1 operation)
   at System.Data.Entity.Core.Objects.ObjectContext.ExecuteFunction[TElement](String functionName, ExecutionOptions executionOptions, ObjectParameter[] parameters)
   at WebUI.Models.HotlineEntities.p_YeuCau_DanhSachV6(Nullable`1 ngaytu, Nullable`1 ngayden, String tukhoa, Nullable`1 donvi_id, Nullable`1 linhvuc_id, Nullable`1 loaiyc_id, Nullable`1 hinhthuc_id, Nullable`1 doituong_id, Nullable`1 kenhtn_id, Nullable`1 capdo_id, Nullable`1 trangthai_id, Nullable`1 ghiam, Nullable`1 phanloaitthc_id, Nullable`1 nguoidung_id, Nullable`1 phuong_id, Nullable`1 huyen_id) in E:\prjs\HCC_HB\WebUI\Models\Hotline.Context.cs:line 901
   at WebUI.WebServices.PhanAnhService._GetDanhSachPhanAnh(p_NguoiDung_Result user, DateTime startDay, DateTime endDay, String keyWord, Nullable`1 condition0, Nullable`1 condition1, Nullable`1 condition2, Nullable`1 condition3, Nullable`1 condition4, Nullable`1 condition5, Nullable`1 condition6, Nullable`1 condition7, Nullable`1 condition8, Nullable`1 condition9) in E:\prjs\HCC_HB\WebUI\WebServices\PhanAnhService.asmx.cs:line 187
   at WebUI.Controllers.PhanAnhController.getListOfPhanAnh(String startDayString, String endDayString, String keyWord, Nullable`1 condition0, Nullable`1 condition1, Nullable`1 condition2, Nullable`1 condition3, Nullable`1 condition4, Nullable`1 condition5, Nullable`1 condition6, Nullable`1 condition7, Nullable`1 condition8, Nullable`1 condition9) in E:\prjs\HCC_HB\WebUI\Controllers\PhanAnhController.cs:line 126
INFO  2019-05-24 08:45:15,677 1289310ms DangNhapController     Index              - Enter DangNhap/Index
INFO  2019-05-24 10:57:55,272 2722354ms DangNhapController     Index              - Enter DangNhap/Index
INFO  2019-05-24 10:58:02,335 2729417ms DangNhapController     Index              - do login...
INFO  2019-05-24 10:58:03,007 2730089ms HomeController         Index              - Enter Home/Index
ERROR 2019-05-24 10:58:08,679 2735761ms PhanAnhController      getListOfPhanAnh   - System.Data.Entity.Core.EntityCommandExecutionException: An error occurred while executing the command definition. See the inner exception for details. ---> System.Data.SqlClient.SqlException: Could not find stored procedure 'dbo.p_YeuCau_DanhSachV6'.
   at System.Data.SqlClient.SqlConnection.OnError(SqlException exception, Boolean breakConnection, Action`1 wrapCloseInAction)
   at System.Data.SqlClient.TdsParser.ThrowExceptionAndWarning(TdsParserStateObject stateObj, Boolean callerHasConnectionLock, Boolean asyncClose)
   at System.Data.SqlClient.TdsParser.TryRun(RunBehavior runBehavior, SqlCommand cmdHandler, SqlDataReader dataStream, BulkCopySimpleResultSet bulkCopyHandler, TdsParserStateObject stateObj, Boolean& dataReady)
   at System.Data.SqlClient.SqlDataReader.TryConsumeMetaData()
   at System.Data.SqlClient.SqlDataReader.get_MetaData()
   at System.Data.SqlClient.SqlCommand.FinishExecuteReader(SqlDataReader ds, RunBehavior runBehavior, String resetOptionsString, Boolean isInternal, Boolean forDescribeParameterEncryption, Boolean shouldCacheForAlwaysEncrypted)
   at System.Data.SqlClient.SqlCommand.RunExecuteReaderTds(CommandBehavior cmdBehavior, RunBehavior runBehavior, Boolean returnStream, Boolean async, Int32 timeout, Task& task, Boolean asyncWrite, Boolean inRetry, SqlDataReader ds, Boolean describeParameterEncryptionRequest)
   at System.Data.SqlClient.SqlCommand.RunExecuteReader(CommandBehavior cmdBehavior, RunBehavior runBehavior, Boolean returnStream, String method, TaskCompletionSource`1 completion, Int32 timeout, Task& task, Boolean& usedCache, Boolean asyncWrite, Boolean inRetry)
   at System.Data.SqlClient.SqlCommand.RunExecuteReader(CommandBehavior cmdBehavior, RunBehavior runBehavior, Boolean returnStream, String method)
   at System.Data.SqlClient.SqlCommand.ExecuteReader(CommandBehavior behavior, String method)
   at System.Data.Entity.Infrastructure.Interception.InternalDispatcher`1.Dispatch[TTarget,TInterceptionContext,TResult](TTarget target, Func`3 operation, TInterceptionContext interceptionContext, Action`3 executing, Action`3 executed)
   at System.Data.Entity.Infrastructure.Interception.DbCommandDispatcher.Reader(DbCommand command, DbCommandInterceptionContext interceptionContext)
   at System.Data.Entity.Core.EntityClient.Internal.EntityCommandDefinition.ExecuteStoreCommands(EntityCommand entityCommand, CommandBehavior behavior)
   --- End of inner exception stack trace ---
   at System.Data.Entity.Core.EntityClient.Internal.EntityCommandDefinition.ExecuteStoreCommands(EntityCommand entityCommand, CommandBehavior behavior)
   at System.Data.Entity.Core.Objects.ObjectContext.CreateFunctionObjectResult[TElement](EntityCommand entityCommand, ReadOnlyCollection`1 entitySets, EdmType[] edmTypes, ExecutionOptions executionOptions)
   at System.Data.Entity.Core.Objects.ObjectContext.<>c__DisplayClass10`1.<ExecuteFunction>b__f()
   at System.Data.Entity.Core.Objects.ObjectContext.ExecuteInTransaction[T](Func`1 func, IDbExecutionStrategy executionStrategy, Boolean startLocalTransaction, Boolean releaseConnectionOnSuccess)
   at System.Data.Entity.Core.Objects.ObjectContext.<>c__DisplayClass10`1.<ExecuteFunction>b__e()
   at System.Data.Entity.SqlServer.DefaultSqlExecutionStrategy.Execute[TResult](Func`1 operation)
   at System.Data.Entity.Core.Objects.ObjectContext.ExecuteFunction[TElement](String functionName, ExecutionOptions executionOptions, ObjectParameter[] parameters)
   at WebUI.Models.HotlineEntities.p_YeuCau_DanhSachV6(Nullable`1 ngaytu, Nullable`1 ngayden, String tukhoa, Nullable`1 donvi_id, Nullable`1 linhvuc_id, Nullable`1 loaiyc_id, Nullable`1 hinhthuc_id, Nullable`1 doituong_id, Nullable`1 kenhtn_id, Nullable`1 capdo_id, Nullable`1 trangthai_id, Nullable`1 ghiam, Nullable`1 phanloaitthc_id, Nullable`1 nguoidung_id, Nullable`1 phuong_id, Nullable`1 huyen_id) in E:\prjs\HCC_HB\WebUI\Models\Hotline.Context.cs:line 901
   at WebUI.WebServices.PhanAnhService._GetDanhSachPhanAnh(p_NguoiDung_Result user, DateTime startDay, DateTime endDay, String keyWord, Nullable`1 condition0, Nullable`1 condition1, Nullable`1 condition2, Nullable`1 condition3, Nullable`1 condition4, Nullable`1 condition5, Nullable`1 condition6, Nullable`1 condition7, Nullable`1 condition8, Nullable`1 condition9) in E:\prjs\HCC_HB\WebUI\WebServices\PhanAnhService.asmx.cs:line 187
   at WebUI.Controllers.PhanAnhController.getListOfPhanAnh(String startDayString, String endDayString, String keyWord, Nullable`1 condition0, Nullable`1 condition1, Nullable`1 condition2, Nullable`1 condition3, Nullable`1 condition4, Nullable`1 condition5, Nullable`1 condition6, Nullable`1 condition7, Nullable`1 condition8, Nullable`1 condition9) in E:\prjs\HCC_HB\WebUI\Controllers\PhanAnhController.cs:line 126
INFO  2019-05-24 11:22:50,992 4218074ms DangNhapController     Index              - Enter DangNhap/Index
INFO  2019-05-24 21:58:45,914 832943ms DangNhapController     Index              - Enter DangNhap/Index
INFO  2019-05-24 21:59:03,164 850194ms DangNhapController     Index              - do login...
INFO  2019-05-24 21:59:04,774 851803ms HomeController         Index              - Enter Home/Index
