INFO  2019-08-15 08:09:13,690 3604468ms DangNhapController     Index              - Enter DangNhap/Index
INFO  2019-08-15 08:09:30,722 3621499ms DangNhapController     Index              - do login...
INFO  2019-08-15 08:09:31,768 3622546ms HomeController         Index              - Enter Home/Index
INFO  2019-08-15 08:25:35,768 4586546ms DangNhapController     Index              - Enter DangNhap/Index
INFO  2019-08-15 08:25:41,565 4592343ms DangNhapController     Index              - do login...
DEBUG 2019-08-15 08:25:41,565 4592343ms DangNhapController     Index              - user not exist: adminv1 pass 202CB962AC59075B964B07152D234B70
INFO  2019-08-15 08:25:53,315 4604093ms DangNhapController     Index              - do login...
DEBUG 2019-08-15 08:25:53,315 4604093ms DangNhapController     Index              - user not exist: adminv1 pass 81E76E36F2A7D3AFA893BD2372FDBB9E
INFO  2019-08-15 08:26:19,269 4630046ms DangNhapController     Index              - Enter DangNhap/Index
INFO  2019-08-15 08:26:28,784 4639562ms DangNhapController     Index              - do login...
INFO  2019-08-15 08:26:28,815 4639593ms HomeController         Index              - Enter Home/Index
INFO  2019-08-15 08:33:13,659 5044437ms DangNhapController     Index              - Enter DangNhap/Index
INFO  2019-08-15 08:33:16,253 5047031ms DangNhapController     Index              - do login...
INFO  2019-08-15 08:33:16,284 5047062ms HomeController         Index              - Enter Home/Index
INFO  2019-08-15 14:29:00,659 26391437ms DangNhapController     Index              - Enter DangNhap/Index
INFO  2019-08-15 14:29:05,581 26396359ms DangNhapController     Index              - do login...
DEBUG 2019-08-15 14:29:05,581 26396359ms DangNhapController     Index              - user not exist: dtv01 pass 202CB962AC59075B964B07152D234B70
INFO  2019-08-15 14:29:10,769 26401546ms DangNhapController     Index              - do login...
INFO  2019-08-15 14:29:10,815 26401593ms HomeController         Index              - Enter Home/Index
INFO  2019-08-15 14:52:09,612 27780390ms DangNhapController     Index              - Enter DangNhap/Index
INFO  2019-08-15 14:52:18,003 27788781ms DangNhapController     Index              - do login...
INFO  2019-08-15 14:52:18,034 27788812ms HomeController         Index              - Enter Home/Index
INFO  2019-08-16 08:07:00,940 89871718ms DangNhapController     Index              - Enter DangNhap/Index
INFO  2019-08-16 08:07:13,097 89883875ms DangNhapController     Index              - do login...
INFO  2019-08-16 08:07:13,128 89883906ms HomeController         Index              - Enter Home/Index
