DEBUG 2019-06-27 13:14:25,711 4586376ms PortalController       verifyCaptcha      - verifyCaptcha: from client 192.168.3.254
DEBUG 2019-06-27 13:14:25,770 4586435ms PortalController       verifyCaptcha      -   token: 03AOLTBLQ5NhFykHIoVYi5YyqtwCV66D9dFYcx7sgyDagquNhwlNc5jMSEo4W0vJkrfnRni5MVjo1O0lmugc77z4Gqn-ns0c4uLne4lAu_8bvj6BqGfFP4qx8olWmCWJW6f-I_PwUFcq27_i8lsg51CvsVAUH95NaBAYU3noja-M1i3n5EkD-iynxTboH0BA4UbVcBDFUHu0JZtPIwy04gmNeyTSB7Hu2jFUKItdWaAV6ctFC76CYuXKkrvv8dWmNdOtJquuj9jaTB5r5nl7qtFrHKl8jWpU8Mr05W8ajKlmk44cVb-M9FxrLt2XtZhQdk4RRMiZxRvVr8_7N7pT4bsmv-pLdgkuw7fg
DEBUG 2019-06-27 13:14:25,772 4586437ms PortalController       verifyCaptcha      - Exception: Input string was not in a correct format.
DEBUG 2019-06-27 13:14:31,028 4591693ms _PageTongHop           createRequest      - portal createRequest displayName , phoneNumber 0918909966 content bây gi? phu?ng dang ghép t?.làm l?i s? h? kh?u.mu?n làm l?i ch?ng minh thu có gi?y t? gì thay th? không
INFO  2019-06-27 13:14:47,161 4607826ms DangNhapController     Index              - Enter DangNhap/Index
INFO  2019-06-27 13:14:49,850 4610515ms DangNhapController     Index              - do login...
INFO  2019-06-27 13:14:50,149 4610814ms HomeController         Index              - Enter Home/Index
INFO  2019-06-27 13:16:37,589 4718254ms DangNhapController     Index              - Enter DangNhap/Index
INFO  2019-06-27 13:16:39,174 4719839ms DangNhapController     Index              - do login...
INFO  2019-06-27 13:16:39,198 4719863ms HomeController         Index              - Enter Home/Index
INFO  2019-06-27 14:30:42,406 9163071ms DangNhapController     Index              - Enter DangNhap/Index
INFO  2019-06-27 14:30:43,747 9164412ms DangNhapController     Index              - do login...
INFO  2019-06-27 14:30:43,789 9164454ms HomeController         Index              - Enter Home/Index
INFO  2019-06-28 07:16:45,579 69526244ms DangNhapController     Index              - Enter DangNhap/Index
INFO  2019-06-28 07:16:53,501 69534166ms DangNhapController     Index              - do login...
INFO  2019-06-28 07:16:53,539 69534204ms HomeController         Index              - Enter Home/Index
INFO  2019-06-28 07:35:08,125 70628790ms DangNhapController     Index              - Enter DangNhap/Index
INFO  2019-06-28 07:35:12,091 70632756ms DangNhapController     Index              - do login...
INFO  2019-06-28 07:35:12,156 70632821ms HomeController         Index              - Enter Home/Index
INFO  2019-06-28 08:43:44,691 74745356ms DangNhapController     Index              - Enter DangNhap/Index
INFO  2019-06-28 08:43:51,771 74752436ms DangNhapController     Index              - do login...
DEBUG 2019-06-28 08:43:51,776 74752441ms DangNhapController     Index              - user not exist: admin pass 21232F297A57A5A743894A0E4A801FC3
INFO  2019-06-28 08:43:55,143 74755808ms DangNhapController     Index              - do login...
DEBUG 2019-06-28 08:43:55,147 74755812ms DangNhapController     Index              - user not exist: admin pass C61DBC90984F0B1624A5112B8D28A26C
INFO  2019-06-28 08:43:59,258 74759923ms DangNhapController     Index              - do login...
DEBUG 2019-06-28 08:43:59,263 74759928ms DangNhapController     Index              - user not exist: admin pass 89BF4623AF7287EDECDC7AB2B126A10F
INFO  2019-06-28 08:44:33,824 74794489ms DangNhapController     Index              - Enter DangNhap/Index
INFO  2019-06-28 08:56:20,208 75500873ms DangNhapController     Index              - Enter DangNhap/Index
INFO  2019-06-28 08:56:26,192 75506857ms DangNhapController     Index              - do login...
DEBUG 2019-06-28 08:56:26,196 75506861ms DangNhapController     Index              - user not exist: admin pass 2D1A1DD3CE44B5DA194ACD4685731817
INFO  2019-06-28 08:57:01,148 75541813ms DangNhapController     Index              - do login...
INFO  2019-06-28 08:57:01,174 75541839ms HomeController         Index              - Enter Home/Index
INFO  2019-06-28 08:59:45,115 75705780ms DangNhapController     Index              - Enter DangNhap/Index
INFO  2019-06-28 08:59:59,047 75719712ms DangNhapController     Index              - do login...
INFO  2019-06-28 08:59:59,078 75719743ms HomeController         Index              - Enter Home/Index
INFO  2019-06-28 09:02:32,288 75872953ms DangNhapController     Index              - Enter DangNhap/Index
INFO  2019-06-28 09:03:05,450 75906115ms DangNhapController     Index              - do login...
INFO  2019-06-28 09:03:05,557 75906222ms HomeController         Index              - Enter Home/Index
INFO  2019-06-28 09:03:19,770 75920435ms DangNhapController     Index              - Enter DangNhap/Index
INFO  2019-06-28 09:03:24,385 75925050ms DangNhapController     Index              - do login...
INFO  2019-06-28 09:03:24,408 75925073ms HomeController         Index              - Enter Home/Index
INFO  2019-06-28 09:03:39,821 75940486ms DangNhapController     Index              - Enter DangNhap/Index
INFO  2019-06-28 09:03:45,531 75946196ms DangNhapController     Index              - do login...
INFO  2019-06-28 09:03:45,554 75946219ms HomeController         Index              - Enter Home/Index
INFO  2019-06-28 09:04:00,958 75961623ms DangNhapController     Index              - Enter DangNhap/Index
INFO  2019-06-28 09:04:13,453 75974118ms DangNhapController     Index              - Enter DangNhap/Index
INFO  2019-06-28 09:04:16,754 75977419ms DangNhapController     Index              - do login...
INFO  2019-06-28 09:04:16,795 75977460ms HomeController         Index              - Enter Home/Index
INFO  2019-06-28 09:04:18,418 75979083ms DangNhapController     Index              - do login...
INFO  2019-06-28 09:04:18,440 75979105ms HomeController         Index              - Enter Home/Index
INFO  2019-06-28 14:01:33,882 93814547ms DangNhapController     Index              - Enter DangNhap/Index
INFO  2019-06-28 14:01:40,809 93821474ms DangNhapController     Index              - do login...
INFO  2019-06-28 14:01:40,842 93821507ms HomeController         Index              - Enter Home/Index
