INFO  2019-05-20 07:54:11,048  9906ms DangNhapController     Index              - Enter DangNhap/Index
INFO  2019-05-20 07:54:19,767 18625ms DangNhapController     Index              - do login...
INFO  2019-05-20 07:54:20,438 19296ms HomeController         Index              - Enter Home/Index
INFO  2019-05-20 08:02:05,767 484625ms ServiceCenter          send_sms_citizen   - yeucau_id 1CDE5200519 sdt 0846967799
ERROR 2019-05-20 08:02:10,689 489547ms ServiceCenter          send_sms_citizen   -   error ok
DEBUG 2019-05-20 08:08:56,690 895548ms PortalController       verifyCaptcha      - verifyCaptcha: from client 192.168.3.254
DEBUG 2019-05-20 08:08:56,737 895595ms PortalController       verifyCaptcha      -   token: 03AOLTBLTBPosq5yGlTCOSUF8bUGNpNET4U3t3oDm96Fkt12Ubz4LZpiUvmJxBOG6w3JdX6WN3tspDT3pMHo1wWTOEY4CeA6NXu6OpXzcvCbJekZ6W6IqQY-pWrE8SyYvWZGs6kt6l2KoOUaOjT9ceXT3O8lNzTWjPnuPRexui7_0eh_MvJMUd6zJVs9lhJJaqUlvX00UgmyS4c3QTctwXu8hKGUZIJR_7LU021Qkf8ASXUZL81PVEXZfmRMOSjtlFF96D3Q3qISTvRDtT5ESlx_hn3GqunBE816U7PVarMiiB_Ybpt_A7Xd04iCGxc2sxIZFZckj_3n-tD20e4tgGEYaAR0t7ewMQLw
DEBUG 2019-05-20 08:08:56,737 895595ms PortalController       verifyCaptcha      - Exception: Input string was not in a correct format.
DEBUG 2019-05-20 08:09:17,472 916330ms _PageTongHop           createRequest      - portal createRequest displayName Hà Th? Ng?c Trang, phoneNumber 123456789 content Kính g?i: Trung tâm Ph?c v? hành chính công. Tôi mu?n h?i v? th? t?c sang tên nhà d?t...
INFO  2019-05-20 09:33:59,838 1991760ms DangNhapController     Index              - Enter DangNhap/Index
INFO  2019-05-20 09:34:18,994 2010916ms DangNhapController     Index              - do login...
INFO  2019-05-20 09:34:19,775 2011698ms HomeController         Index              - Enter Home/Index
INFO  2019-05-20 09:36:05,041 2116964ms DangNhapController     Index              - Enter DangNhap/Index
INFO  2019-05-20 10:28:23,843  8656ms DangNhapController     Index              - Enter DangNhap/Index
INFO  2019-05-20 10:28:33,343 18156ms DangNhapController     Index              - do login...
INFO  2019-05-20 10:28:34,765 19578ms HomeController         Index              - Enter Home/Index
INFO  2019-05-20 10:36:02,765 467579ms HomeController         Index              - Enter Home/Index
INFO  2019-05-20 10:36:09,203 474016ms DangNhapController     Index              - Enter DangNhap/Index
INFO  2019-05-20 10:36:16,172 480985ms DangNhapController     Index              - do login...
INFO  2019-05-20 10:36:16,203 481016ms HomeController         Index              - Enter Home/Index
INFO  2019-05-20 10:38:05,953 590766ms PhanAnhController      CapNhatKQTL        - nguoidung_id 1CDE5200519 yeucau_id daoad.hcc kqtl  Thành ph?n h? so : - Ðon xin ly hôn ( theo m?u, t?i tòa án ) - Gi?y dang ký k?t hôn ( b?n chính ) - Gi?y khai sinh c?a con chung ( b?n sao ) - Gi?y CMND và H? kh?u c?a v? và ch?ng ( ho?c passport, b?n sao ) - Gi?y t? ch?ng minh quy?n s? h?u, quy?n s? h?u n?u có tranh ch?p tài s?n ( b?o sao ) * Co quan ti?p nh?n : Tòa án huy?n, thành ph?, th? xã. * Th?i h?n gi?i quy?t : Trong th?i h?n 5 ngày nh?n du?c don yêu c?u, Tòa án thông báo duong s? n?p ti?n t?m ?ng án phí. Sau khi n?p án phí, ngu?i kh?i ki?n n?p cho tòa án biên lai n?p ti?n t?m ?ng án phí d? Tòa án th? lý
INFO  2019-05-20 10:38:06,156 590969ms ServiceCenter          send_sms_citizen   - yeucau_id 1CDE5200519 sdt 0846967799
ERROR 2019-05-20 10:38:10,781 595594ms ServiceCenter          send_sms_citizen   -   error ok
INFO  2019-05-20 10:38:11,000 595813ms PhanAnhController      CapNhatKQTL        - nguoidung_id 1CDE5200519 yeucau_id daoad.hcc kqtl  Thành ph?n h? so : - Ðon xin ly hôn ( theo m?u, t?i tòa án ) - Gi?y dang ký k?t hôn ( b?n chính ) - Gi?y khai sinh c?a con chung ( b?n sao ) - Gi?y CMND và H? kh?u c?a v? và ch?ng ( ho?c passport, b?n sao ) - Gi?y t? ch?ng minh quy?n s? h?u, quy?n s? h?u n?u có tranh ch?p tài s?n ( b?o sao ) * Co quan ti?p nh?n : Tòa án huy?n, thành ph?, th? xã. * Th?i h?n gi?i quy?t : Trong th?i h?n 5 ngày nh?n du?c don yêu c?u, Tòa án thông báo duong s? n?p ti?n t?m ?ng án phí. Sau khi n?p án phí, ngu?i kh?i ki?n n?p cho tòa án biên lai n?p ti?n t?m ?ng án phí d? Tòa án th? lý
INFO  2019-05-20 10:38:11,016 595829ms ServiceCenter          send_sms_citizen   - yeucau_id 1CDE5200519 sdt 0846967799
ERROR 2019-05-20 10:38:11,406 596219ms ServiceCenter          send_sms_citizen   -   error ok
INFO  2019-05-20 10:38:46,844 631657ms HomeController         Index              - Enter Home/Index
INFO  2019-05-20 10:39:07,485 652298ms DangNhapController     Index              - Enter DangNhap/Index
INFO  2019-05-20 10:41:00,875 765689ms DangNhapController     Index              - Enter DangNhap/Index
INFO  2019-05-20 10:41:07,907 772720ms DangNhapController     Index              - do login...
INFO  2019-05-20 10:41:07,922 772735ms HomeController         Index              - Enter Home/Index
INFO  2019-05-20 12:03:08,182   203ms DangNhapController     Index              - Enter DangNhap/Index
INFO  2019-05-20 12:03:36,854 28875ms DangNhapController     Index              - do login...
INFO  2019-05-20 12:03:37,744 29765ms HomeController         Index              - Enter Home/Index
INFO  2019-05-20 12:03:59,526 51546ms DangNhapController     Index              - Enter DangNhap/Index
INFO  2019-05-20 12:04:43,213 95234ms DangNhapController     Index              - do login...
DEBUG 2019-05-20 12:04:43,229 95250ms DangNhapController     Index              - user not exist: admin pass 81E76E36F2A7D3AFA893BD2372FDBB9E
INFO  2019-05-20 12:05:10,510 122531ms DangNhapController     Index              - do login...
INFO  2019-05-20 12:05:10,510 122531ms DangNhapController     Index              - Form Model State is Invalid
INFO  2019-05-20 12:05:11,995 124015ms DangNhapController     Index              - do login...
INFO  2019-05-20 12:05:11,995 124015ms DangNhapController     Index              - Form Model State is Invalid
INFO  2019-05-20 14:21:02,042 155109ms HomeController         Index              - Enter Home/Index
INFO  2019-05-20 14:21:05,995 159062ms DangNhapController     Index              - Enter DangNhap/Index
INFO  2019-05-20 14:24:38,542 371610ms DangNhapController     Index              - Enter DangNhap/Index
INFO  2019-05-20 14:24:47,299 380366ms DangNhapController     Index              - do login...
INFO  2019-05-20 14:24:48,429 381496ms HomeController         Index              - Enter Home/Index
INFO  2019-05-20 14:28:16,890 589957ms ServiceCenter          send_sms_citizen   - yeucau_id 13AF0200519 sdt 0823130986
ERROR 2019-05-20 14:28:21,796 594863ms ServiceCenter          send_sms_citizen   -   error ok
INFO  2019-05-20 14:32:40,250 853317ms ServiceCenter          send_sms_citizen   - yeucau_id 39601200519 sdt 0823130986
ERROR 2019-05-20 14:32:40,718 853786ms ServiceCenter          send_sms_citizen   -   error ok
INFO  2019-05-20 14:36:05,938 1059005ms ServiceCenter          send_sms_citizen   - yeucau_id 28DF8200519 sdt 0823130986
ERROR 2019-05-20 14:36:06,359 1059427ms ServiceCenter          send_sms_citizen   -   error ok
INFO  2019-05-20 14:37:00,219 1113286ms DangNhapController     Index              - do login...
DEBUG 2019-05-20 14:37:00,219 1113286ms DangNhapController     Index              - user not exist: admin pass 81E76E36F2A7D3AFA893BD2372FDBB9E
INFO  2019-05-20 14:37:34,656 1147724ms DangNhapController     Index              - do login...
INFO  2019-05-20 14:37:34,672 1147739ms HomeController         Index              - Enter Home/Index
INFO  2019-05-20 14:39:26,032 1259099ms DangNhapController     Index              - Enter DangNhap/Index
INFO  2019-05-20 14:40:00,047 1293115ms DangNhapController     Index              - do login...
DEBUG 2019-05-20 14:40:00,047 1293115ms DangNhapController     Index              - user not exist: hoalth pass 81E76E36F2A7D3AFA893BD2372FDBB9E
INFO  2019-05-20 14:40:09,766 1302833ms DangNhapController     Index              - do login...
DEBUG 2019-05-20 14:40:09,782 1302849ms DangNhapController     Index              - user not exist: hoalth pass 81E76E36F2A7D3AFA893BD2372FDBB9E
INFO  2019-05-20 14:40:25,454 1318521ms DangNhapController     Index              - do login...
INFO  2019-05-20 14:40:25,501 1318568ms HomeController         Index              - Enter Home/Index
INFO  2019-05-20 14:43:13,001 1486068ms DangNhapController     Index              - Enter DangNhap/Index
INFO  2019-05-20 14:43:24,142 1497209ms DangNhapController     Index              - do login...
INFO  2019-05-20 14:43:24,157 1497224ms HomeController         Index              - Enter Home/Index
INFO  2019-05-20 14:46:46,814 1699881ms DangNhapController     Index              - Enter DangNhap/Index
INFO  2019-05-20 14:47:03,048 1716116ms DangNhapController     Index              - do login...
INFO  2019-05-20 14:47:03,126 1716194ms HomeController         Index              - Enter Home/Index
INFO  2019-05-20 14:47:57,814 1770881ms DangNhapController     Index              - Enter DangNhap/Index
INFO  2019-05-20 14:48:00,267 1773334ms DangNhapController     Index              - do login...
INFO  2019-05-20 14:48:00,298 1773366ms HomeController         Index              - Enter Home/Index
INFO  2019-05-20 14:56:55,643 2308710ms ServiceCenter          send_sms_citizen   - yeucau_id A2FF2200519 sdt 0943359810
ERROR 2019-05-20 14:57:00,127 2313195ms ServiceCenter          send_sms_citizen   -   error ok
INFO  2019-05-20 15:06:07,472 2860540ms DangNhapController     Index              - Enter DangNhap/Index
INFO  2019-05-20 15:06:27,988 2881055ms DangNhapController     Index              - Enter DangNhap/Index
INFO  2019-05-20 15:06:30,175 2883243ms DangNhapController     Index              - do login...
INFO  2019-05-20 15:06:30,238 2883305ms HomeController         Index              - Enter Home/Index
INFO  2019-05-20 15:19:17,927 3650994ms ServiceCenter          send_sms_citizen   - yeucau_id 31BF3200519 sdt 0823130986
ERROR 2019-05-20 15:19:18,411 3651479ms ServiceCenter          send_sms_citizen   -   error ok
INFO  2019-05-20 20:29:29,127 34218ms DangNhapController     Index              - Enter DangNhap/Index
INFO  2019-05-20 20:30:01,440 66531ms DangNhapController     Index              - do login...
INFO  2019-05-20 20:30:01,987 67078ms DangNhapController     Index              - do login...
INFO  2019-05-20 20:30:02,862 67953ms HomeController         Index              - Enter Home/Index
INFO  2019-05-20 20:35:46,393 411485ms ServiceCenter          send_sms_citizen   - yeucau_id BF0A4200519 sdt 0823130986
ERROR 2019-05-20 20:35:50,956 416047ms ServiceCenter          send_sms_citizen   -   error ok
INFO  2019-05-20 20:37:25,597 510688ms DangNhapController     Index              - Enter DangNhap/Index
INFO  2019-05-20 20:37:43,034 528126ms DangNhapController     Index              - do login...
DEBUG 2019-05-20 20:37:43,034 528126ms DangNhapController     Index              - user not exist: admin pass 81E76E36F2A7D3AFA893BD2372FDBB9E
INFO  2019-05-20 20:37:57,972 543063ms DangNhapController     Index              - do login...
INFO  2019-05-20 20:37:58,019 543110ms HomeController         Index              - Enter Home/Index
INFO  2019-05-20 20:47:50,989 1136080ms ServiceCenter          send_sms_citizen   - yeucau_id 31BD1200519 sdt 0823130986
ERROR 2019-05-20 20:47:51,442 1136533ms ServiceCenter          send_sms_citizen   -   error ok
INFO  2019-05-20 20:50:57,286 1322377ms DangNhapController     Index              - Enter DangNhap/Index
INFO  2019-05-20 20:51:11,755 1336846ms DangNhapController     Index              - do login...
INFO  2019-05-20 20:51:11,770 1336862ms HomeController         Index              - Enter Home/Index
