INFO  2019-06-04 13:42:47,920 15372918ms DangNhapController     Index              - Enter DangNhap/Index
INFO  2019-06-04 13:42:55,592 15380590ms DangNhapController     Index              - do login...
DEBUG 2019-06-04 13:42:55,983 15380981ms DangNhapController     Index              - user not exist: admin pass 21232F297A57A5A743894A0E4A801FC3
INFO  2019-06-04 13:43:02,374 15387372ms DangNhapController     Index              - do login...
DEBUG 2019-06-04 13:43:02,389 15387387ms DangNhapController     Index              - user not exist: admin pass 21232F297A57A5A743894A0E4A801FC3
INFO  2019-06-04 13:43:23,031 15408029ms DangNhapController     Index              - do login...
DEBUG 2019-06-04 13:43:23,031 15408029ms DangNhapController     Index              - user not exist: admin pass 590D2F1BB0B9762A967226E676C11613
INFO  2019-06-04 13:43:37,407 15422404ms DangNhapController     Index              - do login...
INFO  2019-06-04 13:43:38,157 15423154ms HomeController         Index              - Enter Home/Index
INFO  2019-06-04 14:56:40,915 19805913ms DangNhapController     Index              - Enter DangNhap/Index
INFO  2019-06-04 14:57:09,010 19834008ms DangNhapController     Index              - do login...
INFO  2019-06-04 14:57:09,041 19834039ms HomeController         Index              - Enter Home/Index
INFO  2019-06-04 15:01:00,723 20065721ms DangNhapController     Index              - Enter DangNhap/Index
INFO  2019-06-04 15:01:13,427 20078425ms DangNhapController     Index              - do login...
DEBUG 2019-06-04 15:01:13,443 20078441ms DangNhapController     Index              - user not exist: admin pass A711CA35CD30F1F4A9F1146DBA26E3EA
INFO  2019-06-04 15:01:18,646 20083644ms DangNhapController     Index              - do login...
INFO  2019-06-04 15:01:18,677 20083675ms HomeController         Index              - Enter Home/Index
INFO  2019-06-04 15:28:06,610 21691608ms DangNhapController     Index              - Enter DangNhap/Index
INFO  2019-06-04 15:43:48,205 22633203ms DangNhapController     Index              - do login...
INFO  2019-06-04 15:43:54,190 22639188ms HomeController         Index              - Enter Home/Index
INFO  2019-06-04 19:09:49,851 1144434ms DangNhapController     Index              - Enter DangNhap/Index
INFO  2019-06-04 20:54:06,958 53938ms DangNhapController     Index              - Enter DangNhap/Index
INFO  2019-06-04 20:54:55,990 102970ms DangNhapController     Index              - do login...
INFO  2019-06-04 20:54:58,209 105189ms HomeController         Index              - Enter Home/Index
INFO  2019-06-04 20:55:05,271 112252ms DangNhapController     Index              - Enter DangNhap/Index
INFO  2019-06-04 20:55:11,521 118502ms DangNhapController     Index              - do login...
INFO  2019-06-04 20:55:11,553 118533ms HomeController         Index              - Enter Home/Index
INFO  2019-06-04 21:11:20,332 1087313ms HomeController         Index              - Enter Home/Index
