INFO  2019-06-25 07:30:08,120 35966061ms DangNhapController     Index              - Enter DangNhap/Index
INFO  2019-06-25 07:30:21,683 35979623ms DangNhapController     Index              - do login...
INFO  2019-06-25 07:30:22,865 35980805ms HomeController         Index              - Enter Home/Index
INFO  2019-06-25 07:30:24,953 35982893ms DangNhapController     Index              - Enter DangNhap/Index
INFO  2019-06-25 07:30:27,638 35985578ms DangNhapController     Index              - do login...
INFO  2019-06-25 07:30:27,681 35985621ms HomeController         Index              - Enter Home/Index
INFO  2019-06-25 09:01:19,083 41437023ms DangNhapController     Index              - Enter DangNhap/Index
INFO  2019-06-25 09:01:21,543 41439483ms DangNhapController     Index              - do login...
INFO  2019-06-25 09:01:21,643 41439583ms HomeController         Index              - Enter Home/Index
INFO  2019-06-25 09:01:36,422 41454362ms DangNhapController     Index              - Enter DangNhap/Index
INFO  2019-06-25 09:01:40,233 41458173ms DangNhapController     Index              - Enter DangNhap/Index
INFO  2019-06-25 09:01:54,015 41471955ms DangNhapController     Index              - Enter DangNhap/Index
INFO  2019-06-25 09:34:59,023 43456964ms DangNhapController     Index              - do login...
DEBUG 2019-06-25 09:34:59,028 43456969ms DangNhapController     Index              - user not exist: demo_admin pass 61F7637BBA276751B207DE24A79EEC89
INFO  2019-06-25 09:35:06,761 43464701ms DangNhapController     Index              - do login...
DEBUG 2019-06-25 09:35:06,765 43464705ms DangNhapController     Index              - user not exist: demo_admin pass 61F7637BBA276751B207DE24A79EEC89
INFO  2019-06-25 09:35:14,886 43472827ms DangNhapController     Index              - do login...
DEBUG 2019-06-25 09:35:14,890 43472831ms DangNhapController     Index              - user not exist: demo_admin pass 26CA97D8DA911B45474E3B0DC0B26F4F
INFO  2019-06-25 11:46:26,729 51344670ms ServiceCenter          send_sms_citizen   - yeucau_id 43372250619 sdt 02183892299
INFO  2019-06-25 11:46:30,569 51348510ms ServiceCenter          send_sms_citizen   -     return code: ok
INFO  2019-06-25 11:47:31,047 51408988ms PlayAudioController    GetAudioURL        - Get audio download URL for cacheid 105005
INFO  2019-06-25 11:47:31,131 51409072ms PlayAudioController    GetAudioURL        - tmp download url: /dl/105005.wav
INFO  2019-06-25 11:47:31,131 51409072ms PlayAudioController    GetAudioURL        - origin virtual path: c:\soft\dbtool\syncfiles\2019\6\25\16-209-a-902183892299---20190625113227.wav
INFO  2019-06-25 11:47:31,138 51409079ms PlayAudioController    GetAudioURL        - copy  from c:\soft\dbtool\syncfiles\2019\6\25\16-209-a-902183892299---20190625113227.wav to c:\tmp\1022staticfiles\105005.wav
INFO  2019-06-25 12:54:49,200 55447140ms HomeController         Index              - Enter Home/Index
INFO  2019-06-25 12:54:59,463 55457404ms PlayAudioController    GetAudioURL        - Get audio download URL for cacheid 105005
INFO  2019-06-25 12:54:59,468 55457409ms PlayAudioController    GetAudioURL        - tmp download url: /dl/105005.wav
INFO  2019-06-25 12:54:59,469 55457410ms PlayAudioController    GetAudioURL        - origin virtual path: c:\soft\dbtool\syncfiles\2019\6\25\16-209-a-902183892299---20190625113227.wav
INFO  2019-06-25 14:09:27,309 59925250ms PlayAudioController    GetAudioURL        - Get audio download URL for cacheid 105005
INFO  2019-06-25 14:09:27,312 59925253ms PlayAudioController    GetAudioURL        - tmp download url: /dl/105005.wav
INFO  2019-06-25 14:09:27,312 59925253ms PlayAudioController    GetAudioURL        - origin virtual path: c:\soft\dbtool\syncfiles\2019\6\25\16-209-a-902183892299---20190625113227.wav
INFO  2019-06-25 14:12:11,514 60089454ms PlayAudioController    GetAudioURL        - Get audio download URL for cacheid 97269
INFO  2019-06-25 14:12:11,519 60089459ms PlayAudioController    GetAudioURL        - tmp download url: /dl/97269.wav
INFO  2019-06-25 14:12:11,519 60089459ms PlayAudioController    GetAudioURL        - origin virtual path: c:\soft\dbtool\syncfiles\2019\6\24\16-209-a-90932210877---20190624103010.wav
INFO  2019-06-25 14:48:53,615 62291555ms DangNhapController     Index              - Enter DangNhap/Index
INFO  2019-06-25 14:49:00,417 62298358ms DangNhapController     Index              - do login...
INFO  2019-06-25 14:49:00,443 62298384ms HomeController         Index              - Enter Home/Index
INFO  2019-06-25 14:52:54,050 62531990ms DangNhapController     Index              - Enter DangNhap/Index
INFO  2019-06-25 14:52:58,617 62536557ms DangNhapController     Index              - do login...
INFO  2019-06-25 14:52:58,648 62536588ms HomeController         Index              - Enter Home/Index
INFO  2019-06-25 14:58:56,103 62894044ms DangNhapController     Index              - Enter DangNhap/Index
INFO  2019-06-25 14:59:05,001 62902942ms DangNhapController     Index              - do login...
DEBUG 2019-06-25 14:59:05,005 62902946ms DangNhapController     Index              - user not exist: admin pass 4CBD7F15DAA36CDF027244A86E340E91
INFO  2019-06-25 14:59:11,236 62909176ms DangNhapController     Index              - do login...
INFO  2019-06-25 14:59:11,265 62909205ms HomeController         Index              - Enter Home/Index
