INFO  2019-11-05 07:50:16,495 57346765ms DangNhapController     Index              - Enter DangNhap/Index
INFO  2019-11-05 07:50:25,105 57355375ms DangNhapController     Index              - do login...
INFO  2019-11-05 07:50:25,198 57355468ms HomeController         Index              - Enter Home/Index
INFO  2019-11-05 08:12:57,480 58707749ms DangNhapController     Index              - Enter DangNhap/Index
INFO  2019-11-05 08:13:02,308 58712578ms DangNhapController     Index              - do login...
INFO  2019-11-05 08:13:02,370 58712640ms HomeController         Index              - Enter Home/Index
INFO  2019-11-05 08:53:22,042 61132312ms DangNhapController     Index              - Enter DangNhap/Index
INFO  2019-11-05 08:53:25,433 61135703ms DangNhapController     Index              - do login...
INFO  2019-11-05 08:53:25,480 61135750ms HomeController         Index              - Enter Home/Index
INFO  2019-11-05 08:53:43,839 61154109ms PlayAudioController    GetAudioURL        - Get audio download URL for cacheid 113935
INFO  2019-11-05 08:53:43,933 61154203ms PlayAudioController    GetAudioURL        - tmp download url: /dl/113935.wav
INFO  2019-11-05 08:53:43,933 61154203ms PlayAudioController    GetAudioURL        - origin virtual path: c:\soft\dbtool\syncfiles\2019\7\22\16-209-a-90918909966---20190722133556.wav
INFO  2019-11-05 08:53:43,933 61154203ms PlayAudioController    GetAudioURL        - copy  from c:\soft\dbtool\syncfiles\2019\7\22\16-209-a-90918909966---20190722133556.wav to c:\tmp\1022staticfiles\113935.wav
INFO  2019-11-05 14:14:01,964 80372234ms DangNhapController     Index              - Enter DangNhap/Index
INFO  2019-11-05 14:14:11,292 80381562ms DangNhapController     Index              - do login...
INFO  2019-11-05 14:14:11,323 80381593ms HomeController         Index              - Enter Home/Index
DEBUG 2019-11-05 16:25:13,417 88243687ms _PageTongHop           createRequest      - portal createRequest displayName Nguy?n ng?c h?i hà, phoneNumber 0915090716 content Tôi mu?n du?c ki?n ngh? v? vi?c du?ng c?ng thoát nu?c ? khu v?c du?ng mai thúc loan(d?i di?n c?ng tru?ng Liên C?p D? H?p). Khu an cu xanh. Do trên tuy?n su?i d?p tràn x? nu?c vào ao cá trong xóm. Gây tràn nu?c lên du?ng noi tôi dang ? gây m?c rêu tron tru?t.  ?nh hu?ng d?n d?i s?ng sinh ho?t di l?i c?a chúng tôi và c?nh quan dô th? khu v?c này. V?y kính mong co quan ch?c nang qu?n lý khu v?c này có trách nhi?m x? lý và gi?i quy?t s? vi?c trên. 
Tôi xin chân thành c?m on.
DEBUG 2019-11-05 16:25:18,073 88248343ms PortalController       verifyCaptcha      - verifyCaptcha: from client 14.181.93.222
DEBUG 2019-11-05 16:25:18,073 88248343ms PortalController       verifyCaptcha      -   token: 03AOLTBLTa833nLB-L0PL5xxoPRf-0rDZs2n4Dps_tktkTu6mtom59YFnn7uMkrFIYx2TUxD0pVLEGXd3b8twL01SK92eck-05k_N4N89rPBxJ7Op_lv0Rks6fikYEed8sZi5TqSi2qVl5KmCq9u2MTvZQD5SSxhN1iZ1wfJCKjHmP9SM5C1KI69O1c21wtTe23tyuLJPDiEGGbPKB8XcTRNFIbjrVzDJcYoRX-nwiZlNByPWJnLJE4eeFG7MpoKQIBZf-DHc5ToEezGGiXBfmpvU1y5903BxiHxr964_WNzFDnWQQiu4VLc1hBKw6s8PMXe5lt6zbJRxRbNtAaYDcIVmv9-RO2HbR89woPNvQI1vA6VPRQQyUFuKDFs57q7_1IwwlkQUkHUZ4hDliZUHRkgD4KH6W39G2m3dhoHiTgvhNRtsxkeevJQ8iiuxzTCIdy4MGfB-eB29ZGVMiX2iKjqWSvaYjkgdaIjrFvSfe4nbGw6aGYCA_sXURLgpJQbRLxkezZ43ZEwmL
DEBUG 2019-11-05 16:25:18,073 88248343ms PortalController       verifyCaptcha      -   result: 
DEBUG 2019-11-05 16:25:18,120 88248390ms PortalController       verifyCaptcha      - Exception: Object reference not set to an instance of an object.
