INFO  2019-11-26 10:09:16,011 175781ms DangNhapController     Index              - Enter DangNhap/Index
INFO  2019-11-26 10:09:24,823 184593ms DangNhapController     Index              - do login...
INFO  2019-11-26 10:09:25,558 185328ms HomeController         Index              - Enter Home/Index
INFO  2019-11-26 10:18:59,636 759406ms DangNhapController     Index              - Enter DangNhap/Index
INFO  2019-11-26 10:19:05,151 764921ms DangNhapController     Index              - do login...
INFO  2019-11-26 10:19:05,276 765046ms HomeController         Index              - Enter Home/Index
INFO  2019-11-26 10:39:12,542 1972312ms DangNhapController     Index              - Enter DangNhap/Index
INFO  2019-11-26 10:39:18,120 1977890ms DangNhapController     Index              - do login...
INFO  2019-11-26 10:39:18,151 1977921ms HomeController         Index              - Enter Home/Index
INFO  2019-11-26 10:40:20,448 2040218ms DangNhapController     Index              - Enter DangNhap/Index
INFO  2019-11-26 10:40:26,308 2046078ms DangNhapController     Index              - do login...
INFO  2019-11-26 10:40:26,323 2046093ms HomeController         Index              - Enter Home/Index
INFO  2019-11-26 10:40:56,839 2076609ms DangNhapController     Index              - Enter DangNhap/Index
INFO  2019-11-26 10:41:05,151 2084921ms DangNhapController     Index              - do login...
INFO  2019-11-26 10:41:05,230 2085000ms HomeController         Index              - Enter Home/Index
INFO  2019-11-26 10:41:33,448 2113218ms DangNhapController     Index              - Enter DangNhap/Index
INFO  2019-11-26 10:41:41,948 2121718ms DangNhapController     Index              - do login...
INFO  2019-11-26 10:41:41,995 2121765ms HomeController         Index              - Enter Home/Index
INFO  2019-11-26 10:42:02,011 2141781ms DangNhapController     Index              - Enter DangNhap/Index
INFO  2019-11-26 10:42:15,636 2155406ms DangNhapController     Index              - do login...
INFO  2019-11-26 10:42:15,667 2155437ms HomeController         Index              - Enter Home/Index
INFO  2019-11-26 10:43:58,230 2258000ms DangNhapController     Index              - Enter DangNhap/Index
INFO  2019-11-26 10:44:05,573 2265343ms DangNhapController     Index              - do login...
INFO  2019-11-26 10:44:05,589 2265359ms HomeController         Index              - Enter Home/Index
INFO  2019-11-26 10:56:00,542 2980312ms DangNhapController     Index              - Enter DangNhap/Index
INFO  2019-11-26 10:56:06,448 2986218ms DangNhapController     Index              - do login...
INFO  2019-11-26 10:56:06,480 2986250ms HomeController         Index              - Enter Home/Index
INFO  2019-11-26 11:00:19,667 3239437ms DangNhapController     Index              - Enter DangNhap/Index
INFO  2019-11-26 11:00:24,026 3243796ms DangNhapController     Index              - do login...
INFO  2019-11-26 11:00:24,058 3243828ms HomeController         Index              - Enter Home/Index
INFO  2019-11-26 11:10:59,230 3879000ms DangNhapController     Index              - Enter DangNhap/Index
INFO  2019-11-26 11:11:01,401 3881171ms DangNhapController     Index              - do login...
INFO  2019-11-26 11:11:01,433 3881203ms HomeController         Index              - Enter Home/Index
INFO  2019-11-26 11:12:29,292 3969062ms DangNhapController     Index              - Enter DangNhap/Index
INFO  2019-11-26 11:12:30,526 3970296ms DangNhapController     Index              - Enter DangNhap/Index
INFO  2019-11-26 11:13:01,495 4001265ms DangNhapController     Index              - do login...
DEBUG 2019-11-26 11:13:01,495 4001265ms DangNhapController     Index              - user not exist: admin pass 15F1D0441ABD5530EA77A72E70FCF3E1
INFO  2019-11-26 11:13:07,167 4006937ms DangNhapController     Index              - do login...
INFO  2019-11-26 11:13:07,198 4006968ms HomeController         Index              - Enter Home/Index
INFO  2019-11-26 13:32:13,011 12352781ms DangNhapController     Index              - Enter DangNhap/Index
INFO  2019-11-26 14:21:39,511 15319281ms DangNhapController     Index              - Enter DangNhap/Index
INFO  2019-11-26 14:21:40,980 15320750ms DangNhapController     Index              - do login...
INFO  2019-11-26 14:21:40,995 15320765ms HomeController         Index              - Enter Home/Index
INFO  2019-11-26 15:06:56,292 18036062ms DangNhapController     Index              - Enter DangNhap/Index
INFO  2019-11-26 15:07:02,245 18042015ms DangNhapController     Index              - do login...
INFO  2019-11-26 15:07:02,292 18042062ms HomeController         Index              - Enter Home/Index
INFO  2019-11-26 15:09:09,151 18168921ms DangNhapController     Index              - Enter DangNhap/Index
INFO  2019-11-26 15:09:26,292 18186062ms DangNhapController     Index              - Enter DangNhap/Index
INFO  2019-11-26 15:09:27,636 18187406ms DangNhapController     Index              - do login...
INFO  2019-11-26 15:09:27,667 18187437ms HomeController         Index              - Enter Home/Index
INFO  2019-11-26 15:31:16,823 19496593ms PlayAudioController    GetAudioURL        - Get audio download URL for cacheid 119771
INFO  2019-11-26 15:31:16,855 19496625ms PlayAudioController    GetAudioURL        - tmp download url: /dl/119771.wav
INFO  2019-11-26 15:31:16,855 19496625ms PlayAudioController    GetAudioURL        - origin virtual path: c:\soft\dbtool\syncfiles\2019\7\22\16-209-a-90918909966---20190722145508.wav
INFO  2019-11-26 15:31:32,136 19511906ms PlayAudioController    GetAudioURL        - Get audio download URL for cacheid 119772
INFO  2019-11-26 15:31:32,136 19511906ms PlayAudioController    GetAudioURL        - tmp download url: /dl/119772.wav
INFO  2019-11-26 15:31:32,136 19511906ms PlayAudioController    GetAudioURL        - origin virtual path: c:\soft\dbtool\syncfiles\2019\7\22\01-204-a-209---20190722145606.wav
INFO  2019-11-26 15:31:32,136 19511906ms PlayAudioController    GetAudioURL        - copy  from c:\soft\dbtool\syncfiles\2019\7\22\01-204-a-209---20190722145606.wav to c:\tmp\1022staticfiles\119772.wav
INFO  2019-11-27 07:30:01,964 77021734ms DangNhapController     Index              - Enter DangNhap/Index
INFO  2019-11-27 07:30:11,542 77031312ms DangNhapController     Index              - do login...
INFO  2019-11-27 07:30:11,589 77031359ms HomeController         Index              - Enter Home/Index
INFO  2019-11-27 07:43:52,323 77852093ms DangNhapController     Index              - Enter DangNhap/Index
INFO  2019-11-27 07:43:53,855 77853625ms DangNhapController     Index              - Enter DangNhap/Index
INFO  2019-11-27 07:43:56,839 77856609ms DangNhapController     Index              - do login...
INFO  2019-11-27 07:43:56,917 77856687ms HomeController         Index              - Enter Home/Index
INFO  2019-11-27 07:56:43,026 78622796ms DangNhapController     Index              - Enter DangNhap/Index
INFO  2019-11-27 10:30:14,605 87834375ms HomeController         Index              - Enter Home/Index
INFO  2019-11-27 14:35:00,995 102520765ms HomeController         Index              - Enter Home/Index
