INFO  2019-05-19 07:59:20,028 50140ms DangNhapController     Index              - Enter DangNhap/Index
INFO  2019-05-19 08:01:42,372 192484ms DangNhapController     Index              - do login...
DEBUG 2019-05-19 08:01:42,528 192641ms DangNhapController     Index              - user not exist: Daoad pass 81E76E36F2A7D3AFA893BD2372FDBB9E
INFO  2019-05-19 08:02:02,669 212781ms DangNhapController     Index              - do login...
INFO  2019-05-19 08:02:03,372 213484ms HomeController         Index              - Enter Home/Index
INFO  2019-05-19 08:26:32,093 1682205ms DangNhapController     Index              - Enter DangNhap/Index
INFO  2019-05-19 08:27:04,061 1714174ms DangNhapController     Index              - do login...
INFO  2019-05-19 08:27:04,155 1714268ms HomeController         Index              - Enter Home/Index
INFO  2019-05-19 08:29:09,242 1839354ms DangNhapController     Index              - Enter DangNhap/Index
INFO  2019-05-19 08:29:11,414 1841526ms DangNhapController     Index              - do login...
INFO  2019-05-19 08:29:12,789 1842901ms HomeController         Index              - Enter Home/Index
INFO  2019-05-19 16:28:13,391  8171ms DangNhapController     Index              - Enter DangNhap/Index
INFO  2019-05-19 16:28:22,000 16781ms DangNhapController     Index              - do login...
INFO  2019-05-19 16:28:22,734 17515ms HomeController         Index              - Enter Home/Index
INFO  2019-05-19 16:45:45,408 1060189ms DangNhapController     Index              - Enter DangNhap/Index
INFO  2019-05-19 16:45:52,111 1066892ms DangNhapController     Index              - do login...
INFO  2019-05-19 16:45:52,174 1066955ms HomeController         Index              - Enter Home/Index
INFO  2019-05-19 16:46:11,721 1086502ms DangNhapController     Index              - Enter DangNhap/Index
INFO  2019-05-19 16:46:21,924 1096705ms DangNhapController     Index              - do login...
INFO  2019-05-19 16:46:21,955 1096736ms HomeController         Index              - Enter Home/Index
INFO  2019-05-19 16:47:28,362 1163142ms DangNhapController     Index              - Enter DangNhap/Index
INFO  2019-05-19 16:47:34,174 1168955ms DangNhapController     Index              - do login...
INFO  2019-05-19 16:47:34,190 1168971ms HomeController         Index              - Enter Home/Index
INFO  2019-05-19 16:48:33,752 1228533ms DangNhapController     Index              - Enter DangNhap/Index
INFO  2019-05-19 16:48:55,206 1249986ms DangNhapController     Index              - do login...
INFO  2019-05-19 16:48:55,221 1250002ms HomeController         Index              - Enter Home/Index
INFO  2019-05-19 16:50:23,440 1338221ms ServiceCenter          send_sms_citizen   - yeucau_id 140BD190519 sdt 0947857847
ERROR 2019-05-19 16:50:28,846 1343627ms ServiceCenter          send_sms_citizen   -   error ok
INFO  2019-05-19 16:51:40,018 1414799ms DangNhapController     Index              - Enter DangNhap/Index
INFO  2019-05-19 16:51:49,909 1424690ms DangNhapController     Index              - do login...
INFO  2019-05-19 16:51:49,925 1424705ms HomeController         Index              - Enter Home/Index
INFO  2019-05-19 17:13:49,771 2744552ms DangNhapController     Index              - Enter DangNhap/Index
INFO  2019-05-19 17:13:56,099 2750880ms DangNhapController     Index              - do login...
INFO  2019-05-19 17:13:56,130 2750911ms HomeController         Index              - Enter Home/Index
INFO  2019-05-19 20:50:43,931 83328ms ServiceCenter          send_sms_citizen   - yeucau_id EA1CB190519 sdt 0947857847
ERROR 2019-05-19 20:50:48,056 87453ms ServiceCenter          send_sms_citizen   -   error ok
INFO  2019-05-19 20:50:57,963 97359ms DangNhapController     Index              - Enter DangNhap/Index
INFO  2019-05-19 20:51:07,072 106468ms DangNhapController     Index              - do login...
INFO  2019-05-19 20:51:07,369 106765ms HomeController         Index              - Enter Home/Index
INFO  2019-05-19 20:52:18,088 177484ms DangNhapController     Index              - Enter DangNhap/Index
INFO  2019-05-19 20:52:26,713 186109ms DangNhapController     Index              - do login...
DEBUG 2019-05-19 20:52:26,713 186109ms DangNhapController     Index              - user not exist: admin pass 6CC713D91037D13CDC69143AC3554D64
INFO  2019-05-19 20:52:31,650 191047ms DangNhapController     Index              - do login...
INFO  2019-05-19 20:52:31,682 191078ms HomeController         Index              - Enter Home/Index
INFO  2019-05-19 20:52:56,510 215906ms DangNhapController     Index              - Enter DangNhap/Index
INFO  2019-05-19 20:53:02,416 221812ms DangNhapController     Index              - do login...
INFO  2019-05-19 20:53:02,447 221844ms HomeController         Index              - Enter Home/Index
INFO  2019-05-19 20:53:56,510 275906ms DangNhapController     Index              - Enter DangNhap/Index
INFO  2019-05-19 20:54:04,010 283406ms DangNhapController     Index              - do login...
INFO  2019-05-19 20:54:04,072 283469ms HomeController         Index              - Enter Home/Index
