INFO  2019-11-21 14:00:21,792   265ms DangNhapController     Index              - Enter DangNhap/Index
INFO  2019-11-21 14:11:59,058 697531ms DangNhapController     Index              - Enter DangNhap/Index
INFO  2019-11-21 14:12:01,167 699640ms DangNhapController     Index              - do login...
INFO  2019-11-21 14:12:02,058 700531ms HomeController         Index              - Enter Home/Index
INFO  2019-11-21 15:02:19,386 3717859ms HomeController         Index              - Enter Home/Index
INFO  2019-11-21 16:17:35,933 8234406ms HomeController         Index              - Enter Home/Index
INFO  2019-11-22 07:34:50,386 63268859ms DangNhapController     Index              - Enter DangNhap/Index
INFO  2019-11-22 07:35:00,636 63279109ms DangNhapController     Index              - do login...
DEBUG 2019-11-22 07:35:00,636 63279109ms DangNhapController     Index              - user not exist: dtv01 pass 89F7FD65B8F98E2472E10899AB305D05
INFO  2019-11-22 07:35:08,776 63287250ms DangNhapController     Index              - do login...
INFO  2019-11-22 07:35:08,839 63287312ms HomeController         Index              - Enter Home/Index
INFO  2019-11-22 07:51:46,073 64284546ms DangNhapController     Index              - Enter DangNhap/Index
INFO  2019-11-22 07:51:49,480 64287953ms DangNhapController     Index              - do login...
INFO  2019-11-22 07:51:49,495 64287968ms HomeController         Index              - Enter Home/Index
INFO  2019-11-22 08:41:04,323 67242796ms DangNhapController     Index              - Enter DangNhap/Index
INFO  2019-11-22 08:41:08,901 67247375ms DangNhapController     Index              - Enter DangNhap/Index
INFO  2019-11-22 08:41:23,948 67262421ms DangNhapController     Index              - Enter DangNhap/Index
INFO  2019-11-22 08:42:43,698 67342171ms DangNhapController     Index              - do login...
INFO  2019-11-22 08:42:43,745 67342218ms HomeController         Index              - Enter Home/Index
INFO  2019-11-22 08:42:59,964 67358437ms DangNhapController     Index              - do login...
INFO  2019-11-22 08:42:59,995 67358468ms HomeController         Index              - Enter Home/Index
INFO  2019-11-22 08:44:21,605 67440078ms DangNhapController     Index              - Enter DangNhap/Index
INFO  2019-11-22 08:44:33,073 67451546ms DangNhapController     Index              - Enter DangNhap/Index
INFO  2019-11-22 08:44:41,105 67459578ms DangNhapController     Index              - Enter DangNhap/Index
INFO  2019-11-22 08:44:44,339 67462812ms DangNhapController     Index              - Enter DangNhap/Index
INFO  2019-11-22 08:44:45,808 67464281ms DangNhapController     Index              - Enter DangNhap/Index
INFO  2019-11-22 08:44:50,448 67468921ms DangNhapController     Index              - Enter DangNhap/Index
INFO  2019-11-22 08:44:56,417 67474890ms DangNhapController     Index              - Enter DangNhap/Index
INFO  2019-11-22 08:44:56,855 67475328ms DangNhapController     Index              - Enter DangNhap/Index
INFO  2019-11-22 08:45:00,026 67478500ms DangNhapController     Index              - Enter DangNhap/Index
INFO  2019-11-22 08:45:34,776 67513250ms DangNhapController     Index              - do login...
INFO  2019-11-22 08:45:34,808 67513281ms HomeController         Index              - Enter Home/Index
INFO  2019-11-22 08:47:42,058 67640531ms DangNhapController     Index              - Enter DangNhap/Index
INFO  2019-11-22 08:47:46,964 67645437ms DangNhapController     Index              - do login...
INFO  2019-11-22 08:47:46,995 67645468ms HomeController         Index              - Enter Home/Index
INFO  2019-11-22 09:00:38,761 68417234ms DangNhapController     Index              - Enter DangNhap/Index
INFO  2019-11-22 09:01:01,698 68440171ms DangNhapController     Index              - Enter DangNhap/Index
INFO  2019-11-22 09:01:02,948 68441421ms DangNhapController     Index              - do login...
INFO  2019-11-22 09:01:02,980 68441453ms HomeController         Index              - Enter Home/Index
INFO  2019-11-22 09:09:18,480 68936953ms DangNhapController     Index              - Enter DangNhap/Index
INFO  2019-11-22 09:09:27,370 68945843ms DangNhapController     Index              - do login...
INFO  2019-11-22 09:09:27,386 68945859ms HomeController         Index              - Enter Home/Index
INFO  2019-11-22 09:13:38,355 69196828ms DangNhapController     Index              - Enter DangNhap/Index
INFO  2019-11-22 09:13:52,870 69211343ms DangNhapController     Index              - do login...
INFO  2019-11-22 09:13:52,917 69211390ms HomeController         Index              - Enter Home/Index
INFO  2019-11-22 09:31:11,198 70249671ms DangNhapController     Index              - Enter DangNhap/Index
INFO  2019-11-22 16:10:39,761 94218234ms DangNhapController     Index              - Enter DangNhap/Index
INFO  2019-11-22 16:10:39,761 94218234ms DangNhapController     Index              - Enter DangNhap/Index
INFO  2019-11-22 16:10:40,526 94219000ms DangNhapController     Index              - Enter DangNhap/Index
INFO  2019-11-22 16:10:42,042 94220515ms DangNhapController     Index              - do login...
INFO  2019-11-22 16:10:42,089 94220562ms HomeController         Index              - Enter Home/Index
