INFO  2019-10-07 21:56:52,638 1385109ms HomeController         Index              - Enter Home/Index
DEBUG 2019-10-07 21:57:56,200 1448671ms _PageTongHop           createRequest      - portal createRequest displayName T? chánh trung, phoneNumber 0949888018 content h? tr? n?p h? so tr?c tuy?n d?n S? Thông tin & Truy?n thông
DEBUG 2019-10-07 21:58:00,575 1453046ms PortalController       verifyCaptcha      - verifyCaptcha: from client 14.173.82.193
DEBUG 2019-10-07 21:58:00,575 1453046ms PortalController       verifyCaptcha      -   token: 03AOLTBLRHhtNLqxgNYB_hXv2NiCw4Cl8lwIv4fn7BhS6I6F_EDi12DfW6c3z8aWMhuoOXVSeSrPMmtzxzTwdOBVGYezUxYuN8zTmZ03nS1ruNAf3kV6LMx-Kd9bLR-XN1ne60HeWtlk_TaBqwuyo45gooyASYX_SQWTIvYvpKH4hsHOHle9zUnWOd6jEZi4xnn9ZuuuWhehfmmonvp0_cYnPG_Otx6zlG5zWm49D3iRvSETBI7fDDLI1JyRYclS2CG9kuUPCyqrfKEZe4n32n9uAJSUJcLzJtuMn9NihtyjC3ccWSK1VGZzygpObSS5GNpHEa9mWko1ATVGmlcMvtNjuh0Tb-VSDGl2tuDr1o2nfkS3VJz3dtAG7WbINEy4m13HoyjlDvrHOi5B8Q1J2dCx5l5yU40lQgI1R21bJTj246UVbOGNPyI3l-EJn3bTZYbAyLC_RAv2khzrezjUEF3GR5htng_Cn1hg
DEBUG 2019-10-07 21:58:00,575 1453046ms PortalController       verifyCaptcha      -   result: 
DEBUG 2019-10-07 21:58:00,622 1453093ms PortalController       verifyCaptcha      - Exception: Object reference not set to an instance of an object.
INFO  2019-10-07 21:58:07,185 1459656ms HomeController         Index              - Enter Home/Index
INFO  2019-10-07 22:35:38,685 3711156ms ServiceCenter          send_sms_citizen   - yeucau_id 3B54E071019 sdt 0949888018
INFO  2019-10-07 22:35:59,763 3732234ms ServiceCenter          send_sms_citizen   -     return code: 
ERROR 2019-10-07 22:39:19,044 3931515ms CapDo2Controller       attachFile         - System.IO.DirectoryNotFoundException: Could not find a part of the path 'C:\webapps\Offical1022\Content\Docs\3B54E071019_3c60b0d9725142268d98843e71a12092.docx'.
   at System.IO.__Error.WinIOError(Int32 errorCode, String maybeFullPath)
   at System.IO.FileStream.Init(String path, FileMode mode, FileAccess access, Int32 rights, Boolean useRights, FileShare share, Int32 bufferSize, FileOptions options, SECURITY_ATTRIBUTES secAttrs, String msgPath, Boolean bFromProxy, Boolean useLongPath, Boolean checkHost)
   at System.IO.FileStream..ctor(String path, FileMode mode, FileAccess access, FileShare share, Int32 bufferSize, FileOptions options, String msgPath, Boolean bFromProxy)
   at System.IO.FileStream..ctor(String path, FileMode mode)
   at System.Web.HttpPostedFile.SaveAs(String filename)
   at WebUI.Controllers.BaseCapDoController.attachFile(String yeuCauID, String& uploadFilePath, String& uploadFileTitle) in E:\prjs\HCC_HB\WebUI\Controllers\BaseCapDoController.cs:line 42
INFO  2019-10-07 22:42:13,732 4106203ms DangNhapController     Index              - Enter DangNhap/Index
INFO  2019-10-07 22:42:47,450 4139921ms DangNhapController     Index              - do login...
DEBUG 2019-10-07 22:42:47,466 4139937ms DangNhapController     Index              - user not exist: tiepnhan.bdt pass F322BF83821A34ED21BF2C4E5650D6AA
INFO  2019-10-08 08:57:24,607 41017078ms DangNhapController     Index              - Enter DangNhap/Index
INFO  2019-10-08 08:57:30,685 41023156ms DangNhapController     Index              - Enter DangNhap/Index
INFO  2019-10-08 09:09:42,653 41755124ms DangNhapController     Index              - Enter DangNhap/Index
INFO  2019-10-08 09:10:08,638 41781109ms DangNhapController     Index              - do login...
INFO  2019-10-08 09:10:08,732 41781203ms HomeController         Index              - Enter Home/Index
INFO  2019-10-08 13:21:38,825 56871296ms DangNhapController     Index              - Enter DangNhap/Index
INFO  2019-10-08 14:06:06,263 59538734ms DangNhapController     Index              - Enter DangNhap/Index
